{"/Users/kaankaragoz/Documents/GitHub/CMPE_331_Project/Frontend/components/layout/AppLayout.jsx": {"path":"/Users/kaankaragoz/Documents/GitHub/CMPE_331_Project/Frontend/components/layout/AppLayout.jsx","statementMap":{"0":{"start":{"line":4,"column":2},"end":{"line":13,"column":null}}},"fnMap":{"0":{"name":"AppLayout","decl":{"start":{"line":3,"column":24},"end":{"line":3,"column":34}},"loc":{"start":{"line":3,"column":48},"end":{"line":15,"column":null}},"line":3}},"branchMap":{},"s":{"0":7},"f":{"0":7},"b":{},"meta":{"lastBranch":0,"lastFunction":1,"lastStatement":1,"seen":{"f:3:24:3:34":0,"s:4:2:13:Infinity":0}}}
,"/Users/kaankaragoz/Documents/GitHub/CMPE_331_Project/Frontend/components/layout/Navbar.jsx": {"path":"/Users/kaankaragoz/Documents/GitHub/CMPE_331_Project/Frontend/components/layout/Navbar.jsx","statementMap":{"0":{"start":{"line":5,"column":8},"end":{"line":5,"column":null}},"1":{"start":{"line":6,"column":15},"end":{"line":6,"column":null}},"2":{"start":{"line":7,"column":15},"end":{"line":7,"column":null}},"3":{"start":{"line":10,"column":4},"end":{"line":16,"column":null}},"4":{"start":{"line":18,"column":2},"end":{"line":120,"column":null}},"5":{"start":{"line":25,"column":25},"end":{"line":25,"column":null}},"6":{"start":{"line":53,"column":14},"end":{"line":57,"column":null}},"7":{"start":{"line":66,"column":14},"end":{"line":70,"column":null}},"8":{"start":{"line":79,"column":14},"end":{"line":83,"column":null}},"9":{"start":{"line":107,"column":12},"end":{"line":107,"column":null}},"10":{"start":{"line":108,"column":12},"end":{"line":108,"column":null}},"11":{"start":{"line":109,"column":12},"end":{"line":109,"column":null}},"12":{"start":{"line":110,"column":12},"end":{"line":110,"column":null}},"13":{"start":{"line":111,"column":12},"end":{"line":111,"column":null}},"14":{"start":{"line":112,"column":12},"end":{"line":112,"column":null}}},"fnMap":{"0":{"name":"Navbar","decl":{"start":{"line":4,"column":24},"end":{"line":4,"column":33}},"loc":{"start":{"line":4,"column":33},"end":{"line":122,"column":null}},"line":4},"1":{"name":"(anonymous_1)","decl":{"start":{"line":25,"column":19},"end":{"line":25,"column":25}},"loc":{"start":{"line":25,"column":25},"end":{"line":25,"column":null}},"line":25},"2":{"name":"(anonymous_2)","decl":{"start":{"line":52,"column":23},"end":{"line":52,"column":24}},"loc":{"start":{"line":53,"column":14},"end":{"line":57,"column":null}},"line":53},"3":{"name":"(anonymous_3)","decl":{"start":{"line":65,"column":23},"end":{"line":65,"column":24}},"loc":{"start":{"line":66,"column":14},"end":{"line":70,"column":null}},"line":66},"4":{"name":"(anonymous_4)","decl":{"start":{"line":78,"column":23},"end":{"line":78,"column":24}},"loc":{"start":{"line":79,"column":14},"end":{"line":83,"column":null}},"line":79},"5":{"name":"(anonymous_5)","decl":{"start":{"line":106,"column":19},"end":{"line":106,"column":25}},"loc":{"start":{"line":106,"column":25},"end":{"line":113,"column":null}},"line":106}},"branchMap":{"0":{"loc":{"start":{"line":6,"column":15},"end":{"line":6,"column":null}},"type":"binary-expr","locations":[{"start":{"line":6,"column":15},"end":{"line":6,"column":51}},{"start":{"line":6,"column":51},"end":{"line":6,"column":null}}],"line":6},"1":{"loc":{"start":{"line":7,"column":15},"end":{"line":7,"column":null}},"type":"binary-expr","locations":[{"start":{"line":7,"column":15},"end":{"line":7,"column":51}},{"start":{"line":7,"column":51},"end":{"line":7,"column":null}}],"line":7},"2":{"loc":{"start":{"line":10,"column":4},"end":{"line":16,"column":null}},"type":"cond-expr","locations":[{"start":{"line":11,"column":8},"end":{"line":11,"column":null}},{"start":{"line":12,"column":8},"end":{"line":16,"column":null}}],"line":10},"3":{"loc":{"start":{"line":12,"column":8},"end":{"line":16,"column":null}},"type":"cond-expr","locations":[{"start":{"line":13,"column":8},"end":{"line":13,"column":null}},{"start":{"line":14,"column":8},"end":{"line":16,"column":null}}],"line":12},"4":{"loc":{"start":{"line":14,"column":8},"end":{"line":16,"column":null}},"type":"cond-expr","locations":[{"start":{"line":15,"column":8},"end":{"line":15,"column":null}},{"start":{"line":16,"column":8},"end":{"line":16,"column":null}}],"line":14},"5":{"loc":{"start":{"line":37,"column":15},"end":{"line":43,"column":null}},"type":"cond-expr","locations":[{"start":{"line":38,"column":18},"end":{"line":38,"column":null}},{"start":{"line":39,"column":18},"end":{"line":43,"column":null}}],"line":37},"6":{"loc":{"start":{"line":39,"column":18},"end":{"line":43,"column":null}},"type":"cond-expr","locations":[{"start":{"line":40,"column":18},"end":{"line":40,"column":null}},{"start":{"line":41,"column":18},"end":{"line":43,"column":null}}],"line":39},"7":{"loc":{"start":{"line":41,"column":18},"end":{"line":43,"column":null}},"type":"cond-expr","locations":[{"start":{"line":42,"column":18},"end":{"line":42,"column":null}},{"start":{"line":43,"column":18},"end":{"line":43,"column":null}}],"line":41},"8":{"loc":{"start":{"line":54,"column":16},"end":{"line":56,"column":null}},"type":"cond-expr","locations":[{"start":{"line":55,"column":20},"end":{"line":55,"column":null}},{"start":{"line":56,"column":20},"end":{"line":56,"column":null}}],"line":54},"9":{"loc":{"start":{"line":67,"column":16},"end":{"line":69,"column":null}},"type":"cond-expr","locations":[{"start":{"line":68,"column":20},"end":{"line":68,"column":null}},{"start":{"line":69,"column":20},"end":{"line":69,"column":null}}],"line":67},"10":{"loc":{"start":{"line":80,"column":16},"end":{"line":82,"column":null}},"type":"cond-expr","locations":[{"start":{"line":81,"column":20},"end":{"line":81,"column":null}},{"start":{"line":82,"column":20},"end":{"line":82,"column":null}}],"line":80}},"s":{"0":11,"1":11,"2":11,"3":11,"4":11,"5":0,"6":11,"7":11,"8":11,"9":0,"10":0,"11":0,"12":0,"13":0,"14":0},"f":{"0":11,"1":0,"2":11,"3":11,"4":11,"5":0},"b":{"0":[11,7],"1":[11,11],"2":[0,11],"3":[0,11],"4":[1,10],"5":[0,11],"6":[0,11],"7":[1,10],"8":[3,8],"9":[2,9],"10":[0,11]},"meta":{"lastBranch":11,"lastFunction":6,"lastStatement":15,"seen":{"f:4:24:4:33":0,"s:5:8:5:Infinity":0,"s:6:15:6:Infinity":1,"b:6:15:6:51:6:51:6:Infinity":0,"s:7:15:7:Infinity":2,"b:7:15:7:51:7:51:7:Infinity":1,"s:10:4:16:Infinity":3,"b:11:8:11:Infinity:12:8:16:Infinity":2,"b:13:8:13:Infinity:14:8:16:Infinity":3,"b:15:8:15:Infinity:16:8:16:Infinity":4,"s:18:2:120:Infinity":4,"f:25:19:25:25":1,"s:25:25:25:Infinity":5,"b:38:18:38:Infinity:39:18:43:Infinity":5,"b:40:18:40:Infinity:41:18:43:Infinity":6,"b:42:18:42:Infinity:43:18:43:Infinity":7,"f:52:23:52:24":2,"s:53:14:57:Infinity":6,"b:55:20:55:Infinity:56:20:56:Infinity":8,"f:65:23:65:24":3,"s:66:14:70:Infinity":7,"b:68:20:68:Infinity:69:20:69:Infinity":9,"f:78:23:78:24":4,"s:79:14:83:Infinity":8,"b:81:20:81:Infinity:82:20:82:Infinity":10,"f:106:19:106:25":5,"s:107:12:107:Infinity":9,"s:108:12:108:Infinity":10,"s:109:12:109:Infinity":11,"s:110:12:110:Infinity":12,"s:111:12:111:Infinity":13,"s:112:12:112:Infinity":14}}}
,"/Users/kaankaragoz/Documents/GitHub/CMPE_331_Project/Frontend/src/App.jsx": {"path":"/Users/kaankaragoz/Documents/GitHub/CMPE_331_Project/Frontend/src/App.jsx","statementMap":{"0":{"start":{"line":20,"column":16},"end":{"line":20,"column":null}},"1":{"start":{"line":21,"column":15},"end":{"line":21,"column":null}},"2":{"start":{"line":22,"column":26},"end":{"line":22,"column":null}},"3":{"start":{"line":24,"column":2},"end":{"line":84,"column":null}}},"fnMap":{"0":{"name":"App","decl":{"start":{"line":19,"column":24},"end":{"line":19,"column":30}},"loc":{"start":{"line":19,"column":30},"end":{"line":86,"column":null}},"line":19}},"branchMap":{"0":{"loc":{"start":{"line":31,"column":12},"end":{"line":31,"column":null}},"type":"cond-expr","locations":[{"start":{"line":31,"column":31},"end":{"line":31,"column":47}},{"start":{"line":31,"column":47},"end":{"line":31,"column":null}}],"line":31},"1":{"loc":{"start":{"line":36,"column":9},"end":{"line":81,"column":null}},"type":"cond-expr","locations":[{"start":{"line":37,"column":10},"end":{"line":37,"column":null}},{"start":{"line":39,"column":10},"end":{"line":81,"column":null}}],"line":36},"2":{"loc":{"start":{"line":41,"column":13},"end":{"line":42,"column":null}},"type":"binary-expr","locations":[{"start":{"line":41,"column":13},"end":{"line":41,"column":null}},{"start":{"line":42,"column":14},"end":{"line":42,"column":null}}],"line":41},"3":{"loc":{"start":{"line":45,"column":13},"end":{"line":46,"column":null}},"type":"binary-expr","locations":[{"start":{"line":45,"column":13},"end":{"line":45,"column":null}},{"start":{"line":46,"column":14},"end":{"line":46,"column":null}}],"line":45},"4":{"loc":{"start":{"line":49,"column":13},"end":{"line":50,"column":null}},"type":"binary-expr","locations":[{"start":{"line":49,"column":13},"end":{"line":49,"column":null}},{"start":{"line":50,"column":14},"end":{"line":50,"column":null}}],"line":49},"5":{"loc":{"start":{"line":53,"column":13},"end":{"line":54,"column":null}},"type":"binary-expr","locations":[{"start":{"line":53,"column":13},"end":{"line":53,"column":null}},{"start":{"line":54,"column":14},"end":{"line":54,"column":null}}],"line":53}},"s":{"0":7,"1":7,"2":7,"3":7},"f":{"0":7},"b":{"0":[4,3],"1":[4,3],"2":[3,2],"3":[3,0],"4":[3,0],"5":[3,1]},"meta":{"lastBranch":6,"lastFunction":1,"lastStatement":4,"seen":{"f:19:24:19:30":0,"s:20:16:20:Infinity":0,"s:21:15:21:Infinity":1,"s:22:26:22:Infinity":2,"s:24:2:84:Infinity":3,"b:31:31:31:47:31:47:31:Infinity":0,"b:37:10:37:Infinity:39:10:81:Infinity":1,"b:41:13:41:Infinity:42:14:42:Infinity":2,"b:45:13:45:Infinity:46:14:46:Infinity":3,"b:49:13:49:Infinity:50:14:50:Infinity":4,"b:53:13:53:Infinity:54:14:54:Infinity":5}}}
,"/Users/kaankaragoz/Documents/GitHub/CMPE_331_Project/Frontend/src/pages/Auth/LoginPage.jsx": {"path":"/Users/kaankaragoz/Documents/GitHub/CMPE_331_Project/Frontend/src/pages/Auth/LoginPage.jsx","statementMap":{"0":{"start":{"line":3,"column":17},"end":{"line":3,"column":null}},"1":{"start":{"line":6,"column":22},"end":{"line":10,"column":null}},"2":{"start":{"line":11,"column":24},"end":{"line":11,"column":null}},"3":{"start":{"line":13,"column":23},"end":{"line":16,"column":null}},"4":{"start":{"line":13,"column":34},"end":{"line":16,"column":null}},"5":{"start":{"line":14,"column":18},"end":{"line":14,"column":null}},"6":{"start":{"line":15,"column":4},"end":{"line":15,"column":null}},"7":{"start":{"line":15,"column":23},"end":{"line":15,"column":51}},"8":{"start":{"line":18,"column":23},"end":{"line":66,"column":null}},"9":{"start":{"line":19,"column":4},"end":{"line":19,"column":null}},"10":{"start":{"line":20,"column":4},"end":{"line":20,"column":null}},"11":{"start":{"line":22,"column":4},"end":{"line":65,"column":null}},"12":{"start":{"line":23,"column":18},"end":{"line":30,"column":null}},"13":{"start":{"line":32,"column":19},"end":{"line":32,"column":null}},"14":{"start":{"line":34,"column":6},"end":{"line":37,"column":null}},"15":{"start":{"line":35,"column":8},"end":{"line":35,"column":null}},"16":{"start":{"line":36,"column":8},"end":{"line":36,"column":null}},"17":{"start":{"line":39,"column":19},"end":{"line":39,"column":null}},"18":{"start":{"line":41,"column":6},"end":{"line":41,"column":null}},"19":{"start":{"line":42,"column":6},"end":{"line":42,"column":null}},"20":{"start":{"line":43,"column":6},"end":{"line":43,"column":null}},"21":{"start":{"line":44,"column":6},"end":{"line":44,"column":null}},"22":{"start":{"line":46,"column":6},"end":{"line":50,"column":null}},"23":{"start":{"line":47,"column":8},"end":{"line":47,"column":null}},"24":{"start":{"line":49,"column":8},"end":{"line":49,"column":null}},"25":{"start":{"line":53,"column":6},"end":{"line":61,"column":null}},"26":{"start":{"line":54,"column":8},"end":{"line":54,"column":null}},"27":{"start":{"line":55,"column":6},"end":{"line":61,"column":null}},"28":{"start":{"line":56,"column":8},"end":{"line":56,"column":null}},"29":{"start":{"line":57,"column":6},"end":{"line":61,"column":null}},"30":{"start":{"line":58,"column":8},"end":{"line":58,"column":null}},"31":{"start":{"line":60,"column":8},"end":{"line":60,"column":null}},"32":{"start":{"line":63,"column":6},"end":{"line":63,"column":null}},"33":{"start":{"line":64,"column":6},"end":{"line":64,"column":null}},"34":{"start":{"line":68,"column":2},"end":{"line":122,"column":null}}},"fnMap":{"0":{"name":"LoginPage","decl":{"start":{"line":5,"column":24},"end":{"line":5,"column":36}},"loc":{"start":{"line":5,"column":36},"end":{"line":124,"column":null}},"line":5},"1":{"name":"(anonymous_1)","decl":{"start":{"line":13,"column":23},"end":{"line":13,"column":24}},"loc":{"start":{"line":13,"column":34},"end":{"line":16,"column":null}},"line":13},"2":{"name":"(anonymous_2)","decl":{"start":{"line":13,"column":34},"end":{"line":13,"column":35}},"loc":{"start":{"line":13,"column":41},"end":{"line":16,"column":null}},"line":13},"3":{"name":"(anonymous_3)","decl":{"start":{"line":15,"column":12},"end":{"line":15,"column":13}},"loc":{"start":{"line":15,"column":23},"end":{"line":15,"column":51}},"line":15},"4":{"name":"(anonymous_4)","decl":{"start":{"line":18,"column":23},"end":{"line":18,"column":30}},"loc":{"start":{"line":18,"column":36},"end":{"line":66,"column":null}},"line":18}},"branchMap":{"0":{"loc":{"start":{"line":14,"column":18},"end":{"line":14,"column":null}},"type":"cond-expr","locations":[{"start":{"line":14,"column":41},"end":{"line":14,"column":60}},{"start":{"line":14,"column":60},"end":{"line":14,"column":null}}],"line":14},"1":{"loc":{"start":{"line":34,"column":6},"end":{"line":37,"column":null}},"type":"if","locations":[{"start":{"line":34,"column":6},"end":{"line":37,"column":null}},{"start":{},"end":{}}],"line":34},"2":{"loc":{"start":{"line":35,"column":17},"end":{"line":35,"column":47}},"type":"binary-expr","locations":[{"start":{"line":35,"column":17},"end":{"line":35,"column":33}},{"start":{"line":35,"column":33},"end":{"line":35,"column":47}}],"line":35},"3":{"loc":{"start":{"line":46,"column":6},"end":{"line":50,"column":null}},"type":"if","locations":[{"start":{"line":46,"column":6},"end":{"line":50,"column":null}},{"start":{"line":48,"column":13},"end":{"line":50,"column":null}}],"line":46},"4":{"loc":{"start":{"line":53,"column":6},"end":{"line":61,"column":null}},"type":"if","locations":[{"start":{"line":53,"column":6},"end":{"line":61,"column":null}},{"start":{"line":55,"column":6},"end":{"line":61,"column":null}}],"line":53},"5":{"loc":{"start":{"line":55,"column":6},"end":{"line":61,"column":null}},"type":"if","locations":[{"start":{"line":55,"column":6},"end":{"line":61,"column":null}},{"start":{"line":57,"column":6},"end":{"line":61,"column":null}}],"line":55},"6":{"loc":{"start":{"line":57,"column":6},"end":{"line":61,"column":null}},"type":"if","locations":[{"start":{"line":57,"column":6},"end":{"line":61,"column":null}},{"start":{"line":59,"column":13},"end":{"line":61,"column":null}}],"line":57},"7":{"loc":{"start":{"line":100,"column":11},"end":{"line":100,"column":null}},"type":"binary-expr","locations":[{"start":{"line":100,"column":11},"end":{"line":100,"column":20}},{"start":{"line":100,"column":20},"end":{"line":100,"column":null}}],"line":100}},"s":{"0":2,"1":200,"2":200,"3":200,"4":600,"5":173,"6":173,"7":173,"8":200,"9":8,"10":8,"11":8,"12":8,"13":7,"14":7,"15":2,"16":2,"17":5,"18":5,"19":5,"20":5,"21":5,"22":5,"23":1,"24":4,"25":5,"26":4,"27":1,"28":1,"29":0,"30":0,"31":0,"32":1,"33":1,"34":200},"f":{"0":200,"1":600,"2":173,"3":173,"4":8},"b":{"0":[2,171],"1":[2,5],"2":[2,0],"3":[1,4],"4":[4,1],"5":[1,0],"6":[0,0],"7":[200,31]},"meta":{"lastBranch":8,"lastFunction":5,"lastStatement":35,"seen":{"s:3:17:3:Infinity":0,"f:5:24:5:36":0,"s:6:22:10:Infinity":1,"s:11:24:11:Infinity":2,"s:13:23:16:Infinity":3,"f:13:23:13:24":1,"s:13:34:16:Infinity":4,"f:13:34:13:35":2,"s:14:18:14:Infinity":5,"b:14:41:14:60:14:60:14:Infinity":0,"s:15:4:15:Infinity":6,"f:15:12:15:13":3,"s:15:23:15:51":7,"s:18:23:66:Infinity":8,"f:18:23:18:30":4,"s:19:4:19:Infinity":9,"s:20:4:20:Infinity":10,"s:22:4:65:Infinity":11,"s:23:18:30:Infinity":12,"s:32:19:32:Infinity":13,"b:34:6:37:Infinity:undefined:undefined:undefined:undefined":1,"s:34:6:37:Infinity":14,"s:35:8:35:Infinity":15,"b:35:17:35:33:35:33:35:47":2,"s:36:8:36:Infinity":16,"s:39:19:39:Infinity":17,"s:41:6:41:Infinity":18,"s:42:6:42:Infinity":19,"s:43:6:43:Infinity":20,"s:44:6:44:Infinity":21,"b:46:6:50:Infinity:48:13:50:Infinity":3,"s:46:6:50:Infinity":22,"s:47:8:47:Infinity":23,"s:49:8:49:Infinity":24,"b:53:6:61:Infinity:55:6:61:Infinity":4,"s:53:6:61:Infinity":25,"s:54:8:54:Infinity":26,"b:55:6:61:Infinity:57:6:61:Infinity":5,"s:55:6:61:Infinity":27,"s:56:8:56:Infinity":28,"b:57:6:61:Infinity:59:13:61:Infinity":6,"s:57:6:61:Infinity":29,"s:58:8:58:Infinity":30,"s:60:8:60:Infinity":31,"s:63:6:63:Infinity":32,"s:64:6:64:Infinity":33,"s:68:2:122:Infinity":34,"b:100:11:100:20:100:20:100:Infinity":7}}}
,"/Users/kaankaragoz/Documents/GitHub/CMPE_331_Project/Frontend/src/pages/Dashboard/DashboardPage.jsx": {"path":"/Users/kaankaragoz/Documents/GitHub/CMPE_331_Project/Frontend/src/pages/Dashboard/DashboardPage.jsx","statementMap":{"0":{"start":{"line":6,"column":17},"end":{"line":6,"column":null}},"1":{"start":{"line":9,"column":2},"end":{"line":12,"column":null}},"2":{"start":{"line":17,"column":8},"end":{"line":17,"column":null}},"3":{"start":{"line":19,"column":28},"end":{"line":19,"column":null}},"4":{"start":{"line":20,"column":24},"end":{"line":20,"column":null}},"5":{"start":{"line":22,"column":28},"end":{"line":22,"column":null}},"6":{"start":{"line":23,"column":26},"end":{"line":23,"column":null}},"7":{"start":{"line":24,"column":32},"end":{"line":24,"column":null}},"8":{"start":{"line":27,"column":44},"end":{"line":27,"column":null}},"9":{"start":{"line":29,"column":2},"end":{"line":91,"column":null}},"10":{"start":{"line":30,"column":21},"end":{"line":88,"column":null}},"11":{"start":{"line":31,"column":6},"end":{"line":31,"column":null}},"12":{"start":{"line":32,"column":6},"end":{"line":32,"column":null}},"13":{"start":{"line":34,"column":6},"end":{"line":87,"column":null}},"14":{"start":{"line":36,"column":54},"end":{"line":40,"column":null}},"15":{"start":{"line":42,"column":27},"end":{"line":42,"column":null}},"16":{"start":{"line":43,"column":26},"end":{"line":43,"column":null}},"17":{"start":{"line":44,"column":26},"end":{"line":44,"column":null}},"18":{"start":{"line":46,"column":8},"end":{"line":46,"column":null}},"19":{"start":{"line":47,"column":8},"end":{"line":47,"column":null}},"20":{"start":{"line":48,"column":8},"end":{"line":48,"column":null}},"21":{"start":{"line":51,"column":32},"end":{"line":75,"column":null}},"22":{"start":{"line":53,"column":33},"end":{"line":53,"column":null}},"23":{"start":{"line":54,"column":12},"end":{"line":54,"column":null}},"24":{"start":{"line":54,"column":31},"end":{"line":54,"column":null}},"25":{"start":{"line":56,"column":12},"end":{"line":73,"column":null}},"26":{"start":{"line":57,"column":26},"end":{"line":59,"column":null}},"27":{"start":{"line":60,"column":33},"end":{"line":60,"column":null}},"28":{"start":{"line":61,"column":14},"end":{"line":61,"column":null}},"29":{"start":{"line":64,"column":14},"end":{"line":66,"column":null}},"30":{"start":{"line":65,"column":16},"end":{"line":65,"column":null}},"31":{"start":{"line":67,"column":14},"end":{"line":71,"column":null}},"32":{"start":{"line":72,"column":14},"end":{"line":72,"column":null}},"33":{"start":{"line":77,"column":20},"end":{"line":77,"column":null}},"34":{"start":{"line":78,"column":8},"end":{"line":80,"column":null}},"35":{"start":{"line":79,"column":10},"end":{"line":79,"column":null}},"36":{"start":{"line":79,"column":18},"end":{"line":79,"column":null}},"37":{"start":{"line":81,"column":8},"end":{"line":81,"column":null}},"38":{"start":{"line":83,"column":8},"end":{"line":83,"column":null}},"39":{"start":{"line":84,"column":8},"end":{"line":84,"column":null}},"40":{"start":{"line":86,"column":8},"end":{"line":86,"column":null}},"41":{"start":{"line":90,"column":4},"end":{"line":90,"column":null}},"42":{"start":{"line":93,"column":8},"end":{"line":93,"column":null}},"43":{"start":{"line":93,"column":28},"end":{"line":93,"column":40}},"44":{"start":{"line":96,"column":8},"end":{"line":146,"column":null}},"45":{"start":{"line":97,"column":25},"end":{"line":101,"column":null}},"46":{"start":{"line":98,"column":6},"end":{"line":98,"column":null}},"47":{"start":{"line":98,"column":26},"end":{"line":98,"column":null}},"48":{"start":{"line":99,"column":16},"end":{"line":99,"column":null}},"49":{"start":{"line":100,"column":6},"end":{"line":100,"column":null}},"50":{"start":{"line":103,"column":27},"end":{"line":103,"column":null}},"51":{"start":{"line":104,"column":4},"end":{"line":114,"column":null}},"52":{"start":{"line":105,"column":16},"end":{"line":105,"column":null}},"53":{"start":{"line":106,"column":26},"end":{"line":106,"column":null}},"54":{"start":{"line":107,"column":25},"end":{"line":109,"column":null}},"55":{"start":{"line":111,"column":6},"end":{"line":113,"column":null}},"56":{"start":{"line":112,"column":8},"end":{"line":112,"column":null}},"57":{"start":{"line":116,"column":27},"end":{"line":116,"column":null}},"58":{"start":{"line":117,"column":26},"end":{"line":117,"column":null}},"59":{"start":{"line":119,"column":4},"end":{"line":145,"column":null}},"60":{"start":{"line":149,"column":8},"end":{"line":203,"column":null}},"61":{"start":{"line":150,"column":4},"end":{"line":150,"column":null}},"62":{"start":{"line":150,"column":25},"end":{"line":150,"column":null}},"63":{"start":{"line":152,"column":19},"end":{"line":156,"column":null}},"64":{"start":{"line":153,"column":21},"end":{"line":153,"column":34}},"65":{"start":{"line":154,"column":19},"end":{"line":154,"column":60}},"66":{"start":{"line":155,"column":22},"end":{"line":155,"column":39}},"67":{"start":{"line":158,"column":4},"end":{"line":202,"column":null}},"68":{"start":{"line":159,"column":17},"end":{"line":159,"column":null}},"69":{"start":{"line":160,"column":26},"end":{"line":160,"column":null}},"70":{"start":{"line":162,"column":22},"end":{"line":165,"column":null}},"71":{"start":{"line":166,"column":22},"end":{"line":169,"column":null}},"72":{"start":{"line":171,"column":25},"end":{"line":171,"column":null}},"73":{"start":{"line":172,"column":26},"end":{"line":174,"column":null}},"74":{"start":{"line":175,"column":25},"end":{"line":177,"column":null}},"75":{"start":{"line":179,"column":19},"end":{"line":179,"column":null}},"76":{"start":{"line":180,"column":6},"end":{"line":185,"column":null}},"77":{"start":{"line":181,"column":8},"end":{"line":184,"column":null}},"78":{"start":{"line":181,"column":47},"end":{"line":181,"column":null}},"79":{"start":{"line":181,"column":56},"end":{"line":184,"column":null}},"80":{"start":{"line":182,"column":54},"end":{"line":182,"column":null}},"81":{"start":{"line":182,"column":63},"end":{"line":184,"column":null}},"82":{"start":{"line":184,"column":10},"end":{"line":184,"column":null}},"83":{"start":{"line":188,"column":8},"end":{"line":188,"column":null}},"84":{"start":{"line":190,"column":8},"end":{"line":193,"column":null}},"85":{"start":{"line":195,"column":6},"end":{"line":201,"column":null}},"86":{"start":{"line":205,"column":21},"end":{"line":210,"column":null}},"87":{"start":{"line":214,"column":2},"end":{"line":220,"column":null}},"88":{"start":{"line":215,"column":4},"end":{"line":218,"column":null}},"89":{"start":{"line":222,"column":2},"end":{"line":228,"column":null}},"90":{"start":{"line":223,"column":4},"end":{"line":226,"column":null}},"91":{"start":{"line":230,"column":2},"end":{"line":363,"column":null}},"92":{"start":{"line":246,"column":27},"end":{"line":246,"column":null}},"93":{"start":{"line":252,"column":27},"end":{"line":252,"column":null}},"94":{"start":{"line":262,"column":10},"end":{"line":275,"column":null}},"95":{"start":{"line":289,"column":29},"end":{"line":289,"column":null}},"96":{"start":{"line":312,"column":18},"end":{"line":338,"column":null}},"97":{"start":{"line":316,"column":22},"end":{"line":316,"column":null}},"98":{"start":{"line":352,"column":14},"end":{"line":355,"column":null}}},"fnMap":{"0":{"name":"isSameDay","decl":{"start":{"line":8,"column":9},"end":{"line":8,"column":19}},"loc":{"start":{"line":8,"column":25},"end":{"line":14,"column":null}},"line":8},"1":{"name":"DashboardPage","decl":{"start":{"line":16,"column":24},"end":{"line":16,"column":40}},"loc":{"start":{"line":16,"column":40},"end":{"line":365,"column":null}},"line":16},"2":{"name":"(anonymous_2)","decl":{"start":{"line":29,"column":12},"end":{"line":29,"column":18}},"loc":{"start":{"line":29,"column":18},"end":{"line":91,"column":5}},"line":29},"3":{"name":"(anonymous_3)","decl":{"start":{"line":30,"column":21},"end":{"line":30,"column":33}},"loc":{"start":{"line":30,"column":33},"end":{"line":88,"column":null}},"line":30},"4":{"name":"(anonymous_4)","decl":{"start":{"line":52,"column":25},"end":{"line":52,"column":32}},"loc":{"start":{"line":52,"column":38},"end":{"line":74,"column":11}},"line":52},"5":{"name":"(anonymous_5)","decl":{"start":{"line":78,"column":32},"end":{"line":78,"column":33}},"loc":{"start":{"line":78,"column":45},"end":{"line":80,"column":9}},"line":78},"6":{"name":"(anonymous_6)","decl":{"start":{"line":93,"column":22},"end":{"line":93,"column":28}},"loc":{"start":{"line":93,"column":28},"end":{"line":93,"column":40}},"line":93},"7":{"name":"(anonymous_7)","decl":{"start":{"line":96,"column":24},"end":{"line":96,"column":30}},"loc":{"start":{"line":96,"column":30},"end":{"line":146,"column":5}},"line":96},"8":{"name":"(anonymous_8)","decl":{"start":{"line":97,"column":40},"end":{"line":97,"column":41}},"loc":{"start":{"line":97,"column":47},"end":{"line":101,"column":5}},"line":97},"9":{"name":"(anonymous_9)","decl":{"start":{"line":104,"column":25},"end":{"line":104,"column":26}},"loc":{"start":{"line":104,"column":32},"end":{"line":114,"column":5}},"line":104},"10":{"name":"(anonymous_10)","decl":{"start":{"line":149,"column":34},"end":{"line":149,"column":40}},"loc":{"start":{"line":149,"column":40},"end":{"line":203,"column":5}},"line":149},"11":{"name":"(anonymous_11)","decl":{"start":{"line":153,"column":14},"end":{"line":153,"column":15}},"loc":{"start":{"line":153,"column":21},"end":{"line":153,"column":34}},"line":153},"12":{"name":"(anonymous_12)","decl":{"start":{"line":154,"column":11},"end":{"line":154,"column":12}},"loc":{"start":{"line":154,"column":19},"end":{"line":154,"column":60}},"line":154},"13":{"name":"(anonymous_13)","decl":{"start":{"line":155,"column":12},"end":{"line":155,"column":13}},"loc":{"start":{"line":155,"column":22},"end":{"line":155,"column":39}},"line":155},"14":{"name":"(anonymous_14)","decl":{"start":{"line":158,"column":22},"end":{"line":158,"column":23}},"loc":{"start":{"line":158,"column":29},"end":{"line":202,"column":5}},"line":158},"15":{"name":"(anonymous_15)","decl":{"start":{"line":246,"column":21},"end":{"line":246,"column":27}},"loc":{"start":{"line":246,"column":27},"end":{"line":246,"column":null}},"line":246},"16":{"name":"(anonymous_16)","decl":{"start":{"line":252,"column":21},"end":{"line":252,"column":27}},"loc":{"start":{"line":252,"column":27},"end":{"line":252,"column":null}},"line":252},"17":{"name":"(anonymous_17)","decl":{"start":{"line":261,"column":19},"end":{"line":261,"column":20}},"loc":{"start":{"line":262,"column":10},"end":{"line":275,"column":null}},"line":262},"18":{"name":"(anonymous_18)","decl":{"start":{"line":289,"column":23},"end":{"line":289,"column":29}},"loc":{"start":{"line":289,"column":29},"end":{"line":289,"column":null}},"line":289},"19":{"name":"(anonymous_19)","decl":{"start":{"line":311,"column":37},"end":{"line":311,"column":38}},"loc":{"start":{"line":312,"column":18},"end":{"line":338,"column":null}},"line":312},"20":{"name":"(anonymous_20)","decl":{"start":{"line":315,"column":29},"end":{"line":315,"column":null}},"loc":{"start":{"line":316,"column":22},"end":{"line":316,"column":null}},"line":316},"21":{"name":"(anonymous_21)","decl":{"start":{"line":351,"column":28},"end":{"line":351,"column":29}},"loc":{"start":{"line":352,"column":14},"end":{"line":355,"column":null}},"line":352}},"branchMap":{"0":{"loc":{"start":{"line":10,"column":4},"end":{"line":12,"column":null}},"type":"binary-expr","locations":[{"start":{"line":10,"column":4},"end":{"line":10,"column":null}},{"start":{"line":11,"column":4},"end":{"line":11,"column":null}},{"start":{"line":12,"column":4},"end":{"line":12,"column":null}}],"line":10},"1":{"loc":{"start":{"line":42,"column":27},"end":{"line":42,"column":null}},"type":"binary-expr","locations":[{"start":{"line":42,"column":27},"end":{"line":42,"column":52}},{"start":{"line":42,"column":52},"end":{"line":42,"column":null}}],"line":42},"2":{"loc":{"start":{"line":43,"column":26},"end":{"line":43,"column":null}},"type":"binary-expr","locations":[{"start":{"line":43,"column":26},"end":{"line":43,"column":50}},{"start":{"line":43,"column":50},"end":{"line":43,"column":null}}],"line":43},"3":{"loc":{"start":{"line":44,"column":26},"end":{"line":44,"column":null}},"type":"binary-expr","locations":[{"start":{"line":44,"column":26},"end":{"line":44,"column":53}},{"start":{"line":44,"column":53},"end":{"line":44,"column":null}}],"line":44},"4":{"loc":{"start":{"line":54,"column":12},"end":{"line":54,"column":null}},"type":"if","locations":[{"start":{"line":54,"column":12},"end":{"line":54,"column":null}},{"start":{},"end":{}}],"line":54},"5":{"loc":{"start":{"line":60,"column":33},"end":{"line":60,"column":null}},"type":"binary-expr","locations":[{"start":{"line":60,"column":33},"end":{"line":60,"column":51}},{"start":{"line":60,"column":51},"end":{"line":60,"column":null}}],"line":60},"6":{"loc":{"start":{"line":64,"column":14},"end":{"line":66,"column":null}},"type":"if","locations":[{"start":{"line":64,"column":14},"end":{"line":66,"column":null}},{"start":{},"end":{}}],"line":64},"7":{"loc":{"start":{"line":64,"column":18},"end":{"line":64,"column":63}},"type":"binary-expr","locations":[{"start":{"line":64,"column":18},"end":{"line":64,"column":34}},{"start":{"line":64,"column":34},"end":{"line":64,"column":63}}],"line":64},"8":{"loc":{"start":{"line":79,"column":10},"end":{"line":79,"column":null}},"type":"if","locations":[{"start":{"line":79,"column":10},"end":{"line":79,"column":null}},{"start":{},"end":{}}],"line":79},"9":{"loc":{"start":{"line":98,"column":6},"end":{"line":98,"column":null}},"type":"if","locations":[{"start":{"line":98,"column":6},"end":{"line":98,"column":null}},{"start":{},"end":{}}],"line":98},"10":{"loc":{"start":{"line":106,"column":26},"end":{"line":106,"column":null}},"type":"cond-expr","locations":[{"start":{"line":106,"column":56},"end":{"line":106,"column":77}},{"start":{"line":106,"column":77},"end":{"line":106,"column":null}}],"line":106},"11":{"loc":{"start":{"line":107,"column":25},"end":{"line":109,"column":null}},"type":"cond-expr","locations":[{"start":{"line":108,"column":10},"end":{"line":108,"column":null}},{"start":{"line":109,"column":10},"end":{"line":109,"column":null}}],"line":107},"12":{"loc":{"start":{"line":111,"column":6},"end":{"line":113,"column":null}},"type":"if","locations":[{"start":{"line":111,"column":6},"end":{"line":113,"column":null}},{"start":{},"end":{}}],"line":111},"13":{"loc":{"start":{"line":111,"column":10},"end":{"line":111,"column":45}},"type":"binary-expr","locations":[{"start":{"line":111,"column":10},"end":{"line":111,"column":29}},{"start":{"line":111,"column":29},"end":{"line":111,"column":45}}],"line":111},"14":{"loc":{"start":{"line":129,"column":10},"end":{"line":133,"column":null}},"type":"cond-expr","locations":[{"start":{"line":130,"column":14},"end":{"line":130,"column":null}},{"start":{"line":131,"column":14},"end":{"line":133,"column":null}}],"line":129},"15":{"loc":{"start":{"line":131,"column":14},"end":{"line":133,"column":null}},"type":"cond-expr","locations":[{"start":{"line":132,"column":14},"end":{"line":132,"column":null}},{"start":{"line":133,"column":14},"end":{"line":133,"column":null}}],"line":131},"16":{"loc":{"start":{"line":150,"column":4},"end":{"line":150,"column":null}},"type":"if","locations":[{"start":{"line":150,"column":4},"end":{"line":150,"column":null}},{"start":{},"end":{}}],"line":150},"17":{"loc":{"start":{"line":172,"column":26},"end":{"line":174,"column":null}},"type":"cond-expr","locations":[{"start":{"line":173,"column":10},"end":{"line":173,"column":null}},{"start":{"line":174,"column":10},"end":{"line":174,"column":null}}],"line":172},"18":{"loc":{"start":{"line":175,"column":25},"end":{"line":177,"column":null}},"type":"cond-expr","locations":[{"start":{"line":176,"column":10},"end":{"line":176,"column":null}},{"start":{"line":177,"column":10},"end":{"line":177,"column":null}}],"line":175},"19":{"loc":{"start":{"line":180,"column":6},"end":{"line":185,"column":null}},"type":"if","locations":[{"start":{"line":180,"column":6},"end":{"line":185,"column":null}},{"start":{},"end":{}}],"line":180},"20":{"loc":{"start":{"line":181,"column":8},"end":{"line":184,"column":null}},"type":"if","locations":[{"start":{"line":181,"column":8},"end":{"line":184,"column":null}},{"start":{"line":181,"column":56},"end":{"line":184,"column":null}}],"line":181},"21":{"loc":{"start":{"line":181,"column":12},"end":{"line":181,"column":47}},"type":"binary-expr","locations":[{"start":{"line":181,"column":12},"end":{"line":181,"column":31}},{"start":{"line":181,"column":31},"end":{"line":181,"column":47}}],"line":181},"22":{"loc":{"start":{"line":181,"column":56},"end":{"line":184,"column":null}},"type":"if","locations":[{"start":{"line":181,"column":56},"end":{"line":184,"column":null}},{"start":{"line":182,"column":63},"end":{"line":184,"column":null}}],"line":181},"23":{"loc":{"start":{"line":182,"column":17},"end":{"line":182,"column":54}},"type":"binary-expr","locations":[{"start":{"line":182,"column":17},"end":{"line":182,"column":38}},{"start":{"line":182,"column":38},"end":{"line":182,"column":54}}],"line":182},"24":{"loc":{"start":{"line":182,"column":63},"end":{"line":184,"column":null}},"type":"if","locations":[{"start":{"line":182,"column":63},"end":{"line":184,"column":null}},{"start":{},"end":{}}],"line":182},"25":{"loc":{"start":{"line":183,"column":17},"end":{"line":183,"column":null}},"type":"binary-expr","locations":[{"start":{"line":183,"column":17},"end":{"line":183,"column":36}},{"start":{"line":183,"column":36},"end":{"line":183,"column":null}}],"line":183},"26":{"loc":{"start":{"line":188,"column":8},"end":{"line":188,"column":null}},"type":"binary-expr","locations":[{"start":{"line":188,"column":8},"end":{"line":188,"column":34}},{"start":{"line":188,"column":34},"end":{"line":188,"column":52}},{"start":{"line":188,"column":52},"end":{"line":188,"column":70}},{"start":{"line":188,"column":70},"end":{"line":188,"column":null}}],"line":188},"27":{"loc":{"start":{"line":190,"column":8},"end":{"line":193,"column":null}},"type":"binary-expr","locations":[{"start":{"line":190,"column":8},"end":{"line":190,"column":null}},{"start":{"line":191,"column":8},"end":{"line":191,"column":null}},{"start":{"line":192,"column":8},"end":{"line":192,"column":null}},{"start":{"line":193,"column":8},"end":{"line":193,"column":null}}],"line":190},"28":{"loc":{"start":{"line":198,"column":17},"end":{"line":198,"column":48}},"type":"cond-expr","locations":[{"start":{"line":198,"column":31},"end":{"line":198,"column":41}},{"start":{"line":198,"column":41},"end":{"line":198,"column":48}}],"line":198},"29":{"loc":{"start":{"line":199,"column":18},"end":{"line":199,"column":null}},"type":"binary-expr","locations":[{"start":{"line":199,"column":18},"end":{"line":199,"column":47}},{"start":{"line":199,"column":47},"end":{"line":199,"column":null}}],"line":199},"30":{"loc":{"start":{"line":214,"column":2},"end":{"line":220,"column":null}},"type":"if","locations":[{"start":{"line":214,"column":2},"end":{"line":220,"column":null}},{"start":{},"end":{}}],"line":214},"31":{"loc":{"start":{"line":222,"column":2},"end":{"line":228,"column":null}},"type":"if","locations":[{"start":{"line":222,"column":2},"end":{"line":228,"column":null}},{"start":{},"end":{}}],"line":222},"32":{"loc":{"start":{"line":272,"column":13},"end":{"line":273,"column":null}},"type":"binary-expr","locations":[{"start":{"line":272,"column":13},"end":{"line":272,"column":null}},{"start":{"line":273,"column":14},"end":{"line":273,"column":null}}],"line":272},"33":{"loc":{"start":{"line":295,"column":11},"end":{"line":341,"column":null}},"type":"cond-expr","locations":[{"start":{"line":296,"column":12},"end":{"line":298,"column":null}},{"start":{"line":300,"column":12},"end":{"line":341,"column":null}}],"line":295},"34":{"loc":{"start":{"line":330,"column":26},"end":{"line":332,"column":null}},"type":"cond-expr","locations":[{"start":{"line":331,"column":30},"end":{"line":331,"column":null}},{"start":{"line":332,"column":30},"end":{"line":332,"column":null}}],"line":330}},"s":{"0":2,"1":6,"2":18,"3":18,"4":18,"5":18,"6":18,"7":18,"8":18,"9":18,"10":10,"11":10,"12":10,"13":10,"14":10,"15":7,"16":10,"17":10,"18":10,"19":10,"20":10,"21":10,"22":3,"23":3,"24":0,"25":3,"26":3,"27":0,"28":3,"29":3,"30":3,"31":0,"32":0,"33":7,"34":7,"35":3,"36":3,"37":7,"38":1,"39":1,"40":8,"41":10,"42":18,"43":10,"44":18,"45":17,"46":3,"47":0,"48":3,"49":3,"50":17,"51":17,"52":1,"53":1,"54":1,"55":1,"56":0,"57":17,"58":17,"59":17,"60":18,"61":17,"62":15,"63":2,"64":3,"65":3,"66":1,"67":2,"68":3,"69":3,"70":3,"71":3,"72":3,"73":3,"74":3,"75":3,"76":3,"77":0,"78":0,"79":0,"80":0,"81":0,"82":0,"83":3,"84":3,"85":3,"86":18,"87":18,"88":10,"89":8,"90":1,"91":7,"92":0,"93":0,"94":28,"95":0,"96":3,"97":0,"98":28},"f":{"0":6,"1":18,"2":10,"3":10,"4":3,"5":3,"6":10,"7":17,"8":3,"9":1,"10":17,"11":3,"12":3,"13":1,"14":3,"15":0,"16":0,"17":28,"18":0,"19":3,"20":0,"21":28},"b":{"0":[6,6,6],"1":[7,0],"2":[10,0],"3":[10,0],"4":[0,3],"5":[0,0],"6":[3,0],"7":[3,3],"8":[3,0],"9":[0,3],"10":[0,1],"11":[0,1],"12":[0,1],"13":[1,0],"14":[1,16],"15":[0,16],"16":[15,2],"17":[0,3],"18":[0,3],"19":[0,3],"20":[0,0],"21":[0,0],"22":[0,0],"23":[0,0],"24":[0,0],"25":[0,0],"26":[3,0,0,0],"27":[3,0,0,0],"28":[1,2],"29":[3,0],"30":[10,8],"31":[1,7],"32":[28,21],"33":[5,2],"34":[0,3]},"meta":{"lastBranch":35,"lastFunction":22,"lastStatement":99,"seen":{"s:6:17:6:Infinity":0,"f:8:9:8:19":0,"s:9:2:12:Infinity":1,"b:10:4:10:Infinity:11:4:11:Infinity:12:4:12:Infinity":0,"f:16:24:16:40":1,"s:17:8:17:Infinity":2,"s:19:28:19:Infinity":3,"s:20:24:20:Infinity":4,"s:22:28:22:Infinity":5,"s:23:26:23:Infinity":6,"s:24:32:24:Infinity":7,"s:27:44:27:Infinity":8,"s:29:2:91:Infinity":9,"f:29:12:29:18":2,"s:30:21:88:Infinity":10,"f:30:21:30:33":3,"s:31:6:31:Infinity":11,"s:32:6:32:Infinity":12,"s:34:6:87:Infinity":13,"s:36:54:40:Infinity":14,"s:42:27:42:Infinity":15,"b:42:27:42:52:42:52:42:Infinity":1,"s:43:26:43:Infinity":16,"b:43:26:43:50:43:50:43:Infinity":2,"s:44:26:44:Infinity":17,"b:44:26:44:53:44:53:44:Infinity":3,"s:46:8:46:Infinity":18,"s:47:8:47:Infinity":19,"s:48:8:48:Infinity":20,"s:51:32:75:Infinity":21,"f:52:25:52:32":4,"s:53:33:53:Infinity":22,"b:54:12:54:Infinity:undefined:undefined:undefined:undefined":4,"s:54:12:54:Infinity":23,"s:54:31:54:Infinity":24,"s:56:12:73:Infinity":25,"s:57:26:59:Infinity":26,"s:60:33:60:Infinity":27,"b:60:33:60:51:60:51:60:Infinity":5,"s:61:14:61:Infinity":28,"b:64:14:66:Infinity:undefined:undefined:undefined:undefined":6,"s:64:14:66:Infinity":29,"b:64:18:64:34:64:34:64:63":7,"s:65:16:65:Infinity":30,"s:67:14:71:Infinity":31,"s:72:14:72:Infinity":32,"s:77:20:77:Infinity":33,"s:78:8:80:Infinity":34,"f:78:32:78:33":5,"b:79:10:79:Infinity:undefined:undefined:undefined:undefined":8,"s:79:10:79:Infinity":35,"s:79:18:79:Infinity":36,"s:81:8:81:Infinity":37,"s:83:8:83:Infinity":38,"s:84:8:84:Infinity":39,"s:86:8:86:Infinity":40,"s:90:4:90:Infinity":41,"s:93:8:93:Infinity":42,"f:93:22:93:28":6,"s:93:28:93:40":43,"s:96:8:146:Infinity":44,"f:96:24:96:30":7,"s:97:25:101:Infinity":45,"f:97:40:97:41":8,"b:98:6:98:Infinity:undefined:undefined:undefined:undefined":9,"s:98:6:98:Infinity":46,"s:98:26:98:Infinity":47,"s:99:16:99:Infinity":48,"s:100:6:100:Infinity":49,"s:103:27:103:Infinity":50,"s:104:4:114:Infinity":51,"f:104:25:104:26":9,"s:105:16:105:Infinity":52,"s:106:26:106:Infinity":53,"b:106:56:106:77:106:77:106:Infinity":10,"s:107:25:109:Infinity":54,"b:108:10:108:Infinity:109:10:109:Infinity":11,"b:111:6:113:Infinity:undefined:undefined:undefined:undefined":12,"s:111:6:113:Infinity":55,"b:111:10:111:29:111:29:111:45":13,"s:112:8:112:Infinity":56,"s:116:27:116:Infinity":57,"s:117:26:117:Infinity":58,"s:119:4:145:Infinity":59,"b:130:14:130:Infinity:131:14:133:Infinity":14,"b:132:14:132:Infinity:133:14:133:Infinity":15,"s:149:8:203:Infinity":60,"f:149:34:149:40":10,"b:150:4:150:Infinity:undefined:undefined:undefined:undefined":16,"s:150:4:150:Infinity":61,"s:150:25:150:Infinity":62,"s:152:19:156:Infinity":63,"f:153:14:153:15":11,"s:153:21:153:34":64,"f:154:11:154:12":12,"s:154:19:154:60":65,"f:155:12:155:13":13,"s:155:22:155:39":66,"s:158:4:202:Infinity":67,"f:158:22:158:23":14,"s:159:17:159:Infinity":68,"s:160:26:160:Infinity":69,"s:162:22:165:Infinity":70,"s:166:22:169:Infinity":71,"s:171:25:171:Infinity":72,"s:172:26:174:Infinity":73,"b:173:10:173:Infinity:174:10:174:Infinity":17,"s:175:25:177:Infinity":74,"b:176:10:176:Infinity:177:10:177:Infinity":18,"s:179:19:179:Infinity":75,"b:180:6:185:Infinity:undefined:undefined:undefined:undefined":19,"s:180:6:185:Infinity":76,"b:181:8:184:Infinity:181:56:184:Infinity":20,"s:181:8:184:Infinity":77,"b:181:12:181:31:181:31:181:47":21,"s:181:47:181:Infinity":78,"b:181:56:184:Infinity:182:63:184:Infinity":22,"s:181:56:184:Infinity":79,"b:182:17:182:38:182:38:182:54":23,"s:182:54:182:Infinity":80,"b:182:63:184:Infinity:undefined:undefined:undefined:undefined":24,"s:182:63:184:Infinity":81,"b:183:17:183:36:183:36:183:Infinity":25,"s:184:10:184:Infinity":82,"s:188:8:188:Infinity":83,"b:188:8:188:34:188:34:188:52:188:52:188:70:188:70:188:Infinity":26,"s:190:8:193:Infinity":84,"b:190:8:190:Infinity:191:8:191:Infinity:192:8:192:Infinity:193:8:193:Infinity":27,"s:195:6:201:Infinity":85,"b:198:31:198:41:198:41:198:48":28,"b:199:18:199:47:199:47:199:Infinity":29,"s:205:21:210:Infinity":86,"b:214:2:220:Infinity:undefined:undefined:undefined:undefined":30,"s:214:2:220:Infinity":87,"s:215:4:218:Infinity":88,"b:222:2:228:Infinity:undefined:undefined:undefined:undefined":31,"s:222:2:228:Infinity":89,"s:223:4:226:Infinity":90,"s:230:2:363:Infinity":91,"f:246:21:246:27":15,"s:246:27:246:Infinity":92,"f:252:21:252:27":16,"s:252:27:252:Infinity":93,"f:261:19:261:20":17,"s:262:10:275:Infinity":94,"b:272:13:272:Infinity:273:14:273:Infinity":32,"f:289:23:289:29":18,"s:289:29:289:Infinity":95,"b:296:12:298:Infinity:300:12:341:Infinity":33,"f:311:37:311:38":19,"s:312:18:338:Infinity":96,"f:315:29:315:Infinity":20,"s:316:22:316:Infinity":97,"b:331:30:331:Infinity:332:30:332:Infinity":34,"f:351:28:351:29":21,"s:352:14:355:Infinity":98}}}
,"/Users/kaankaragoz/Documents/GitHub/CMPE_331_Project/Frontend/src/pages/Dashboard/PilotDashboardPage.jsx": {"path":"/Users/kaankaragoz/Documents/GitHub/CMPE_331_Project/Frontend/src/pages/Dashboard/PilotDashboardPage.jsx","statementMap":{"0":{"start":{"line":4,"column":17},"end":{"line":4,"column":null}},"1":{"start":{"line":7,"column":28},"end":{"line":7,"column":null}},"2":{"start":{"line":8,"column":28},"end":{"line":8,"column":null}},"3":{"start":{"line":9,"column":24},"end":{"line":9,"column":null}},"4":{"start":{"line":11,"column":19},"end":{"line":11,"column":null}},"5":{"start":{"line":12,"column":18},"end":{"line":12,"column":null}},"6":{"start":{"line":14,"column":2},"end":{"line":50,"column":null}},"7":{"start":{"line":15,"column":24},"end":{"line":47,"column":null}},"8":{"start":{"line":16,"column":6},"end":{"line":22,"column":null}},"9":{"start":{"line":17,"column":8},"end":{"line":19,"column":null}},"10":{"start":{"line":20,"column":8},"end":{"line":20,"column":null}},"11":{"start":{"line":21,"column":8},"end":{"line":21,"column":null}},"12":{"start":{"line":24,"column":6},"end":{"line":46,"column":null}},"13":{"start":{"line":25,"column":8},"end":{"line":25,"column":null}},"14":{"start":{"line":26,"column":8},"end":{"line":26,"column":null}},"15":{"start":{"line":28,"column":20},"end":{"line":30,"column":null}},"16":{"start":{"line":32,"column":8},"end":{"line":34,"column":null}},"17":{"start":{"line":33,"column":10},"end":{"line":33,"column":null}},"18":{"start":{"line":36,"column":8},"end":{"line":36,"column":null}},"19":{"start":{"line":38,"column":8},"end":{"line":38,"column":null}},"20":{"start":{"line":39,"column":8},"end":{"line":43,"column":null}},"21":{"start":{"line":45,"column":8},"end":{"line":45,"column":null}},"22":{"start":{"line":49,"column":4},"end":{"line":49,"column":null}},"23":{"start":{"line":52,"column":2},"end":{"line":132,"column":null}},"24":{"start":{"line":86,"column":24},"end":{"line":86,"column":null}},"25":{"start":{"line":87,"column":32},"end":{"line":94,"column":null}},"26":{"start":{"line":97,"column":16},"end":{"line":100,"column":null}},"27":{"start":{"line":102,"column":16},"end":{"line":105,"column":null}},"28":{"start":{"line":107,"column":34},"end":{"line":107,"column":null}},"29":{"start":{"line":109,"column":14},"end":{"line":126,"column":null}}},"fnMap":{"0":{"name":"PilotDashboardPage","decl":{"start":{"line":6,"column":24},"end":{"line":6,"column":45}},"loc":{"start":{"line":6,"column":45},"end":{"line":134,"column":null}},"line":6},"1":{"name":"(anonymous_1)","decl":{"start":{"line":14,"column":12},"end":{"line":14,"column":18}},"loc":{"start":{"line":14,"column":18},"end":{"line":50,"column":5}},"line":14},"2":{"name":"(anonymous_2)","decl":{"start":{"line":15,"column":24},"end":{"line":15,"column":36}},"loc":{"start":{"line":15,"column":36},"end":{"line":47,"column":null}},"line":15},"3":{"name":"(anonymous_3)","decl":{"start":{"line":85,"column":25},"end":{"line":85,"column":26}},"loc":{"start":{"line":85,"column":32},"end":{"line":128,"column":13}},"line":85}},"branchMap":{"0":{"loc":{"start":{"line":11,"column":19},"end":{"line":11,"column":null}},"type":"binary-expr","locations":[{"start":{"line":11,"column":19},"end":{"line":11,"column":55}},{"start":{"line":11,"column":55},"end":{"line":11,"column":null}}],"line":11},"1":{"loc":{"start":{"line":16,"column":6},"end":{"line":22,"column":null}},"type":"if","locations":[{"start":{"line":16,"column":6},"end":{"line":22,"column":null}},{"start":{},"end":{}}],"line":16},"2":{"loc":{"start":{"line":32,"column":8},"end":{"line":34,"column":null}},"type":"if","locations":[{"start":{"line":32,"column":8},"end":{"line":34,"column":null}},{"start":{},"end":{}}],"line":32},"3":{"loc":{"start":{"line":33,"column":26},"end":{"line":33,"column":57}},"type":"binary-expr","locations":[{"start":{"line":33,"column":26},"end":{"line":33,"column":46}},{"start":{"line":33,"column":46},"end":{"line":33,"column":57}}],"line":33},"4":{"loc":{"start":{"line":36,"column":19},"end":{"line":36,"column":38}},"type":"binary-expr","locations":[{"start":{"line":36,"column":19},"end":{"line":36,"column":36}},{"start":{"line":36,"column":36},"end":{"line":36,"column":38}}],"line":36},"5":{"loc":{"start":{"line":40,"column":10},"end":{"line":42,"column":null}},"type":"binary-expr","locations":[{"start":{"line":40,"column":10},"end":{"line":40,"column":null}},{"start":{"line":41,"column":12},"end":{"line":41,"column":null}},{"start":{"line":42,"column":12},"end":{"line":42,"column":null}}],"line":40},"6":{"loc":{"start":{"line":64,"column":7},"end":{"line":65,"column":null}},"type":"binary-expr","locations":[{"start":{"line":64,"column":7},"end":{"line":64,"column":null}},{"start":{"line":65,"column":8},"end":{"line":65,"column":null}}],"line":64},"7":{"loc":{"start":{"line":68,"column":7},"end":{"line":69,"column":null}},"type":"binary-expr","locations":[{"start":{"line":68,"column":7},"end":{"line":68,"column":16}},{"start":{"line":68,"column":16},"end":{"line":68,"column":null}},{"start":{"line":69,"column":8},"end":{"line":69,"column":null}}],"line":68},"8":{"loc":{"start":{"line":72,"column":7},"end":{"line":75,"column":null}},"type":"binary-expr","locations":[{"start":{"line":72,"column":7},"end":{"line":72,"column":19}},{"start":{"line":72,"column":19},"end":{"line":72,"column":29}},{"start":{"line":72,"column":29},"end":{"line":72,"column":null}},{"start":{"line":73,"column":8},"end":{"line":75,"column":null}}],"line":72},"9":{"loc":{"start":{"line":78,"column":7},"end":{"line":130,"column":null}},"type":"binary-expr","locations":[{"start":{"line":78,"column":7},"end":{"line":78,"column":19}},{"start":{"line":78,"column":19},"end":{"line":78,"column":29}},{"start":{"line":78,"column":29},"end":{"line":78,"column":null}},{"start":{"line":79,"column":8},"end":{"line":130,"column":null}}],"line":78},"10":{"loc":{"start":{"line":86,"column":24},"end":{"line":86,"column":null}},"type":"cond-expr","locations":[{"start":{"line":86,"column":40},"end":{"line":86,"column":66}},{"start":{"line":86,"column":66},"end":{"line":86,"column":null}}],"line":86},"11":{"loc":{"start":{"line":87,"column":32},"end":{"line":94,"column":null}},"type":"cond-expr","locations":[{"start":{"line":88,"column":18},"end":{"line":93,"column":null}},{"start":{"line":94,"column":18},"end":{"line":94,"column":null}}],"line":87},"12":{"loc":{"start":{"line":97,"column":16},"end":{"line":100,"column":null}},"type":"binary-expr","locations":[{"start":{"line":97,"column":16},"end":{"line":97,"column":null}},{"start":{"line":98,"column":16},"end":{"line":98,"column":null}},{"start":{"line":99,"column":16},"end":{"line":99,"column":null}},{"start":{"line":100,"column":16},"end":{"line":100,"column":null}}],"line":97},"13":{"loc":{"start":{"line":102,"column":16},"end":{"line":105,"column":null}},"type":"binary-expr","locations":[{"start":{"line":102,"column":16},"end":{"line":102,"column":null}},{"start":{"line":103,"column":16},"end":{"line":103,"column":null}},{"start":{"line":104,"column":16},"end":{"line":104,"column":null}},{"start":{"line":105,"column":16},"end":{"line":105,"column":null}}],"line":102},"14":{"loc":{"start":{"line":107,"column":34},"end":{"line":107,"column":null}},"type":"binary-expr","locations":[{"start":{"line":107,"column":34},"end":{"line":107,"column":63}},{"start":{"line":107,"column":63},"end":{"line":107,"column":null}}],"line":107}},"s":{"0":1,"1":0,"2":0,"3":0,"4":0,"5":0,"6":0,"7":0,"8":0,"9":0,"10":0,"11":0,"12":0,"13":0,"14":0,"15":0,"16":0,"17":0,"18":0,"19":0,"20":0,"21":0,"22":0,"23":0,"24":0,"25":0,"26":0,"27":0,"28":0,"29":0},"f":{"0":0,"1":0,"2":0,"3":0},"b":{"0":[0,0],"1":[0,0],"2":[0,0],"3":[0,0],"4":[0,0],"5":[0,0,0],"6":[0,0],"7":[0,0,0],"8":[0,0,0,0],"9":[0,0,0,0],"10":[0,0],"11":[0,0],"12":[0,0,0,0],"13":[0,0,0,0],"14":[0,0]},"meta":{"lastBranch":15,"lastFunction":4,"lastStatement":30,"seen":{"s:4:17:4:Infinity":0,"f:6:24:6:45":0,"s:7:28:7:Infinity":1,"s:8:28:8:Infinity":2,"s:9:24:9:Infinity":3,"s:11:19:11:Infinity":4,"b:11:19:11:55:11:55:11:Infinity":0,"s:12:18:12:Infinity":5,"s:14:2:50:Infinity":6,"f:14:12:14:18":1,"s:15:24:47:Infinity":7,"f:15:24:15:36":2,"b:16:6:22:Infinity:undefined:undefined:undefined:undefined":1,"s:16:6:22:Infinity":8,"s:17:8:19:Infinity":9,"s:20:8:20:Infinity":10,"s:21:8:21:Infinity":11,"s:24:6:46:Infinity":12,"s:25:8:25:Infinity":13,"s:26:8:26:Infinity":14,"s:28:20:30:Infinity":15,"b:32:8:34:Infinity:undefined:undefined:undefined:undefined":2,"s:32:8:34:Infinity":16,"s:33:10:33:Infinity":17,"b:33:26:33:46:33:46:33:57":3,"s:36:8:36:Infinity":18,"b:36:19:36:36:36:36:36:38":4,"s:38:8:38:Infinity":19,"s:39:8:43:Infinity":20,"b:40:10:40:Infinity:41:12:41:Infinity:42:12:42:Infinity":5,"s:45:8:45:Infinity":21,"s:49:4:49:Infinity":22,"s:52:2:132:Infinity":23,"b:64:7:64:Infinity:65:8:65:Infinity":6,"b:68:7:68:16:68:16:68:Infinity:69:8:69:Infinity":7,"b:72:7:72:19:72:19:72:29:72:29:72:Infinity:73:8:75:Infinity":8,"b:78:7:78:19:78:19:78:29:78:29:78:Infinity:79:8:130:Infinity":9,"f:85:25:85:26":3,"s:86:24:86:Infinity":24,"b:86:40:86:66:86:66:86:Infinity":10,"s:87:32:94:Infinity":25,"b:88:18:93:Infinity:94:18:94:Infinity":11,"s:97:16:100:Infinity":26,"b:97:16:97:Infinity:98:16:98:Infinity:99:16:99:Infinity:100:16:100:Infinity":12,"s:102:16:105:Infinity":27,"b:102:16:102:Infinity:103:16:103:Infinity:104:16:104:Infinity:105:16:105:Infinity":13,"s:107:34:107:Infinity":28,"b:107:34:107:63:107:63:107:Infinity":14,"s:109:14:126:Infinity":29}}}
,"/Users/kaankaragoz/Documents/GitHub/CMPE_331_Project/Frontend/src/pages/Flights/CrewAssignmentPage.jsx": {"path":"/Users/kaankaragoz/Documents/GitHub/CMPE_331_Project/Frontend/src/pages/Flights/CrewAssignmentPage.jsx","statementMap":{"0":{"start":{"line":6,"column":17},"end":{"line":6,"column":null}},"1":{"start":{"line":9,"column":23},"end":{"line":9,"column":null}},"2":{"start":{"line":10,"column":8},"end":{"line":10,"column":null}},"3":{"start":{"line":12,"column":34},"end":{"line":12,"column":null}},"4":{"start":{"line":13,"column":34},"end":{"line":13,"column":null}},"5":{"start":{"line":14,"column":32},"end":{"line":14,"column":null}},"6":{"start":{"line":15,"column":28},"end":{"line":15,"column":null}},"7":{"start":{"line":16,"column":26},"end":{"line":16,"column":null}},"8":{"start":{"line":17,"column":24},"end":{"line":17,"column":null}},"9":{"start":{"line":18,"column":42},"end":{"line":18,"column":null}},"10":{"start":{"line":23,"column":2},"end":{"line":105,"column":null}},"11":{"start":{"line":24,"column":21},"end":{"line":100,"column":null}},"12":{"start":{"line":25,"column":6},"end":{"line":25,"column":null}},"13":{"start":{"line":26,"column":6},"end":{"line":26,"column":null}},"14":{"start":{"line":27,"column":6},"end":{"line":27,"column":null}},"15":{"start":{"line":29,"column":6},"end":{"line":99,"column":null}},"16":{"start":{"line":31,"column":26},"end":{"line":33,"column":null}},"17":{"start":{"line":35,"column":18},"end":{"line":35,"column":null}},"18":{"start":{"line":37,"column":8},"end":{"line":42,"column":null}},"19":{"start":{"line":45,"column":38},"end":{"line":48,"column":null}},"20":{"start":{"line":50,"column":27},"end":{"line":50,"column":null}},"21":{"start":{"line":51,"column":26},"end":{"line":51,"column":null}},"22":{"start":{"line":54,"column":31},"end":{"line":54,"column":null}},"23":{"start":{"line":55,"column":31},"end":{"line":55,"column":null}},"24":{"start":{"line":57,"column":8},"end":{"line":70,"column":null}},"25":{"start":{"line":58,"column":32},"end":{"line":60,"column":null}},"26":{"start":{"line":61,"column":10},"end":{"line":64,"column":null}},"27":{"start":{"line":62,"column":12},"end":{"line":62,"column":null}},"28":{"start":{"line":63,"column":12},"end":{"line":63,"column":null}},"29":{"start":{"line":67,"column":10},"end":{"line":69,"column":null}},"30":{"start":{"line":68,"column":12},"end":{"line":68,"column":null}},"31":{"start":{"line":73,"column":8},"end":{"line":80,"column":null}},"32":{"start":{"line":74,"column":33},"end":{"line":79,"column":12}},"33":{"start":{"line":82,"column":8},"end":{"line":89,"column":null}},"34":{"start":{"line":83,"column":32},"end":{"line":88,"column":12}},"35":{"start":{"line":91,"column":8},"end":{"line":91,"column":null}},"36":{"start":{"line":92,"column":8},"end":{"line":96,"column":null}},"37":{"start":{"line":98,"column":8},"end":{"line":98,"column":null}},"38":{"start":{"line":102,"column":4},"end":{"line":104,"column":null}},"39":{"start":{"line":103,"column":6},"end":{"line":103,"column":null}},"40":{"start":{"line":110,"column":27},"end":{"line":116,"column":null}},"41":{"start":{"line":111,"column":4},"end":{"line":115,"column":null}},"42":{"start":{"line":112,"column":6},"end":{"line":114,"column":null}},"43":{"start":{"line":113,"column":8},"end":{"line":113,"column":null}},"44":{"start":{"line":118,"column":26},"end":{"line":124,"column":null}},"45":{"start":{"line":119,"column":4},"end":{"line":123,"column":null}},"46":{"start":{"line":120,"column":6},"end":{"line":122,"column":null}},"47":{"start":{"line":121,"column":8},"end":{"line":121,"column":null}},"48":{"start":{"line":127,"column":27},"end":{"line":140,"column":null}},"49":{"start":{"line":128,"column":4},"end":{"line":133,"column":null}},"50":{"start":{"line":129,"column":6},"end":{"line":132,"column":null}},"51":{"start":{"line":129,"column":28},"end":{"line":132,"column":8}},"52":{"start":{"line":134,"column":4},"end":{"line":139,"column":null}},"53":{"start":{"line":135,"column":6},"end":{"line":138,"column":null}},"54":{"start":{"line":135,"column":28},"end":{"line":138,"column":8}},"55":{"start":{"line":145,"column":21},"end":{"line":181,"column":null}},"56":{"start":{"line":146,"column":4},"end":{"line":146,"column":null}},"57":{"start":{"line":147,"column":4},"end":{"line":147,"column":null}},"58":{"start":{"line":148,"column":4},"end":{"line":148,"column":null}},"59":{"start":{"line":150,"column":22},"end":{"line":152,"column":null}},"60":{"start":{"line":151,"column":21},"end":{"line":151,"column":31}},"61":{"start":{"line":152,"column":18},"end":{"line":152,"column":22}},"62":{"start":{"line":153,"column":27},"end":{"line":155,"column":null}},"63":{"start":{"line":154,"column":21},"end":{"line":154,"column":31}},"64":{"start":{"line":155,"column":18},"end":{"line":155,"column":22}},"65":{"start":{"line":157,"column":4},"end":{"line":161,"column":null}},"66":{"start":{"line":158,"column":6},"end":{"line":158,"column":null}},"67":{"start":{"line":159,"column":6},"end":{"line":159,"column":null}},"68":{"start":{"line":160,"column":6},"end":{"line":160,"column":null}},"69":{"start":{"line":163,"column":20},"end":{"line":163,"column":null}},"70":{"start":{"line":165,"column":4},"end":{"line":180,"column":null}},"71":{"start":{"line":166,"column":18},"end":{"line":169,"column":null}},"72":{"start":{"line":170,"column":6},"end":{"line":170,"column":null}},"73":{"start":{"line":171,"column":6},"end":{"line":171,"column":null}},"74":{"start":{"line":173,"column":6},"end":{"line":173,"column":null}},"75":{"start":{"line":174,"column":6},"end":{"line":177,"column":null}},"76":{"start":{"line":179,"column":6},"end":{"line":179,"column":null}},"77":{"start":{"line":186,"column":2},"end":{"line":192,"column":null}},"78":{"start":{"line":187,"column":4},"end":{"line":190,"column":null}},"79":{"start":{"line":194,"column":2},"end":{"line":207,"column":null}},"80":{"start":{"line":195,"column":4},"end":{"line":205,"column":null}},"81":{"start":{"line":200,"column":25},"end":{"line":200,"column":null}},"82":{"start":{"line":212,"column":2},"end":{"line":402,"column":null}},"83":{"start":{"line":217,"column":25},"end":{"line":217,"column":null}},"84":{"start":{"line":223,"column":25},"end":{"line":223,"column":null}},"85":{"start":{"line":229,"column":25},"end":{"line":229,"column":null}},"86":{"start":{"line":235,"column":25},"end":{"line":235,"column":null}},"87":{"start":{"line":301,"column":16},"end":{"line":328,"column":null}},"88":{"start":{"line":319,"column":35},"end":{"line":319,"column":null}},"89":{"start":{"line":345,"column":16},"end":{"line":372,"column":null}},"90":{"start":{"line":363,"column":35},"end":{"line":363,"column":null}}},"fnMap":{"0":{"name":"CrewAssignmentPage","decl":{"start":{"line":8,"column":24},"end":{"line":8,"column":45}},"loc":{"start":{"line":8,"column":45},"end":{"line":404,"column":null}},"line":8},"1":{"name":"(anonymous_1)","decl":{"start":{"line":23,"column":12},"end":{"line":23,"column":18}},"loc":{"start":{"line":23,"column":18},"end":{"line":105,"column":5}},"line":23},"2":{"name":"(anonymous_2)","decl":{"start":{"line":24,"column":21},"end":{"line":24,"column":33}},"loc":{"start":{"line":24,"column":33},"end":{"line":100,"column":null}},"line":24},"3":{"name":"(anonymous_3)","decl":{"start":{"line":74,"column":25},"end":{"line":74,"column":26}},"loc":{"start":{"line":74,"column":33},"end":{"line":79,"column":12}},"line":74},"4":{"name":"(anonymous_4)","decl":{"start":{"line":83,"column":24},"end":{"line":83,"column":25}},"loc":{"start":{"line":83,"column":32},"end":{"line":88,"column":12}},"line":83},"5":{"name":"(anonymous_5)","decl":{"start":{"line":110,"column":27},"end":{"line":110,"column":28}},"loc":{"start":{"line":110,"column":35},"end":{"line":116,"column":null}},"line":110},"6":{"name":"(anonymous_6)","decl":{"start":{"line":111,"column":18},"end":{"line":111,"column":19}},"loc":{"start":{"line":112,"column":6},"end":{"line":114,"column":null}},"line":112},"7":{"name":"(anonymous_7)","decl":{"start":{"line":112,"column":15},"end":{"line":112,"column":16}},"loc":{"start":{"line":113,"column":8},"end":{"line":113,"column":null}},"line":113},"8":{"name":"(anonymous_8)","decl":{"start":{"line":118,"column":26},"end":{"line":118,"column":27}},"loc":{"start":{"line":118,"column":34},"end":{"line":124,"column":null}},"line":118},"9":{"name":"(anonymous_9)","decl":{"start":{"line":119,"column":17},"end":{"line":119,"column":18}},"loc":{"start":{"line":120,"column":6},"end":{"line":122,"column":null}},"line":120},"10":{"name":"(anonymous_10)","decl":{"start":{"line":120,"column":15},"end":{"line":120,"column":16}},"loc":{"start":{"line":121,"column":8},"end":{"line":121,"column":null}},"line":121},"11":{"name":"(anonymous_11)","decl":{"start":{"line":127,"column":27},"end":{"line":127,"column":33}},"loc":{"start":{"line":127,"column":33},"end":{"line":140,"column":null}},"line":127},"12":{"name":"(anonymous_12)","decl":{"start":{"line":128,"column":18},"end":{"line":128,"column":19}},"loc":{"start":{"line":129,"column":6},"end":{"line":132,"column":null}},"line":129},"13":{"name":"(anonymous_13)","decl":{"start":{"line":129,"column":15},"end":{"line":129,"column":16}},"loc":{"start":{"line":129,"column":28},"end":{"line":132,"column":8}},"line":129},"14":{"name":"(anonymous_14)","decl":{"start":{"line":134,"column":17},"end":{"line":134,"column":18}},"loc":{"start":{"line":135,"column":6},"end":{"line":138,"column":null}},"line":135},"15":{"name":"(anonymous_15)","decl":{"start":{"line":135,"column":15},"end":{"line":135,"column":16}},"loc":{"start":{"line":135,"column":28},"end":{"line":138,"column":8}},"line":135},"16":{"name":"(anonymous_16)","decl":{"start":{"line":145,"column":21},"end":{"line":145,"column":33}},"loc":{"start":{"line":145,"column":33},"end":{"line":181,"column":null}},"line":145},"17":{"name":"(anonymous_17)","decl":{"start":{"line":151,"column":14},"end":{"line":151,"column":15}},"loc":{"start":{"line":151,"column":21},"end":{"line":151,"column":31}},"line":151},"18":{"name":"(anonymous_18)","decl":{"start":{"line":152,"column":11},"end":{"line":152,"column":12}},"loc":{"start":{"line":152,"column":18},"end":{"line":152,"column":22}},"line":152},"19":{"name":"(anonymous_19)","decl":{"start":{"line":154,"column":14},"end":{"line":154,"column":15}},"loc":{"start":{"line":154,"column":21},"end":{"line":154,"column":31}},"line":154},"20":{"name":"(anonymous_20)","decl":{"start":{"line":155,"column":11},"end":{"line":155,"column":12}},"loc":{"start":{"line":155,"column":18},"end":{"line":155,"column":22}},"line":155},"21":{"name":"(anonymous_21)","decl":{"start":{"line":200,"column":19},"end":{"line":200,"column":25}},"loc":{"start":{"line":200,"column":25},"end":{"line":200,"column":null}},"line":200},"22":{"name":"(anonymous_22)","decl":{"start":{"line":217,"column":19},"end":{"line":217,"column":25}},"loc":{"start":{"line":217,"column":25},"end":{"line":217,"column":null}},"line":217},"23":{"name":"(anonymous_23)","decl":{"start":{"line":223,"column":19},"end":{"line":223,"column":25}},"loc":{"start":{"line":223,"column":25},"end":{"line":223,"column":null}},"line":223},"24":{"name":"(anonymous_24)","decl":{"start":{"line":229,"column":19},"end":{"line":229,"column":25}},"loc":{"start":{"line":229,"column":25},"end":{"line":229,"column":null}},"line":229},"25":{"name":"(anonymous_25)","decl":{"start":{"line":235,"column":19},"end":{"line":235,"column":25}},"loc":{"start":{"line":235,"column":25},"end":{"line":235,"column":null}},"line":235},"26":{"name":"(anonymous_26)","decl":{"start":{"line":300,"column":30},"end":{"line":300,"column":31}},"loc":{"start":{"line":301,"column":16},"end":{"line":328,"column":null}},"line":301},"27":{"name":"(anonymous_27)","decl":{"start":{"line":319,"column":29},"end":{"line":319,"column":35}},"loc":{"start":{"line":319,"column":35},"end":{"line":319,"column":null}},"line":319},"28":{"name":"(anonymous_28)","decl":{"start":{"line":344,"column":29},"end":{"line":344,"column":30}},"loc":{"start":{"line":345,"column":16},"end":{"line":372,"column":null}},"line":345},"29":{"name":"(anonymous_29)","decl":{"start":{"line":363,"column":29},"end":{"line":363,"column":35}},"loc":{"start":{"line":363,"column":35},"end":{"line":363,"column":null}},"line":363}},"branchMap":{"0":{"loc":{"start":{"line":41,"column":24},"end":{"line":41,"column":null}},"type":"binary-expr","locations":[{"start":{"line":41,"column":24},"end":{"line":41,"column":53}},{"start":{"line":41,"column":53},"end":{"line":41,"column":null}}],"line":41},"1":{"loc":{"start":{"line":50,"column":27},"end":{"line":50,"column":null}},"type":"binary-expr","locations":[{"start":{"line":50,"column":27},"end":{"line":50,"column":50}},{"start":{"line":50,"column":50},"end":{"line":50,"column":null}}],"line":50},"2":{"loc":{"start":{"line":51,"column":26},"end":{"line":51,"column":null}},"type":"binary-expr","locations":[{"start":{"line":51,"column":26},"end":{"line":51,"column":48}},{"start":{"line":51,"column":48},"end":{"line":51,"column":null}}],"line":51},"3":{"loc":{"start":{"line":61,"column":10},"end":{"line":64,"column":null}},"type":"if","locations":[{"start":{"line":61,"column":10},"end":{"line":64,"column":null}},{"start":{},"end":{}}],"line":61},"4":{"loc":{"start":{"line":61,"column":14},"end":{"line":61,"column":70}},"type":"binary-expr","locations":[{"start":{"line":61,"column":14},"end":{"line":61,"column":45}},{"start":{"line":61,"column":45},"end":{"line":61,"column":70}}],"line":61},"5":{"loc":{"start":{"line":62,"column":31},"end":{"line":62,"column":null}},"type":"binary-expr","locations":[{"start":{"line":62,"column":31},"end":{"line":62,"column":68}},{"start":{"line":62,"column":68},"end":{"line":62,"column":null}}],"line":62},"6":{"loc":{"start":{"line":63,"column":31},"end":{"line":63,"column":null}},"type":"binary-expr","locations":[{"start":{"line":63,"column":31},"end":{"line":63,"column":73}},{"start":{"line":63,"column":73},"end":{"line":63,"column":null}}],"line":63},"7":{"loc":{"start":{"line":67,"column":10},"end":{"line":69,"column":null}},"type":"if","locations":[{"start":{"line":67,"column":10},"end":{"line":69,"column":null}},{"start":{},"end":{}}],"line":67},"8":{"loc":{"start":{"line":93,"column":10},"end":{"line":95,"column":null}},"type":"cond-expr","locations":[{"start":{"line":94,"column":14},"end":{"line":94,"column":null}},{"start":{"line":95,"column":14},"end":{"line":95,"column":null}}],"line":93},"9":{"loc":{"start":{"line":102,"column":4},"end":{"line":104,"column":null}},"type":"if","locations":[{"start":{"line":102,"column":4},"end":{"line":104,"column":null}},{"start":{},"end":{}}],"line":102},"10":{"loc":{"start":{"line":113,"column":8},"end":{"line":113,"column":null}},"type":"cond-expr","locations":[{"start":{"line":113,"column":22},"end":{"line":113,"column":56}},{"start":{"line":113,"column":56},"end":{"line":113,"column":null}}],"line":113},"11":{"loc":{"start":{"line":121,"column":8},"end":{"line":121,"column":null}},"type":"cond-expr","locations":[{"start":{"line":121,"column":22},"end":{"line":121,"column":56}},{"start":{"line":121,"column":56},"end":{"line":121,"column":null}}],"line":121},"12":{"loc":{"start":{"line":157,"column":4},"end":{"line":161,"column":null}},"type":"if","locations":[{"start":{"line":157,"column":4},"end":{"line":161,"column":null}},{"start":{},"end":{}}],"line":157},"13":{"loc":{"start":{"line":157,"column":8},"end":{"line":157,"column":63}},"type":"binary-expr","locations":[{"start":{"line":157,"column":8},"end":{"line":157,"column":34}},{"start":{"line":157,"column":34},"end":{"line":157,"column":63}}],"line":157},"14":{"loc":{"start":{"line":175,"column":8},"end":{"line":176,"column":null}},"type":"binary-expr","locations":[{"start":{"line":175,"column":8},"end":{"line":175,"column":null}},{"start":{"line":176,"column":10},"end":{"line":176,"column":null}}],"line":175},"15":{"loc":{"start":{"line":186,"column":2},"end":{"line":192,"column":null}},"type":"if","locations":[{"start":{"line":186,"column":2},"end":{"line":192,"column":null}},{"start":{},"end":{}}],"line":186},"16":{"loc":{"start":{"line":194,"column":2},"end":{"line":207,"column":null}},"type":"if","locations":[{"start":{"line":194,"column":2},"end":{"line":207,"column":null}},{"start":{},"end":{}}],"line":194},"17":{"loc":{"start":{"line":194,"column":6},"end":{"line":194,"column":28}},"type":"binary-expr","locations":[{"start":{"line":194,"column":6},"end":{"line":194,"column":15}},{"start":{"line":194,"column":15},"end":{"line":194,"column":28}}],"line":194},"18":{"loc":{"start":{"line":247,"column":7},"end":{"line":272,"column":null}},"type":"binary-expr","locations":[{"start":{"line":247,"column":7},"end":{"line":247,"column":null}},{"start":{"line":248,"column":8},"end":{"line":272,"column":null}}],"line":247},"19":{"loc":{"start":{"line":272,"column":8},"end":{"line":288,"column":null}},"type":"binary-expr","locations":[{"start":{"line":276,"column":8},"end":{"line":276,"column":17}},{"start":{"line":276,"column":17},"end":{"line":276,"column":null}},{"start":{"line":277,"column":8},"end":{"line":288,"column":null}}],"line":272},"20":{"loc":{"start":{"line":278,"column":11},"end":{"line":281,"column":null}},"type":"binary-expr","locations":[{"start":{"line":278,"column":11},"end":{"line":278,"column":null}},{"start":{"line":279,"column":12},"end":{"line":281,"column":null}}],"line":278},"21":{"loc":{"start":{"line":283,"column":11},"end":{"line":286,"column":null}},"type":"binary-expr","locations":[{"start":{"line":283,"column":11},"end":{"line":283,"column":null}},{"start":{"line":284,"column":12},"end":{"line":286,"column":null}}],"line":283},"22":{"loc":{"start":{"line":304,"column":20},"end":{"line":306,"column":null}},"type":"cond-expr","locations":[{"start":{"line":305,"column":24},"end":{"line":305,"column":null}},{"start":{"line":306,"column":24},"end":{"line":306,"column":null}}],"line":304},"23":{"loc":{"start":{"line":321,"column":22},"end":{"line":323,"column":null}},"type":"cond-expr","locations":[{"start":{"line":322,"column":26},"end":{"line":322,"column":null}},{"start":{"line":323,"column":26},"end":{"line":323,"column":null}}],"line":321},"24":{"loc":{"start":{"line":326,"column":21},"end":{"line":326,"column":null}},"type":"cond-expr","locations":[{"start":{"line":326,"column":37},"end":{"line":326,"column":50}},{"start":{"line":326,"column":50},"end":{"line":326,"column":null}}],"line":326},"25":{"loc":{"start":{"line":330,"column":15},"end":{"line":333,"column":null}},"type":"binary-expr","locations":[{"start":{"line":330,"column":15},"end":{"line":330,"column":null}},{"start":{"line":331,"column":16},"end":{"line":333,"column":null}}],"line":330},"26":{"loc":{"start":{"line":348,"column":20},"end":{"line":350,"column":null}},"type":"cond-expr","locations":[{"start":{"line":349,"column":24},"end":{"line":349,"column":null}},{"start":{"line":350,"column":24},"end":{"line":350,"column":null}}],"line":348},"27":{"loc":{"start":{"line":365,"column":22},"end":{"line":367,"column":null}},"type":"cond-expr","locations":[{"start":{"line":366,"column":26},"end":{"line":366,"column":null}},{"start":{"line":367,"column":26},"end":{"line":367,"column":null}}],"line":365},"28":{"loc":{"start":{"line":370,"column":21},"end":{"line":370,"column":null}},"type":"cond-expr","locations":[{"start":{"line":370,"column":37},"end":{"line":370,"column":50}},{"start":{"line":370,"column":50},"end":{"line":370,"column":null}}],"line":370},"29":{"loc":{"start":{"line":374,"column":15},"end":{"line":377,"column":null}},"type":"binary-expr","locations":[{"start":{"line":374,"column":15},"end":{"line":374,"column":null}},{"start":{"line":375,"column":16},"end":{"line":377,"column":null}}],"line":374},"30":{"loc":{"start":{"line":398,"column":13},"end":{"line":398,"column":null}},"type":"cond-expr","locations":[{"start":{"line":398,"column":22},"end":{"line":398,"column":36}},{"start":{"line":398,"column":36},"end":{"line":398,"column":null}}],"line":398}},"s":{"0":1,"1":0,"2":0,"3":0,"4":0,"5":0,"6":0,"7":0,"8":0,"9":0,"10":0,"11":0,"12":0,"13":0,"14":0,"15":0,"16":0,"17":0,"18":0,"19":0,"20":0,"21":0,"22":0,"23":0,"24":0,"25":0,"26":0,"27":0,"28":0,"29":0,"30":0,"31":0,"32":0,"33":0,"34":0,"35":0,"36":0,"37":0,"38":0,"39":0,"40":0,"41":0,"42":0,"43":0,"44":0,"45":0,"46":0,"47":0,"48":0,"49":0,"50":0,"51":0,"52":0,"53":0,"54":0,"55":0,"56":0,"57":0,"58":0,"59":0,"60":0,"61":0,"62":0,"63":0,"64":0,"65":0,"66":0,"67":0,"68":0,"69":0,"70":0,"71":0,"72":0,"73":0,"74":0,"75":0,"76":0,"77":0,"78":0,"79":0,"80":0,"81":0,"82":0,"83":0,"84":0,"85":0,"86":0,"87":0,"88":0,"89":0,"90":0},"f":{"0":0,"1":0,"2":0,"3":0,"4":0,"5":0,"6":0,"7":0,"8":0,"9":0,"10":0,"11":0,"12":0,"13":0,"14":0,"15":0,"16":0,"17":0,"18":0,"19":0,"20":0,"21":0,"22":0,"23":0,"24":0,"25":0,"26":0,"27":0,"28":0,"29":0},"b":{"0":[0,0],"1":[0,0],"2":[0,0],"3":[0,0],"4":[0,0],"5":[0,0],"6":[0,0],"7":[0,0],"8":[0,0],"9":[0,0],"10":[0,0],"11":[0,0],"12":[0,0],"13":[0,0],"14":[0,0],"15":[0,0],"16":[0,0],"17":[0,0],"18":[0,0],"19":[0,0,0],"20":[0,0],"21":[0,0],"22":[0,0],"23":[0,0],"24":[0,0],"25":[0,0],"26":[0,0],"27":[0,0],"28":[0,0],"29":[0,0],"30":[0,0]},"meta":{"lastBranch":31,"lastFunction":30,"lastStatement":91,"seen":{"s:6:17:6:Infinity":0,"f:8:24:8:45":0,"s:9:23:9:Infinity":1,"s:10:8:10:Infinity":2,"s:12:34:12:Infinity":3,"s:13:34:13:Infinity":4,"s:14:32:14:Infinity":5,"s:15:28:15:Infinity":6,"s:16:26:16:Infinity":7,"s:17:24:17:Infinity":8,"s:18:42:18:Infinity":9,"s:23:2:105:Infinity":10,"f:23:12:23:18":1,"s:24:21:100:Infinity":11,"f:24:21:24:33":2,"s:25:6:25:Infinity":12,"s:26:6:26:Infinity":13,"s:27:6:27:Infinity":14,"s:29:6:99:Infinity":15,"s:31:26:33:Infinity":16,"s:35:18:35:Infinity":17,"s:37:8:42:Infinity":18,"b:41:24:41:53:41:53:41:Infinity":0,"s:45:38:48:Infinity":19,"s:50:27:50:Infinity":20,"b:50:27:50:50:50:50:50:Infinity":1,"s:51:26:51:Infinity":21,"b:51:26:51:48:51:48:51:Infinity":2,"s:54:31:54:Infinity":22,"s:55:31:55:Infinity":23,"s:57:8:70:Infinity":24,"s:58:32:60:Infinity":25,"b:61:10:64:Infinity:undefined:undefined:undefined:undefined":3,"s:61:10:64:Infinity":26,"b:61:14:61:45:61:45:61:70":4,"s:62:12:62:Infinity":27,"b:62:31:62:68:62:68:62:Infinity":5,"s:63:12:63:Infinity":28,"b:63:31:63:73:63:73:63:Infinity":6,"b:67:10:69:Infinity:undefined:undefined:undefined:undefined":7,"s:67:10:69:Infinity":29,"s:68:12:68:Infinity":30,"s:73:8:80:Infinity":31,"f:74:25:74:26":3,"s:74:33:79:12":32,"s:82:8:89:Infinity":33,"f:83:24:83:25":4,"s:83:32:88:12":34,"s:91:8:91:Infinity":35,"s:92:8:96:Infinity":36,"b:94:14:94:Infinity:95:14:95:Infinity":8,"s:98:8:98:Infinity":37,"b:102:4:104:Infinity:undefined:undefined:undefined:undefined":9,"s:102:4:104:Infinity":38,"s:103:6:103:Infinity":39,"s:110:27:116:Infinity":40,"f:110:27:110:28":5,"s:111:4:115:Infinity":41,"f:111:18:111:19":6,"s:112:6:114:Infinity":42,"f:112:15:112:16":7,"s:113:8:113:Infinity":43,"b:113:22:113:56:113:56:113:Infinity":10,"s:118:26:124:Infinity":44,"f:118:26:118:27":8,"s:119:4:123:Infinity":45,"f:119:17:119:18":9,"s:120:6:122:Infinity":46,"f:120:15:120:16":10,"s:121:8:121:Infinity":47,"b:121:22:121:56:121:56:121:Infinity":11,"s:127:27:140:Infinity":48,"f:127:27:127:33":11,"s:128:4:133:Infinity":49,"f:128:18:128:19":12,"s:129:6:132:Infinity":50,"f:129:15:129:16":13,"s:129:28:132:8":51,"s:134:4:139:Infinity":52,"f:134:17:134:18":14,"s:135:6:138:Infinity":53,"f:135:15:135:16":15,"s:135:28:138:8":54,"s:145:21:181:Infinity":55,"f:145:21:145:33":16,"s:146:4:146:Infinity":56,"s:147:4:147:Infinity":57,"s:148:4:148:Infinity":58,"s:150:22:152:Infinity":59,"f:151:14:151:15":17,"s:151:21:151:31":60,"f:152:11:152:12":18,"s:152:18:152:22":61,"s:153:27:155:Infinity":62,"f:154:14:154:15":19,"s:154:21:154:31":63,"f:155:11:155:12":20,"s:155:18:155:22":64,"b:157:4:161:Infinity:undefined:undefined:undefined:undefined":12,"s:157:4:161:Infinity":65,"b:157:8:157:34:157:34:157:63":13,"s:158:6:158:Infinity":66,"s:159:6:159:Infinity":67,"s:160:6:160:Infinity":68,"s:163:20:163:Infinity":69,"s:165:4:180:Infinity":70,"s:166:18:169:Infinity":71,"s:170:6:170:Infinity":72,"s:171:6:171:Infinity":73,"s:173:6:173:Infinity":74,"s:174:6:177:Infinity":75,"b:175:8:175:Infinity:176:10:176:Infinity":14,"s:179:6:179:Infinity":76,"b:186:2:192:Infinity:undefined:undefined:undefined:undefined":15,"s:186:2:192:Infinity":77,"s:187:4:190:Infinity":78,"b:194:2:207:Infinity:undefined:undefined:undefined:undefined":16,"s:194:2:207:Infinity":79,"b:194:6:194:15:194:15:194:28":17,"s:195:4:205:Infinity":80,"f:200:19:200:25":21,"s:200:25:200:Infinity":81,"s:212:2:402:Infinity":82,"f:217:19:217:25":22,"s:217:25:217:Infinity":83,"f:223:19:223:25":23,"s:223:25:223:Infinity":84,"f:229:19:229:25":24,"s:229:25:229:Infinity":85,"f:235:19:235:25":25,"s:235:25:235:Infinity":86,"b:247:7:247:Infinity:248:8:272:Infinity":18,"b:276:8:276:17:276:17:276:Infinity:277:8:288:Infinity":19,"b:278:11:278:Infinity:279:12:281:Infinity":20,"b:283:11:283:Infinity:284:12:286:Infinity":21,"f:300:30:300:31":26,"s:301:16:328:Infinity":87,"b:305:24:305:Infinity:306:24:306:Infinity":22,"f:319:29:319:35":27,"s:319:35:319:Infinity":88,"b:322:26:322:Infinity:323:26:323:Infinity":23,"b:326:37:326:50:326:50:326:Infinity":24,"b:330:15:330:Infinity:331:16:333:Infinity":25,"f:344:29:344:30":28,"s:345:16:372:Infinity":89,"b:349:24:349:Infinity:350:24:350:Infinity":26,"f:363:29:363:35":29,"s:363:35:363:Infinity":90,"b:366:26:366:Infinity:367:26:367:Infinity":27,"b:370:37:370:50:370:50:370:Infinity":28,"b:374:15:374:Infinity:375:16:377:Infinity":29,"b:398:22:398:36:398:36:398:Infinity":30}}}
[...]
nity":5,"b:89:10:89:Infinity:90:10:90:Infinity":6,"b:90:10:90:26:90:26:90:Infinity":7,"s:93:4:93:Infinity":24,"s:96:8:120:Infinity":25,"f:96:42:96:48":5,"s:97:18:97:Infinity":26,"s:99:15:109:Infinity":27,"f:99:37:99:38":6,"b:100:6:100:Infinity:undefined:undefined:undefined:undefined":8,"s:100:6:100:Infinity":28,"s:100:18:100:Infinity":29,"s:101:6:107:Infinity":30,"b:102:8:102:Infinity:103:8:103:Infinity:104:8:104:Infinity:104:44:105:Infinity:105:56:106:Infinity:106:61:107:Infinity":9,"b:107:9:107:22:107:22:107:26":10,"s:111:4:117:Infinity":31,"f:111:26:111:27":7,"s:112:12:112:Infinity":32,"b:112:18:112:32:112:32:112:36":11,"s:113:12:113:Infinity":33,"b:113:18:113:32:113:32:113:36":12,"b:114:6:114:Infinity:undefined:undefined:undefined:undefined":13,"s:114:6:114:Infinity":34,"s:114:19:114:Infinity":35,"b:115:6:115:Infinity:undefined:undefined:undefined:undefined":14,"s:115:6:115:Infinity":36,"s:115:19:115:Infinity":37,"s:116:6:116:Infinity":38,"s:119:4:119:Infinity":39,"s:122:27:134:Infinity":40,"f:122:27:122:33":8,"s:123:17:125:Infinity":41,"s:126:16:126:Infinity":42,"s:127:17:127:Infinity":43,"s:128:4:128:Infinity":44,"s:129:4:129:Infinity":45,"b:129:30:129:46:129:46:129:54":15,"s:130:4:130:Infinity":46,"s:131:4:131:Infinity":47,"s:132:4:132:Infinity":48,"s:133:4:133:Infinity":49,"s:137:31:141:Infinity":50,"f:137:31:137:37":9,"s:138:4:140:Infinity":51,"s:143:38:145:Infinity":52,"f:143:38:143:44":10,"s:144:4:144:Infinity":53,"s:147:35:149:Infinity":54,"f:147:35:147:41":11,"s:148:4:148:Infinity":55,"s:151:35:153:Infinity":56,"f:151:35:151:41":12,"s:152:4:152:Infinity":57,"s:155:28:157:Infinity":58,"f:155:28:155:34":13,"s:156:4:156:Infinity":59,"b:159:2:170:Infinity:undefined:undefined:undefined:undefined":16,"s:159:2:170:Infinity":60,"s:160:4:168:Infinity":61,"b:172:2:188:Infinity:undefined:undefined:undefined:undefined":17,"s:172:2:188:Infinity":62,"s:173:4:186:Infinity":63,"f:181:19:181:25":14,"s:181:25:181:Infinity":64,"s:190:2:329:Infinity":65,"f:244:22:244:23":15,"s:244:29:244:Infinity":66,"f:251:24:251:25":16,"s:251:31:251:Infinity":67,"f:301:43:301:44":17,"s:302:16:312:Infinity":68,"b:315:15:315:Infinity:316:16:323:Infinity":18}}}
,"/Users/kaankaragoz/Documents/GitHub/CMPE_331_Project/Frontend/src/pages/User/UserProfilePage.jsx": {"path":"/Users/kaankaragoz/Documents/GitHub/CMPE_331_Project/Frontend/src/pages/User/UserProfilePage.jsx","statementMap":{"0":{"start":{"line":4,"column":17},"end":{"line":4,"column":null}},"1":{"start":{"line":7,"column":28},"end":{"line":14,"column":null}},"2":{"start":{"line":15,"column":46},"end":{"line":15,"column":null}},"3":{"start":{"line":16,"column":30},"end":{"line":16,"column":null}},"4":{"start":{"line":17,"column":24},"end":{"line":17,"column":null}},"5":{"start":{"line":18,"column":28},"end":{"line":18,"column":null}},"6":{"start":{"line":19,"column":26},"end":{"line":19,"column":null}},"7":{"start":{"line":20,"column":24},"end":{"line":20,"column":null}},"8":{"start":{"line":22,"column":17},"end":{"line":22,"column":null}},"9":{"start":{"line":23,"column":19},"end":{"line":23,"column":null}},"10":{"start":{"line":24,"column":22},"end":{"line":24,"column":null}},"11":{"start":{"line":26,"column":2},"end":{"line":63,"column":null}},"12":{"start":{"line":28,"column":6},"end":{"line":59,"column":null}},"13":{"start":{"line":29,"column":8},"end":{"line":29,"column":null}},"14":{"start":{"line":30,"column":8},"end":{"line":30,"column":null}},"15":{"start":{"line":32,"column":8},"end":{"line":36,"column":null}},"16":{"start":{"line":33,"column":10},"end":{"line":33,"column":null}},"17":{"start":{"line":34,"column":10},"end":{"line":34,"column":null}},"18":{"start":{"line":35,"column":10},"end":{"line":35,"column":null}},"19":{"start":{"line":38,"column":20},"end":{"line":38,"column":null}},"20":{"start":{"line":39,"column":8},"end":{"line":42,"column":null}},"21":{"start":{"line":40,"column":23},"end":{"line":40,"column":null}},"22":{"start":{"line":40,"column":53},"end":{"line":40,"column":56}},"23":{"start":{"line":41,"column":10},"end":{"line":41,"column":null}},"24":{"start":{"line":43,"column":21},"end":{"line":43,"column":null}},"25":{"start":{"line":45,"column":8},"end":{"line":53,"column":null}},"26":{"start":{"line":45,"column":30},"end":{"line":53,"column":10}},"27":{"start":{"line":55,"column":8},"end":{"line":55,"column":null}},"28":{"start":{"line":56,"column":8},"end":{"line":56,"column":null}},"29":{"start":{"line":58,"column":8},"end":{"line":58,"column":null}},"30":{"start":{"line":62,"column":4},"end":{"line":62,"column":null}},"31":{"start":{"line":65,"column":23},"end":{"line":67,"column":null}},"32":{"start":{"line":65,"column":34},"end":{"line":67,"column":null}},"33":{"start":{"line":66,"column":4},"end":{"line":66,"column":null}},"34":{"start":{"line":66,"column":26},"end":{"line":66,"column":63}},"35":{"start":{"line":69,"column":28},"end":{"line":112,"column":null}},"36":{"start":{"line":70,"column":4},"end":{"line":70,"column":null}},"37":{"start":{"line":70,"column":21},"end":{"line":70,"column":null}},"38":{"start":{"line":71,"column":4},"end":{"line":111,"column":null}},"39":{"start":{"line":72,"column":6},"end":{"line":72,"column":null}},"40":{"start":{"line":73,"column":6},"end":{"line":73,"column":null}},"41":{"start":{"line":75,"column":18},"end":{"line":82,"column":null}},"42":{"start":{"line":84,"column":6},"end":{"line":87,"column":null}},"43":{"start":{"line":85,"column":21},"end":{"line":85,"column":null}},"44":{"start":{"line":85,"column":51},"end":{"line":85,"column":54}},"45":{"start":{"line":86,"column":8},"end":{"line":86,"column":null}},"46":{"start":{"line":89,"column":22},"end":{"line":89,"column":null}},"47":{"start":{"line":91,"column":6},"end":{"line":91,"column":null}},"48":{"start":{"line":92,"column":6},"end":{"line":92,"column":null}},"49":{"start":{"line":93,"column":6},"end":{"line":95,"column":null}},"50":{"start":{"line":94,"column":8},"end":{"line":94,"column":null}},"51":{"start":{"line":97,"column":6},"end":{"line":103,"column":null}},"52":{"start":{"line":97,"column":28},"end":{"line":103,"column":8}},"53":{"start":{"line":105,"column":6},"end":{"line":105,"column":null}},"54":{"start":{"line":107,"column":6},"end":{"line":107,"column":null}},"55":{"start":{"line":108,"column":6},"end":{"line":108,"column":null}},"56":{"start":{"line":110,"column":6},"end":{"line":110,"column":null}},"57":{"start":{"line":114,"column":31},"end":{"line":116,"column":null}},"58":{"start":{"line":115,"column":4},"end":{"line":115,"column":null}},"59":{"start":{"line":118,"column":26},"end":{"line":120,"column":null}},"60":{"start":{"line":119,"column":4},"end":{"line":119,"column":null}},"61":{"start":{"line":119,"column":34},"end":{"line":119,"column":39}},"62":{"start":{"line":122,"column":28},"end":{"line":124,"column":null}},"63":{"start":{"line":123,"column":4},"end":{"line":123,"column":null}},"64":{"start":{"line":126,"column":2},"end":{"line":327,"column":null}},"65":{"start":{"line":285,"column":33},"end":{"line":285,"column":null}},"66":{"start":{"line":303,"column":31},"end":{"line":303,"column":null}},"67":{"start":{"line":314,"column":31},"end":{"line":314,"column":null}},"68":{"start":{"line":332,"column":2},"end":{"line":332,"column":null}},"69":{"start":{"line":332,"column":14},"end":{"line":332,"column":null}},"70":{"start":{"line":333,"column":12},"end":{"line":333,"column":null}},"71":{"start":{"line":334,"column":2},"end":{"line":334,"column":null}},"72":{"start":{"line":334,"column":33},"end":{"line":334,"column":null}},"73":{"start":{"line":335,"column":2},"end":{"line":335,"column":null}}},"fnMap":{"0":{"name":"UserProfilePage","decl":{"start":{"line":6,"column":24},"end":{"line":6,"column":42}},"loc":{"start":{"line":6,"column":42},"end":{"line":329,"column":null}},"line":6},"1":{"name":"(anonymous_1)","decl":{"start":{"line":26,"column":12},"end":{"line":26,"column":18}},"loc":{"start":{"line":26,"column":18},"end":{"line":63,"column":5}},"line":26},"2":{"name":"loadProfile","decl":{"start":{"line":27,"column":19},"end":{"line":27,"column":33}},"loc":{"start":{"line":27,"column":33},"end":{"line":60,"column":null}},"line":27},"3":{"name":"(anonymous_3)","decl":{"start":{"line":40,"column":46},"end":{"line":40,"column":53}},"loc":{"start":{"line":40,"column":53},"end":{"line":40,"column":56}},"line":40},"4":{"name":"(anonymous_4)","decl":{"start":{"line":45,"column":19},"end":{"line":45,"column":20}},"loc":{"start":{"line":45,"column":30},"end":{"line":53,"column":10}},"line":45},"5":{"name":"(anonymous_5)","decl":{"start":{"line":65,"column":23},"end":{"line":65,"column":24}},"loc":{"start":{"line":65,"column":34},"end":{"line":67,"column":null}},"line":65},"6":{"name":"(anonymous_6)","decl":{"start":{"line":65,"column":34},"end":{"line":65,"column":35}},"loc":{"start":{"line":65,"column":41},"end":{"line":67,"column":null}},"line":65},"7":{"name":"(anonymous_7)","decl":{"start":{"line":66,"column":15},"end":{"line":66,"column":16}},"loc":{"start":{"line":66,"column":26},"end":{"line":66,"column":63}},"line":66},"8":{"name":"(anonymous_8)","decl":{"start":{"line":69,"column":28},"end":{"line":69,"column":40}},"loc":{"start":{"line":69,"column":40},"end":{"line":112,"column":null}},"line":69},"9":{"name":"(anonymous_9)","decl":{"start":{"line":85,"column":44},"end":{"line":85,"column":51}},"loc":{"start":{"line":85,"column":51},"end":{"line":85,"column":54}},"line":85},"10":{"name":"(anonymous_10)","decl":{"start":{"line":97,"column":17},"end":{"line":97,"column":18}},"loc":{"start":{"line":97,"column":28},"end":{"line":103,"column":8}},"line":97},"11":{"name":"(anonymous_11)","decl":{"start":{"line":114,"column":31},"end":{"line":114,"column":37}},"loc":{"start":{"line":114,"column":37},"end":{"line":116,"column":null}},"line":114},"12":{"name":"(anonymous_12)","decl":{"start":{"line":118,"column":26},"end":{"line":118,"column":32}},"loc":{"start":{"line":118,"column":32},"end":{"line":120,"column":null}},"line":118},"13":{"name":"(anonymous_13)","decl":{"start":{"line":119,"column":24},"end":{"line":119,"column":25}},"loc":{"start":{"line":119,"column":34},"end":{"line":119,"column":39}},"line":119},"14":{"name":"(anonymous_14)","decl":{"start":{"line":122,"column":28},"end":{"line":122,"column":29}},"loc":{"start":{"line":122,"column":39},"end":{"line":124,"column":null}},"line":122},"15":{"name":"(anonymous_15)","decl":{"start":{"line":285,"column":26},"end":{"line":285,"column":27}},"loc":{"start":{"line":285,"column":33},"end":{"line":285,"column":null}},"line":285},"16":{"name":"(anonymous_16)","decl":{"start":{"line":303,"column":25},"end":{"line":303,"column":31}},"loc":{"start":{"line":303,"column":31},"end":{"line":303,"column":null}},"line":303},"17":{"name":"(anonymous_17)","decl":{"start":{"line":314,"column":25},"end":{"line":314,"column":31}},"loc":{"start":{"line":314,"column":31},"end":{"line":314,"column":null}},"line":314},"18":{"name":"formatDate","decl":{"start":{"line":331,"column":9},"end":{"line":331,"column":20}},"loc":{"start":{"line":331,"column":27},"end":{"line":336,"column":null}},"line":331}},"branchMap":{"0":{"loc":{"start":{"line":32,"column":8},"end":{"line":36,"column":null}},"type":"if","locations":[{"start":{"line":32,"column":8},"end":{"line":36,"column":null}},{"start":{},"end":{}}],"line":32},"1":{"loc":{"start":{"line":39,"column":8},"end":{"line":42,"column":null}},"type":"if","locations":[{"start":{"line":39,"column":8},"end":{"line":42,"column":null}},{"start":{},"end":{}}],"line":39},"2":{"loc":{"start":{"line":41,"column":26},"end":{"line":41,"column":72}},"type":"binary-expr","locations":[{"start":{"line":41,"column":26},"end":{"line":41,"column":42}},{"start":{"line":41,"column":42},"end":{"line":41,"column":72}}],"line":41},"3":{"loc":{"start":{"line":50,"column":17},"end":{"line":50,"column":null}},"type":"binary-expr","locations":[{"start":{"line":50,"column":17},"end":{"line":50,"column":32}},{"start":{"line":50,"column":32},"end":{"line":50,"column":null}}],"line":50},"4":{"loc":{"start":{"line":52,"column":22},"end":{"line":52,"column":null}},"type":"binary-expr","locations":[{"start":{"line":52,"column":22},"end":{"line":52,"column":41}},{"start":{"line":52,"column":41},"end":{"line":52,"column":null}}],"line":52},"5":{"loc":{"start":{"line":70,"column":4},"end":{"line":70,"column":null}},"type":"if","locations":[{"start":{"line":70,"column":4},"end":{"line":70,"column":null}},{"start":{},"end":{}}],"line":70},"6":{"loc":{"start":{"line":84,"column":6},"end":{"line":87,"column":null}},"type":"if","locations":[{"start":{"line":84,"column":6},"end":{"line":87,"column":null}},{"start":{},"end":{}}],"line":84},"7":{"loc":{"start":{"line":86,"column":24},"end":{"line":86,"column":65}},"type":"binary-expr","locations":[{"start":{"line":86,"column":24},"end":{"line":86,"column":40}},{"start":{"line":86,"column":40},"end":{"line":86,"column":65}}],"line":86},"8":{"loc":{"start":{"line":93,"column":6},"end":{"line":95,"column":null}},"type":"if","locations":[{"start":{"line":93,"column":6},"end":{"line":95,"column":null}},{"start":{},"end":{}}],"line":93},"9":{"loc":{"start":{"line":102,"column":20},"end":{"line":102,"column":null}},"type":"binary-expr","locations":[{"start":{"line":102,"column":20},"end":{"line":102,"column":42}},{"start":{"line":102,"column":42},"end":{"line":102,"column":null}}],"line":102},"10":{"loc":{"start":{"line":132,"column":7},"end":{"line":133,"column":null}},"type":"binary-expr","locations":[{"start":{"line":132,"column":7},"end":{"line":132,"column":null}},{"start":{"line":133,"column":8},"end":{"line":133,"column":null}}],"line":132},"11":{"loc":{"start":{"line":135,"column":7},"end":{"line":135,"column":null}},"type":"binary-expr","locations":[{"start":{"line":135,"column":7},"end":{"line":135,"column":16}},{"start":{"line":135,"column":16},"end":{"line":135,"column":null}}],"line":135},"12":{"loc":{"start":{"line":166,"column":13},"end":{"line":169,"column":null}},"type":"binary-expr","locations":[{"start":{"line":166,"column":13},"end":{"line":166,"column":null}},{"start":{"line":167,"column":14},"end":{"line":169,"column":null}}],"line":166},"13":{"loc":{"start":{"line":212,"column":11},"end":{"line":212,"column":null}},"type":"cond-expr","locations":[{"start":{"line":212,"column":20},"end":{"line":212,"column":32}},{"start":{"line":212,"column":32},"end":{"line":212,"column":null}}],"line":212},"14":{"loc":{"start":{"line":256,"column":16},"end":{"line":258,"column":null}},"type":"cond-expr","locations":[{"start":{"line":257,"column":20},"end":{"line":257,"column":null}},{"start":{"line":258,"column":20},"end":{"line":258,"column":null}}],"line":256},"15":{"loc":{"start":{"line":263,"column":18},"end":{"line":263,"column":null}},"type":"cond-expr","locations":[{"start":{"line":263,"column":37},"end":{"line":263,"column":55}},{"start":{"line":263,"column":55},"end":{"line":263,"column":null}}],"line":263},"16":{"loc":{"start":{"line":305,"column":18},"end":{"line":307,"column":null}},"type":"cond-expr","locations":[{"start":{"line":306,"column":22},"end":{"line":306,"column":null}},{"start":{"line":307,"column":22},"end":{"line":307,"column":null}}],"line":305},"17":{"loc":{"start":{"line":316,"column":18},"end":{"line":318,"column":null}},"type":"cond-expr","locations":[{"start":{"line":317,"column":22},"end":{"line":317,"column":null}},{"start":{"line":318,"column":22},"end":{"line":318,"column":null}}],"line":316},"18":{"loc":{"start":{"line":332,"column":2},"end":{"line":332,"column":null}},"type":"if","locations":[{"start":{"line":332,"column":2},"end":{"line":332,"column":null}},{"start":{},"end":{}}],"line":332},"19":{"loc":{"start":{"line":334,"column":2},"end":{"line":334,"column":null}},"type":"if","locations":[{"start":{"line":334,"column":2},"end":{"line":334,"column":null}},{"start":{},"end":{}}],"line":334}},"s":{"0":1,"1":0,"2":0,"3":0,"4":0,"5":0,"6":0,"7":0,"8":0,"9":0,"10":0,"11":0,"12":0,"13":0,"14":0,"15":0,"16":0,"17":0,"18":0,"19":0,"20":0,"21":0,"22":0,"23":0,"24":0,"25":0,"26":0,"27":0,"28":0,"29":0,"30":0,"31":0,"32":0,"33":0,"34":0,"35":0,"36":0,"37":0,"38":0,"39":0,"40":0,"41":0,"42":0,"43":0,"44":0,"45":0,"46":0,"47":0,"48":0,"49":0,"50":0,"51":0,"52":0,"53":0,"54":0,"55":0,"56":0,"57":0,"58":0,"59":0,"60":0,"61":0,"62":0,"63":0,"64":0,"65":0,"66":0,"67":0,"68":0,"69":0,"70":0,"71":0,"72":0,"73":0},"f":{"0":0,"1":0,"2":0,"3":0,"4":0,"5":0,"6":0,"7":0,"8":0,"9":0,"10":0,"11":0,"12":0,"13":0,"14":0,"15":0,"16":0,"17":0,"18":0},"b":{"0":[0,0],"1":[0,0],"2":[0,0],"3":[0,0],"4":[0,0],"5":[0,0],"6":[0,0],"7":[0,0],"8":[0,0],"9":[0,0],"10":[0,0],"11":[0,0],"12":[0,0],"13":[0,0],"14":[0,0],"15":[0,0],"16":[0,0],"17":[0,0],"18":[0,0],"19":[0,0]},"meta":{"lastBranch":20,"lastFunction":19,"lastStatement":74,"seen":{"s:4:17:4:Infinity":0,"f:6:24:6:42":0,"s:7:28:14:Infinity":1,"s:15:46:15:Infinity":2,"s:16:30:16:Infinity":3,"s:17:24:17:Infinity":4,"s:18:28:18:Infinity":5,"s:19:26:19:Infinity":6,"s:20:24:20:Infinity":7,"s:22:17:22:Infinity":8,"s:23:19:23:Infinity":9,"s:24:22:24:Infinity":10,"s:26:2:63:Infinity":11,"f:26:12:26:18":1,"f:27:19:27:33":2,"s:28:6:59:Infinity":12,"s:29:8:29:Infinity":13,"s:30:8:30:Infinity":14,"b:32:8:36:Infinity:undefined:undefined:undefined:undefined":0,"s:32:8:36:Infinity":15,"s:33:10:33:Infinity":16,"s:34:10:34:Infinity":17,"s:35:10:35:Infinity":18,"s:38:20:38:Infinity":19,"b:39:8:42:Infinity:undefined:undefined:undefined:undefined":1,"s:39:8:42:Infinity":20,"s:40:23:40:Infinity":21,"f:40:46:40:53":3,"s:40:53:40:56":22,"s:41:10:41:Infinity":23,"b:41:26:41:42:41:42:41:72":2,"s:43:21:43:Infinity":24,"s:45:8:53:Infinity":25,"f:45:19:45:20":4,"s:45:30:53:10":26,"b:50:17:50:32:50:32:50:Infinity":3,"b:52:22:52:41:52:41:52:Infinity":4,"s:55:8:55:Infinity":27,"s:56:8:56:Infinity":28,"s:58:8:58:Infinity":29,"s:62:4:62:Infinity":30,"s:65:23:67:Infinity":31,"f:65:23:65:24":5,"s:65:34:67:Infinity":32,"f:65:34:65:35":6,"s:66:4:66:Infinity":33,"f:66:15:66:16":7,"s:66:26:66:63":34,"s:69:28:112:Infinity":35,"f:69:28:69:40":8,"b:70:4:70:Infinity:undefined:undefined:undefined:undefined":5,"s:70:4:70:Infinity":36,"s:70:21:70:Infinity":37,"s:71:4:111:Infinity":38,"s:72:6:72:Infinity":39,"s:73:6:73:Infinity":40,"s:75:18:82:Infinity":41,"b:84:6:87:Infinity:undefined:undefined:undefined:undefined":6,"s:84:6:87:Infinity":42,"s:85:21:85:Infinity":43,"f:85:44:85:51":9,"s:85:51:85:54":44,"s:86:8:86:Infinity":45,"b:86:24:86:40:86:40:86:65":7,"s:89:22:89:Infinity":46,"s:91:6:91:Infinity":47,"s:92:6:92:Infinity":48,"b:93:6:95:Infinity:undefined:undefined:undefined:undefined":8,"s:93:6:95:Infinity":49,"s:94:8:94:Infinity":50,"s:97:6:103:Infinity":51,"f:97:17:97:18":10,"s:97:28:103:8":52,"b:102:20:102:42:102:42:102:Infinity":9,"s:105:6:105:Infinity":53,"s:107:6:107:Infinity":54,"s:108:6:108:Infinity":55,"s:110:6:110:Infinity":56,"s:114:31:116:Infinity":57,"f:114:31:114:37":11,"s:115:4:115:Infinity":58,"s:118:26:120:Infinity":59,"f:118:26:118:32":12,"s:119:4:119:Infinity":60,"f:119:24:119:25":13,"s:119:34:119:39":61,"s:122:28:124:Infinity":62,"f:122:28:122:29":14,"s:123:4:123:Infinity":63,"s:126:2:327:Infinity":64,"b:132:7:132:Infinity:133:8:133:Infinity":10,"b:135:7:135:16:135:16:135:Infinity":11,"b:166:13:166:Infinity:167:14:169:Infinity":12,"b:212:20:212:32:212:32:212:Infinity":13,"b:257:20:257:Infinity:258:20:258:Infinity":14,"b:263:37:263:55:263:55:263:Infinity":15,"f:285:26:285:27":15,"s:285:33:285:Infinity":65,"f:303:25:303:31":16,"s:303:31:303:Infinity":66,"b:306:22:306:Infinity:307:22:307:Infinity":16,"f:314:25:314:31":17,"s:314:31:314:Infinity":67,"b:317:22:317:Infinity:318:22:318:Infinity":17,"f:331:9:331:20":18,"b:332:2:332:Infinity:undefined:undefined:undefined:undefined":18,"s:332:2:332:Infinity":68,"s:332:14:332:Infinity":69,"s:333:12:333:Infinity":70,"b:334:2:334:Infinity:undefined:undefined:undefined:undefined":19,"s:334:2:334:Infinity":71,"s:334:33:334:Infinity":72,"s:335:2:335:Infinity":73}}}
}
