{"/Users/kaankaragoz/Documents/GitHub/CMPE_331_Project/Backend/Crew-Service/server.js": {"path":"/Users/kaankaragoz/Documents/GitHub/CMPE_331_Project/Backend/Crew-Service/server.js","statementMap":{"0":{"start":{"line":49,"column":0},"end":{"line":49,"column":16}},"1":{"start":{"line":51,"column":12},"end":{"line":51,"column":21}},"2":{"start":{"line":52,"column":13},"end":{"line":52,"column":50}},"3":{"start":{"line":57,"column":0},"end":{"line":57,"column":24}},"4":{"start":{"line":58,"column":0},"end":{"line":58,"column":16}},"5":{"start":{"line":59,"column":0},"end":{"line":59,"column":18}},"6":{"start":{"line":60,"column":0},"end":{"line":60,"column":23}},"7":{"start":{"line":65,"column":0},"end":{"line":71,"column":3}},"8":{"start":{"line":66,"column":2},"end":{"line":70,"column":5}},"9":{"start":{"line":76,"column":0},"end":{"line":76,"column":54}},"10":{"start":{"line":77,"column":0},"end":{"line":77,"column":44}},"11":{"start":{"line":78,"column":0},"end":{"line":78,"column":84}},"12":{"start":{"line":79,"column":0},"end":{"line":79,"column":48}},"13":{"start":{"line":80,"column":0},"end":{"line":80,"column":37}},"14":{"start":{"line":81,"column":0},"end":{"line":81,"column":56}},"15":{"start":{"line":91,"column":0},"end":{"line":122,"column":1}},"16":{"start":{"line":92,"column":0},"end":{"line":121,"column":5}},"17":{"start":{"line":93,"column":14},"end":{"line":93,"column":33}},"18":{"start":{"line":94,"column":14},"end":{"line":94,"column":54}},"19":{"start":{"line":95,"column":14},"end":{"line":95,"column":35}},"20":{"start":{"line":98,"column":14},"end":{"line":98,"column":33}},"21":{"start":{"line":99,"column":14},"end":{"line":99,"column":36}},"22":{"start":{"line":100,"column":14},"end":{"line":100,"column":41}},"23":{"start":{"line":102,"column":4},"end":{"line":112,"column":5}},"24":{"start":{"line":104,"column":6},"end":{"line":104,"column":33}},"25":{"start":{"line":105,"column":6},"end":{"line":105,"column":28}},"26":{"start":{"line":106,"column":6},"end":{"line":106,"column":47}},"27":{"start":{"line":107,"column":6},"end":{"line":107,"column":30}},"28":{"start":{"line":109,"column":8},"end":{"line":109,"column":30}},"29":{"start":{"line":110,"column":6},"end":{"line":110,"column":25}},"30":{"start":{"line":114,"column":4},"end":{"line":116,"column":7}},"31":{"start":{"line":115,"column":6},"end":{"line":115,"column":64}},"32":{"start":{"line":119,"column":4},"end":{"line":119,"column":58}},"33":{"start":{"line":120,"column":4},"end":{"line":120,"column":20}}},"fnMap":{"0":{"name":"(anonymous_0)","decl":{"start":{"line":65,"column":19},"end":{"line":65,"column":20}},"loc":{"start":{"line":65,"column":33},"end":{"line":71,"column":1}},"line":65},"1":{"name":"(anonymous_1)","decl":{"start":{"line":93,"column":8},"end":{"line":93,"column":9}},"loc":{"start":{"line":93,"column":14},"end":{"line":93,"column":33}},"line":93},"2":{"name":"(anonymous_2)","decl":{"start":{"line":94,"column":8},"end":{"line":94,"column":9}},"loc":{"start":{"line":94,"column":14},"end":{"line":94,"column":54}},"line":94},"3":{"name":"(anonymous_3)","decl":{"start":{"line":95,"column":8},"end":{"line":95,"column":9}},"loc":{"start":{"line":95,"column":14},"end":{"line":95,"column":35}},"line":95},"4":{"name":"(anonymous_4)","decl":{"start":{"line":98,"column":8},"end":{"line":98,"column":9}},"loc":{"start":{"line":98,"column":14},"end":{"line":98,"column":33}},"line":98},"5":{"name":"(anonymous_5)","decl":{"start":{"line":99,"column":8},"end":{"line":99,"column":9}},"loc":{"start":{"line":99,"column":14},"end":{"line":99,"column":36}},"line":99},"6":{"name":"(anonymous_6)","decl":{"start":{"line":100,"column":8},"end":{"line":100,"column":9}},"loc":{"start":{"line":100,"column":14},"end":{"line":100,"column":41}},"line":100},"7":{"name":"(anonymous_7)","decl":{"start":{"line":101,"column":8},"end":{"line":101,"column":9}},"loc":{"start":{"line":101,"column":20},"end":{"line":117,"column":3}},"line":101},"8":{"name":"(anonymous_8)","decl":{"start":{"line":114,"column":21},"end":{"line":114,"column":22}},"loc":{"start":{"line":114,"column":27},"end":{"line":116,"column":5}},"line":114},"9":{"name":"(anonymous_9)","decl":{"start":{"line":118,"column":9},"end":{"line":118,"column":10}},"loc":{"start":{"line":118,"column":18},"end":{"line":121,"column":3}},"line":118}},"branchMap":{"0":{"loc":{"start":{"line":52,"column":13},"end":{"line":52,"column":50}},"type":"binary-expr","locations":[{"start":{"line":52,"column":13},"end":{"line":52,"column":42}},{"start":{"line":52,"column":46},"end":{"line":52,"column":50}}],"line":52},"1":{"loc":{"start":{"line":91,"column":0},"end":{"line":122,"column":1}},"type":"if","locations":[{"start":{"line":91,"column":0},"end":{"line":122,"column":1}},{"start":{},"end":{}}],"line":91},"2":{"loc":{"start":{"line":102,"column":4},"end":{"line":112,"column":5}},"type":"if","locations":[{"start":{"line":102,"column":4},"end":{"line":112,"column":5}},{"start":{},"end":{}}],"line":102}},"s":{"0":8,"1":8,"2":8,"3":8,"4":8,"5":8,"6":8,"7":8,"8":2,"9":8,"10":8,"11":8,"12":8,"13":8,"14":8,"15":8,"16":0,"17":0,"18":0,"19":0,"20":0,"21":0,"22":0,"23":0,"24":0,"25":0,"26":0,"27":0,"28":0,"29":0,"30":0,"31":0,"32":0,"33":0},"f":{"0":2,"1":0,"2":0,"3":0,"4":0,"5":0,"6":0,"7":0,"8":0,"9":0},"b":{"0":[8,0],"1":[0,8],"2":[0,0]},"inputSourceMap":null,"_coverageSchema":"1a1c01bbd47fc00a2c39e90264f33305004495a9","hash":"2ebe061d30b8f1b999a6ea2db33c9183476f7465"}
,"/Users/kaankaragoz/Documents/GitHub/CMPE_331_Project/Backend/Crew-Service/controllers/attendant_typesController.js": {"path":"/Users/kaankaragoz/Documents/GitHub/CMPE_331_Project/Backend/Crew-Service/controllers/attendant_typesController.js","statementMap":{"0":{"start":{"line":4,"column":36},"end":{"line":19,"column":1}},"1":{"start":{"line":5,"column":2},"end":{"line":18,"column":3}},"2":{"start":{"line":6,"column":30},"end":{"line":8,"column":5}},"3":{"start":{"line":10,"column":4},"end":{"line":12,"column":5}},"4":{"start":{"line":11,"column":6},"end":{"line":11,"column":91}},"5":{"start":{"line":14,"column":4},"end":{"line":14,"column":69}},"6":{"start":{"line":16,"column":4},"end":{"line":16,"column":59}},"7":{"start":{"line":17,"column":4},"end":{"line":17,"column":79}},"8":{"start":{"line":21,"column":32},"end":{"line":37,"column":1}},"9":{"start":{"line":22,"column":17},"end":{"line":22,"column":27}},"10":{"start":{"line":23,"column":2},"end":{"line":36,"column":3}},"11":{"start":{"line":24,"column":26},"end":{"line":26,"column":5}},"12":{"start":{"line":28,"column":4},"end":{"line":30,"column":5}},"13":{"start":{"line":29,"column":6},"end":{"line":29,"column":91}},"14":{"start":{"line":32,"column":4},"end":{"line":32,"column":68}},"15":{"start":{"line":34,"column":4},"end":{"line":34,"column":55}},"16":{"start":{"line":35,"column":4},"end":{"line":35,"column":79}},"17":{"start":{"line":39,"column":35},"end":{"line":53,"column":1}},"18":{"start":{"line":40,"column":46},"end":{"line":40,"column":54}},"19":{"start":{"line":41,"column":2},"end":{"line":52,"column":3}},"20":{"start":{"line":42,"column":29},"end":{"line":46,"column":5}},"21":{"start":{"line":48,"column":4},"end":{"line":48,"column":71}},"22":{"start":{"line":50,"column":4},"end":{"line":50,"column":58}},"23":{"start":{"line":51,"column":4},"end":{"line":51,"column":79}},"24":{"start":{"line":55,"column":35},"end":{"line":75,"column":1}},"25":{"start":{"line":56,"column":17},"end":{"line":56,"column":27}},"26":{"start":{"line":57,"column":46},"end":{"line":57,"column":54}},"27":{"start":{"line":58,"column":2},"end":{"line":74,"column":3}},"28":{"start":{"line":59,"column":33},"end":{"line":64,"column":5}},"29":{"start":{"line":66,"column":4},"end":{"line":68,"column":5}},"30":{"start":{"line":67,"column":6},"end":{"line":67,"column":91}},"31":{"start":{"line":70,"column":4},"end":{"line":70,"column":75}},"32":{"start":{"line":72,"column":4},"end":{"line":72,"column":58}},"33":{"start":{"line":73,"column":4},"end":{"line":73,"column":79}},"34":{"start":{"line":77,"column":35},"end":{"line":86,"column":1}},"35":{"start":{"line":78,"column":17},"end":{"line":78,"column":27}},"36":{"start":{"line":79,"column":2},"end":{"line":85,"column":3}},"37":{"start":{"line":80,"column":4},"end":{"line":80,"column":60}},"38":{"start":{"line":81,"column":4},"end":{"line":81,"column":92}},"39":{"start":{"line":83,"column":4},"end":{"line":83,"column":58}},"40":{"start":{"line":84,"column":4},"end":{"line":84,"column":79}}},"fnMap":{"0":{"name":"(anonymous_0)","decl":{"start":{"line":4,"column":36},"end":{"line":4,"column":37}},"loc":{"start":{"line":4,"column":56},"end":{"line":19,"column":1}},"line":4},"1":{"name":"(anonymous_1)","decl":{"start":{"line":21,"column":32},"end":{"line":21,"column":33}},"loc":{"start":{"line":21,"column":52},"end":{"line":37,"column":1}},"line":21},"2":{"name":"(anonymous_2)","decl":{"start":{"line":39,"column":35},"end":{"line":39,"column":36}},"loc":{"start":{"line":39,"column":55},"end":{"line":53,"column":1}},"line":39},"3":{"name":"(anonymous_3)","decl":{"start":{"line":55,"column":35},"end":{"line":55,"column":36}},"loc":{"start":{"line":55,"column":55},"end":{"line":75,"column":1}},"line":55},"4":{"name":"(anonymous_4)","decl":{"start":{"line":77,"column":35},"end":{"line":77,"column":36}},"loc":{"start":{"line":77,"column":55},"end":{"line":86,"column":1}},"line":77}},"branchMap":{"0":{"loc":{"start":{"line":10,"column":4},"end":{"line":12,"column":5}},"type":"if","locations":[{"start":{"line":10,"column":4},"end":{"line":12,"column":5}},{"start":{},"end":{}}],"line":10},"1":{"loc":{"start":{"line":28,"column":4},"end":{"line":30,"column":5}},"type":"if","locations":[{"start":{"line":28,"column":4},"end":{"line":30,"column":5}},{"start":{},"end":{}}],"line":28},"2":{"loc":{"start":{"line":66,"column":4},"end":{"line":68,"column":5}},"type":"if","locations":[{"start":{"line":66,"column":4},"end":{"line":68,"column":5}},{"start":{},"end":{}}],"line":66}},"s":{"0":9,"1":6,"2":6,"3":5,"4":2,"5":3,"6":1,"7":1,"8":9,"9":5,"10":5,"11":5,"12":4,"13":2,"14":2,"15":1,"16":1,"17":9,"18":3,"19":3,"20":3,"21":2,"22":1,"23":1,"24":9,"25":5,"26":5,"27":5,"28":5,"29":4,"30":2,"31":2,"32":1,"33":1,"34":9,"35":3,"36":3,"37":3,"38":2,"39":1,"40":1},"f":{"0":6,"1":5,"2":3,"3":5,"4":3},"b":{"0":[2,3],"1":[2,2],"2":[2,2]},"inputSourceMap":null,"_coverageSchema":"1a1c01bbd47fc00a2c39e90264f33305004495a9","hash":"9dc7bd637e53970e11157f50653e7792cc1c176d"}
,"/Users/kaankaragoz/Documents/GitHub/CMPE_331_Project/Backend/Crew-Service/controllers/cabin_crewController.js": {"path":"/Users/kaankaragoz/Documents/GitHub/CMPE_331_Project/Backend/Crew-Service/controllers/cabin_crewController.js","statementMap":{"0":{"start":{"line":4,"column":31},"end":{"line":32,"column":1}},"1":{"start":{"line":5,"column":2},"end":{"line":31,"column":3}},"2":{"start":{"line":6,"column":25},"end":{"line":21,"column":5}},"3":{"start":{"line":23,"column":4},"end":{"line":25,"column":5}},"4":{"start":{"line":24,"column":6},"end":{"line":24,"column":86}},"5":{"start":{"line":27,"column":4},"end":{"line":27,"column":64}},"6":{"start":{"line":29,"column":4},"end":{"line":29,"column":54}},"7":{"start":{"line":30,"column":4},"end":{"line":30,"column":79}},"8":{"start":{"line":34,"column":28},"end":{"line":63,"column":1}},"9":{"start":{"line":35,"column":17},"end":{"line":35,"column":27}},"10":{"start":{"line":36,"column":2},"end":{"line":62,"column":3}},"11":{"start":{"line":37,"column":22},"end":{"line":52,"column":5}},"12":{"start":{"line":54,"column":4},"end":{"line":56,"column":5}},"13":{"start":{"line":55,"column":6},"end":{"line":55,"column":87}},"14":{"start":{"line":58,"column":4},"end":{"line":58,"column":64}},"15":{"start":{"line":60,"column":4},"end":{"line":60,"column":51}},"16":{"start":{"line":61,"column":4},"end":{"line":61,"column":79}},"17":{"start":{"line":65,"column":31},"end":{"line":99,"column":1}},"18":{"start":{"line":66,"column":129},"end":{"line":66,"column":137}},"19":{"start":{"line":67,"column":2},"end":{"line":98,"column":3}},"20":{"start":{"line":68,"column":25},"end":{"line":72,"column":5}},"21":{"start":{"line":74,"column":22},"end":{"line":74,"column":40}},"22":{"start":{"line":76,"column":4},"end":{"line":83,"column":5}},"23":{"start":{"line":77,"column":6},"end":{"line":82,"column":7}},"24":{"start":{"line":78,"column":8},"end":{"line":81,"column":10}},"25":{"start":{"line":85,"column":4},"end":{"line":92,"column":5}},"26":{"start":{"line":86,"column":6},"end":{"line":91,"column":7}},"27":{"start":{"line":87,"column":8},"end":{"line":90,"column":10}},"28":{"start":{"line":94,"column":4},"end":{"line":94,"column":67}},"29":{"start":{"line":96,"column":4},"end":{"line":96,"column":54}},"30":{"start":{"line":97,"column":4},"end":{"line":97,"column":79}},"31":{"start":{"line":101,"column":31},"end":{"line":141,"column":1}},"32":{"start":{"line":102,"column":17},"end":{"line":102,"column":27}},"33":{"start":{"line":103,"column":129},"end":{"line":103,"column":137}},"34":{"start":{"line":104,"column":2},"end":{"line":140,"column":3}},"35":{"start":{"line":105,"column":29},"end":{"line":111,"column":5}},"36":{"start":{"line":113,"column":4},"end":{"line":113,"column":87}},"37":{"start":{"line":115,"column":4},"end":{"line":122,"column":5}},"38":{"start":{"line":116,"column":6},"end":{"line":121,"column":7}},"39":{"start":{"line":117,"column":8},"end":{"line":120,"column":10}},"40":{"start":{"line":124,"column":4},"end":{"line":134,"column":5}},"41":{"start":{"line":125,"column":6},"end":{"line":125,"column":64}},"42":{"start":{"line":126,"column":6},"end":{"line":133,"column":7}},"43":{"start":{"line":127,"column":8},"end":{"line":132,"column":9}},"44":{"start":{"line":128,"column":10},"end":{"line":131,"column":12}},"45":{"start":{"line":136,"column":4},"end":{"line":136,"column":71}},"46":{"start":{"line":138,"column":4},"end":{"line":138,"column":54}},"47":{"start":{"line":139,"column":4},"end":{"line":139,"column":79}},"48":{"start":{"line":143,"column":31},"end":{"line":152,"column":1}},"49":{"start":{"line":144,"column":17},"end":{"line":144,"column":27}},"50":{"start":{"line":145,"column":2},"end":{"line":151,"column":3}},"51":{"start":{"line":146,"column":4},"end":{"line":146,"column":55}},"52":{"start":{"line":147,"column":4},"end":{"line":147,"column":88}},"53":{"start":{"line":149,"column":4},"end":{"line":149,"column":54}},"54":{"start":{"line":150,"column":4},"end":{"line":150,"column":79}}},"fnMap":{"0":{"name":"(anonymous_0)","decl":{"start":{"line":4,"column":31},"end":{"line":4,"column":32}},"loc":{"start":{"line":4,"column":51},"end":{"line":32,"column":1}},"line":4},"1":{"name":"(anonymous_1)","decl":{"start":{"line":34,"column":28},"end":{"line":34,"column":29}},"loc":{"start":{"line":34,"column":48},"end":{"line":63,"column":1}},"line":34},"2":{"name":"(anonymous_2)","decl":{"start":{"line":65,"column":31},"end":{"line":65,"column":32}},"loc":{"start":{"line":65,"column":51},"end":{"line":99,"column":1}},"line":65},"3":{"name":"(anonymous_3)","decl":{"start":{"line":101,"column":31},"end":{"line":101,"column":32}},"loc":{"start":{"line":101,"column":51},"end":{"line":141,"column":1}},"line":101},"4":{"name":"(anonymous_4)","decl":{"start":{"line":143,"column":31},"end":{"line":143,"column":32}},"loc":{"start":{"line":143,"column":51},"end":{"line":152,"column":1}},"line":143}},"branchMap":{"0":{"loc":{"start":{"line":23,"column":4},"end":{"line":25,"column":5}},"type":"if","locations":[{"start":{"line":23,"column":4},"end":{"line":25,"column":5}},{"start":{},"end":{}}],"line":23},"1":{"loc":{"start":{"line":54,"column":4},"end":{"line":56,"column":5}},"type":"if","locations":[{"start":{"line":54,"column":4},"end":{"line":56,"column":5}},{"start":{},"end":{}}],"line":54},"2":{"loc":{"start":{"line":76,"column":4},"end":{"line":83,"column":5}},"type":"if","locations":[{"start":{"line":76,"column":4},"end":{"line":83,"column":5}},{"start":{},"end":{}}],"line":76},"3":{"loc":{"start":{"line":76,"column":8},"end":{"line":76,"column":102}},"type":"binary-expr","locations":[{"start":{"line":76,"column":8},"end":{"line":76,"column":28}},{"start":{"line":76,"column":32},"end":{"line":76,"column":67}},{"start":{"line":76,"column":71},"end":{"line":76,"column":102}}],"line":76},"4":{"loc":{"start":{"line":85,"column":4},"end":{"line":92,"column":5}},"type":"if","locations":[{"start":{"line":85,"column":4},"end":{"line":92,"column":5}},{"start":{},"end":{}}],"line":85},"5":{"loc":{"start":{"line":85,"column":8},"end":{"line":85,"column":63}},"type":"binary-expr","locations":[{"start":{"line":85,"column":8},"end":{"line":85,"column":15}},{"start":{"line":85,"column":19},"end":{"line":85,"column":41}},{"start":{"line":85,"column":45},"end":{"line":85,"column":63}}],"line":85},"6":{"loc":{"start":{"line":115,"column":4},"end":{"line":122,"column":5}},"type":"if","locations":[{"start":{"line":115,"column":4},"end":{"line":122,"column":5}},{"start":{},"end":{}}],"line":115},"7":{"loc":{"start":{"line":115,"column":8},"end":{"line":115,"column":102}},"type":"binary-expr","locations":[{"start":{"line":115,"column":8},"end":{"line":115,"column":28}},{"start":{"line":115,"column":32},"end":{"line":115,"column":67}},{"start":{"line":115,"column":71},"end":{"line":115,"column":102}}],"line":115},"8":{"loc":{"start":{"line":124,"column":4},"end":{"line":134,"column":5}},"type":"if","locations":[{"start":{"line":124,"column":4},"end":{"line":134,"column":5}},{"start":{},"end":{}}],"line":124},"9":{"loc":{"start":{"line":124,"column":8},"end":{"line":124,"column":41}},"type":"binary-expr","locations":[{"start":{"line":124,"column":8},"end":{"line":124,"column":15}},{"start":{"line":124,"column":19},"end":{"line":124,"column":41}}],"line":124},"10":{"loc":{"start":{"line":126,"column":6},"end":{"line":133,"column":7}},"type":"if","locations":[{"start":{"line":126,"column":6},"end":{"line":133,"column":7}},{"start":{},"end":{}}],"line":126}},"s":{"0":9,"1":5,"2":5,"3":5,"4":1,"5":3,"6":1,"7":1,"8":9,"9":4,"10":4,"11":4,"12":4,"13":2,"14":1,"15":1,"16":1,"17":9,"18":2,"19":2,"20":2,"21":2,"22":2,"23":0,"24":0,"25":2,"26":0,"27":0,"28":2,"29":0,"30":0,"31":9,"32":1,"33":1,"34":1,"35":1,"36":1,"37":1,"38":0,"39":0,"40":1,"41":0,"42":0,"43":0,"44":0,"45":1,"46":0,"47":0,"48":9,"49":1,"50":1,"51":1,"52":1,"53":0,"54":0},"f":{"0":5,"1":4,"2":2,"3":1,"4":1},"b":{"0":[1,3],"1":[2,1],"2":[0,2],"3":[2,0,0],"4":[0,2],"5":[2,0,0],"6":[0,1],"7":[1,0,0],"8":[0,1],"9":[1,0],"10":[0,0]},"inputSourceMap":null,"_coverageSchema":"1a1c01bbd47fc00a2c39e90264f33305004495a9","hash":"6870c631e42bb3e5e542a91cedeb6aa4f6899c17"}
,"/Users/kaankaragoz/Documents/GitHub/CMPE_331_Project/Backend/Crew-Service/controllers/cabin_crew_vehicle_restrictionsController.js": {"path":"/Users/kaankaragoz/Documents/GitHub/CMPE_331_Project/Backend/Crew-Service/controllers/cabin_crew_vehicle_restrictionsController.js","statementMap":{"0":{"start":{"line":4,"column":50},"end":{"line":25,"column":1}},"1":{"start":{"line":5,"column":2},"end":{"line":24,"column":3}},"2":{"start":{"line":6,"column":28},"end":{"line":14,"column":5}},"3":{"start":{"line":16,"column":4},"end":{"line":18,"column":5}},"4":{"start":{"line":17,"column":6},"end":{"line":17,"column":96}},"5":{"start":{"line":20,"column":4},"end":{"line":20,"column":67}},"6":{"start":{"line":22,"column":4},"end":{"line":22,"column":73}},"7":{"start":{"line":23,"column":4},"end":{"line":23,"column":79}},"8":{"start":{"line":27,"column":46},"end":{"line":49,"column":1}},"9":{"start":{"line":28,"column":17},"end":{"line":28,"column":27}},"10":{"start":{"line":29,"column":2},"end":{"line":48,"column":3}},"11":{"start":{"line":30,"column":24},"end":{"line":38,"column":5}},"12":{"start":{"line":40,"column":4},"end":{"line":42,"column":5}},"13":{"start":{"line":41,"column":6},"end":{"line":41,"column":96}},"14":{"start":{"line":44,"column":4},"end":{"line":44,"column":66}},"15":{"start":{"line":46,"column":4},"end":{"line":46,"column":69}},"16":{"start":{"line":47,"column":4},"end":{"line":47,"column":79}},"17":{"start":{"line":51,"column":49},"end":{"line":65,"column":1}},"18":{"start":{"line":52,"column":45},"end":{"line":52,"column":53}},"19":{"start":{"line":53,"column":2},"end":{"line":64,"column":3}},"20":{"start":{"line":54,"column":27},"end":{"line":58,"column":5}},"21":{"start":{"line":60,"column":4},"end":{"line":60,"column":69}},"22":{"start":{"line":62,"column":4},"end":{"line":62,"column":72}},"23":{"start":{"line":63,"column":4},"end":{"line":63,"column":79}},"24":{"start":{"line":67,"column":49},"end":{"line":87,"column":1}},"25":{"start":{"line":68,"column":17},"end":{"line":68,"column":27}},"26":{"start":{"line":69,"column":45},"end":{"line":69,"column":53}},"27":{"start":{"line":70,"column":2},"end":{"line":86,"column":3}},"28":{"start":{"line":71,"column":31},"end":{"line":76,"column":5}},"29":{"start":{"line":78,"column":4},"end":{"line":80,"column":5}},"30":{"start":{"line":79,"column":6},"end":{"line":79,"column":96}},"31":{"start":{"line":82,"column":4},"end":{"line":82,"column":73}},"32":{"start":{"line":84,"column":4},"end":{"line":84,"column":72}},"33":{"start":{"line":85,"column":4},"end":{"line":85,"column":79}},"34":{"start":{"line":89,"column":49},"end":{"line":98,"column":1}},"35":{"start":{"line":90,"column":17},"end":{"line":90,"column":27}},"36":{"start":{"line":91,"column":2},"end":{"line":97,"column":3}},"37":{"start":{"line":92,"column":4},"end":{"line":92,"column":76}},"38":{"start":{"line":93,"column":4},"end":{"line":93,"column":97}},"39":{"start":{"line":95,"column":4},"end":{"line":95,"column":72}},"40":{"start":{"line":96,"column":4},"end":{"line":96,"column":79}}},"fnMap":{"0":{"name":"(anonymous_0)","decl":{"start":{"line":4,"column":50},"end":{"line":4,"column":51}},"loc":{"start":{"line":4,"column":70},"end":{"line":25,"column":1}},"line":4},"1":{"name":"(anonymous_1)","decl":{"start":{"line":27,"column":46},"end":{"line":27,"column":47}},"loc":{"start":{"line":27,"column":66},"end":{"line":49,"column":1}},"line":27},"2":{"name":"(anonymous_2)","decl":{"start":{"line":51,"column":49},"end":{"line":51,"column":50}},"loc":{"start":{"line":51,"column":69},"end":{"line":65,"column":1}},"line":51},"3":{"name":"(anonymous_3)","decl":{"start":{"line":67,"column":49},"end":{"line":67,"column":50}},"loc":{"start":{"line":67,"column":69},"end":{"line":87,"column":1}},"line":67},"4":{"name":"(anonymous_4)","decl":{"start":{"line":89,"column":49},"end":{"line":89,"column":50}},"loc":{"start":{"line":89,"column":69},"end":{"line":98,"column":1}},"line":89}},"branchMap":{"0":{"loc":{"start":{"line":16,"column":4},"end":{"line":18,"column":5}},"type":"if","locations":[{"start":{"line":16,"column":4},"end":{"line":18,"column":5}},{"start":{},"end":{}}],"line":16},"1":{"loc":{"start":{"line":40,"column":4},"end":{"line":42,"column":5}},"type":"if","locations":[{"start":{"line":40,"column":4},"end":{"line":42,"column":5}},{"start":{},"end":{}}],"line":40},"2":{"loc":{"start":{"line":78,"column":4},"end":{"line":80,"column":5}},"type":"if","locations":[{"start":{"line":78,"column":4},"end":{"line":80,"column":5}},{"start":{},"end":{}}],"line":78}},"s":{"0":8,"1":0,"2":0,"3":0,"4":0,"5":0,"6":0,"7":0,"8":8,"9":0,"10":0,"11":0,"12":0,"13":0,"14":0,"15":0,"16":0,"17":8,"18":0,"19":0,"20":0,"21":0,"22":0,"23":0,"24":8,"25":0,"26":0,"27":0,"28":0,"29":0,"30":0,"31":0,"32":0,"33":0,"34":8,"35":0,"36":0,"37":0,"38":0,"39":0,"40":0},"f":{"0":0,"1":0,"2":0,"3":0,"4":0},"b":{"0":[0,0],"1":[0,0],"2":[0,0]},"inputSourceMap":null,"_coverageSchema":"1a1c01bbd47fc00a2c39e90264f33305004495a9","hash":"36494d5507084c7fca41194c563e71572b8aa250"}
,"/Users/kaankaragoz/Documents/GitHub/CMPE_331_Project/Backend/Crew-Service/controllers/dish_recipesController.js": {"path":"/Users/kaankaragoz/Documents/GitHub/CMPE_331_Project/Backend/Crew-Service/controllers/dish_recipesController.js","statementMap":{"0":{"start":{"line":4,"column":33},"end":{"line":23,"column":1}},"1":{"start":{"line":5,"column":2},"end":{"line":22,"column":3}},"2":{"start":{"line":6,"column":27},"end":{"line":12,"column":5}},"3":{"start":{"line":14,"column":4},"end":{"line":16,"column":5}},"4":{"start":{"line":15,"column":6},"end":{"line":15,"column":88}},"5":{"start":{"line":18,"column":4},"end":{"line":18,"column":66}},"6":{"start":{"line":20,"column":4},"end":{"line":20,"column":56}},"7":{"start":{"line":21,"column":4},"end":{"line":21,"column":79}},"8":{"start":{"line":25,"column":29},"end":{"line":45,"column":1}},"9":{"start":{"line":26,"column":17},"end":{"line":26,"column":27}},"10":{"start":{"line":27,"column":2},"end":{"line":44,"column":3}},"11":{"start":{"line":28,"column":23},"end":{"line":34,"column":5}},"12":{"start":{"line":36,"column":4},"end":{"line":38,"column":5}},"13":{"start":{"line":37,"column":6},"end":{"line":37,"column":88}},"14":{"start":{"line":40,"column":4},"end":{"line":40,"column":65}},"15":{"start":{"line":42,"column":4},"end":{"line":42,"column":52}},"16":{"start":{"line":43,"column":4},"end":{"line":43,"column":79}},"17":{"start":{"line":47,"column":32},"end":{"line":61,"column":1}},"18":{"start":{"line":48,"column":48},"end":{"line":48,"column":56}},"19":{"start":{"line":49,"column":2},"end":{"line":60,"column":3}},"20":{"start":{"line":50,"column":26},"end":{"line":54,"column":5}},"21":{"start":{"line":56,"column":4},"end":{"line":56,"column":68}},"22":{"start":{"line":58,"column":4},"end":{"line":58,"column":55}},"23":{"start":{"line":59,"column":4},"end":{"line":59,"column":79}},"24":{"start":{"line":63,"column":32},"end":{"line":83,"column":1}},"25":{"start":{"line":64,"column":17},"end":{"line":64,"column":27}},"26":{"start":{"line":65,"column":48},"end":{"line":65,"column":56}},"27":{"start":{"line":66,"column":2},"end":{"line":82,"column":3}},"28":{"start":{"line":67,"column":30},"end":{"line":72,"column":5}},"29":{"start":{"line":74,"column":4},"end":{"line":76,"column":5}},"30":{"start":{"line":75,"column":6},"end":{"line":75,"column":88}},"31":{"start":{"line":78,"column":4},"end":{"line":78,"column":72}},"32":{"start":{"line":80,"column":4},"end":{"line":80,"column":55}},"33":{"start":{"line":81,"column":4},"end":{"line":81,"column":79}},"34":{"start":{"line":85,"column":32},"end":{"line":94,"column":1}},"35":{"start":{"line":86,"column":17},"end":{"line":86,"column":27}},"36":{"start":{"line":87,"column":2},"end":{"line":93,"column":3}},"37":{"start":{"line":88,"column":4},"end":{"line":88,"column":57}},"38":{"start":{"line":89,"column":4},"end":{"line":89,"column":89}},"39":{"start":{"line":91,"column":4},"end":{"line":91,"column":55}},"40":{"start":{"line":92,"column":4},"end":{"line":92,"column":79}}},"fnMap":{"0":{"name":"(anonymous_0)","decl":{"start":{"line":4,"column":33},"end":{"line":4,"column":34}},"loc":{"start":{"line":4,"column":53},"end":{"line":23,"column":1}},"line":4},"1":{"name":"(anonymous_1)","decl":{"start":{"line":25,"column":29},"end":{"line":25,"column":30}},"loc":{"start":{"line":25,"column":49},"end":{"line":45,"column":1}},"line":25},"2":{"name":"(anonymous_2)","decl":{"start":{"line":47,"column":32},"end":{"line":47,"column":33}},"loc":{"start":{"line":47,"column":52},"end":{"line":61,"column":1}},"line":47},"3":{"name":"(anonymous_3)","decl":{"start":{"line":63,"column":32},"end":{"line":63,"column":33}},"loc":{"start":{"line":63,"column":52},"end":{"line":83,"column":1}},"line":63},"4":{"name":"(anonymous_4)","decl":{"start":{"line":85,"column":32},"end":{"line":85,"column":33}},"loc":{"start":{"line":85,"column":52},"end":{"line":94,"column":1}},"line":85}},"branchMap":{"0":{"loc":{"start":{"line":14,"column":4},"end":{"line":16,"column":5}},"type":"if","locations":[{"start":{"line":14,"column":4},"end":{"line":16,"column":5}},{"start":{},"end":{}}],"line":14},"1":{"loc":{"start":{"line":36,"column":4},"end":{"line":38,"column":5}},"type":"if","locations":[{"start":{"line":36,"column":4},"end":{"line":38,"column":5}},{"start":{},"end":{}}],"line":36},"2":{"loc":{"start":{"line":74,"column":4},"end":{"line":76,"column":5}},"type":"if","locations":[{"start":{"line":74,"column":4},"end":{"line":76,"column":5}},{"start":{},"end":{}}],"line":74}},"s":{"0":8,"1":0,"2":0,"3":0,"4":0,"5":0,"6":0,"7":0,"8":8,"9":0,"10":0,"11":0,"12":0,"13":0,"14":0,"15":0,"16":0,"17":8,"18":0,"19":0,"20":0,"21":0,"22":0,"23":0,"24":8,"25":0,"26":0,"27":0,"28":0,"29":0,"30":0,"31":0,"32":0,"33":0,"34":8,"35":0,"36":0,"37":0,"38":0,"39":0,"40":0},"f":{"0":0,"1":0,"2":0,"3":0,"4":0},"b":{"0":[0,0],"1":[0,0],"2":[0,0]},"inputSourceMap":null,"_coverageSchema":"1a1c01bbd47fc00a2c39e90264f33305004495a9","hash":"3e9445f24d5e9f18fcc98a1fbe77f751410b0542"}
,"/Users/kaankaragoz/Documents/GitHub/CMPE_331_Project/Backend/Crew-Service/controllers/pilotsController.js": {"path":"/Users/kaankaragoz/Documents/GitHub/CMPE_331_Project/Backend/Crew-Service/controllers/pilotsController.js","statementMap":{"0":{"start":{"line":5,"column":28},"end":{"line":122,"column":1}},"1":{"start":{"line":6,"column":2},"end":{"line":121,"column":3}},"2":{"start":{"line":7,"column":49},"end":{"line":7,"column":58}},"3":{"start":{"line":12,"column":4},"end":{"line":103,"column":5}},"4":{"start":{"line":14,"column":6},"end":{"line":34,"column":8}},"5":{"start":{"line":35,"column":11},"end":{"line":103,"column":5}},"6":{"start":{"line":37,"column":6},"end":{"line":57,"column":8}},"7":{"start":{"line":58,"column":11},"end":{"line":103,"column":5}},"8":{"start":{"line":60,"column":6},"end":{"line":80,"column":8}},"9":{"start":{"line":83,"column":6},"end":{"line":102,"column":8}},"10":{"start":{"line":105,"column":4},"end":{"line":113,"column":7}},"11":{"start":{"line":115,"column":4},"end":{"line":115,"column":51}},"12":{"start":{"line":116,"column":4},"end":{"line":120,"column":7}},"13":{"start":{"line":125,"column":28},"end":{"line":150,"column":1}},"14":{"start":{"line":126,"column":2},"end":{"line":149,"column":3}},"15":{"start":{"line":127,"column":19},"end":{"line":127,"column":29}},"16":{"start":{"line":129,"column":18},"end":{"line":129,"column":49}},"17":{"start":{"line":131,"column":4},"end":{"line":136,"column":5}},"18":{"start":{"line":132,"column":6},"end":{"line":135,"column":9}},"19":{"start":{"line":138,"column":4},"end":{"line":141,"column":7}},"20":{"start":{"line":143,"column":4},"end":{"line":143,"column":50}},"21":{"start":{"line":144,"column":4},"end":{"line":148,"column":7}},"22":{"start":{"line":153,"column":27},"end":{"line":207,"column":1}},"23":{"start":{"line":154,"column":2},"end":{"line":206,"column":3}},"24":{"start":{"line":155,"column":110},"end":{"line":155,"column":118}},"25":{"start":{"line":158,"column":4},"end":{"line":163,"column":5}},"26":{"start":{"line":159,"column":6},"end":{"line":162,"column":9}},"27":{"start":{"line":165,"column":4},"end":{"line":170,"column":5}},"28":{"start":{"line":166,"column":6},"end":{"line":169,"column":9}},"29":{"start":{"line":173,"column":19},"end":{"line":177,"column":5}},"30":{"start":{"line":179,"column":20},"end":{"line":179,"column":32}},"31":{"start":{"line":182,"column":4},"end":{"line":190,"column":5}},"32":{"start":{"line":183,"column":6},"end":{"line":189,"column":7}},"33":{"start":{"line":184,"column":8},"end":{"line":188,"column":10}},"34":{"start":{"line":193,"column":18},"end":{"line":193,"column":54}},"35":{"start":{"line":195,"column":4},"end":{"line":199,"column":7}},"36":{"start":{"line":201,"column":4},"end":{"line":205,"column":7}},"37":{"start":{"line":210,"column":27},"end":{"line":289,"column":1}},"38":{"start":{"line":211,"column":2},"end":{"line":288,"column":3}},"39":{"start":{"line":212,"column":19},"end":{"line":212,"column":29}},"40":{"start":{"line":213,"column":110},"end":{"line":213,"column":118}},"41":{"start":{"line":216,"column":21},"end":{"line":218,"column":5}},"42":{"start":{"line":219,"column":4},"end":{"line":224,"column":5}},"43":{"start":{"line":220,"column":6},"end":{"line":223,"column":9}},"44":{"start":{"line":227,"column":4},"end":{"line":232,"column":5}},"45":{"start":{"line":228,"column":6},"end":{"line":231,"column":9}},"46":{"start":{"line":236,"column":4},"end":{"line":238,"column":5}},"47":{"start":{"line":237,"column":6},"end":{"line":237,"column":87}},"48":{"start":{"line":239,"column":4},"end":{"line":241,"column":5}},"49":{"start":{"line":240,"column":6},"end":{"line":240,"column":85}},"50":{"start":{"line":242,"column":4},"end":{"line":244,"column":5}},"51":{"start":{"line":243,"column":6},"end":{"line":243,"column":91}},"52":{"start":{"line":245,"column":4},"end":{"line":247,"column":5}},"53":{"start":{"line":246,"column":6},"end":{"line":246,"column":101}},"54":{"start":{"line":248,"column":4},"end":{"line":250,"column":5}},"55":{"start":{"line":249,"column":6},"end":{"line":249,"column":109}},"56":{"start":{"line":251,"column":4},"end":{"line":253,"column":5}},"57":{"start":{"line":252,"column":6},"end":{"line":252,"column":105}},"58":{"start":{"line":254,"column":4},"end":{"line":256,"column":5}},"59":{"start":{"line":255,"column":6},"end":{"line":255,"column":109}},"60":{"start":{"line":259,"column":4},"end":{"line":272,"column":5}},"61":{"start":{"line":261,"column":6},"end":{"line":261,"column":68}},"62":{"start":{"line":264,"column":6},"end":{"line":271,"column":7}},"63":{"start":{"line":265,"column":8},"end":{"line":270,"column":9}},"64":{"start":{"line":266,"column":10},"end":{"line":269,"column":12}},"65":{"start":{"line":275,"column":18},"end":{"line":275,"column":49}},"66":{"start":{"line":277,"column":4},"end":{"line":281,"column":7}},"67":{"start":{"line":283,"column":4},"end":{"line":287,"column":7}},"68":{"start":{"line":292,"column":27},"end":{"line":321,"column":1}},"69":{"start":{"line":293,"column":2},"end":{"line":320,"column":3}},"70":{"start":{"line":294,"column":19},"end":{"line":294,"column":29}},"71":{"start":{"line":297,"column":21},"end":{"line":299,"column":5}},"72":{"start":{"line":300,"column":4},"end":{"line":305,"column":5}},"73":{"start":{"line":301,"column":6},"end":{"line":304,"column":9}},"74":{"start":{"line":308,"column":4},"end":{"line":308,"column":51}},"75":{"start":{"line":310,"column":4},"end":{"line":313,"column":7}},"76":{"start":{"line":315,"column":4},"end":{"line":319,"column":7}}},"fnMap":{"0":{"name":"(anonymous_0)","decl":{"start":{"line":5,"column":28},"end":{"line":5,"column":29}},"loc":{"start":{"line":5,"column":48},"end":{"line":122,"column":1}},"line":5},"1":{"name":"(anonymous_1)","decl":{"start":{"line":125,"column":28},"end":{"line":125,"column":29}},"loc":{"start":{"line":125,"column":48},"end":{"line":150,"column":1}},"line":125},"2":{"name":"(anonymous_2)","decl":{"start":{"line":153,"column":27},"end":{"line":153,"column":28}},"loc":{"start":{"line":153,"column":47},"end":{"line":207,"column":1}},"line":153},"3":{"name":"(anonymous_3)","decl":{"start":{"line":210,"column":27},"end":{"line":210,"column":28}},"loc":{"start":{"line":210,"column":47},"end":{"line":289,"column":1}},"line":210},"4":{"name":"(anonymous_4)","decl":{"start":{"line":292,"column":27},"end":{"line":292,"column":28}},"loc":{"start":{"line":292,"column":47},"end":{"line":321,"column":1}},"line":292}},"branchMap":{"0":{"loc":{"start":{"line":12,"column":4},"end":{"line":103,"column":5}},"type":"if","locations":[{"start":{"line":12,"column":4},"end":{"line":103,"column":5}},{"start":{"line":35,"column":11},"end":{"line":103,"column":5}}],"line":12},"1":{"loc":{"start":{"line":12,"column":8},"end":{"line":12,"column":42}},"type":"binary-expr","locations":[{"start":{"line":12,"column":8},"end":{"line":12,"column":23}},{"start":{"line":12,"column":27},"end":{"line":12,"column":42}}],"line":12},"2":{"loc":{"start":{"line":35,"column":11},"end":{"line":103,"column":5}},"type":"if","locations":[{"start":{"line":35,"column":11},"end":{"line":103,"column":5}},{"start":{"line":58,"column":11},"end":{"line":103,"column":5}}],"line":35},"3":{"loc":{"start":{"line":58,"column":11},"end":{"line":103,"column":5}},"type":"if","locations":[{"start":{"line":58,"column":11},"end":{"line":103,"column":5}},{"start":{"line":81,"column":11},"end":{"line":103,"column":5}}],"line":58},"4":{"loc":{"start":{"line":109,"column":25},"end":{"line":109,"column":48}},"type":"binary-expr","locations":[{"start":{"line":109,"column":25},"end":{"line":109,"column":40}},{"start":{"line":109,"column":44},"end":{"line":109,"column":48}}],"line":109},"5":{"loc":{"start":{"line":110,"column":25},"end":{"line":110,"column":48}},"type":"binary-expr","locations":[{"start":{"line":110,"column":25},"end":{"line":110,"column":40}},{"start":{"line":110,"column":44},"end":{"line":110,"column":48}}],"line":110},"6":{"loc":{"start":{"line":131,"column":4},"end":{"line":136,"column":5}},"type":"if","locations":[{"start":{"line":131,"column":4},"end":{"line":136,"column":5}},{"start":{},"end":{}}],"line":131},"7":{"loc":{"start":{"line":158,"column":4},"end":{"line":163,"column":5}},"type":"if","locations":[{"start":{"line":158,"column":4},"end":{"line":163,"column":5}},{"start":{},"end":{}}],"line":158},"8":{"loc":{"start":{"line":158,"column":8},"end":{"line":158,"column":106}},"type":"binary-expr","locations":[{"start":{"line":158,"column":8},"end":{"line":158,"column":13}},{"start":{"line":158,"column":17},"end":{"line":158,"column":21}},{"start":{"line":158,"column":25},"end":{"line":158,"column":32}},{"start":{"line":158,"column":36},"end":{"line":158,"column":48}},{"start":{"line":158,"column":52},"end":{"line":158,"column":68}},{"start":{"line":158,"column":72},"end":{"line":158,"column":86}},{"start":{"line":158,"column":90},"end":{"line":158,"column":106}}],"line":158},"9":{"loc":{"start":{"line":165,"column":4},"end":{"line":170,"column":5}},"type":"if","locations":[{"start":{"line":165,"column":4},"end":{"line":170,"column":5}},{"start":{},"end":{}}],"line":165},"10":{"loc":{"start":{"line":182,"column":4},"end":{"line":190,"column":5}},"type":"if","locations":[{"start":{"line":182,"column":4},"end":{"line":190,"column":5}},{"start":{},"end":{}}],"line":182},"11":{"loc":{"start":{"line":182,"column":8},"end":{"line":182,"column":78}},"type":"binary-expr","locations":[{"start":{"line":182,"column":8},"end":{"line":182,"column":20}},{"start":{"line":182,"column":24},"end":{"line":182,"column":51}},{"start":{"line":182,"column":55},"end":{"line":182,"column":78}}],"line":182},"12":{"loc":{"start":{"line":219,"column":4},"end":{"line":224,"column":5}},"type":"if","locations":[{"start":{"line":219,"column":4},"end":{"line":224,"column":5}},{"start":{},"end":{}}],"line":219},"13":{"loc":{"start":{"line":227,"column":4},"end":{"line":232,"column":5}},"type":"if","locations":[{"start":{"line":227,"column":4},"end":{"line":232,"column":5}},{"start":{},"end":{}}],"line":227},"14":{"loc":{"start":{"line":227,"column":8},"end":{"line":227,"column":85}},"type":"binary-expr","locations":[{"start":{"line":227,"column":8},"end":{"line":227,"column":23}},{"start":{"line":227,"column":27},"end":{"line":227,"column":85}}],"line":227},"15":{"loc":{"start":{"line":236,"column":4},"end":{"line":238,"column":5}},"type":"if","locations":[{"start":{"line":236,"column":4},"end":{"line":238,"column":5}},{"start":{},"end":{}}],"line":236},"16":{"loc":{"start":{"line":239,"column":4},"end":{"line":241,"column":5}},"type":"if","locations":[{"start":{"line":239,"column":4},"end":{"line":241,"column":5}},{"start":{},"end":{}}],"line":239},"17":{"loc":{"start":{"line":242,"column":4},"end":{"line":244,"column":5}},"type":"if","locations":[{"start":{"line":242,"column":4},"end":{"line":244,"column":5}},{"start":{},"end":{}}],"line":242},"18":{"loc":{"start":{"line":245,"column":4},"end":{"line":247,"column":5}},"type":"if","locations":[{"start":{"line":245,"column":4},"end":{"line":247,"column":5}},{"start":{},"end":{}}],"line":245},"19":{"loc":{"start":{"line":248,"column":4},"end":{"line":250,"column":5}},"type":"if","locations":[{"start":{"line":248,"column":4},"end":{"line":250,"column":5}},{"start":{},"end":{}}],"line":248},"20":{"loc":{"start":{"line":251,"column":4},"end":{"line":253,"column":5}},"type":"if","locations":[{"start":{"line":251,"column":4},"end":{"line":253,"column":5}},{"start":{},"end":{}}],"line":251},"21":{"loc":{"start":{"line":254,"column":4},"end":{"line":256,"column":5}},"type":"if","locations":[{"start":{"line":254,"column":4},"end":{"line":256,"column":5}},{"start":{},"end":{}}],"line":254},"22":{"loc":{"start":{"line":259,"column":4},"end":{"line":272,"column":5}},"type":"if","locations":[{"start":{"line":259,"column":4},"end":{"line":272,"column":5}},{"start":{},"end":{}}],"line":259},"23":{"loc":{"start":{"line":264,"column":6},"end":{"line":271,"column":7}},"type":"if","locations":[{"start":{"line":264,"column":6},"end":{"line":271,"column":7}},{"start":{},"end":{}}],"line":264},"24":{"loc":{"start":{"line":264,"column":10},"end":{"line":264,"column":64}},"type":"binary-expr","locations":[{"start":{"line":264,"column":10},"end":{"line":264,"column":37}},{"start":{"line":264,"column":41},"end":{"line":264,"column":64}}],"line":264},"25":{"loc":{"start":{"line":300,"column":4},"end":{"line":305,"column":5}},"type":"if","locations":[{"start":{"line":300,"column":4},"end":{"line":305,"column":5}},{"start":{},"end":{}}],"line":300}},"s":{"0":9,"1":28,"2":28,"3":28,"4":0,"5":28,"6":0,"7":28,"8":2,"9":26,"10":27,"11":2,"12":2,"13":9,"14":6,"15":6,"16":6,"17":4,"18":2,"19":2,"20":2,"21":2,"22":9,"23":8,"24":8,"25":8,"26":2,"27":6,"28":2,"29":4,"30":3,"31":2,"32":2,"33":4,"34":2,"35":2,"36":2,"37":9,"38":6,"39":6,"40":6,"41":6,"42":6,"43":2,"44":4,"45":1,"46":3,"47":3,"48":2,"49":2,"50":2,"51":0,"52":2,"53":0,"54":2,"55":0,"56":2,"57":0,"58":2,"59":0,"60":2,"61":0,"62":0,"63":0,"64":0,"65":2,"66":2,"67":1,"68":9,"69":5,"70":5,"71":5,"72":5,"73":2,"74":3,"75":2,"76":1},"f":{"0":28,"1":6,"2":8,"3":6,"4":5},"b":{"0":[0,28],"1":[28,0],"2":[0,28],"3":[2,26],"4":[26,26],"5":[26,24],"6":[2,2],"7":[2,6],"8":[8,8,7,6,6,6,6],"9":[2,4],"10":[2,0],"11":[2,2,2],"12":[2,4],"13":[1,3],"14":[4,1],"15":[3,0],"16":[2,0],"17":[0,2],"18":[0,2],"19":[0,2],"20":[0,2],"21":[0,2],"22":[0,2],"23":[0,0],"24":[0,0],"25":[2,3]},"inputSourceMap":null,"_coverageSchema":"1a1c01bbd47fc00a2c39e90264f33305004495a9","hash":"2656e37c293f9aa7326f162895141a5d2a0f271b"}
,"/Users/kaankaragoz/Documents/GitHub/CMPE_331_Project/Backend/Crew-Service/controllers/pilots_languagesController.js": {"path":"/Users/kaankaragoz/Documents/GitHub/CMPE_331_Project/Backend/Crew-Service/controllers/pilots_languagesController.js","statementMap":{"0":{"start":{"line":4,"column":37},"end":{"line":27,"column":1}},"1":{"start":{"line":5,"column":17},"end":{"line":24,"column":3}},"2":{"start":{"line":26,"column":2},"end":{"line":26,"column":46}},"3":{"start":{"line":30,"column":28},"end":{"line":73,"column":1}},"4":{"start":{"line":31,"column":2},"end":{"line":72,"column":3}},"5":{"start":{"line":32,"column":53},"end":{"line":32,"column":62}},"6":{"start":{"line":35,"column":4},"end":{"line":37,"column":5}},"7":{"start":{"line":36,"column":6},"end":{"line":36,"column":36}},"8":{"start":{"line":40,"column":19},"end":{"line":59,"column":5}},"9":{"start":{"line":61,"column":4},"end":{"line":65,"column":7}},"10":{"start":{"line":67,"column":4},"end":{"line":71,"column":7}},"11":{"start":{"line":76,"column":28},"end":{"line":100,"column":1}},"12":{"start":{"line":77,"column":2},"end":{"line":99,"column":3}},"13":{"start":{"line":78,"column":19},"end":{"line":78,"column":29}},"14":{"start":{"line":80,"column":18},"end":{"line":80,"column":49}},"15":{"start":{"line":82,"column":4},"end":{"line":87,"column":5}},"16":{"start":{"line":83,"column":6},"end":{"line":86,"column":9}},"17":{"start":{"line":89,"column":4},"end":{"line":92,"column":7}},"18":{"start":{"line":94,"column":4},"end":{"line":98,"column":7}},"19":{"start":{"line":103,"column":28},"end":{"line":215,"column":1}},"20":{"start":{"line":104,"column":2},"end":{"line":214,"column":3}},"21":{"start":{"line":105,"column":53},"end":{"line":105,"column":62}},"22":{"start":{"line":109,"column":4},"end":{"line":197,"column":5}},"23":{"start":{"line":110,"column":6},"end":{"line":130,"column":8}},"24":{"start":{"line":131,"column":11},"end":{"line":197,"column":5}},"25":{"start":{"line":132,"column":6},"end":{"line":152,"column":8}},"26":{"start":{"line":153,"column":11},"end":{"line":197,"column":5}},"27":{"start":{"line":154,"column":6},"end":{"line":174,"column":8}},"28":{"start":{"line":177,"column":6},"end":{"line":196,"column":8}},"29":{"start":{"line":199,"column":4},"end":{"line":207,"column":7}},"30":{"start":{"line":209,"column":4},"end":{"line":213,"column":7}},"31":{"start":{"line":218,"column":39},"end":{"line":256,"column":1}},"32":{"start":{"line":219,"column":2},"end":{"line":255,"column":3}},"33":{"start":{"line":220,"column":25},"end":{"line":220,"column":35}},"34":{"start":{"line":222,"column":4},"end":{"line":227,"column":5}},"35":{"start":{"line":223,"column":6},"end":{"line":226,"column":9}},"36":{"start":{"line":230,"column":24},"end":{"line":230,"column":79}},"37":{"start":{"line":231,"column":4},"end":{"line":236,"column":5}},"38":{"start":{"line":232,"column":6},"end":{"line":235,"column":9}},"39":{"start":{"line":239,"column":19},"end":{"line":242,"column":5}},"40":{"start":{"line":244,"column":4},"end":{"line":247,"column":7}},"41":{"start":{"line":249,"column":4},"end":{"line":249,"column":60}},"42":{"start":{"line":250,"column":4},"end":{"line":254,"column":7}},"43":{"start":{"line":259,"column":35},"end":{"line":302,"column":1}},"44":{"start":{"line":260,"column":2},"end":{"line":301,"column":3}},"45":{"start":{"line":261,"column":38},"end":{"line":261,"column":48}},"46":{"start":{"line":264,"column":4},"end":{"line":269,"column":5}},"47":{"start":{"line":265,"column":6},"end":{"line":268,"column":9}},"48":{"start":{"line":272,"column":21},"end":{"line":275,"column":5}},"49":{"start":{"line":277,"column":4},"end":{"line":282,"column":5}},"50":{"start":{"line":278,"column":6},"end":{"line":281,"column":9}},"51":{"start":{"line":285,"column":4},"end":{"line":288,"column":6}},"52":{"start":{"line":290,"column":4},"end":{"line":293,"column":7}},"53":{"start":{"line":295,"column":4},"end":{"line":295,"column":59}},"54":{"start":{"line":296,"column":4},"end":{"line":300,"column":7}}},"fnMap":{"0":{"name":"(anonymous_0)","decl":{"start":{"line":4,"column":37},"end":{"line":4,"column":38}},"loc":{"start":{"line":4,"column":56},"end":{"line":27,"column":1}},"line":4},"1":{"name":"(anonymous_1)","decl":{"start":{"line":30,"column":28},"end":{"line":30,"column":29}},"loc":{"start":{"line":30,"column":48},"end":{"line":73,"column":1}},"line":30},"2":{"name":"(anonymous_2)","decl":{"start":{"line":76,"column":28},"end":{"line":76,"column":29}},"loc":{"start":{"line":76,"column":48},"end":{"line":100,"column":1}},"line":76},"3":{"name":"(anonymous_3)","decl":{"start":{"line":103,"column":28},"end":{"line":103,"column":29}},"loc":{"start":{"line":103,"column":48},"end":{"line":215,"column":1}},"line":103},"4":{"name":"(anonymous_4)","decl":{"start":{"line":218,"column":39},"end":{"line":218,"column":40}},"loc":{"start":{"line":218,"column":59},"end":{"line":256,"column":1}},"line":218},"5":{"name":"(anonymous_5)","decl":{"start":{"line":259,"column":35},"end":{"line":259,"column":36}},"loc":{"start":{"line":259,"column":55},"end":{"line":302,"column":1}},"line":259}},"branchMap":{"0":{"loc":{"start":{"line":26,"column":9},"end":{"line":26,"column":45}},"type":"cond-expr","locations":[{"start":{"line":26,"column":29},"end":{"line":26,"column":38}},{"start":{"line":26,"column":41},"end":{"line":26,"column":45}}],"line":26},"1":{"loc":{"start":{"line":35,"column":4},"end":{"line":37,"column":5}},"type":"if","locations":[{"start":{"line":35,"column":4},"end":{"line":37,"column":5}},{"start":{},"end":{}}],"line":35},"2":{"loc":{"start":{"line":35,"column":8},"end":{"line":35,"column":46}},"type":"binary-expr","locations":[{"start":{"line":35,"column":8},"end":{"line":35,"column":27}},{"start":{"line":35,"column":31},"end":{"line":35,"column":46}}],"line":35},"3":{"loc":{"start":{"line":82,"column":4},"end":{"line":87,"column":5}},"type":"if","locations":[{"start":{"line":82,"column":4},"end":{"line":87,"column":5}},{"start":{},"end":{}}],"line":82},"4":{"loc":{"start":{"line":109,"column":4},"end":{"line":197,"column":5}},"type":"if","locations":[{"start":{"line":109,"column":4},"end":{"line":197,"column":5}},{"start":{"line":131,"column":11},"end":{"line":197,"column":5}}],"line":109},"5":{"loc":{"start":{"line":109,"column":8},"end":{"line":109,"column":46}},"type":"binary-expr","locations":[{"start":{"line":109,"column":8},"end":{"line":109,"column":27}},{"start":{"line":109,"column":31},"end":{"line":109,"column":46}}],"line":109},"6":{"loc":{"start":{"line":131,"column":11},"end":{"line":197,"column":5}},"type":"if","locations":[{"start":{"line":131,"column":11},"end":{"line":197,"column":5}},{"start":{"line":153,"column":11},"end":{"line":197,"column":5}}],"line":131},"7":{"loc":{"start":{"line":153,"column":11},"end":{"line":197,"column":5}},"type":"if","locations":[{"start":{"line":153,"column":11},"end":{"line":197,"column":5}},{"start":{"line":175,"column":11},"end":{"line":197,"column":5}}],"line":153},"8":{"loc":{"start":{"line":203,"column":29},"end":{"line":203,"column":57}},"type":"binary-expr","locations":[{"start":{"line":203,"column":29},"end":{"line":203,"column":48}},{"start":{"line":203,"column":52},"end":{"line":203,"column":57}}],"line":203},"9":{"loc":{"start":{"line":204,"column":25},"end":{"line":204,"column":49}},"type":"binary-expr","locations":[{"start":{"line":204,"column":25},"end":{"line":204,"column":40}},{"start":{"line":204,"column":44},"end":{"line":204,"column":49}}],"line":204},"10":{"loc":{"start":{"line":222,"column":4},"end":{"line":227,"column":5}},"type":"if","locations":[{"start":{"line":222,"column":4},"end":{"line":227,"column":5}},{"start":{},"end":{}}],"line":222},"11":{"loc":{"start":{"line":231,"column":4},"end":{"line":236,"column":5}},"type":"if","locations":[{"start":{"line":231,"column":4},"end":{"line":236,"column":5}},{"start":{},"end":{}}],"line":231},"12":{"loc":{"start":{"line":264,"column":4},"end":{"line":269,"column":5}},"type":"if","locations":[{"start":{"line":264,"column":4},"end":{"line":269,"column":5}},{"start":{},"end":{}}],"line":264},"13":{"loc":{"start":{"line":264,"column":8},"end":{"line":264,"column":33}},"type":"binary-expr","locations":[{"start":{"line":264,"column":8},"end":{"line":264,"column":17}},{"start":{"line":264,"column":21},"end":{"line":264,"column":33}}],"line":264},"14":{"loc":{"start":{"line":277,"column":4},"end":{"line":282,"column":5}},"type":"if","locations":[{"start":{"line":277,"column":4},"end":{"line":282,"column":5}},{"start":{},"end":{}}],"line":277}},"s":{"0":7,"1":1,"2":1,"3":7,"4":0,"5":0,"6":0,"7":0,"8":0,"9":0,"10":0,"11":7,"12":0,"13":0,"14":0,"15":0,"16":0,"17":0,"18":0,"19":7,"20":0,"21":0,"22":0,"23":0,"24":0,"25":0,"26":0,"27":0,"28":0,"29":0,"30":0,"31":7,"32":0,"33":0,"34":0,"35":0,"36":0,"37":0,"38":0,"39":0,"40":0,"41":0,"42":0,"43":7,"44":0,"45":0,"46":0,"47":0,"48":0,"49":0,"50":0,"51":0,"52":0,"53":0,"54":0},"f":{"0":1,"1":0,"2":0,"3":0,"4":0,"5":0},"b":{"0":[0,0],"1":[0,0],"2":[0,0],"3":[0,0],"4":[0,0],"5":[0,0],"6":[0,0],"7":[0,0],"8":[0,0],"9":[0,0],"10":[0,0],"11":[0,0],"12":[0,0],"13":[0,0],"14":[0,0]},"inputSourceMap":null,"_coverageSchema":"1a1c01bbd47fc00a2c39e90264f33305004495a9","hash":"8f7095c4611416be83e361210884846948959793"}
,"/Users/kaankaragoz/Documents/GitHub/CMPE_331_Project/Backend/Crew-Service/db/initDB_attendant_types.js": {"path":"/Users/kaankaragoz/Documents/GitHub/CMPE_331_Project/Backend/Crew-Service/db/initDB_attendant_types.js","statementMap":{"0":{"start":{"line":4,"column":2},"end":{"line":16,"column":3}},"1":{"start":{"line":5,"column":4},"end":{"line":12,"column":6}},"2":{"start":{"line":13,"column":4},"end":{"line":13,"column":70}},"3":{"start":{"line":15,"column":4},"end":{"line":15,"column":56}}},"fnMap":{"0":{"name":"initDB_attendant_types","decl":{"start":{"line":3,"column":22},"end":{"line":3,"column":44}},"loc":{"start":{"line":3,"column":47},"end":{"line":17,"column":1}},"line":3}},"branchMap":{},"s":{"0":0,"1":0,"2":0,"3":0},"f":{"0":0},"b":{},"inputSourceMap":null,"_coverageSchema":"1a1c01bbd47fc00a2c39e90264f33305004495a9","hash":"c10f35ed1609419d83e6c0dba15a135579a547a6"}
,"/Users/kaankaragoz/Documents/GitHub/CMPE_331_Project/Backend/Crew-Service/db/initDB_cabin_crew.js": {"path":"/Users/kaankaragoz/Documents/GitHub/CMPE_331_Project/Backend/Crew-Service/db/initDB_cabin_crew.js","statementMap":{"0":{"start":{"line":4,"column":2},"end":{"line":21,"column":3}},"1":{"start":{"line":5,"column":4},"end":{"line":17,"column":6}},"2":{"start":{"line":18,"column":4},"end":{"line":18,"column":65}},"3":{"start":{"line":20,"column":4},"end":{"line":20,"column":51}}},"fnMap":{"0":{"name":"initDB_cabin_crew","decl":{"start":{"line":3,"column":22},"end":{"line":3,"column":39}},"loc":{"start":{"line":3,"column":42},"end":{"line":22,"column":1}},"line":3}},"branchMap":{},"s":{"0":0,"1":0,"2":0,"3":0},"f":{"0":0},"b":{},"inputSourceMap":null,"_coverageSchema":"1a1c01bbd47fc00a2c39e90264f33305004495a9","hash":"789ac63fdeb037138968146e6005cbfbe43da25d"}
,"/Users/kaankaragoz/Documents/GitHub/CMPE_331_Project/Backend/Crew-Service/db/initDB_cabin_crew_vehicle_restrictions.js": {"path":"/Users/kaankaragoz/Documents/GitHub/CMPE_331_Project/Backend/Crew-Service/db/initDB_cabin_crew_vehicle_restrictions.js","statementMap":{"0":{"start":{"line":5,"column":2},"end":{"line":18,"column":3}},"1":{"start":{"line":6,"column":4},"end":{"line":14,"column":6}},"2":{"start":{"line":15,"column":4},"end":{"line":15,"column":86}},"3":{"start":{"line":17,"column":4},"end":{"line":17,"column":72}}},"fnMap":{"0":{"name":"initDB_cabin_crew_vehicle_restrictions","decl":{"start":{"line":4,"column":22},"end":{"line":4,"column":60}},"loc":{"start":{"line":4,"column":63},"end":{"line":19,"column":1}},"line":4}},"branchMap":{},"s":{"0":0,"1":0,"2":0,"3":0},"f":{"0":0},"b":{},"inputSourceMap":null,"_coverageSchema":"1a1c01bbd47fc00a2c39e90264f33305004495a9","hash":"9ee311370904b41de78b6af166ff2628bad4bce7"}
,"/Users/kaankaragoz/Documents/GitHub/CMPE_331_Project/Backend/Crew-Service/db/initDB_dish_recipes.js": {"path":"/Users/kaankaragoz/Documents/GitHub/CMPE_331_Project/Backend/Crew-Service/db/initDB_dish_recipes.js","statementMap":{"0":{"start":{"line":4,"column":2},"end":{"line":17,"column":3}},"1":{"start":{"line":5,"column":4},"end":{"line":13,"column":6}},"2":{"start":{"line":14,"column":4},"end":{"line":14,"column":67}},"3":{"start":{"line":16,"column":4},"end":{"line":16,"column":53}}},"fnMap":{"0":{"name":"initDB_dish_recipes","decl":{"start":{"line":3,"column":22},"end":{"line":3,"column":41}},"loc":{"start":{"line":3,"column":44},"end":{"line":18,"column":1}},"line":3}},"branchMap":{},"s":{"0":0,"1":0,"2":0,"3":0},"f":{"0":0},"b":{},"inputSourceMap":null,"_coverageSchema":"1a1c01bbd47fc00a2c39e90264f33305004495a9","hash":"c37ed91ea58f053095109c18760345789717ea13"}
,"/Users/kaankaragoz/Documents/GitHub/CMPE_331_Project/Backend/Crew-Service/db/initDB_pilots.js": {"path":"/Users/kaankaragoz/Documents/GitHub/CMPE_331_Project/Backend/Crew-Service/db/initDB_pilots.js","statementMap":{"0":{"start":{"line":3,"column":22},"end":{"line":31,"column":1}},"1":{"start":{"line":4,"column":2},"end":{"line":30,"column":3}},"2":{"start":{"line":5,"column":4},"end":{"line":5,"column":44}},"3":{"start":{"line":8,"column":4},"end":{"line":8,"column":51}},"4":{"start":{"line":11,"column":4},"end":{"line":24,"column":6}},"5":{"start":{"line":25,"column":4},"end":{"line":25,"column":42}},"6":{"start":{"line":28,"column":4},"end":{"line":28,"column":61}},"7":{"start":{"line":29,"column":4},"end":{"line":29,"column":16}},"8":{"start":{"line":34,"column":33},"end":{"line":34,"column":46}}},"fnMap":{"0":{"name":"(anonymous_0)","decl":{"start":{"line":3,"column":22},"end":{"line":3,"column":23}},"loc":{"start":{"line":3,"column":34},"end":{"line":31,"column":1}},"line":3}},"branchMap":{},"s":{"0":8,"1":0,"2":0,"3":0,"4":0,"5":0,"6":0,"7":0,"8":8},"f":{"0":0},"b":{},"inputSourceMap":null,"_coverageSchema":"1a1c01bbd47fc00a2c39e90264f33305004495a9","hash":"f0fa4ff77d222a1a05c37de4b465fdb9cb21f66f"}
,"/Users/kaankaragoz/Documents/GitHub/CMPE_331_Project/Backend/Crew-Service/db/initDB_pilots_languages.js": {"path":"/Users/kaankaragoz/Documents/GitHub/CMPE_331_Project/Backend/Crew-Service/db/initDB_pilots_languages.js","statementMap":{"0":{"start":{"line":4,"column":32},"end":{"line":35,"column":1}},"1":{"start":{"line":5,"column":2},"end":{"line":34,"column":3}},"2":{"start":{"line":6,"column":4},"end":{"line":6,"column":47}},"3":{"start":{"line":8,"column":4},"end":{"line":16,"column":6}},"4":{"start":{"line":17,"column":4},"end":{"line":17,"column":45}},"5":{"start":{"line":19,"column":4},"end":{"line":19,"column":62}},"6":{"start":{"line":21,"column":4},"end":{"line":29,"column":6}},"7":{"start":{"line":30,"column":4},"end":{"line":30,"column":60}},"8":{"start":{"line":32,"column":4},"end":{"line":32,"column":65}},"9":{"start":{"line":33,"column":4},"end":{"line":33,"column":16}},"10":{"start":{"line":39,"column":36},"end":{"line":56,"column":1}},"11":{"start":{"line":40,"column":2},"end":{"line":55,"column":3}},"12":{"start":{"line":42,"column":4},"end":{"line":50,"column":6}},"13":{"start":{"line":51,"column":4},"end":{"line":51,"column":45}},"14":{"start":{"line":53,"column":4},"end":{"line":53,"column":60}},"15":{"start":{"line":54,"column":4},"end":{"line":54,"column":16}},"16":{"start":{"line":58,"column":41},"end":{"line":75,"column":1}},"17":{"start":{"line":59,"column":2},"end":{"line":74,"column":3}},"18":{"start":{"line":61,"column":4},"end":{"line":69,"column":6}},"19":{"start":{"line":70,"column":4},"end":{"line":70,"column":60}},"20":{"start":{"line":72,"column":4},"end":{"line":72,"column":66}},"21":{"start":{"line":73,"column":4},"end":{"line":73,"column":16}}},"fnMap":{"0":{"name":"(anonymous_0)","decl":{"start":{"line":4,"column":32},"end":{"line":4,"column":33}},"loc":{"start":{"line":4,"column":44},"end":{"line":35,"column":1}},"line":4},"1":{"name":"(anonymous_1)","decl":{"start":{"line":39,"column":36},"end":{"line":39,"column":37}},"loc":{"start":{"line":39,"column":48},"end":{"line":56,"column":1}},"line":39},"2":{"name":"(anonymous_2)","decl":{"start":{"line":58,"column":41},"end":{"line":58,"column":42}},"loc":{"start":{"line":58,"column":53},"end":{"line":75,"column":1}},"line":58}},"branchMap":{},"s":{"0":8,"1":0,"2":0,"3":0,"4":0,"5":0,"6":0,"7":0,"8":0,"9":0,"10":8,"11":0,"12":0,"13":0,"14":0,"15":0,"16":8,"17":0,"18":0,"19":0,"20":0,"21":0},"f":{"0":0,"1":0,"2":0},"b":{},"inputSourceMap":null,"_coverageSchema":"1a1c01bbd47fc00a2c39e90264f33305004495a9","hash":"b4a98af8c0123f3311794c10fdf29d4d2f573eb6"}
,"/Users/kaankaragoz/Documents/GitHub/CMPE_331_Project/Backend/Crew-Service/routes/attendant_typesRoutes.js": {"path":"/Users/kaankaragoz/Documents/GitHub/CMPE_331_Project/Backend/Crew-Service/routes/attendant_typesRoutes.js","statementMap":{"0":{"start":{"line":10,"column":15},"end":{"line":10,"column":31}},"1":{"start":{"line":12,"column":0},"end":{"line":12,"column":38}},"2":{"start":{"line":13,"column":0},"end":{"line":13,"column":37}},"3":{"start":{"line":14,"column":0},"end":{"line":14,"column":38}},"4":{"start":{"line":15,"column":0},"end":{"line":15,"column":40}},"5":{"start":{"line":16,"column":0},"end":{"line":16,"column":43}}},"fnMap":{},"branchMap":{},"s":{"0":8,"1":8,"2":8,"3":8,"4":8,"5":8},"f":{},"b":{},"inputSourceMap":null,"_coverageSchema":"1a1c01bbd47fc00a2c39e90264f33305004495a9","hash":"d95ab22b364fd6b84ea4716a619a691bae0b35e1"}
,"/Users/kaankaragoz/Documents/GitHub/CMPE_331_Project/Backend/Crew-Service/routes/cabin_crewRoutes.js": {"path":"/Users/kaankaragoz/Documents/GitHub/CMPE_331_Project/Backend/Crew-Service/routes/cabin_crewRoutes.js","statementMap":{"0":{"start":{"line":10,"column":15},"end":{"line":10,"column":31}},"1":{"start":{"line":12,"column":0},"end":{"line":12,"column":33}},"2":{"start":{"line":13,"column":0},"end":{"line":13,"column":33}},"3":{"start":{"line":14,"column":0},"end":{"line":14,"column":34}},"4":{"start":{"line":15,"column":0},"end":{"line":15,"column":36}},"5":{"start":{"line":16,"column":0},"end":{"line":16,"column":39}}},"fnMap":{},"branchMap":{},"s":{"0":8,"1":8,"2":8,"3":8,"4":8,"5":8},"f":{},"b":{},"inputSourceMap":null,"_coverageSchema":"1a1c01bbd47fc00a2c39e90264f33305004495a9","hash":"eefafc0d5192c31fac1d8467417e2c0990081c71"}
,"/Users/kaankaragoz/Documents/GitHub/CMPE_331_Project/Backend/Crew-Service/routes/cabin_crew_vehicle_restrictionsRoutes.js": {"path":"/Users/kaankaragoz/Documents/GitHub/CMPE_331_Project/Backend/Crew-Service/routes/cabin_crew_vehicle_restrictionsRoutes.js","statementMap":{"0":{"start":{"line":10,"column":15},"end":{"line":10,"column":31}},"1":{"start":{"line":12,"column":0},"end":{"line":12,"column":52}},"2":{"start":{"line":13,"column":0},"end":{"line":13,"column":51}},"3":{"start":{"line":14,"column":0},"end":{"line":14,"column":52}},"4":{"start":{"line":15,"column":0},"end":{"line":15,"column":54}},"5":{"start":{"line":16,"column":0},"end":{"line":16,"column":57}}},"fnMap":{},"branchMap":{},"s":{"0":8,"1":8,"2":8,"3":8,"4":8,"5":8},"f":{},"b":{},"inputSourceMap":null,"_coverageSchema":"1a1c01bbd47fc00a2c39e90264f33305004495a9","hash":"d1d2d33241bc457aa51eb7ca5a9eb8e47bb29291"}
,"/Users/kaankaragoz/Documents/GitHub/CMPE_331_Project/Backend/Crew-Service/routes/dish_recipesRoutes.js": {"path":"/Users/kaankaragoz/Documents/GitHub/CMPE_331_Project/Backend/Crew-Service/routes/dish_recipesRoutes.js","statementMap":{"0":{"start":{"line":10,"column":15},"end":{"line":10,"column":31}},"1":{"start":{"line":12,"column":0},"end":{"line":12,"column":35}},"2":{"start":{"line":13,"column":0},"end":{"line":13,"column":34}},"3":{"start":{"line":14,"column":0},"end":{"line":14,"column":35}},"4":{"start":{"line":15,"column":0},"end":{"line":15,"column":37}},"5":{"start":{"line":16,"column":0},"end":{"line":16,"column":40}}},"fnMap":{},"branchMap":{},"s":{"0":8,"1":8,"2":8,"3":8,"4":8,"5":8},"f":{},"b":{},"inputSourceMap":null,"_coverageSchema":"1a1c01bbd47fc00a2c39e90264f33305004495a9","hash":"fdf09ef6016c24fed636b3f5fe1638937a16e285"}
,"/Users/kaankaragoz/Documents/GitHub/CMPE_331_Project/Backend/Crew-Service/routes/pilotsRoutes.js": {"path":"/Users/kaankaragoz/Documents/GitHub/CMPE_331_Project/Backend/Crew-Service/routes/pilotsRoutes.js","statementMap":{"0":{"start":{"line":11,"column":15},"end":{"line":11,"column":31}},"1":{"start":{"line":23,"column":0},"end":{"line":23,"column":30}},"2":{"start":{"line":28,"column":0},"end":{"line":28,"column":30}},"3":{"start":{"line":33,"column":0},"end":{"line":33,"column":32}},"4":{"start":{"line":38,"column":0},"end":{"line":38,"column":35}},"5":{"start":{"line":44,"column":0},"end":{"line":44,"column":33}}},"fnMap":{},"branchMap":{},"s":{"0":8,"1":8,"2":8,"3":8,"4":8,"5":8},"f":{},"b":{},"inputSourceMap":null,"_coverageSchema":"1a1c01bbd47fc00a2c39e90264f33305004495a9","hash":"975f1e5eaa7acd26f3a9dc70888e1e703222bd65"}
,"/Users/kaankaragoz/Documents/GitHub/CMPE_331_Project/Backend/Crew-Service/routes/pilots_languagesRoutes.js": {"path":"/Users/kaankaragoz/Documents/GitHub/CMPE_331_Project/Backend/Crew-Service/routes/pilots_languagesRoutes.js","statementMap":{"0":{"start":{"line":2,"column":15},"end":{"line":2,"column":31}},"1":{"start":{"line":12,"column":0},"end":{"line":12,"column":30}},"2":{"start":{"line":15,"column":0},"end":{"line":15,"column":36}},"3":{"start":{"line":18,"column":0},"end":{"line":18,"column":62}},"4":{"start":{"line":22,"column":0},"end":{"line":22,"column":53}},"5":{"start":{"line":26,"column":0},"end":{"line":26,"column":33}}},"fnMap":{},"branchMap":{},"s":{"0":8,"1":8,"2":8,"3":8,"4":8,"5":8},"f":{},"b":{},"inputSourceMap":null,"_coverageSchema":"1a1c01bbd47fc00a2c39e90264f33305004495a9","hash":"6b46c74f0ec180efcb08315efa2d20408f350622"}
,"/Users/kaankaragoz/Documents/GitHub/CMPE_331_Project/Backend/Crew-Service/seeds/attendant_types.js": {"path":"/Users/kaankaragoz/Documents/GitHub/CMPE_331_Project/Backend/Crew-Service/seeds/attendant_types.js","statementMap":{"0":{"start":{"line":3,"column":31},"end":{"line":8,"column":1}},"1":{"start":{"line":11,"column":2},"end":{"line":32,"column":3}},"2":{"start":{"line":13,"column":4},"end":{"line":13,"column":52}},"3":{"start":{"line":16,"column":4},"end":{"line":16,"column":71}},"4":{"start":{"line":19,"column":4},"end":{"line":25,"column":5}},"5":{"start":{"line":20,"column":6},"end":{"line":24,"column":8}},"6":{"start":{"line":27,"column":4},"end":{"line":27,"column":57}},"7":{"start":{"line":30,"column":4},"end":{"line":30,"column":61}},"8":{"start":{"line":31,"column":4},"end":{"line":31,"column":16}}},"fnMap":{"0":{"name":"seedAttendantTypes","decl":{"start":{"line":10,"column":22},"end":{"line":10,"column":40}},"loc":{"start":{"line":10,"column":43},"end":{"line":33,"column":1}},"line":10}},"branchMap":{},"s":{"0":8,"1":0,"2":0,"3":0,"4":0,"5":0,"6":0,"7":0,"8":0},"f":{"0":0},"b":{},"inputSourceMap":null,"_coverageSchema":"1a1c01bbd47fc00a2c39e90264f33305004495a9","hash":"7d5daa6fa92c7e7468364616d72a31e42eca4af3"}
,"/Users/kaankaragoz/Documents/GitHub/CMPE_331_Project/Backend/Crew-Service/seeds/cabin_crew.js": {"path":"/Users/kaankaragoz/Documents/GitHub/CMPE_331_Project/Backend/Crew-Service/seeds/cabin_crew.js","statementMap":{"0":{"start":{"line":3,"column":26},"end":{"line":12,"column":1}},"1":{"start":{"line":15,"column":2},"end":{"line":55,"column":3}},"2":{"start":{"line":16,"column":4},"end":{"line":16,"column":44}},"3":{"start":{"line":19,"column":4},"end":{"line":19,"column":66}},"4":{"start":{"line":22,"column":27},"end":{"line":24,"column":5}},"5":{"start":{"line":25,"column":20},"end":{"line":25,"column":22}},"6":{"start":{"line":26,"column":4},"end":{"line":28,"column":7}},"7":{"start":{"line":27,"column":6},"end":{"line":27,"column":40}},"8":{"start":{"line":31,"column":4},"end":{"line":48,"column":5}},"9":{"start":{"line":32,"column":30},"end":{"line":32,"column":63}},"10":{"start":{"line":34,"column":6},"end":{"line":37,"column":7}},"11":{"start":{"line":35,"column":8},"end":{"line":35,"column":135}},"12":{"start":{"line":36,"column":8},"end":{"line":36,"column":17}},"13":{"start":{"line":41,"column":29},"end":{"line":41,"column":84}},"14":{"start":{"line":41,"column":62},"end":{"line":41,"column":73}},"15":{"start":{"line":42,"column":30},"end":{"line":42,"column":51}},"16":{"start":{"line":44,"column":6},"end":{"line":47,"column":8}},"17":{"start":{"line":50,"column":4},"end":{"line":50,"column":52}},"18":{"start":{"line":53,"column":4},"end":{"line":53,"column":56}},"19":{"start":{"line":54,"column":4},"end":{"line":54,"column":16}}},"fnMap":{"0":{"name":"seedCabinCrew","decl":{"start":{"line":14,"column":22},"end":{"line":14,"column":35}},"loc":{"start":{"line":14,"column":38},"end":{"line":56,"column":1}},"line":14},"1":{"name":"(anonymous_1)","decl":{"start":{"line":26,"column":27},"end":{"line":26,"column":28}},"loc":{"start":{"line":26,"column":35},"end":{"line":28,"column":5}},"line":26},"2":{"name":"(anonymous_2)","decl":{"start":{"line":41,"column":54},"end":{"line":41,"column":55}},"loc":{"start":{"line":41,"column":62},"end":{"line":41,"column":73}},"line":41}},"branchMap":{"0":{"loc":{"start":{"line":34,"column":6},"end":{"line":37,"column":7}},"type":"if","locations":[{"start":{"line":34,"column":6},"end":{"line":37,"column":7}},{"start":{},"end":{}}],"line":34}},"s":{"0":8,"1":0,"2":0,"3":0,"4":0,"5":0,"6":0,"7":0,"8":0,"9":0,"10":0,"11":0,"12":0,"13":0,"14":0,"15":0,"16":0,"17":0,"18":0,"19":0},"f":{"0":0,"1":0,"2":0},"b":{"0":[0,0]},"inputSourceMap":null,"_coverageSchema":"1a1c01bbd47fc00a2c39e90264f33305004495a9","hash":"269484db0e4dcc824227d9148ead6828b2e293d5"}
,"/Users/kaankaragoz/Documents/GitHub/CMPE_331_Project/Backend/Crew-Service/seeds/cabin_crew_vehicle_restrictions.js": {"path":"/Users/kaankaragoz/Documents/GitHub/CMPE_331_Project/Backend/Crew-Service/seeds/cabin_crew_vehicle_restrictions.js","statementMap":{"0":{"start":{"line":4,"column":47},"end":{"line":16,"column":1}},"1":{"start":{"line":19,"column":2},"end":{"line":55,"column":3}},"2":{"start":{"line":20,"column":4},"end":{"line":20,"column":65}},"3":{"start":{"line":23,"column":4},"end":{"line":23,"column":87}},"4":{"start":{"line":26,"column":22},"end":{"line":28,"column":5}},"5":{"start":{"line":32,"column":25},"end":{"line":32,"column":51}},"6":{"start":{"line":32,"column":45},"end":{"line":32,"column":50}},"7":{"start":{"line":35,"column":4},"end":{"line":48,"column":5}},"8":{"start":{"line":36,"column":32},"end":{"line":36,"column":75}},"9":{"start":{"line":38,"column":6},"end":{"line":41,"column":7}},"10":{"start":{"line":39,"column":8},"end":{"line":39,"column":129}},"11":{"start":{"line":40,"column":8},"end":{"line":40,"column":17}},"12":{"start":{"line":43,"column":6},"end":{"line":47,"column":8}},"13":{"start":{"line":50,"column":4},"end":{"line":50,"column":73}},"14":{"start":{"line":53,"column":4},"end":{"line":53,"column":77}},"15":{"start":{"line":54,"column":4},"end":{"line":54,"column":16}}},"fnMap":{"0":{"name":"seedCabinCrewVehicleRestrictions","decl":{"start":{"line":18,"column":22},"end":{"line":18,"column":54}},"loc":{"start":{"line":18,"column":57},"end":{"line":56,"column":1}},"line":18},"1":{"name":"(anonymous_1)","decl":{"start":{"line":32,"column":39},"end":{"line":32,"column":40}},"loc":{"start":{"line":32,"column":45},"end":{"line":32,"column":50}},"line":32}},"branchMap":{"0":{"loc":{"start":{"line":38,"column":6},"end":{"line":41,"column":7}},"type":"if","locations":[{"start":{"line":38,"column":6},"end":{"line":41,"column":7}},{"start":{},"end":{}}],"line":38}},"s":{"0":8,"1":0,"2":0,"3":0,"4":0,"5":0,"6":0,"7":0,"8":0,"9":0,"10":0,"11":0,"12":0,"13":0,"14":0,"15":0},"f":{"0":0,"1":0},"b":{"0":[0,0]},"inputSourceMap":null,"_coverageSchema":"1a1c01bbd47fc00a2c39e90264f33305004495a9","hash":"f656b8f65e3f313bee85e2844e76cfdd3c86c93b"}
,"/Users/kaankaragoz/Documents/GitHub/CMPE_331_Project/Backend/Crew-Service/seeds/dish_recipes.js": {"path":"/Users/kaankaragoz/Documents/GitHub/CMPE_331_Project/Backend/Crew-Service/seeds/dish_recipes.js","statementMap":{"0":{"start":{"line":3,"column":28},"end":{"line":9,"column":1}},"1":{"start":{"line":12,"column":2},"end":{"line":44,"column":3}},"2":{"start":{"line":13,"column":4},"end":{"line":13,"column":47}},"3":{"start":{"line":16,"column":4},"end":{"line":16,"column":68}},"4":{"start":{"line":19,"column":22},"end":{"line":21,"column":5}},"5":{"start":{"line":22,"column":25},"end":{"line":22,"column":51}},"6":{"start":{"line":22,"column":45},"end":{"line":22,"column":50}},"7":{"start":{"line":25,"column":4},"end":{"line":37,"column":5}},"8":{"start":{"line":26,"column":27},"end":{"line":26,"column":62}},"9":{"start":{"line":28,"column":6},"end":{"line":31,"column":7}},"10":{"start":{"line":29,"column":8},"end":{"line":29,"column":115}},"11":{"start":{"line":30,"column":8},"end":{"line":30,"column":17}},"12":{"start":{"line":33,"column":6},"end":{"line":36,"column":8}},"13":{"start":{"line":39,"column":4},"end":{"line":39,"column":54}},"14":{"start":{"line":42,"column":4},"end":{"line":42,"column":58}},"15":{"start":{"line":43,"column":4},"end":{"line":43,"column":16}}},"fnMap":{"0":{"name":"seedDishRecipes","decl":{"start":{"line":11,"column":22},"end":{"line":11,"column":37}},"loc":{"start":{"line":11,"column":40},"end":{"line":45,"column":1}},"line":11},"1":{"name":"(anonymous_1)","decl":{"start":{"line":22,"column":39},"end":{"line":22,"column":40}},"loc":{"start":{"line":22,"column":45},"end":{"line":22,"column":50}},"line":22}},"branchMap":{"0":{"loc":{"start":{"line":28,"column":6},"end":{"line":31,"column":7}},"type":"if","locations":[{"start":{"line":28,"column":6},"end":{"line":31,"column":7}},{"start":{},"end":{}}],"line":28}},"s":{"0":8,"1":0,"2":0,"3":0,"4":0,"5":0,"6":0,"7":0,"8":0,"9":0,"10":0,"11":0,"12":0,"13":0,"14":0,"15":0},"f":{"0":0,"1":0},"b":{"0":[0,0]},"inputSourceMap":null,"_coverageSchema":"1a1c01bbd47fc00a2c39e90264f33305004495a9","hash":"ec8c30193d251f941ab8a7702b2405165eeb35d7"}
,"/Users/kaankaragoz/Documents/GitHub/CMPE_331_Project/Backend/Crew-Service/seeds/pilots.js": {"path":"/Users/kaankaragoz/Documents/GitHub/CMPE_331_Project/Backend/Crew-Service/seeds/pilots.js","statementMap":{"0":{"start":{"line":3,"column":26},"end":{"line":137,"column":1}},"1":{"start":{"line":4,"column":2},"end":{"line":136,"column":3}},"2":{"start":{"line":5,"column":4},"end":{"line":5,"column":37}},"3":{"start":{"line":8,"column":4},"end":{"line":8,"column":62}},"4":{"start":{"line":11,"column":25},"end":{"line":13,"column":5}},"5":{"start":{"line":14,"column":27},"end":{"line":14,"column":29}},"6":{"start":{"line":15,"column":4},"end":{"line":21,"column":7}},"7":{"start":{"line":16,"column":6},"end":{"line":16,"column":43}},"8":{"start":{"line":18,"column":6},"end":{"line":20,"column":7}},"9":{"start":{"line":19,"column":8},"end":{"line":19,"column":45}},"10":{"start":{"line":23,"column":19},"end":{"line":43,"column":5}},"11":{"start":{"line":46,"column":24},"end":{"line":46,"column":25}},"12":{"start":{"line":47,"column":4},"end":{"line":61,"column":5}},"13":{"start":{"line":48,"column":28},"end":{"line":48,"column":67}},"14":{"start":{"line":50,"column":6},"end":{"line":53,"column":7}},"15":{"start":{"line":51,"column":8},"end":{"line":51,"column":103}},"16":{"start":{"line":52,"column":8},"end":{"line":52,"column":17}},"17":{"start":{"line":56,"column":6},"end":{"line":59,"column":8}},"18":{"start":{"line":60,"column":6},"end":{"line":60,"column":22}},"19":{"start":{"line":63,"column":4},"end":{"line":63,"column":54}},"20":{"start":{"line":66,"column":4},"end":{"line":66,"column":52}},"21":{"start":{"line":67,"column":22},"end":{"line":67,"column":70}},"22":{"start":{"line":68,"column":25},"end":{"line":68,"column":76}},"23":{"start":{"line":70,"column":4},"end":{"line":73,"column":5}},"24":{"start":{"line":71,"column":6},"end":{"line":71,"column":61}},"25":{"start":{"line":72,"column":6},"end":{"line":72,"column":13}},"26":{"start":{"line":75,"column":4},"end":{"line":78,"column":5}},"27":{"start":{"line":76,"column":6},"end":{"line":76,"column":86}},"28":{"start":{"line":77,"column":6},"end":{"line":77,"column":13}},"29":{"start":{"line":81,"column":4},"end":{"line":81,"column":71}},"30":{"start":{"line":83,"column":26},"end":{"line":83,"column":27}},"31":{"start":{"line":84,"column":6},"end":{"line":100,"column":5}},"32":{"start":{"line":86,"column":25},"end":{"line":86,"column":62}},"33":{"start":{"line":87,"column":25},"end":{"line":87,"column":68}},"34":{"start":{"line":89,"column":26},"end":{"line":89,"column":53}},"35":{"start":{"line":90,"column":26},"end":{"line":90,"column":53}},"36":{"start":{"line":93,"column":10},"end":{"line":97,"column":12}},"37":{"start":{"line":99,"column":6},"end":{"line":99,"column":27}},"38":{"start":{"line":102,"column":4},"end":{"line":102,"column":70}},"39":{"start":{"line":105,"column":4},"end":{"line":105,"column":63}},"40":{"start":{"line":106,"column":29},"end":{"line":106,"column":31}},"41":{"start":{"line":109,"column":4},"end":{"line":119,"column":5}},"42":{"start":{"line":109,"column":17},"end":{"line":109,"column":18}},"43":{"start":{"line":110,"column":20},"end":{"line":110,"column":32}},"44":{"start":{"line":112,"column":29},"end":{"line":112,"column":76}},"45":{"start":{"line":113,"column":30},"end":{"line":113,"column":61}},"46":{"start":{"line":115,"column":6},"end":{"line":118,"column":9}},"47":{"start":{"line":122,"column":4},"end":{"line":128,"column":9}},"48":{"start":{"line":123,"column":10},"end":{"line":127,"column":12}},"49":{"start":{"line":130,"column":4},"end":{"line":130,"column":86}},"50":{"start":{"line":134,"column":4},"end":{"line":134,"column":50}},"51":{"start":{"line":135,"column":4},"end":{"line":135,"column":16}}},"fnMap":{"0":{"name":"(anonymous_0)","decl":{"start":{"line":3,"column":26},"end":{"line":3,"column":27}},"loc":{"start":{"line":3,"column":38},"end":{"line":137,"column":1}},"line":3},"1":{"name":"(anonymous_1)","decl":{"start":{"line":15,"column":25},"end":{"line":15,"column":26}},"loc":{"start":{"line":15,"column":31},"end":{"line":21,"column":5}},"line":15}},"branchMap":{"0":{"loc":{"start":{"line":18,"column":6},"end":{"line":20,"column":7}},"type":"if","locations":[{"start":{"line":18,"column":6},"end":{"line":20,"column":7}},{"start":{},"end":{}}],"line":18},"1":{"loc":{"start":{"line":50,"column":6},"end":{"line":53,"column":7}},"type":"if","locations":[{"start":{"line":50,"column":6},"end":{"line":53,"column":7}},{"start":{},"end":{}}],"line":50},"2":{"loc":{"start":{"line":70,"column":4},"end":{"line":73,"column":5}},"type":"if","locations":[{"start":{"line":70,"column":4},"end":{"line":73,"column":5}},{"start":{},"end":{}}],"line":70},"3":{"loc":{"start":{"line":75,"column":4},"end":{"line":78,"column":5}},"type":"if","locations":[{"start":{"line":75,"column":4},"end":{"line":78,"column":5}},{"start":{},"end":{}}],"line":75}},"s":{"0":8,"1":0,"2":0,"3":0,"4":0,"5":0,"6":0,"7":0,"8":0,"9":0,"10":0,"11":0,"12":0,"13":0,"14":0,"15":0,"16":0,"17":0,"18":0,"19":0,"20":0,"21":0,"22":0,"23":0,"24":0,"25":0,"26":0,"27":0,"28":0,"29":0,"30":0,"31":0,"32":0,"33":0,"34":0,"35":0,"36":0,"37":0,"38":0,"39":0,"40":0,"41":0,"42":0,"43":0,"44":0,"45":0,"46":0,"47":0,"48":0,"49":0,"50":0,"51":0},"f":{"0":0,"1":0},"b":{"0":[0,0],"1":[0,0],"2":[0,0],"3":[0,0]},"inputSourceMap":null,"_coverageSchema":"1a1c01bbd47fc00a2c39e90264f33305004495a9","hash":"86ddc92d029a1978fe4205718db498dae463662d"}
,"/Users/kaankaragoz/Documents/GitHub/CMPE_331_Project/Backend/Crew-Service/seeds/pilots_languages.js": {"path":"/Users/kaankaragoz/Documents/GitHub/CMPE_331_Project/Backend/Crew-Service/seeds/pilots_languages.js","statementMap":{"0":{"start":{"line":3,"column":18},"end":{"line":9,"column":1}},"1":{"start":{"line":12,"column":2},"end":{"line":33,"column":3}},"2":{"start":{"line":13,"column":4},"end":{"line":13,"column":40}},"3":{"start":{"line":16,"column":4},"end":{"line":16,"column":82}},"4":{"start":{"line":19,"column":4},"end":{"line":26,"column":5}},"5":{"start":{"line":21,"column":6},"end":{"line":25,"column":8}},"6":{"start":{"line":28,"column":4},"end":{"line":28,"column":60}},"7":{"start":{"line":31,"column":4},"end":{"line":31,"column":53}},"8":{"start":{"line":32,"column":4},"end":{"line":32,"column":16}}},"fnMap":{"0":{"name":"seedLanguages","decl":{"start":{"line":11,"column":22},"end":{"line":11,"column":35}},"loc":{"start":{"line":11,"column":38},"end":{"line":34,"column":1}},"line":11}},"branchMap":{},"s":{"0":8,"1":0,"2":0,"3":0,"4":0,"5":0,"6":0,"7":0,"8":0},"f":{"0":0},"b":{},"inputSourceMap":null,"_coverageSchema":"1a1c01bbd47fc00a2c39e90264f33305004495a9","hash":"57daeba1280075cf82e8a2fc7ff36c0ec29541c9"}
}
