TN:
SF:server.js
FN:65,(anonymous_0)
FN:93,(anonymous_1)
FN:94,(anonymous_2)
FN:95,(anonymous_3)
FN:98,(anonymous_4)
FN:99,(anonymous_5)
FN:100,(anonymous_6)
FN:101,(anonymous_7)
FN:114,(anonymous_8)
FN:118,(anonymous_9)
FNF:10
FNH:1
FNDA:2,(anonymous_0)
FNDA:0,(anonymous_1)
FNDA:0,(anonymous_2)
FNDA:0,(anonymous_3)
FNDA:0,(anonymous_4)
FNDA:0,(anonymous_5)
FNDA:0,(anonymous_6)
FNDA:0,(anonymous_7)
FNDA:0,(anonymous_8)
FNDA:0,(anonymous_9)
DA:49,8
DA:51,8
DA:52,8
DA:57,8
DA:58,8
DA:59,8
DA:60,8
DA:65,8
DA:66,2
DA:76,8
DA:77,8
DA:78,8
DA:79,8
DA:80,8
DA:81,8
DA:91,8
DA:92,0
DA:93,0
DA:94,0
DA:95,0
DA:98,0
DA:99,0
DA:100,0
DA:102,0
DA:104,0
DA:105,0
DA:106,0
DA:107,0
DA:109,0
DA:110,0
DA:114,0
DA:115,0
DA:119,0
DA:120,0
LF:34
LH:16
BRDA:52,0,0,8
BRDA:52,0,1,0
BRDA:91,1,0,0
BRDA:91,1,1,8
BRDA:102,2,0,0
BRDA:102,2,1,0
BRF:6
BRH:2
end_of_record
TN:
SF:controllers/attendant_typesController.js
FN:4,(anonymous_0)
FN:21,(anonymous_1)
FN:39,(anonymous_2)
FN:55,(anonymous_3)
FN:77,(anonymous_4)
FNF:5
FNH:5
FNDA:6,(anonymous_0)
FNDA:5,(anonymous_1)
FNDA:3,(anonymous_2)
FNDA:5,(anonymous_3)
FNDA:3,(anonymous_4)
DA:4,9
DA:5,6
DA:6,6
DA:10,5
DA:11,2
DA:14,3
DA:16,1
DA:17,1
DA:21,9
DA:22,5
DA:23,5
DA:24,5
DA:28,4
DA:29,2
DA:32,2
DA:34,1
DA:35,1
DA:39,9
DA:40,3
DA:41,3
DA:42,3
DA:48,2
DA:50,1
DA:51,1
DA:55,9
DA:56,5
DA:57,5
DA:58,5
DA:59,5
DA:66,4
DA:67,2
DA:70,2
DA:72,1
DA:73,1
DA:77,9
DA:78,3
DA:79,3
DA:80,3
DA:81,2
DA:83,1
DA:84,1
LF:41
LH:41
BRDA:10,0,0,2
BRDA:10,0,1,3
BRDA:28,1,0,2
BRDA:28,1,1,2
BRDA:66,2,0,2
BRDA:66,2,1,2
BRF:6
BRH:6
end_of_record
TN:
SF:controllers/cabin_crewController.js
FN:4,(anonymous_0)
FN:34,(anonymous_1)
FN:65,(anonymous_2)
FN:101,(anonymous_3)
FN:143,(anonymous_4)
FNF:5
FNH:5
FNDA:5,(anonymous_0)
FNDA:4,(anonymous_1)
FNDA:2,(anonymous_2)
FNDA:1,(anonymous_3)
FNDA:1,(anonymous_4)
DA:4,9
DA:5,5
DA:6,5
DA:23,5
DA:24,1
DA:27,3
DA:29,1
DA:30,1
DA:34,9
DA:35,4
DA:36,4
DA:37,4
DA:54,4
DA:55,2
DA:58,1
DA:60,1
DA:61,1
DA:65,9
DA:66,2
DA:67,2
DA:68,2
DA:74,2
DA:76,2
DA:77,0
DA:78,0
DA:85,2
DA:86,0
DA:87,0
DA:94,2
DA:96,0
DA:97,0
DA:101,9
DA:102,1
DA:103,1
DA:104,1
DA:105,1
DA:113,1
DA:115,1
DA:116,0
DA:117,0
DA:124,1
DA:125,0
DA:126,0
DA:127,0
DA:128,0
DA:136,1
DA:138,0
DA:139,0
DA:143,9
DA:144,1
DA:145,1
DA:146,1
DA:147,1
DA:149,0
DA:150,0
LF:55
LH:39
BRDA:23,0,0,1
BRDA:23,0,1,3
BRDA:54,1,0,2
BRDA:54,1,1,1
BRDA:76,2,0,0
BRDA:76,2,1,2
BRDA:76,3,0,2
BRDA:76,3,1,0
BRDA:76,3,2,0
BRDA:85,4,0,0
BRDA:85,4,1,2
BRDA:85,5,0,2
BRDA:85,5,1,0
BRDA:85,5,2,0
BRDA:115,6,0,0
BRDA:115,6,1,1
BRDA:115,7,0,1
BRDA:115,7,1,0
BRDA:115,7,2,0
BRDA:124,8,0,0
BRDA:124,8,1,1
BRDA:124,9,0,1
BRDA:124,9,1,0
BRDA:126,10,0,0
BRDA:126,10,1,0
BRF:25
BRH:12
end_of_record
TN:
SF:controllers/cabin_crew_vehicle_restrictionsController.js
FN:4,(anonymous_0)
FN:27,(anonymous_1)
FN:51,(anonymous_2)
FN:67,(anonymous_3)
FN:89,(anonymous_4)
FNF:5
FNH:0
FNDA:0,(anonymous_0)
FNDA:0,(anonymous_1)
FNDA:0,(anonymous_2)
FNDA:0,(anonymous_3)
FNDA:0,(anonymous_4)
DA:4,8
DA:5,0
DA:6,0
DA:16,0
DA:17,0
DA:20,0
DA:22,0
DA:23,0
DA:27,8
DA:28,0
DA:29,0
DA:30,0
DA:40,0
DA:41,0
DA:44,0
DA:46,0
DA:47,0
DA:51,8
DA:52,0
DA:53,0
DA:54,0
DA:60,0
DA:62,0
DA:63,0
DA:67,8
DA:68,0
DA:69,0
DA:70,0
DA:71,0
DA:78,0
DA:79,0
DA:82,0
DA:84,0
DA:85,0
DA:89,8
DA:90,0
DA:91,0
DA:92,0
DA:93,0
DA:95,0
DA:96,0
LF:41
LH:5
BRDA:16,0,0,0
BRDA:16,0,1,0
BRDA:40,1,0,0
BRDA:40,1,1,0
BRDA:78,2,0,0
BRDA:78,2,1,0
BRF:6
BRH:0
end_of_record
TN:
SF:controllers/dish_recipesController.js
FN:4,(anonymous_0)
FN:25,(anonymous_1)
FN:47,(anonymous_2)
FN:63,(anonymous_3)
FN:85,(anonymous_4)
FNF:5
FNH:0
FNDA:0,(anonymous_0)
FNDA:0,(anonymous_1)
FNDA:0,(anonymous_2)
FNDA:0,(anonymous_3)
FNDA:0,(anonymous_4)
DA:4,8
DA:5,0
DA:6,0
DA:14,0
DA:15,0
DA:18,0
DA:20,0
DA:21,0
DA:25,8
DA:26,0
DA:27,0
DA:28,0
DA:36,0
DA:37,0
DA:40,0
DA:42,0
DA:43,0
DA:47,8
DA:48,0
DA:49,0
DA:50,0
DA:56,0
DA:58,0
DA:59,0
DA:63,8
DA:64,0
DA:65,0
DA:66,0
DA:67,0
DA:74,0
DA:75,0
DA:78,0
DA:80,0
DA:81,0
DA:85,8
DA:86,0
DA:87,0
DA:88,0
DA:89,0
DA:91,0
DA:92,0
LF:41
LH:5
BRDA:14,0,0,0
BRDA:14,0,1,0
BRDA:36,1,0,0
BRDA:36,1,1,0
BRDA:74,2,0,0
BRDA:74,2,1,0
BRF:6
BRH:0
end_of_record
TN:
SF:controllers/pilotsController.js
FN:5,(anonymous_0)
FN:125,(anonymous_1)
FN:153,(anonymous_2)
FN:210,(anonymous_3)
FN:292,(anonymous_4)
FNF:5
FNH:5
FNDA:28,(anonymous_0)
FNDA:6,(anonymous_1)
FNDA:8,(anonymous_2)
FNDA:6,(anonymous_3)
FNDA:5,(anonymous_4)
DA:5,9
DA:6,28
DA:7,28
DA:12,28
DA:14,0
DA:35,28
DA:37,0
DA:58,28
DA:60,2
DA:83,26
DA:105,27
DA:115,2
DA:116,2
DA:125,9
DA:126,6
DA:127,6
DA:129,6
DA:131,4
DA:132,2
DA:138,2
DA:143,2
DA:144,2
DA:153,9
DA:154,8
DA:155,8
DA:158,8
DA:159,2
DA:165,6
DA:166,2
DA:173,4
DA:179,3
DA:182,2
DA:183,2
DA:184,4
DA:193,2
DA:195,2
DA:201,2
DA:210,9
DA:211,6
DA:212,6
DA:213,6
DA:216,6
DA:219,6
DA:220,2
DA:227,4
DA:228,1
DA:236,3
DA:237,3
DA:239,2
DA:240,2
DA:242,2
DA:243,0
DA:245,2
DA:246,0
DA:248,2
DA:249,0
DA:251,2
DA:252,0
DA:254,2
DA:255,0
DA:259,2
DA:261,0
DA:264,0
DA:265,0
DA:266,0
DA:275,2
DA:277,2
DA:283,1
DA:292,9
DA:293,5
DA:294,5
DA:297,5
DA:300,5
DA:301,2
DA:308,3
DA:310,2
DA:315,1
LF:77
LH:66
BRDA:12,0,0,0
BRDA:12,0,1,28
BRDA:12,1,0,28
BRDA:12,1,1,0
BRDA:35,2,0,0
BRDA:35,2,1,28
BRDA:58,3,0,2
BRDA:58,3,1,26
BRDA:109,4,0,26
BRDA:109,4,1,26
BRDA:110,5,0,26
BRDA:110,5,1,24
BRDA:131,6,0,2
BRDA:131,6,1,2
BRDA:158,7,0,2
BRDA:158,7,1,6
BRDA:158,8,0,8
BRDA:158,8,1,8
BRDA:158,8,2,7
BRDA:158,8,3,6
BRDA:158,8,4,6
BRDA:158,8,5,6
BRDA:158,8,6,6
BRDA:165,9,0,2
BRDA:165,9,1,4
BRDA:182,10,0,2
BRDA:182,10,1,0
BRDA:182,11,0,2
BRDA:182,11,1,2
BRDA:182,11,2,2
BRDA:219,12,0,2
BRDA:219,12,1,4
BRDA:227,13,0,1
BRDA:227,13,1,3
BRDA:227,14,0,4
BRDA:227,14,1,1
BRDA:236,15,0,3
BRDA:236,15,1,0
BRDA:239,16,0,2
BRDA:239,16,1,0
BRDA:242,17,0,0
BRDA:242,17,1,2
BRDA:245,18,0,0
BRDA:245,18,1,2
BRDA:248,19,0,0
BRDA:248,19,1,2
BRDA:251,20,0,0
BRDA:251,20,1,2
BRDA:254,21,0,0
BRDA:254,21,1,2
BRDA:259,22,0,0
BRDA:259,22,1,2
BRDA:264,23,0,0
BRDA:264,23,1,0
BRDA:264,24,0,0
BRDA:264,24,1,0
BRDA:300,25,0,2
BRDA:300,25,1,3
BRF:58
BRH:42
end_of_record
TN:
SF:controllers/pilots_languagesController.js
FN:4,(anonymous_0)
FN:30,(anonymous_1)
FN:76,(anonymous_2)
FN:103,(anonymous_3)
FN:218,(anonymous_4)
FN:259,(anonymous_5)
FNF:6
FNH:1
FNDA:1,(anonymous_0)
FNDA:0,(anonymous_1)
FNDA:0,(anonymous_2)
FNDA:0,(anonymous_3)
FNDA:0,(anonymous_4)
FNDA:0,(anonymous_5)
DA:4,7
DA:5,1
DA:26,1
DA:30,7
DA:31,0
DA:32,0
DA:35,0
DA:36,0
DA:40,0
DA:61,0
DA:67,0
DA:76,7
DA:77,0
DA:78,0
DA:80,0
DA:82,0
DA:83,0
DA:89,0
DA:94,0
DA:103,7
DA:104,0
DA:105,0
DA:109,0
DA:110,0
DA:131,0
DA:132,0
DA:153,0
DA:154,0
DA:177,0
DA:199,0
DA:209,0
DA:218,7
DA:219,0
DA:220,0
DA:222,0
DA:223,0
DA:230,0
DA:231,0
DA:232,0
DA:239,0
DA:244,0
DA:249,0
DA:250,0
DA:259,7
DA:260,0
DA:261,0
DA:264,0
DA:265,0
DA:272,0
DA:277,0
DA:278,0
DA:285,0
DA:290,0
DA:295,0
DA:296,0
LF:55
LH:8
BRDA:26,0,0,0
BRDA:26,0,1,0
BRDA:35,1,0,0
BRDA:35,1,1,0
BRDA:35,2,0,0
BRDA:35,2,1,0
BRDA:82,3,0,0
BRDA:82,3,1,0
BRDA:109,4,0,0
BRDA:109,4,1,0
BRDA:109,5,0,0
BRDA:109,5,1,0
BRDA:131,6,0,0
BRDA:131,6,1,0
BRDA:153,7,0,0
BRDA:153,7,1,0
BRDA:203,8,0,0
BRDA:203,8,1,0
BRDA:204,9,0,0
BRDA:204,9,1,0
BRDA:222,10,0,0
BRDA:222,10,1,0
BRDA:231,11,0,0
BRDA:231,11,1,0
BRDA:264,12,0,0
BRDA:264,12,1,0
BRDA:264,13,0,0
BRDA:264,13,1,0
BRDA:277,14,0,0
BRDA:277,14,1,0
BRF:30
BRH:0
end_of_record
TN:
SF:db/initDB_attendant_types.js
FN:3,initDB_attendant_types
FNF:1
FNH:0
FNDA:0,initDB_attendant_types
DA:4,0
DA:5,0
DA:13,0
DA:15,0
LF:4
LH:0
BRF:0
BRH:0
end_of_record
TN:
SF:db/initDB_cabin_crew.js
FN:3,initDB_cabin_crew
FNF:1
FNH:0
FNDA:0,initDB_cabin_crew
DA:4,0
DA:5,0
DA:18,0
DA:20,0
LF:4
LH:0
BRF:0
BRH:0
end_of_record
TN:
SF:db/initDB_cabin_crew_vehicle_restrictions.js
FN:4,initDB_cabin_crew_vehicle_restrictions
FNF:1
FNH:0
FNDA:0,initDB_cabin_crew_vehicle_restrictions
DA:5,0
DA:6,0
DA:15,0
DA:17,0
LF:4
LH:0
BRF:0
BRH:0
end_of_record
TN:
SF:db/initDB_dish_recipes.js
FN:3,initDB_dish_recipes
FNF:1
FNH:0
FNDA:0,initDB_dish_recipes
DA:4,0
DA:5,0
DA:14,0
DA:16,0
LF:4
LH:0
BRF:0
BRH:0
end_of_record
TN:
SF:db/initDB_pilots.js
FN:3,(anonymous_0)
FNF:1
FNH:0
FNDA:0,(anonymous_0)
DA:3,8
DA:4,0
DA:5,0
DA:8,0
DA:11,0
DA:25,0
DA:28,0
DA:29,0
DA:34,8
LF:9
LH:2
BRF:0
BRH:0
end_of_record
TN:
SF:db/initDB_pilots_languages.js
FN:4,(anonymous_0)
FN:39,(anonymous_1)
FN:58,(anonymous_2)
FNF:3
FNH:0
FNDA:0,(anonymous_0)
FNDA:0,(anonymous_1)
FNDA:0,(anonymous_2)
DA:4,8
DA:5,0
DA:6,0
DA:8,0
DA:17,0
DA:19,0
DA:21,0
DA:30,0
DA:32,0
DA:33,0
DA:39,8
DA:40,0
DA:42,0
DA:51,0
DA:53,0
DA:54,0
DA:58,8
DA:59,0
DA:61,0
DA:70,0
DA:72,0
DA:73,0
LF:22
LH:3
BRF:0
BRH:0
end_of_record
TN:
SF:routes/attendant_typesRoutes.js
FNF:0
FNH:0
DA:10,8
DA:12,8
DA:13,8
DA:14,8
DA:15,8
DA:16,8
LF:6
LH:6
BRF:0
BRH:0
end_of_record
TN:
SF:routes/cabin_crewRoutes.js
FNF:0
FNH:0
DA:10,8
DA:12,8
DA:13,8
DA:14,8
DA:15,8
DA:16,8
LF:6
LH:6
BRF:0
BRH:0
end_of_record
TN:
SF:routes/cabin_crew_vehicle_restrictionsRoutes.js
FNF:0
FNH:0
DA:10,8
DA:12,8
DA:13,8
DA:14,8
DA:15,8
DA:16,8
LF:6
LH:6
BRF:0
BRH:0
end_of_record
TN:
SF:routes/dish_recipesRoutes.js
FNF:0
FNH:0
DA:10,8
DA:12,8
DA:13,8
DA:14,8
DA:15,8
DA:16,8
LF:6
LH:6
BRF:0
BRH:0
end_of_record
TN:
SF:routes/pilotsRoutes.js
FNF:0
FNH:0
DA:11,8
DA:23,8
DA:28,8
DA:33,8
DA:38,8
DA:44,8
LF:6
LH:6
BRF:0
BRH:0
end_of_record
TN:
SF:routes/pilots_languagesRoutes.js
FNF:0
FNH:0
DA:2,8
DA:12,8
DA:15,8
DA:18,8
DA:22,8
DA:26,8
LF:6
LH:6
BRF:0
BRH:0
end_of_record
TN:
SF:seeds/attendant_types.js
FN:10,seedAttendantTypes
FNF:1
FNH:0
FNDA:0,seedAttendantTypes
DA:3,8
DA:11,0
DA:13,0
DA:16,0
DA:19,0
DA:20,0
DA:27,0
DA:30,0
DA:31,0
LF:9
LH:1
BRF:0
BRH:0
end_of_record
TN:
SF:seeds/cabin_crew.js
FN:14,seedCabinCrew
FN:26,(anonymous_1)
FN:41,(anonymous_2)
FNF:3
FNH:0
FNDA:0,seedCabinCrew
FNDA:0,(anonymous_1)
FNDA:0,(anonymous_2)
DA:3,8
DA:15,0
DA:16,0
DA:19,0
DA:22,0
DA:25,0
DA:26,0
DA:27,0
DA:31,0
DA:32,0
DA:34,0
DA:35,0
DA:36,0
DA:41,0
DA:42,0
DA:44,0
DA:50,0
DA:53,0
DA:54,0
LF:19
LH:1
BRDA:34,0,0,0
BRDA:34,0,1,0
BRF:2
BRH:0
end_of_record
TN:
SF:seeds/cabin_crew_vehicle_restrictions.js
FN:18,seedCabinCrewVehicleRestrictions
FN:32,(anonymous_1)
FNF:2
FNH:0
FNDA:0,seedCabinCrewVehicleRestrictions
FNDA:0,(anonymous_1)
DA:4,8
DA:19,0
DA:20,0
DA:23,0
DA:26,0
DA:32,0
DA:35,0
DA:36,0
DA:38,0
DA:39,0
DA:40,0
DA:43,0
DA:50,0
DA:53,0
DA:54,0
LF:15
LH:1
BRDA:38,0,0,0
BRDA:38,0,1,0
BRF:2
BRH:0
end_of_record
TN:
SF:seeds/dish_recipes.js
FN:11,seedDishRecipes
FN:22,(anonymous_1)
FNF:2
FNH:0
FNDA:0,seedDishRecipes
FNDA:0,(anonymous_1)
DA:3,8
DA:12,0
DA:13,0
DA:16,0
DA:19,0
DA:22,0
DA:25,0
DA:26,0
DA:28,0
DA:29,0
DA:30,0
DA:33,0
DA:39,0
DA:42,0
DA:43,0
LF:15
LH:1
BRDA:28,0,0,0
BRDA:28,0,1,0
BRF:2
BRH:0
end_of_record
TN:
SF:seeds/pilots.js
FN:3,(anonymous_0)
FN:15,(anonymous_1)
FNF:2
FNH:0
FNDA:0,(anonymous_0)
FNDA:0,(anonymous_1)
DA:3,8
DA:4,0
DA:5,0
DA:8,0
DA:11,0
DA:14,0
DA:15,0
DA:16,0
DA:18,0
DA:19,0
DA:23,0
DA:46,0
DA:47,0
DA:48,0
DA:50,0
DA:51,0
DA:52,0
DA:56,0
DA:60,0
DA:63,0
DA:66,0
DA:67,0
DA:68,0
DA:70,0
DA:71,0
DA:72,0
DA:75,0
DA:76,0
DA:77,0
DA:81,0
DA:83,0
DA:84,0
DA:86,0
DA:87,0
DA:89,0
DA:90,0
DA:93,0
DA:99,0
DA:102,0
DA:105,0
DA:106,0
DA:109,0
DA:110,0
DA:112,0
DA:113,0
DA:115,0
DA:122,0
DA:123,0
DA:130,0
DA:134,0
DA:135,0
LF:51
LH:1
BRDA:18,0,0,0
BRDA:18,0,1,0
BRDA:50,1,0,0
BRDA:50,1,1,0
BRDA:70,2,0,0
BRDA:70,2,1,0
BRDA:75,3,0,0
BRDA:75,3,1,0
BRF:8
BRH:0
end_of_record
TN:
SF:seeds/pilots_languages.js
FN:11,seedLanguages
FNF:1
FNH:0
FNDA:0,seedLanguages
DA:3,8
DA:12,0
DA:13,0
DA:16,0
DA:19,0
DA:21,0
DA:28,0
DA:31,0
DA:32,0
LF:9
LH:1
BRF:0
BRH:0
end_of_record
