{"/Users/kaankaragoz/Documents/GitHub/CMPE_331_Project/Backend/Passenger-Service/server.js": {"path":"/Users/kaankaragoz/Documents/GitHub/CMPE_331_Project/Backend/Passenger-Service/server.js","statementMap":{"0":{"start":{"line":36,"column":0},"end":{"line":36,"column":16}},"1":{"start":{"line":38,"column":12},"end":{"line":38,"column":21}},"2":{"start":{"line":39,"column":13},"end":{"line":39,"column":55}},"3":{"start":{"line":44,"column":0},"end":{"line":44,"column":24}},"4":{"start":{"line":45,"column":0},"end":{"line":45,"column":16}},"5":{"start":{"line":46,"column":0},"end":{"line":46,"column":18}},"6":{"start":{"line":47,"column":0},"end":{"line":47,"column":23}},"7":{"start":{"line":52,"column":0},"end":{"line":58,"column":3}},"8":{"start":{"line":53,"column":2},"end":{"line":57,"column":5}},"9":{"start":{"line":63,"column":0},"end":{"line":63,"column":45}},"10":{"start":{"line":71,"column":0},"end":{"line":102,"column":1}},"11":{"start":{"line":72,"column":2},"end":{"line":101,"column":7}},"12":{"start":{"line":73,"column":16},"end":{"line":73,"column":54}},"13":{"start":{"line":74,"column":16},"end":{"line":74,"column":51}},"14":{"start":{"line":75,"column":16},"end":{"line":75,"column":34}},"15":{"start":{"line":76,"column":16},"end":{"line":76,"column":43}},"16":{"start":{"line":79,"column":6},"end":{"line":92,"column":7}},"17":{"start":{"line":80,"column":8},"end":{"line":80,"column":42}},"18":{"start":{"line":81,"column":8},"end":{"line":91,"column":9}},"19":{"start":{"line":82,"column":10},"end":{"line":82,"column":33}},"20":{"start":{"line":83,"column":10},"end":{"line":83,"column":35}},"21":{"start":{"line":84,"column":10},"end":{"line":84,"column":31}},"22":{"start":{"line":85,"column":10},"end":{"line":85,"column":34}},"23":{"start":{"line":86,"column":10},"end":{"line":86,"column":30}},"24":{"start":{"line":87,"column":10},"end":{"line":87,"column":46}},"25":{"start":{"line":89,"column":10},"end":{"line":89,"column":58}},"26":{"start":{"line":94,"column":6},"end":{"line":96,"column":9}},"27":{"start":{"line":95,"column":8},"end":{"line":95,"column":68}},"28":{"start":{"line":99,"column":6},"end":{"line":99,"column":65}},"29":{"start":{"line":100,"column":6},"end":{"line":100,"column":22}}},"fnMap":{"0":{"name":"(anonymous_0)","decl":{"start":{"line":52,"column":19},"end":{"line":52,"column":20}},"loc":{"start":{"line":52,"column":33},"end":{"line":58,"column":1}},"line":52},"1":{"name":"(anonymous_1)","decl":{"start":{"line":73,"column":10},"end":{"line":73,"column":11}},"loc":{"start":{"line":73,"column":16},"end":{"line":73,"column":54}},"line":73},"2":{"name":"(anonymous_2)","decl":{"start":{"line":74,"column":10},"end":{"line":74,"column":11}},"loc":{"start":{"line":74,"column":16},"end":{"line":74,"column":51}},"line":74},"3":{"name":"(anonymous_3)","decl":{"start":{"line":75,"column":10},"end":{"line":75,"column":11}},"loc":{"start":{"line":75,"column":16},"end":{"line":75,"column":34}},"line":75},"4":{"name":"(anonymous_4)","decl":{"start":{"line":76,"column":10},"end":{"line":76,"column":11}},"loc":{"start":{"line":76,"column":16},"end":{"line":76,"column":43}},"line":76},"5":{"name":"(anonymous_5)","decl":{"start":{"line":77,"column":10},"end":{"line":77,"column":11}},"loc":{"start":{"line":77,"column":22},"end":{"line":97,"column":5}},"line":77},"6":{"name":"(anonymous_6)","decl":{"start":{"line":94,"column":23},"end":{"line":94,"column":24}},"loc":{"start":{"line":94,"column":29},"end":{"line":96,"column":7}},"line":94},"7":{"name":"(anonymous_7)","decl":{"start":{"line":98,"column":11},"end":{"line":98,"column":12}},"loc":{"start":{"line":98,"column":20},"end":{"line":101,"column":5}},"line":98}},"branchMap":{"0":{"loc":{"start":{"line":39,"column":13},"end":{"line":39,"column":55}},"type":"binary-expr","locations":[{"start":{"line":39,"column":13},"end":{"line":39,"column":47}},{"start":{"line":39,"column":51},"end":{"line":39,"column":55}}],"line":39},"1":{"loc":{"start":{"line":71,"column":0},"end":{"line":102,"column":1}},"type":"if","locations":[{"start":{"line":71,"column":0},"end":{"line":102,"column":1}},{"start":{},"end":{}}],"line":71},"2":{"loc":{"start":{"line":79,"column":6},"end":{"line":92,"column":7}},"type":"if","locations":[{"start":{"line":79,"column":6},"end":{"line":92,"column":7}},{"start":{},"end":{}}],"line":79}},"s":{"0":4,"1":4,"2":4,"3":4,"4":4,"5":4,"6":4,"7":4,"8":52,"9":4,"10":4,"11":0,"12":0,"13":0,"14":0,"15":0,"16":0,"17":0,"18":0,"19":0,"20":0,"21":0,"22":0,"23":0,"24":0,"25":0,"26":0,"27":0,"28":0,"29":0},"f":{"0":52,"1":0,"2":0,"3":0,"4":0,"5":0,"6":0,"7":0},"b":{"0":[4,0],"1":[0,4],"2":[0,0]},"inputSourceMap":null,"_coverageSchema":"1a1c01bbd47fc00a2c39e90264f33305004495a9","hash":"4543f8ae3c7640f55eb6f0f798693640afccca5b"}
,"/Users/kaankaragoz/Documents/GitHub/CMPE_331_Project/Backend/Passenger-Service/config/db.js": {"path":"/Users/kaankaragoz/Documents/GitHub/CMPE_331_Project/Backend/Passenger-Service/config/db.js","statementMap":{"0":{"start":{"line":4,"column":0},"end":{"line":4,"column":16}},"1":{"start":{"line":6,"column":51},"end":{"line":6,"column":62}},"2":{"start":{"line":9,"column":19},"end":{"line":11,"column":1}}},"fnMap":{},"branchMap":{},"s":{"0":2,"1":2,"2":2},"f":{},"b":{},"inputSourceMap":null,"_coverageSchema":"1a1c01bbd47fc00a2c39e90264f33305004495a9","hash":"a2b49bd5ea746915462d0ed818c4bb6aaf48c2f0"}
,"/Users/kaankaragoz/Documents/GitHub/CMPE_331_Project/Backend/Passenger-Service/controllers/passengersController.js": {"path":"/Users/kaankaragoz/Documents/GitHub/CMPE_331_Project/Backend/Passenger-Service/controllers/passengersController.js","statementMap":{"0":{"start":{"line":8,"column":32},"end":{"line":16,"column":1}},"1":{"start":{"line":9,"column":2},"end":{"line":15,"column":3}},"2":{"start":{"line":10,"column":23},"end":{"line":10,"column":85}},"3":{"start":{"line":11,"column":4},"end":{"line":11,"column":62}},"4":{"start":{"line":13,"column":4},"end":{"line":13,"column":59}},"5":{"start":{"line":14,"column":4},"end":{"line":14,"column":70}},"6":{"start":{"line":19,"column":32},"end":{"line":31,"column":1}},"7":{"start":{"line":20,"column":17},"end":{"line":20,"column":27}},"8":{"start":{"line":21,"column":2},"end":{"line":30,"column":3}},"9":{"start":{"line":22,"column":22},"end":{"line":22,"column":84}},"10":{"start":{"line":23,"column":4},"end":{"line":25,"column":5}},"11":{"start":{"line":24,"column":6},"end":{"line":24,"column":86}},"12":{"start":{"line":26,"column":4},"end":{"line":26,"column":64}},"13":{"start":{"line":28,"column":4},"end":{"line":28,"column":54}},"14":{"start":{"line":29,"column":4},"end":{"line":29,"column":70}},"15":{"start":{"line":34,"column":31},"end":{"line":59,"column":1}},"16":{"start":{"line":35,"column":45},"end":{"line":35,"column":53}},"17":{"start":{"line":38,"column":2},"end":{"line":40,"column":3}},"18":{"start":{"line":39,"column":4},"end":{"line":39,"column":98}},"19":{"start":{"line":42,"column":2},"end":{"line":58,"column":3}},"20":{"start":{"line":43,"column":25},"end":{"line":47,"column":5}},"21":{"start":{"line":49,"column":4},"end":{"line":53,"column":7}},"22":{"start":{"line":56,"column":4},"end":{"line":56,"column":54}},"23":{"start":{"line":57,"column":4},"end":{"line":57,"column":70}},"24":{"start":{"line":62,"column":31},"end":{"line":83,"column":1}},"25":{"start":{"line":63,"column":17},"end":{"line":63,"column":27}},"26":{"start":{"line":64,"column":45},"end":{"line":64,"column":53}},"27":{"start":{"line":66,"column":2},"end":{"line":82,"column":3}},"28":{"start":{"line":67,"column":20},"end":{"line":72,"column":5}},"29":{"start":{"line":74,"column":4},"end":{"line":76,"column":5}},"30":{"start":{"line":75,"column":6},"end":{"line":75,"column":86}},"31":{"start":{"line":78,"column":4},"end":{"line":78,"column":92}},"32":{"start":{"line":80,"column":4},"end":{"line":80,"column":54}},"33":{"start":{"line":81,"column":4},"end":{"line":81,"column":70}},"34":{"start":{"line":86,"column":31},"end":{"line":100,"column":1}},"35":{"start":{"line":87,"column":17},"end":{"line":87,"column":27}},"36":{"start":{"line":88,"column":2},"end":{"line":99,"column":3}},"37":{"start":{"line":89,"column":20},"end":{"line":89,"column":103}},"38":{"start":{"line":91,"column":4},"end":{"line":93,"column":5}},"39":{"start":{"line":92,"column":6},"end":{"line":92,"column":86}},"40":{"start":{"line":95,"column":4},"end":{"line":95,"column":87}},"41":{"start":{"line":97,"column":4},"end":{"line":97,"column":54}},"42":{"start":{"line":98,"column":4},"end":{"line":98,"column":70}},"43":{"start":{"line":103,"column":37},"end":{"line":126,"column":1}},"44":{"start":{"line":104,"column":28},"end":{"line":104,"column":38}},"45":{"start":{"line":105,"column":2},"end":{"line":125,"column":3}},"46":{"start":{"line":106,"column":23},"end":{"line":120,"column":5}},"47":{"start":{"line":121,"column":4},"end":{"line":121,"column":62}},"48":{"start":{"line":123,"column":4},"end":{"line":123,"column":55}},"49":{"start":{"line":124,"column":4},"end":{"line":124,"column":70}},"50":{"start":{"line":129,"column":36},"end":{"line":151,"column":1}},"51":{"start":{"line":130,"column":85},"end":{"line":130,"column":93}},"52":{"start":{"line":131,"column":2},"end":{"line":150,"column":3}},"53":{"start":{"line":132,"column":25},"end":{"line":136,"column":5}},"54":{"start":{"line":137,"column":24},"end":{"line":137,"column":52}},"55":{"start":{"line":139,"column":4},"end":{"line":144,"column":6}},"56":{"start":{"line":146,"column":4},"end":{"line":146,"column":95}},"57":{"start":{"line":148,"column":4},"end":{"line":148,"column":52}},"58":{"start":{"line":149,"column":4},"end":{"line":149,"column":70}},"59":{"start":{"line":154,"column":41},"end":{"line":170,"column":1}},"60":{"start":{"line":155,"column":42},"end":{"line":155,"column":52}},"61":{"start":{"line":156,"column":2},"end":{"line":169,"column":3}},"62":{"start":{"line":157,"column":20},"end":{"line":161,"column":5}},"63":{"start":{"line":162,"column":4},"end":{"line":164,"column":5}},"64":{"start":{"line":163,"column":6},"end":{"line":163,"column":87}},"65":{"start":{"line":165,"column":4},"end":{"line":165,"column":86}},"66":{"start":{"line":167,"column":4},"end":{"line":167,"column":66}},"67":{"start":{"line":168,"column":4},"end":{"line":168,"column":70}},"68":{"start":{"line":177,"column":22},"end":{"line":177,"column":64}},"69":{"start":{"line":177,"column":33},"end":{"line":177,"column":64}},"70":{"start":{"line":180,"column":31},"end":{"line":267,"column":1}},"71":{"start":{"line":181,"column":28},"end":{"line":181,"column":38}},"72":{"start":{"line":182,"column":2},"end":{"line":266,"column":3}},"73":{"start":{"line":183,"column":23},"end":{"line":187,"column":5}},"74":{"start":{"line":189,"column":4},"end":{"line":191,"column":5}},"75":{"start":{"line":190,"column":6},"end":{"line":190,"column":84}},"76":{"start":{"line":193,"column":30},"end":{"line":193,"column":56}},"77":{"start":{"line":194,"column":27},"end":{"line":194,"column":29}},"78":{"start":{"line":195,"column":21},"end":{"line":195,"column":22}},"79":{"start":{"line":198,"column":4},"end":{"line":206,"column":5}},"80":{"start":{"line":199,"column":38},"end":{"line":199,"column":64}},"81":{"start":{"line":200,"column":6},"end":{"line":205,"column":7}},"82":{"start":{"line":200,"column":19},"end":{"line":200,"column":20}},"83":{"start":{"line":201,"column":8},"end":{"line":203,"column":9}},"84":{"start":{"line":201,"column":21},"end":{"line":201,"column":22}},"85":{"start":{"line":202,"column":10},"end":{"line":202,"column":95}},"86":{"start":{"line":204,"column":8},"end":{"line":204,"column":21}},"87":{"start":{"line":209,"column":4},"end":{"line":217,"column":5}},"88":{"start":{"line":210,"column":38},"end":{"line":210,"column":63}},"89":{"start":{"line":211,"column":6},"end":{"line":216,"column":7}},"90":{"start":{"line":211,"column":19},"end":{"line":211,"column":20}},"91":{"start":{"line":212,"column":8},"end":{"line":214,"column":9}},"92":{"start":{"line":212,"column":21},"end":{"line":212,"column":22}},"93":{"start":{"line":213,"column":10},"end":{"line":213,"column":94}},"94":{"start":{"line":215,"column":8},"end":{"line":215,"column":21}},"95":{"start":{"line":219,"column":32},"end":{"line":222,"column":5}},"96":{"start":{"line":223,"column":26},"end":{"line":223,"column":78}},"97":{"start":{"line":223,"column":63},"end":{"line":223,"column":76}},"98":{"start":{"line":225,"column":31},"end":{"line":228,"column":5}},"99":{"start":{"line":230,"column":4},"end":{"line":232,"column":5}},"100":{"start":{"line":231,"column":6},"end":{"line":231,"column":100}},"101":{"start":{"line":234,"column":22},"end":{"line":234,"column":78}},"102":{"start":{"line":235,"column":20},"end":{"line":235,"column":22}},"103":{"start":{"line":236,"column":4},"end":{"line":239,"column":7}},"104":{"start":{"line":237,"column":6},"end":{"line":238,"column":98}},"105":{"start":{"line":237,"column":58},"end":{"line":237,"column":95}},"106":{"start":{"line":238,"column":11},"end":{"line":238,"column":98}},"107":{"start":{"line":238,"column":62},"end":{"line":238,"column":98}},"108":{"start":{"line":241,"column":24},"end":{"line":241,"column":25}},"109":{"start":{"line":242,"column":4},"end":{"line":259,"column":5}},"110":{"start":{"line":243,"column":39},"end":{"line":243,"column":70}},"111":{"start":{"line":244,"column":24},"end":{"line":248,"column":8}},"112":{"start":{"line":245,"column":27},"end":{"line":245,"column":58}},"113":{"start":{"line":246,"column":29},"end":{"line":246,"column":106}},"114":{"start":{"line":247,"column":8},"end":{"line":247,"column":43}},"115":{"start":{"line":250,"column":6},"end":{"line":258,"column":7}},"116":{"start":{"line":251,"column":8},"end":{"line":255,"column":10}},"117":{"start":{"line":256,"column":8},"end":{"line":256,"column":42}},"118":{"start":{"line":257,"column":8},"end":{"line":257,"column":24}},"119":{"start":{"line":261,"column":4},"end":{"line":261,"column":116}},"120":{"start":{"line":264,"column":4},"end":{"line":264,"column":50}},"121":{"start":{"line":265,"column":4},"end":{"line":265,"column":70}},"122":{"start":{"line":270,"column":34},"end":{"line":304,"column":1}},"123":{"start":{"line":271,"column":28},"end":{"line":271,"column":38}},"124":{"start":{"line":272,"column":40},"end":{"line":272,"column":48}},"125":{"start":{"line":274,"column":2},"end":{"line":276,"column":3}},"126":{"start":{"line":275,"column":4},"end":{"line":275,"column":103}},"127":{"start":{"line":278,"column":2},"end":{"line":303,"column":3}},"128":{"start":{"line":279,"column":22},"end":{"line":282,"column":5}},"129":{"start":{"line":284,"column":4},"end":{"line":286,"column":5}},"130":{"start":{"line":285,"column":6},"end":{"line":285,"column":107}},"131":{"start":{"line":288,"column":19},"end":{"line":293,"column":5}},"132":{"start":{"line":295,"column":4},"end":{"line":297,"column":5}},"133":{"start":{"line":296,"column":6},"end":{"line":296,"column":97}},"134":{"start":{"line":299,"column":4},"end":{"line":299,"column":84}},"135":{"start":{"line":301,"column":4},"end":{"line":301,"column":49}},"136":{"start":{"line":302,"column":4},"end":{"line":302,"column":70}},"137":{"start":{"line":311,"column":39},"end":{"line":325,"column":1}},"138":{"start":{"line":312,"column":28},"end":{"line":312,"column":38}},"139":{"start":{"line":313,"column":2},"end":{"line":324,"column":3}},"140":{"start":{"line":314,"column":25},"end":{"line":320,"column":5}},"141":{"start":{"line":321,"column":4},"end":{"line":321,"column":64}},"142":{"start":{"line":323,"column":4},"end":{"line":323,"column":70}},"143":{"start":{"line":328,"column":30},"end":{"line":340,"column":1}},"144":{"start":{"line":329,"column":72},"end":{"line":329,"column":80}},"145":{"start":{"line":330,"column":2},"end":{"line":339,"column":3}},"146":{"start":{"line":331,"column":19},"end":{"line":335,"column":5}},"147":{"start":{"line":336,"column":4},"end":{"line":336,"column":94}},"148":{"start":{"line":338,"column":4},"end":{"line":338,"column":77}},"149":{"start":{"line":343,"column":33},"end":{"line":351,"column":1}},"150":{"start":{"line":344,"column":17},"end":{"line":344,"column":27}},"151":{"start":{"line":345,"column":2},"end":{"line":350,"column":3}},"152":{"start":{"line":346,"column":4},"end":{"line":346,"column":63}},"153":{"start":{"line":347,"column":4},"end":{"line":347,"column":76}},"154":{"start":{"line":349,"column":4},"end":{"line":349,"column":70}},"155":{"start":{"line":358,"column":38},"end":{"line":372,"column":1}},"156":{"start":{"line":359,"column":28},"end":{"line":359,"column":38}},"157":{"start":{"line":360,"column":2},"end":{"line":371,"column":3}},"158":{"start":{"line":361,"column":22},"end":{"line":367,"column":5}},"159":{"start":{"line":368,"column":4},"end":{"line":368,"column":61}},"160":{"start":{"line":370,"column":4},"end":{"line":370,"column":70}},"161":{"start":{"line":375,"column":37},"end":{"line":387,"column":1}},"162":{"start":{"line":376,"column":70},"end":{"line":376,"column":78}},"163":{"start":{"line":377,"column":2},"end":{"line":386,"column":3}},"164":{"start":{"line":378,"column":19},"end":{"line":382,"column":5}},"165":{"start":{"line":383,"column":4},"end":{"line":383,"column":98}},"166":{"start":{"line":385,"column":4},"end":{"line":385,"column":70}},"167":{"start":{"line":390,"column":40},"end":{"line":398,"column":1}},"168":{"start":{"line":391,"column":17},"end":{"line":391,"column":27}},"169":{"start":{"line":392,"column":2},"end":{"line":397,"column":3}},"170":{"start":{"line":393,"column":4},"end":{"line":393,"column":71}},"171":{"start":{"line":394,"column":4},"end":{"line":394,"column":77}},"172":{"start":{"line":396,"column":4},"end":{"line":396,"column":70}}},"fnMap":{"0":{"name":"(anonymous_0)","decl":{"start":{"line":8,"column":32},"end":{"line":8,"column":33}},"loc":{"start":{"line":8,"column":52},"end":{"line":16,"column":1}},"line":8},"1":{"name":"(anonymous_1)","decl":{"start":{"line":19,"column":32},"end":{"line":19,"column":33}},"loc":{"start":{"line":19,"column":52},"end":{"line":31,"column":1}},"line":19},"2":{"name":"(anonymous_2)","decl":{"start":{"line":34,"column":31},"end":{"line":34,"column":32}},"loc":{"start":{"line":34,"column":51},"end":{"line":59,"column":1}},"line":34},"3":{"name":"(anonymous_3)","decl":{"start":{"line":62,"column":31},"end":{"line":62,"column":32}},"loc":{"start":{"line":62,"column":51},"end":{"line":83,"column":1}},"line":62},"4":{"name":"(anonymous_4)","decl":{"start":{"line":86,"column":31},"end":{"line":86,"column":32}},"loc":{"start":{"line":86,"column":51},"end":{"line":100,"column":1}},"line":86},"5":{"name":"(anonymous_5)","decl":{"start":{"line":103,"column":37},"end":{"line":103,"column":38}},"loc":{"start":{"line":103,"column":57},"end":{"line":126,"column":1}},"line":103},"6":{"name":"(anonymous_6)","decl":{"start":{"line":129,"column":36},"end":{"line":129,"column":37}},"loc":{"start":{"line":129,"column":56},"end":{"line":151,"column":1}},"line":129},"7":{"name":"(anonymous_7)","decl":{"start":{"line":154,"column":41},"end":{"line":154,"column":42}},"loc":{"start":{"line":154,"column":61},"end":{"line":170,"column":1}},"line":154},"8":{"name":"(anonymous_8)","decl":{"start":{"line":177,"column":22},"end":{"line":177,"column":23}},"loc":{"start":{"line":177,"column":33},"end":{"line":177,"column":64}},"line":177},"9":{"name":"(anonymous_9)","decl":{"start":{"line":180,"column":31},"end":{"line":180,"column":32}},"loc":{"start":{"line":180,"column":51},"end":{"line":267,"column":1}},"line":180},"10":{"name":"(anonymous_10)","decl":{"start":{"line":223,"column":58},"end":{"line":223,"column":59}},"loc":{"start":{"line":223,"column":63},"end":{"line":223,"column":76}},"line":223},"11":{"name":"(anonymous_11)","decl":{"start":{"line":236,"column":22},"end":{"line":236,"column":23}},"loc":{"start":{"line":236,"column":27},"end":{"line":239,"column":5}},"line":236},"12":{"name":"(anonymous_12)","decl":{"start":{"line":244,"column":44},"end":{"line":244,"column":45}},"loc":{"start":{"line":244,"column":55},"end":{"line":248,"column":7}},"line":244},"13":{"name":"(anonymous_13)","decl":{"start":{"line":270,"column":34},"end":{"line":270,"column":35}},"loc":{"start":{"line":270,"column":54},"end":{"line":304,"column":1}},"line":270},"14":{"name":"(anonymous_14)","decl":{"start":{"line":311,"column":39},"end":{"line":311,"column":40}},"loc":{"start":{"line":311,"column":59},"end":{"line":325,"column":1}},"line":311},"15":{"name":"(anonymous_15)","decl":{"start":{"line":328,"column":30},"end":{"line":328,"column":31}},"loc":{"start":{"line":328,"column":50},"end":{"line":340,"column":1}},"line":328},"16":{"name":"(anonymous_16)","decl":{"start":{"line":343,"column":33},"end":{"line":343,"column":34}},"loc":{"start":{"line":343,"column":53},"end":{"line":351,"column":1}},"line":343},"17":{"name":"(anonymous_17)","decl":{"start":{"line":358,"column":38},"end":{"line":358,"column":39}},"loc":{"start":{"line":358,"column":58},"end":{"line":372,"column":1}},"line":358},"18":{"name":"(anonymous_18)","decl":{"start":{"line":375,"column":37},"end":{"line":375,"column":38}},"loc":{"start":{"line":375,"column":57},"end":{"line":387,"column":1}},"line":375},"19":{"name":"(anonymous_19)","decl":{"start":{"line":390,"column":40},"end":{"line":390,"column":41}},"loc":{"start":{"line":390,"column":60},"end":{"line":398,"column":1}},"line":390}},"branchMap":{"0":{"loc":{"start":{"line":23,"column":4},"end":{"line":25,"column":5}},"type":"if","locations":[{"start":{"line":23,"column":4},"end":{"line":25,"column":5}},{"start":{},"end":{}}],"line":23},"1":{"loc":{"start":{"line":38,"column":2},"end":{"line":40,"column":3}},"type":"if","locations":[{"start":{"line":38,"column":2},"end":{"line":40,"column":3}},{"start":{},"end":{}}],"line":38},"2":{"loc":{"start":{"line":38,"column":6},"end":{"line":38,"column":19}},"type":"binary-expr","locations":[{"start":{"line":38,"column":6},"end":{"line":38,"column":11}},{"start":{"line":38,"column":15},"end":{"line":38,"column":19}}],"line":38},"3":{"loc":{"start":{"line":74,"column":4},"end":{"line":76,"column":5}},"type":"if","locations":[{"start":{"line":74,"column":4},"end":{"line":76,"column":5}},{"start":{},"end":{}}],"line":74},"4":{"loc":{"start":{"line":91,"column":4},"end":{"line":93,"column":5}},"type":"if","locations":[{"start":{"line":91,"column":4},"end":{"line":93,"column":5}},{"start":{},"end":{}}],"line":91},"5":{"loc":{"start":{"line":143,"column":43},"end":{"line":143,"column":63}},"type":"binary-expr","locations":[{"start":{"line":143,"column":43},"end":{"line":143,"column":55}},{"start":{"line":143,"column":59},"end":{"line":143,"column":63}}],"line":143},"6":{"loc":{"start":{"line":143,"column":68},"end":{"line":143,"column":86}},"type":"binary-expr","locations":[{"start":{"line":143,"column":68},"end":{"line":143,"column":77}},{"start":{"line":143,"column":81},"end":{"line":143,"column":86}}],"line":143},"7":{"loc":{"start":{"line":162,"column":4},"end":{"line":164,"column":5}},"type":"if","locations":[{"start":{"line":162,"column":4},"end":{"line":164,"column":5}},{"start":{},"end":{}}],"line":162},"8":{"loc":{"start":{"line":189,"column":4},"end":{"line":191,"column":5}},"type":"if","locations":[{"start":{"line":189,"column":4},"end":{"line":191,"column":5}},{"start":{},"end":{}}],"line":189},"9":{"loc":{"start":{"line":198,"column":4},"end":{"line":206,"column":5}},"type":"if","locations":[{"start":{"line":198,"column":4},"end":{"line":206,"column":5}},{"start":{},"end":{}}],"line":198},"10":{"loc":{"start":{"line":209,"column":4},"end":{"line":217,"column":5}},"type":"if","locations":[{"start":{"line":209,"column":4},"end":{"line":217,"column":5}},{"start":{},"end":{}}],"line":209},"11":{"loc":{"start":{"line":230,"column":4},"end":{"line":232,"column":5}},"type":"if","locations":[{"start":{"line":230,"column":4},"end":{"line":232,"column":5}},{"start":{},"end":{}}],"line":230},"12":{"loc":{"start":{"line":237,"column":6},"end":{"line":238,"column":98}},"type":"if","locations":[{"start":{"line":237,"column":6},"end":{"line":238,"column":98}},{"start":{"line":238,"column":11},"end":{"line":238,"column":98}}],"line":237},"13":{"loc":{"start":{"line":238,"column":11},"end":{"line":238,"column":98}},"type":"if","locations":[{"start":{"line":238,"column":11},"end":{"line":238,"column":98}},{"start":{},"end":{}}],"line":238},"14":{"loc":{"start":{"line":246,"column":29},"end":{"line":246,"column":106}},"type":"cond-expr","locations":[{"start":{"line":246,"column":56},"end":{"line":246,"column":98}},{"start":{"line":246,"column":101},"end":{"line":246,"column":106}}],"line":246},"15":{"loc":{"start":{"line":247,"column":15},"end":{"line":247,"column":42}},"type":"binary-expr","locations":[{"start":{"line":247,"column":15},"end":{"line":247,"column":26}},{"start":{"line":247,"column":30},"end":{"line":247,"column":42}}],"line":247},"16":{"loc":{"start":{"line":250,"column":6},"end":{"line":258,"column":7}},"type":"if","locations":[{"start":{"line":250,"column":6},"end":{"line":258,"column":7}},{"start":{},"end":{}}],"line":250},"17":{"loc":{"start":{"line":274,"column":2},"end":{"line":276,"column":3}},"type":"if","locations":[{"start":{"line":274,"column":2},"end":{"line":276,"column":3}},{"start":{},"end":{}}],"line":274},"18":{"loc":{"start":{"line":274,"column":6},"end":{"line":274,"column":35}},"type":"binary-expr","locations":[{"start":{"line":274,"column":6},"end":{"line":274,"column":19}},{"start":{"line":274,"column":23},"end":{"line":274,"column":35}}],"line":274},"19":{"loc":{"start":{"line":284,"column":4},"end":{"line":286,"column":5}},"type":"if","locations":[{"start":{"line":284,"column":4},"end":{"line":286,"column":5}},{"start":{},"end":{}}],"line":284},"20":{"loc":{"start":{"line":295,"column":4},"end":{"line":297,"column":5}},"type":"if","locations":[{"start":{"line":295,"column":4},"end":{"line":297,"column":5}},{"start":{},"end":{}}],"line":295}},"s":{"0":5,"1":26,"2":26,"3":25,"4":1,"5":1,"6":5,"7":4,"8":4,"9":4,"10":4,"11":3,"12":1,"13":0,"14":0,"15":5,"16":7,"17":7,"18":3,"19":4,"20":4,"21":4,"22":0,"23":0,"24":5,"25":3,"26":3,"27":3,"28":3,"29":3,"30":2,"31":1,"32":0,"33":0,"34":5,"35":3,"36":3,"37":3,"38":3,"39":2,"40":1,"41":0,"42":0,"43":5,"44":24,"45":24,"46":24,"47":24,"48":0,"49":0,"50":5,"51":4,"52":4,"53":4,"54":4,"55":4,"56":4,"57":0,"58":0,"59":5,"60":3,"61":3,"62":3,"63":3,"64":2,"65":1,"66":0,"67":0,"68":5,"69":146,"70":5,"71":5,"72":5,"73":5,"74":5,"75":2,"76":3,"77":3,"78":3,"79":3,"80":2,"81":2,"82":2,"83":6,"84":6,"85":22,"86":6,"87":3,"88":2,"89":2,"90":2,"91":22,"92":22,"93":124,"94":22,"95":3,"96":3,"97":0,"98":3,"99":3,"100":1,"101":2,"102":2,"103":2,"104":3,"105":1,"106":2,"107":2,"108":2,"109":2,"110":2,"111":2,"112":2,"113":2,"114":2,"115":2,"116":2,"117":2,"118":2,"119":2,"120":0,"121":0,"122":5,"123":6,"124":6,"125":6,"126":1,"127":5,"128":5,"129":5,"130":2,"131":3,"132":3,"133":1,"134":2,"135":0,"136":0,"137":5,"138":3,"139":3,"140":3,"141":3,"142":0,"143":5,"144":2,"145":2,"146":2,"147":1,"148":1,"149":5,"150":2,"151":2,"152":2,"153":2,"154":0,"155":5,"156":3,"157":3,"158":3,"159":3,"160":0,"161":5,"162":2,"163":2,"164":2,"165":1,"166":1,"167":5,"168":2,"169":2,"170":2,"171":2,"172":0},"f":{"0":26,"1":4,"2":7,"3":3,"4":3,"5":24,"6":4,"7":3,"8":146,"9":5,"10":0,"11":3,"12":2,"13":6,"14":3,"15":2,"16":2,"17":3,"18":2,"19":2},"b":{"0":[3,1],"1":[3,4],"2":[7,6],"3":[2,1],"4":[2,1],"5":[4,0],"6":[4,4],"7":[2,1],"8":[2,3],"9":[2,1],"10":[2,1],"11":[1,2],"12":[1,2],"13":[2,0],"14":[2,0],"15":[2,2],"16":[2,0],"17":[1,5],"18":[6,6],"19":[2,3],"20":[1,2]},"inputSourceMap":null,"_coverageSchema":"1a1c01bbd47fc00a2c39e90264f33305004495a9","hash":"b9c1fe118ae570bf09dee0ee2b27ec4f6cc86c32"}
,"/Users/kaankaragoz/Documents/GitHub/CMPE_331_Project/Backend/Passenger-Service/db/initDB_affiliated_seating.js": {"path":"/Users/kaankaragoz/Documents/GitHub/CMPE_331_Project/Backend/Passenger-Service/db/initDB_affiliated_seating.js","statementMap":{"0":{"start":{"line":6,"column":2},"end":{"line":21,"column":3}},"1":{"start":{"line":7,"column":4},"end":{"line":7,"column":30}},"2":{"start":{"line":9,"column":4},"end":{"line":16,"column":6}},"3":{"start":{"line":18,"column":4},"end":{"line":18,"column":74}},"4":{"start":{"line":20,"column":4},"end":{"line":20,"column":78}},"5":{"start":{"line":25,"column":2},"end":{"line":32,"column":3}},"6":{"start":{"line":26,"column":4},"end":{"line":26,"column":63}},"7":{"start":{"line":27,"column":4},"end":{"line":27,"column":59}},"8":{"start":{"line":28,"column":4},"end":{"line":28,"column":16}},"9":{"start":{"line":30,"column":4},"end":{"line":30,"column":71}},"10":{"start":{"line":31,"column":4},"end":{"line":31,"column":16}}},"fnMap":{"0":{"name":"initDB_affiliated_seating","decl":{"start":{"line":5,"column":22},"end":{"line":5,"column":47}},"loc":{"start":{"line":5,"column":50},"end":{"line":22,"column":1}},"line":5},"1":{"name":"dropAffiliatedSeatingTable","decl":{"start":{"line":24,"column":22},"end":{"line":24,"column":48}},"loc":{"start":{"line":24,"column":51},"end":{"line":33,"column":1}},"line":24}},"branchMap":{},"s":{"0":0,"1":0,"2":0,"3":0,"4":0,"5":0,"6":0,"7":0,"8":0,"9":0,"10":0},"f":{"0":0,"1":0},"b":{},"inputSourceMap":null,"_coverageSchema":"1a1c01bbd47fc00a2c39e90264f33305004495a9","hash":"c51214fbf8364d12572a452d99c936a8ee7897a1"}
,"/Users/kaankaragoz/Documents/GitHub/CMPE_331_Project/Backend/Passenger-Service/db/initDB_flight_passengers_assignments.js": {"path":"/Users/kaankaragoz/Documents/GitHub/CMPE_331_Project/Backend/Passenger-Service/db/initDB_flight_passengers_assignments.js","statementMap":{"0":{"start":{"line":6,"column":2},"end":{"line":25,"column":3}},"1":{"start":{"line":7,"column":4},"end":{"line":7,"column":29}},"2":{"start":{"line":10,"column":4},"end":{"line":20,"column":6}},"3":{"start":{"line":22,"column":4},"end":{"line":22,"column":84}},"4":{"start":{"line":24,"column":4},"end":{"line":24,"column":88}},"5":{"start":{"line":29,"column":2},"end":{"line":36,"column":3}},"6":{"start":{"line":30,"column":4},"end":{"line":30,"column":73}},"7":{"start":{"line":31,"column":4},"end":{"line":31,"column":69}},"8":{"start":{"line":32,"column":4},"end":{"line":32,"column":16}},"9":{"start":{"line":34,"column":4},"end":{"line":34,"column":81}},"10":{"start":{"line":35,"column":4},"end":{"line":35,"column":16}}},"fnMap":{"0":{"name":"initDB_flight_passengers_assignments","decl":{"start":{"line":5,"column":22},"end":{"line":5,"column":58}},"loc":{"start":{"line":5,"column":61},"end":{"line":26,"column":1}},"line":5},"1":{"name":"dropFlightPassengerAssignmentsTable","decl":{"start":{"line":28,"column":22},"end":{"line":28,"column":57}},"loc":{"start":{"line":28,"column":60},"end":{"line":37,"column":1}},"line":28}},"branchMap":{},"s":{"0":0,"1":0,"2":0,"3":0,"4":0,"5":0,"6":0,"7":0,"8":0,"9":0,"10":0},"f":{"0":0,"1":0},"b":{},"inputSourceMap":null,"_coverageSchema":"1a1c01bbd47fc00a2c39e90264f33305004495a9","hash":"2af51edc579bcdda77e92d9ad693c771dd1697a8"}
,"/Users/kaankaragoz/Documents/GitHub/CMPE_331_Project/Backend/Passenger-Service/db/initDB_infant_parent_relationship.js": {"path":"/Users/kaankaragoz/Documents/GitHub/CMPE_331_Project/Backend/Passenger-Service/db/initDB_infant_parent_relationship.js","statementMap":{"0":{"start":{"line":5,"column":2},"end":{"line":21,"column":3}},"1":{"start":{"line":8,"column":4},"end":{"line":15,"column":6}},"2":{"start":{"line":18,"column":4},"end":{"line":18,"column":82}},"3":{"start":{"line":20,"column":4},"end":{"line":20,"column":86}},"4":{"start":{"line":25,"column":2},"end":{"line":32,"column":3}},"5":{"start":{"line":26,"column":4},"end":{"line":26,"column":71}},"6":{"start":{"line":27,"column":4},"end":{"line":27,"column":67}},"7":{"start":{"line":28,"column":4},"end":{"line":28,"column":16}},"8":{"start":{"line":30,"column":4},"end":{"line":30,"column":79}},"9":{"start":{"line":31,"column":4},"end":{"line":31,"column":16}}},"fnMap":{"0":{"name":"initDB_infant_parent_relationship","decl":{"start":{"line":4,"column":22},"end":{"line":4,"column":55}},"loc":{"start":{"line":4,"column":58},"end":{"line":22,"column":1}},"line":4},"1":{"name":"dropInfantParentRelationshipTable","decl":{"start":{"line":24,"column":22},"end":{"line":24,"column":55}},"loc":{"start":{"line":24,"column":58},"end":{"line":33,"column":1}},"line":24}},"branchMap":{},"s":{"0":0,"1":0,"2":0,"3":0,"4":0,"5":0,"6":0,"7":0,"8":0,"9":0},"f":{"0":0,"1":0},"b":{},"inputSourceMap":null,"_coverageSchema":"1a1c01bbd47fc00a2c39e90264f33305004495a9","hash":"2887e94bb4052fee72785737326c0ae43821c12f"}
,"/Users/kaankaragoz/Documents/GitHub/CMPE_331_Project/Backend/Passenger-Service/db/initDB_passengers.js": {"path":"/Users/kaankaragoz/Documents/GitHub/CMPE_331_Project/Backend/Passenger-Service/db/initDB_passengers.js","statementMap":{"0":{"start":{"line":5,"column":2},"end":{"line":21,"column":3}},"1":{"start":{"line":8,"column":4},"end":{"line":16,"column":6}},"2":{"start":{"line":18,"column":4},"end":{"line":18,"column":66}},"3":{"start":{"line":20,"column":4},"end":{"line":20,"column":70}},"4":{"start":{"line":25,"column":2},"end":{"line":32,"column":3}},"5":{"start":{"line":26,"column":4},"end":{"line":26,"column":55}},"6":{"start":{"line":27,"column":4},"end":{"line":27,"column":51}},"7":{"start":{"line":28,"column":4},"end":{"line":28,"column":16}},"8":{"start":{"line":30,"column":4},"end":{"line":30,"column":63}},"9":{"start":{"line":31,"column":4},"end":{"line":31,"column":16}}},"fnMap":{"0":{"name":"initDB_passengers","decl":{"start":{"line":4,"column":22},"end":{"line":4,"column":39}},"loc":{"start":{"line":4,"column":42},"end":{"line":22,"column":1}},"line":4},"1":{"name":"dropPassengersTable","decl":{"start":{"line":24,"column":22},"end":{"line":24,"column":41}},"loc":{"start":{"line":24,"column":44},"end":{"line":33,"column":1}},"line":24}},"branchMap":{},"s":{"0":0,"1":0,"2":0,"3":0,"4":0,"5":0,"6":0,"7":0,"8":0,"9":0},"f":{"0":0,"1":0},"b":{},"inputSourceMap":null,"_coverageSchema":"1a1c01bbd47fc00a2c39e90264f33305004495a9","hash":"7dd6655023540c79e4a8e60d37d66899b6c5265a"}
,"/Users/kaankaragoz/Documents/GitHub/CMPE_331_Project/Backend/Passenger-Service/db/initDB_seat_type.js": {"path":"/Users/kaankaragoz/Documents/GitHub/CMPE_331_Project/Backend/Passenger-Service/db/initDB_seat_type.js","statementMap":{"0":{"start":{"line":5,"column":2},"end":{"line":18,"column":3}},"1":{"start":{"line":8,"column":4},"end":{"line":13,"column":6}},"2":{"start":{"line":15,"column":4},"end":{"line":15,"column":65}},"3":{"start":{"line":17,"column":4},"end":{"line":17,"column":69}},"4":{"start":{"line":22,"column":2},"end":{"line":29,"column":3}},"5":{"start":{"line":23,"column":4},"end":{"line":23,"column":54}},"6":{"start":{"line":24,"column":4},"end":{"line":24,"column":50}},"7":{"start":{"line":25,"column":4},"end":{"line":25,"column":16}},"8":{"start":{"line":27,"column":4},"end":{"line":27,"column":62}},"9":{"start":{"line":28,"column":4},"end":{"line":28,"column":16}}},"fnMap":{"0":{"name":"initDB_seat_type","decl":{"start":{"line":4,"column":22},"end":{"line":4,"column":38}},"loc":{"start":{"line":4,"column":41},"end":{"line":19,"column":1}},"line":4},"1":{"name":"dropSeatTypeTable","decl":{"start":{"line":21,"column":22},"end":{"line":21,"column":39}},"loc":{"start":{"line":21,"column":42},"end":{"line":30,"column":1}},"line":21}},"branchMap":{},"s":{"0":0,"1":0,"2":0,"3":0,"4":0,"5":0,"6":0,"7":0,"8":0,"9":0},"f":{"0":0,"1":0},"b":{},"inputSourceMap":null,"_coverageSchema":"1a1c01bbd47fc00a2c39e90264f33305004495a9","hash":"8ed1b70bfb8367f0c3389d77f7c163cec5d53a49"}
,"/Users/kaankaragoz/Documents/GitHub/CMPE_331_Project/Backend/Passenger-Service/routes/passengersRoutes.js": {"path":"/Users/kaankaragoz/Documents/GitHub/CMPE_331_Project/Backend/Passenger-Service/routes/passengersRoutes.js","statementMap":{"0":{"start":{"line":29,"column":15},"end":{"line":29,"column":31}},"1":{"start":{"line":31,"column":0},"end":{"line":31,"column":34}},"2":{"start":{"line":32,"column":0},"end":{"line":32,"column":37}},"3":{"start":{"line":33,"column":0},"end":{"line":33,"column":34}},"4":{"start":{"line":34,"column":0},"end":{"line":34,"column":36}},"5":{"start":{"line":35,"column":0},"end":{"line":35,"column":39}},"6":{"start":{"line":37,"column":0},"end":{"line":37,"column":60}},"7":{"start":{"line":38,"column":0},"end":{"line":38,"column":56}},"8":{"start":{"line":39,"column":0},"end":{"line":39,"column":81}},"9":{"start":{"line":40,"column":0},"end":{"line":40,"column":68}},"10":{"start":{"line":41,"column":0},"end":{"line":41,"column":71}},"11":{"start":{"line":42,"column":0},"end":{"line":42,"column":75}},"12":{"start":{"line":43,"column":0},"end":{"line":43,"column":45}},"13":{"start":{"line":44,"column":0},"end":{"line":44,"column":54}},"14":{"start":{"line":45,"column":0},"end":{"line":45,"column":69}},"15":{"start":{"line":46,"column":0},"end":{"line":46,"column":47}},"16":{"start":{"line":47,"column":0},"end":{"line":47,"column":56}}},"fnMap":{},"branchMap":{},"s":{"0":4,"1":4,"2":4,"3":4,"4":4,"5":4,"6":4,"7":4,"8":4,"9":4,"10":4,"11":4,"12":4,"13":4,"14":4,"15":4,"16":4},"f":{},"b":{},"inputSourceMap":null,"_coverageSchema":"1a1c01bbd47fc00a2c39e90264f33305004495a9","hash":"9466102e858dfa34c6011572780754c6ab745dc2"}
,"/Users/kaankaragoz/Documents/GitHub/CMPE_331_Project/Backend/Passenger-Service/seeds/affiliated_seating.js": {"path":"/Users/kaankaragoz/Documents/GitHub/CMPE_331_Project/Backend/Passenger-Service/seeds/affiliated_seating.js","statementMap":{"0":{"start":{"line":4,"column":2},"end":{"line":4,"column":60}},"1":{"start":{"line":6,"column":2},"end":{"line":42,"column":3}},"2":{"start":{"line":8,"column":23},"end":{"line":8,"column":75}},"3":{"start":{"line":9,"column":17},"end":{"line":9,"column":19}},"4":{"start":{"line":10,"column":4},"end":{"line":10,"column":59}},"5":{"start":{"line":10,"column":28},"end":{"line":10,"column":57}},"6":{"start":{"line":12,"column":27},"end":{"line":12,"column":35}},"7":{"start":{"line":13,"column":27},"end":{"line":13,"column":35}},"8":{"start":{"line":15,"column":25},"end":{"line":24,"column":5}},"9":{"start":{"line":26,"column":4},"end":{"line":36,"column":5}},"10":{"start":{"line":27,"column":19},"end":{"line":27,"column":31}},"11":{"start":{"line":28,"column":19},"end":{"line":28,"column":31}},"12":{"start":{"line":30,"column":6},"end":{"line":35,"column":7}},"13":{"start":{"line":31,"column":8},"end":{"line":34,"column":10}},"14":{"start":{"line":37,"column":4},"end":{"line":37,"column":55}},"15":{"start":{"line":40,"column":4},"end":{"line":40,"column":58}},"16":{"start":{"line":41,"column":4},"end":{"line":41,"column":16}}},"fnMap":{"0":{"name":"seedAffiliations","decl":{"start":{"line":3,"column":22},"end":{"line":3,"column":38}},"loc":{"start":{"line":3,"column":41},"end":{"line":43,"column":1}},"line":3},"1":{"name":"(anonymous_1)","decl":{"start":{"line":10,"column":23},"end":{"line":10,"column":24}},"loc":{"start":{"line":10,"column":28},"end":{"line":10,"column":57}},"line":10}},"branchMap":{"0":{"loc":{"start":{"line":30,"column":6},"end":{"line":35,"column":7}},"type":"if","locations":[{"start":{"line":30,"column":6},"end":{"line":35,"column":7}},{"start":{},"end":{}}],"line":30},"1":{"loc":{"start":{"line":30,"column":10},"end":{"line":30,"column":22}},"type":"binary-expr","locations":[{"start":{"line":30,"column":10},"end":{"line":30,"column":14}},{"start":{"line":30,"column":18},"end":{"line":30,"column":22}}],"line":30}},"s":{"0":0,"1":0,"2":0,"3":0,"4":0,"5":0,"6":0,"7":0,"8":0,"9":0,"10":0,"11":0,"12":0,"13":0,"14":0,"15":0,"16":0},"f":{"0":0,"1":0},"b":{"0":[0,0],"1":[0,0]},"inputSourceMap":null,"_coverageSchema":"1a1c01bbd47fc00a2c39e90264f33305004495a9","hash":"1714928def662f4df35474d2beabd50a64135d82"}
,"/Users/kaankaragoz/Documents/GitHub/CMPE_331_Project/Backend/Passenger-Service/seeds/flight_passengers_assignments.js": {"path":"/Users/kaankaragoz/Documents/GitHub/CMPE_331_Project/Backend/Passenger-Service/seeds/flight_passengers_assignments.js","statementMap":{"0":{"start":{"line":4,"column":2},"end":{"line":4,"column":50}},"1":{"start":{"line":6,"column":2},"end":{"line":75,"column":3}},"2":{"start":{"line":8,"column":22},"end":{"line":8,"column":78}},"3":{"start":{"line":10,"column":4},"end":{"line":13,"column":5}},"4":{"start":{"line":11,"column":6},"end":{"line":11,"column":73}},"5":{"start":{"line":12,"column":6},"end":{"line":12,"column":13}},"6":{"start":{"line":16,"column":20},"end":{"line":16,"column":22}},"7":{"start":{"line":17,"column":4},"end":{"line":20,"column":7}},"8":{"start":{"line":18,"column":6},"end":{"line":19,"column":47}},"9":{"start":{"line":18,"column":58},"end":{"line":18,"column":95}},"10":{"start":{"line":19,"column":11},"end":{"line":19,"column":47}},"11":{"start":{"line":23,"column":26},"end":{"line":23,"column":83}},"12":{"start":{"line":24,"column":17},"end":{"line":24,"column":19}},"13":{"start":{"line":25,"column":4},"end":{"line":25,"column":62}},"14":{"start":{"line":25,"column":31},"end":{"line":25,"column":60}},"15":{"start":{"line":27,"column":27},"end":{"line":27,"column":35}},"16":{"start":{"line":28,"column":27},"end":{"line":28,"column":35}},"17":{"start":{"line":30,"column":24},"end":{"line":47,"column":5}},"18":{"start":{"line":49,"column":16},"end":{"line":49,"column":17}},"19":{"start":{"line":50,"column":4},"end":{"line":69,"column":5}},"20":{"start":{"line":51,"column":26},"end":{"line":51,"column":43}},"21":{"start":{"line":52,"column":25},"end":{"line":52,"column":45}},"22":{"start":{"line":54,"column":6},"end":{"line":68,"column":7}},"23":{"start":{"line":55,"column":8},"end":{"line":66,"column":10}},"24":{"start":{"line":67,"column":8},"end":{"line":67,"column":16}},"25":{"start":{"line":70,"column":4},"end":{"line":70,"column":112}},"26":{"start":{"line":73,"column":4},"end":{"line":73,"column":57}},"27":{"start":{"line":74,"column":4},"end":{"line":74,"column":16}}},"fnMap":{"0":{"name":"seedAssignments","decl":{"start":{"line":3,"column":22},"end":{"line":3,"column":37}},"loc":{"start":{"line":3,"column":40},"end":{"line":76,"column":1}},"line":3},"1":{"name":"(anonymous_1)","decl":{"start":{"line":17,"column":22},"end":{"line":17,"column":23}},"loc":{"start":{"line":17,"column":27},"end":{"line":20,"column":5}},"line":17},"2":{"name":"(anonymous_2)","decl":{"start":{"line":25,"column":26},"end":{"line":25,"column":27}},"loc":{"start":{"line":25,"column":31},"end":{"line":25,"column":60}},"line":25}},"branchMap":{"0":{"loc":{"start":{"line":10,"column":4},"end":{"line":13,"column":5}},"type":"if","locations":[{"start":{"line":10,"column":4},"end":{"line":13,"column":5}},{"start":{},"end":{}}],"line":10},"1":{"loc":{"start":{"line":18,"column":6},"end":{"line":19,"column":47}},"type":"if","locations":[{"start":{"line":18,"column":6},"end":{"line":19,"column":47}},{"start":{"line":19,"column":11},"end":{"line":19,"column":47}}],"line":18},"2":{"loc":{"start":{"line":54,"column":6},"end":{"line":68,"column":7}},"type":"if","locations":[{"start":{"line":54,"column":6},"end":{"line":68,"column":7}},{"start":{},"end":{}}],"line":54},"3":{"loc":{"start":{"line":54,"column":10},"end":{"line":54,"column":35}},"type":"binary-expr","locations":[{"start":{"line":54,"column":10},"end":{"line":54,"column":21}},{"start":{"line":54,"column":25},"end":{"line":54,"column":35}}],"line":54}},"s":{"0":0,"1":0,"2":0,"3":0,"4":0,"5":0,"6":0,"7":0,"8":0,"9":0,"10":0,"11":0,"12":0,"13":0,"14":0,"15":0,"16":0,"17":0,"18":0,"19":0,"20":0,"21":0,"22":0,"23":0,"24":0,"25":0,"26":0,"27":0},"f":{"0":0,"1":0,"2":0},"b":{"0":[0,0],"1":[0,0],"2":[0,0],"3":[0,0]},"inputSourceMap":null,"_coverageSchema":"1a1c01bbd47fc00a2c39e90264f33305004495a9","hash":"4d1c346a0e38d8844d2b3dab82288c1740ad1ddb"}
,"/Users/kaankaragoz/Documents/GitHub/CMPE_331_Project/Backend/Passenger-Service/seeds/infant_parent_relationship.js": {"path":"/Users/kaankaragoz/Documents/GitHub/CMPE_331_Project/Backend/Passenger-Service/seeds/infant_parent_relationship.js","statementMap":{"0":{"start":{"line":4,"column":2},"end":{"line":4,"column":59}},"1":{"start":{"line":6,"column":2},"end":{"line":35,"column":3}},"2":{"start":{"line":8,"column":23},"end":{"line":8,"column":75}},"3":{"start":{"line":9,"column":17},"end":{"line":9,"column":19}},"4":{"start":{"line":10,"column":4},"end":{"line":10,"column":59}},"5":{"start":{"line":10,"column":28},"end":{"line":10,"column":57}},"6":{"start":{"line":12,"column":27},"end":{"line":12,"column":35}},"7":{"start":{"line":14,"column":26},"end":{"line":17,"column":5}},"8":{"start":{"line":19,"column":4},"end":{"line":29,"column":5}},"9":{"start":{"line":20,"column":23},"end":{"line":20,"column":39}},"10":{"start":{"line":21,"column":23},"end":{"line":21,"column":39}},"11":{"start":{"line":23,"column":6},"end":{"line":28,"column":7}},"12":{"start":{"line":24,"column":8},"end":{"line":27,"column":10}},"13":{"start":{"line":30,"column":4},"end":{"line":30,"column":63}},"14":{"start":{"line":33,"column":4},"end":{"line":33,"column":53}},"15":{"start":{"line":34,"column":4},"end":{"line":34,"column":16}}},"fnMap":{"0":{"name":"seedInfants","decl":{"start":{"line":3,"column":22},"end":{"line":3,"column":33}},"loc":{"start":{"line":3,"column":36},"end":{"line":36,"column":1}},"line":3},"1":{"name":"(anonymous_1)","decl":{"start":{"line":10,"column":23},"end":{"line":10,"column":24}},"loc":{"start":{"line":10,"column":28},"end":{"line":10,"column":57}},"line":10}},"branchMap":{"0":{"loc":{"start":{"line":23,"column":6},"end":{"line":28,"column":7}},"type":"if","locations":[{"start":{"line":23,"column":6},"end":{"line":28,"column":7}},{"start":{},"end":{}}],"line":23},"1":{"loc":{"start":{"line":23,"column":10},"end":{"line":23,"column":30}},"type":"binary-expr","locations":[{"start":{"line":23,"column":10},"end":{"line":23,"column":18}},{"start":{"line":23,"column":22},"end":{"line":23,"column":30}}],"line":23}},"s":{"0":0,"1":0,"2":0,"3":0,"4":0,"5":0,"6":0,"7":0,"8":0,"9":0,"10":0,"11":0,"12":0,"13":0,"14":0,"15":0},"f":{"0":0,"1":0},"b":{"0":[0,0],"1":[0,0]},"inputSourceMap":null,"_coverageSchema":"1a1c01bbd47fc00a2c39e90264f33305004495a9","hash":"db9dae5b8f1b4908d5f68d06ec468757c9726f79"}
,"/Users/kaankaragoz/Documents/GitHub/CMPE_331_Project/Backend/Passenger-Service/seeds/passengers.js": {"path":"/Users/kaankaragoz/Documents/GitHub/CMPE_331_Project/Backend/Passenger-Service/seeds/passengers.js","statementMap":{"0":{"start":{"line":4,"column":2},"end":{"line":4,"column":42}},"1":{"start":{"line":6,"column":21},"end":{"line":38,"column":3}},"2":{"start":{"line":40,"column":2},"end":{"line":56,"column":3}},"3":{"start":{"line":41,"column":4},"end":{"line":51,"column":5}},"4":{"start":{"line":43,"column":23},"end":{"line":43,"column":92}},"5":{"start":{"line":45,"column":6},"end":{"line":50,"column":7}},"6":{"start":{"line":46,"column":8},"end":{"line":49,"column":10}},"7":{"start":{"line":52,"column":4},"end":{"line":52,"column":77}},"8":{"start":{"line":54,"column":4},"end":{"line":54,"column":56}},"9":{"start":{"line":55,"column":4},"end":{"line":55,"column":16}}},"fnMap":{"0":{"name":"seedPassengers","decl":{"start":{"line":3,"column":22},"end":{"line":3,"column":36}},"loc":{"start":{"line":3,"column":39},"end":{"line":57,"column":1}},"line":3}},"branchMap":{"0":{"loc":{"start":{"line":45,"column":6},"end":{"line":50,"column":7}},"type":"if","locations":[{"start":{"line":45,"column":6},"end":{"line":50,"column":7}},{"start":{},"end":{}}],"line":45}},"s":{"0":0,"1":0,"2":0,"3":0,"4":0,"5":0,"6":0,"7":0,"8":0,"9":0},"f":{"0":0},"b":{"0":[0,0]},"inputSourceMap":null,"_coverageSchema":"1a1c01bbd47fc00a2c39e90264f33305004495a9","hash":"4e96e418b144d794cc95c2836e4f54ba9ae10a7c"}
,"/Users/kaankaragoz/Documents/GitHub/CMPE_331_Project/Backend/Passenger-Service/seeds/seat_type.js": {"path":"/Users/kaankaragoz/Documents/GitHub/CMPE_331_Project/Backend/Passenger-Service/seeds/seat_type.js","statementMap":{"0":{"start":{"line":5,"column":2},"end":{"line":19,"column":3}},"1":{"start":{"line":8,"column":22},"end":{"line":8,"column":63}},"2":{"start":{"line":9,"column":4},"end":{"line":14,"column":5}},"3":{"start":{"line":10,"column":6},"end":{"line":12,"column":8}},"4":{"start":{"line":13,"column":6},"end":{"line":13,"column":78}},"5":{"start":{"line":16,"column":4},"end":{"line":16,"column":61}},"6":{"start":{"line":18,"column":4},"end":{"line":18,"column":64}}},"fnMap":{"0":{"name":"seedSeatType","decl":{"start":{"line":4,"column":22},"end":{"line":4,"column":34}},"loc":{"start":{"line":4,"column":37},"end":{"line":20,"column":1}},"line":4}},"branchMap":{"0":{"loc":{"start":{"line":9,"column":4},"end":{"line":14,"column":5}},"type":"if","locations":[{"start":{"line":9,"column":4},"end":{"line":14,"column":5}},{"start":{},"end":{}}],"line":9}},"s":{"0":0,"1":0,"2":0,"3":0,"4":0,"5":0,"6":0},"f":{"0":0},"b":{"0":[0,0]},"inputSourceMap":null,"_coverageSchema":"1a1c01bbd47fc00a2c39e90264f33305004495a9","hash":"0f547017e7cc4e5be86c551483e0edab06eec6f0"}
}
