TN:
SF:server.js
FN:52,(anonymous_0)
FN:73,(anonymous_1)
FN:74,(anonymous_2)
FN:75,(anonymous_3)
FN:76,(anonymous_4)
FN:77,(anonymous_5)
FN:94,(anonymous_6)
FN:98,(anonymous_7)
FNF:8
FNH:1
FNDA:52,(anonymous_0)
FNDA:0,(anonymous_1)
FNDA:0,(anonymous_2)
FNDA:0,(anonymous_3)
FNDA:0,(anonymous_4)
FNDA:0,(anonymous_5)
FNDA:0,(anonymous_6)
FNDA:0,(anonymous_7)
DA:36,4
DA:38,4
DA:39,4
DA:44,4
DA:45,4
DA:46,4
DA:47,4
DA:52,4
DA:53,52
DA:63,4
DA:71,4
DA:72,0
DA:73,0
DA:74,0
DA:75,0
DA:76,0
DA:79,0
DA:80,0
DA:81,0
DA:82,0
DA:83,0
DA:84,0
DA:85,0
DA:86,0
DA:87,0
DA:89,0
DA:94,0
DA:95,0
DA:99,0
DA:100,0
LF:30
LH:11
BRDA:39,0,0,4
BRDA:39,0,1,0
BRDA:71,1,0,0
BRDA:71,1,1,4
BRDA:79,2,0,0
BRDA:79,2,1,0
BRF:6
BRH:2
end_of_record
TN:
SF:config/db.js
FNF:0
FNH:0
DA:4,2
DA:6,2
DA:9,2
LF:3
LH:3
BRF:0
BRH:0
end_of_record
TN:
SF:controllers/passengersController.js
FN:8,(anonymous_0)
FN:19,(anonymous_1)
FN:34,(anonymous_2)
FN:62,(anonymous_3)
FN:86,(anonymous_4)
FN:103,(anonymous_5)
FN:129,(anonymous_6)
FN:154,(anonymous_7)
FN:177,(anonymous_8)
FN:180,(anonymous_9)
FN:223,(anonymous_10)
FN:236,(anonymous_11)
FN:244,(anonymous_12)
FN:270,(anonymous_13)
FN:311,(anonymous_14)
FN:328,(anonymous_15)
FN:343,(anonymous_16)
FN:358,(anonymous_17)
FN:375,(anonymous_18)
FN:390,(anonymous_19)
FNF:20
FNH:19
FNDA:26,(anonymous_0)
FNDA:4,(anonymous_1)
FNDA:7,(anonymous_2)
FNDA:3,(anonymous_3)
FNDA:3,(anonymous_4)
FNDA:24,(anonymous_5)
FNDA:4,(anonymous_6)
FNDA:3,(anonymous_7)
FNDA:146,(anonymous_8)
FNDA:5,(anonymous_9)
FNDA:0,(anonymous_10)
FNDA:3,(anonymous_11)
FNDA:2,(anonymous_12)
FNDA:6,(anonymous_13)
FNDA:3,(anonymous_14)
FNDA:2,(anonymous_15)
FNDA:2,(anonymous_16)
FNDA:3,(anonymous_17)
FNDA:2,(anonymous_18)
FNDA:2,(anonymous_19)
DA:8,5
DA:9,26
DA:10,26
DA:11,25
DA:13,1
DA:14,1
DA:19,5
DA:20,4
DA:21,4
DA:22,4
DA:23,4
DA:24,3
DA:26,1
DA:28,0
DA:29,0
DA:34,5
DA:35,7
DA:38,7
DA:39,3
DA:42,4
DA:43,4
DA:49,4
DA:56,0
DA:57,0
DA:62,5
DA:63,3
DA:64,3
DA:66,3
DA:67,3
DA:74,3
DA:75,2
DA:78,1
DA:80,0
DA:81,0
DA:86,5
DA:87,3
DA:88,3
DA:89,3
DA:91,3
DA:92,2
DA:95,1
DA:97,0
DA:98,0
DA:103,5
DA:104,24
DA:105,24
DA:106,24
DA:121,24
DA:123,0
DA:124,0
DA:129,5
DA:130,4
DA:131,4
DA:132,4
DA:137,4
DA:139,4
DA:146,4
DA:148,0
DA:149,0
DA:154,5
DA:155,3
DA:156,3
DA:157,3
DA:162,3
DA:163,2
DA:165,1
DA:167,0
DA:168,0
DA:177,146
DA:180,5
DA:181,5
DA:182,5
DA:183,5
DA:189,5
DA:190,2
DA:193,3
DA:194,3
DA:195,3
DA:198,3
DA:199,2
DA:200,2
DA:201,6
DA:202,22
DA:204,6
DA:209,3
DA:210,2
DA:211,2
DA:212,22
DA:213,124
DA:215,22
DA:219,3
DA:223,3
DA:225,3
DA:230,3
DA:231,1
DA:234,2
DA:235,2
DA:236,2
DA:237,3
DA:238,2
DA:241,2
DA:242,2
DA:243,2
DA:244,2
DA:245,2
DA:246,2
DA:247,2
DA:250,2
DA:251,2
DA:256,2
DA:257,2
DA:261,2
DA:264,0
DA:265,0
DA:270,5
DA:271,6
DA:272,6
DA:274,6
DA:275,1
DA:278,5
DA:279,5
DA:284,5
DA:285,2
DA:288,3
DA:295,3
DA:296,1
DA:299,2
DA:301,0
DA:302,0
DA:311,5
DA:312,3
DA:313,3
DA:314,3
DA:321,3
DA:323,0
DA:328,5
DA:329,2
DA:330,2
DA:331,2
DA:336,1
DA:338,1
DA:343,5
DA:344,2
DA:345,2
DA:346,2
DA:347,2
DA:349,0
DA:358,5
DA:359,3
DA:360,3
DA:361,3
DA:368,3
DA:370,0
DA:375,5
DA:376,2
DA:377,2
DA:378,2
DA:383,1
DA:385,1
DA:390,5
DA:391,2
DA:392,2
DA:393,2
DA:394,2
DA:396,0
LF:165
LH:143
BRDA:23,0,0,3
BRDA:23,0,1,1
BRDA:38,1,0,3
BRDA:38,1,1,4
BRDA:38,2,0,7
BRDA:38,2,1,6
BRDA:74,3,0,2
BRDA:74,3,1,1
BRDA:91,4,0,2
BRDA:91,4,1,1
BRDA:143,5,0,4
BRDA:143,5,1,0
BRDA:143,6,0,4
BRDA:143,6,1,4
BRDA:162,7,0,2
BRDA:162,7,1,1
BRDA:189,8,0,2
BRDA:189,8,1,3
BRDA:198,9,0,2
BRDA:198,9,1,1
BRDA:209,10,0,2
BRDA:209,10,1,1
BRDA:230,11,0,1
BRDA:230,11,1,2
BRDA:237,12,0,1
BRDA:237,12,1,2
BRDA:238,13,0,2
BRDA:238,13,1,0
BRDA:246,14,0,2
BRDA:246,14,1,0
BRDA:247,15,0,2
BRDA:247,15,1,2
BRDA:250,16,0,2
BRDA:250,16,1,0
BRDA:274,17,0,1
BRDA:274,17,1,5
BRDA:274,18,0,6
BRDA:274,18,1,6
BRDA:284,19,0,2
BRDA:284,19,1,3
BRDA:295,20,0,1
BRDA:295,20,1,2
BRF:42
BRH:38
end_of_record
TN:
SF:db/initDB_affiliated_seating.js
FN:5,initDB_affiliated_seating
FN:24,dropAffiliatedSeatingTable
FNF:2
FNH:0
FNDA:0,initDB_affiliated_seating
FNDA:0,dropAffiliatedSeatingTable
DA:6,0
DA:7,0
DA:9,0
DA:18,0
DA:20,0
DA:25,0
DA:26,0
DA:27,0
DA:28,0
DA:30,0
DA:31,0
LF:11
LH:0
BRF:0
BRH:0
end_of_record
TN:
SF:db/initDB_flight_passengers_assignments.js
FN:5,initDB_flight_passengers_assignments
FN:28,dropFlightPassengerAssignmentsTable
FNF:2
FNH:0
FNDA:0,initDB_flight_passengers_assignments
FNDA:0,dropFlightPassengerAssignmentsTable
DA:6,0
DA:7,0
DA:10,0
DA:22,0
DA:24,0
DA:29,0
DA:30,0
DA:31,0
DA:32,0
DA:34,0
DA:35,0
LF:11
LH:0
BRF:0
BRH:0
end_of_record
TN:
SF:db/initDB_infant_parent_relationship.js
FN:4,initDB_infant_parent_relationship
FN:24,dropInfantParentRelationshipTable
FNF:2
FNH:0
FNDA:0,initDB_infant_parent_relationship
FNDA:0,dropInfantParentRelationshipTable
DA:5,0
DA:8,0
DA:18,0
DA:20,0
DA:25,0
DA:26,0
DA:27,0
DA:28,0
DA:30,0
DA:31,0
LF:10
LH:0
BRF:0
BRH:0
end_of_record
TN:
SF:db/initDB_passengers.js
FN:4,initDB_passengers
FN:24,dropPassengersTable
FNF:2
FNH:0
FNDA:0,initDB_passengers
FNDA:0,dropPassengersTable
DA:5,0
DA:8,0
DA:18,0
DA:20,0
DA:25,0
DA:26,0
DA:27,0
DA:28,0
DA:30,0
DA:31,0
LF:10
LH:0
BRF:0
BRH:0
end_of_record
TN:
SF:db/initDB_seat_type.js
FN:4,initDB_seat_type
FN:21,dropSeatTypeTable
FNF:2
FNH:0
FNDA:0,initDB_seat_type
FNDA:0,dropSeatTypeTable
DA:5,0
DA:8,0
DA:15,0
DA:17,0
DA:22,0
DA:23,0
DA:24,0
DA:25,0
DA:27,0
DA:28,0
LF:10
LH:0
BRF:0
BRH:0
end_of_record
TN:
SF:routes/passengersRoutes.js
FNF:0
FNH:0
DA:29,4
DA:31,4
DA:32,4
DA:33,4
DA:34,4
DA:35,4
DA:37,4
DA:38,4
DA:39,4
DA:40,4
DA:41,4
DA:42,4
DA:43,4
DA:44,4
DA:45,4
DA:46,4
DA:47,4
LF:17
LH:17
BRF:0
BRH:0
end_of_record
TN:
SF:seeds/affiliated_seating.js
FN:3,seedAffiliations
FN:10,(anonymous_1)
FNF:2
FNH:0
FNDA:0,seedAffiliations
FNDA:0,(anonymous_1)
DA:4,0
DA:6,0
DA:8,0
DA:9,0
DA:10,0
DA:12,0
DA:13,0
DA:15,0
DA:26,0
DA:27,0
DA:28,0
DA:30,0
DA:31,0
DA:37,0
DA:40,0
DA:41,0
LF:16
LH:0
BRDA:30,0,0,0
BRDA:30,0,1,0
BRDA:30,1,0,0
BRDA:30,1,1,0
BRF:4
BRH:0
end_of_record
TN:
SF:seeds/flight_passengers_assignments.js
FN:3,seedAssignments
FN:17,(anonymous_1)
FN:25,(anonymous_2)
FNF:3
FNH:0
FNDA:0,seedAssignments
FNDA:0,(anonymous_1)
FNDA:0,(anonymous_2)
DA:4,0
DA:6,0
DA:8,0
DA:10,0
DA:11,0
DA:12,0
DA:16,0
DA:17,0
DA:18,0
DA:19,0
DA:23,0
DA:24,0
DA:25,0
DA:27,0
DA:28,0
DA:30,0
DA:49,0
DA:50,0
DA:51,0
DA:52,0
DA:54,0
DA:55,0
DA:67,0
DA:70,0
DA:73,0
DA:74,0
LF:26
LH:0
BRDA:10,0,0,0
BRDA:10,0,1,0
BRDA:18,1,0,0
BRDA:18,1,1,0
BRDA:54,2,0,0
BRDA:54,2,1,0
BRDA:54,3,0,0
BRDA:54,3,1,0
BRF:8
BRH:0
end_of_record
TN:
SF:seeds/infant_parent_relationship.js
FN:3,seedInfants
FN:10,(anonymous_1)
FNF:2
FNH:0
FNDA:0,seedInfants
FNDA:0,(anonymous_1)
DA:4,0
DA:6,0
DA:8,0
DA:9,0
DA:10,0
DA:12,0
DA:14,0
DA:19,0
DA:20,0
DA:21,0
DA:23,0
DA:24,0
DA:30,0
DA:33,0
DA:34,0
LF:15
LH:0
BRDA:23,0,0,0
BRDA:23,0,1,0
BRDA:23,1,0,0
BRDA:23,1,1,0
BRF:4
BRH:0
end_of_record
TN:
SF:seeds/passengers.js
FN:3,seedPassengers
FNF:1
FNH:0
FNDA:0,seedPassengers
DA:4,0
DA:6,0
DA:40,0
DA:41,0
DA:43,0
DA:45,0
DA:46,0
DA:52,0
DA:54,0
DA:55,0
LF:10
LH:0
BRDA:45,0,0,0
BRDA:45,0,1,0
BRF:2
BRH:0
end_of_record
TN:
SF:seeds/seat_type.js
FN:4,seedSeatType
FNF:1
FNH:0
FNDA:0,seedSeatType
DA:5,0
DA:8,0
DA:9,0
DA:10,0
DA:13,0
DA:16,0
DA:18,0
LF:7
LH:0
BRDA:9,0,0,0
BRDA:9,0,1,0
BRF:2
BRH:0
end_of_record
