{"/Users/kaankaragoz/Documents/GitHub/CMPE_331_Project/Backend/Flight-Service/server.js": {"path":"/Users/kaankaragoz/Documents/GitHub/CMPE_331_Project/Backend/Flight-Service/server.js","statementMap":{"0":{"start":{"line":35,"column":0},"end":{"line":35,"column":16}},"1":{"start":{"line":37,"column":12},"end":{"line":37,"column":21}},"2":{"start":{"line":38,"column":13},"end":{"line":38,"column":52}},"3":{"start":{"line":43,"column":0},"end":{"line":43,"column":24}},"4":{"start":{"line":44,"column":0},"end":{"line":44,"column":16}},"5":{"start":{"line":45,"column":0},"end":{"line":45,"column":18}},"6":{"start":{"line":46,"column":0},"end":{"line":46,"column":23}},"7":{"start":{"line":51,"column":0},"end":{"line":57,"column":3}},"8":{"start":{"line":52,"column":2},"end":{"line":56,"column":5}},"9":{"start":{"line":62,"column":0},"end":{"line":62,"column":41}},"10":{"start":{"line":63,"column":0},"end":{"line":63,"column":39}},"11":{"start":{"line":64,"column":0},"end":{"line":64,"column":50}},"12":{"start":{"line":65,"column":0},"end":{"line":65,"column":47}},"13":{"start":{"line":75,"column":0},"end":{"line":94,"column":1}},"14":{"start":{"line":76,"column":0},"end":{"line":93,"column":5}},"15":{"start":{"line":77,"column":14},"end":{"line":77,"column":32}},"16":{"start":{"line":78,"column":14},"end":{"line":78,"column":37}},"17":{"start":{"line":80,"column":4},"end":{"line":84,"column":5}},"18":{"start":{"line":81,"column":6},"end":{"line":81,"column":31}},"19":{"start":{"line":82,"column":6},"end":{"line":82,"column":27}},"20":{"start":{"line":83,"column":6},"end":{"line":83,"column":26}},"21":{"start":{"line":86,"column":4},"end":{"line":88,"column":7}},"22":{"start":{"line":87,"column":6},"end":{"line":87,"column":63}},"23":{"start":{"line":91,"column":4},"end":{"line":91,"column":60}},"24":{"start":{"line":92,"column":4},"end":{"line":92,"column":20}}},"fnMap":{"0":{"name":"(anonymous_0)","decl":{"start":{"line":51,"column":19},"end":{"line":51,"column":20}},"loc":{"start":{"line":51,"column":33},"end":{"line":57,"column":1}},"line":51},"1":{"name":"(anonymous_1)","decl":{"start":{"line":77,"column":8},"end":{"line":77,"column":9}},"loc":{"start":{"line":77,"column":14},"end":{"line":77,"column":32}},"line":77},"2":{"name":"(anonymous_2)","decl":{"start":{"line":78,"column":8},"end":{"line":78,"column":9}},"loc":{"start":{"line":78,"column":14},"end":{"line":78,"column":37}},"line":78},"3":{"name":"(anonymous_3)","decl":{"start":{"line":79,"column":8},"end":{"line":79,"column":9}},"loc":{"start":{"line":79,"column":20},"end":{"line":89,"column":3}},"line":79},"4":{"name":"(anonymous_4)","decl":{"start":{"line":86,"column":21},"end":{"line":86,"column":22}},"loc":{"start":{"line":86,"column":27},"end":{"line":88,"column":5}},"line":86},"5":{"name":"(anonymous_5)","decl":{"start":{"line":90,"column":9},"end":{"line":90,"column":10}},"loc":{"start":{"line":90,"column":18},"end":{"line":93,"column":3}},"line":90}},"branchMap":{"0":{"loc":{"start":{"line":38,"column":13},"end":{"line":38,"column":52}},"type":"binary-expr","locations":[{"start":{"line":38,"column":13},"end":{"line":38,"column":44}},{"start":{"line":38,"column":48},"end":{"line":38,"column":52}}],"line":38},"1":{"loc":{"start":{"line":75,"column":0},"end":{"line":94,"column":1}},"type":"if","locations":[{"start":{"line":75,"column":0},"end":{"line":94,"column":1}},{"start":{},"end":{}}],"line":75},"2":{"loc":{"start":{"line":80,"column":4},"end":{"line":84,"column":5}},"type":"if","locations":[{"start":{"line":80,"column":4},"end":{"line":84,"column":5}},{"start":{},"end":{}}],"line":80}},"s":{"0":9,"1":9,"2":9,"3":9,"4":9,"5":9,"6":9,"7":9,"8":53,"9":9,"10":9,"11":9,"12":9,"13":9,"14":0,"15":0,"16":0,"17":0,"18":0,"19":0,"20":0,"21":0,"22":0,"23":0,"24":0},"f":{"0":53,"1":0,"2":0,"3":0,"4":0,"5":0},"b":{"0":[9,0],"1":[0,9],"2":[0,0]},"inputSourceMap":null,"_coverageSchema":"1a1c01bbd47fc00a2c39e90264f33305004495a9","hash":"7485062458a50a464757a53188d24ab4b71e02c0"}
,"/Users/kaankaragoz/Documents/GitHub/CMPE_331_Project/Backend/Flight-Service/config/db.js": {"path":"/Users/kaankaragoz/Documents/GitHub/CMPE_331_Project/Backend/Flight-Service/config/db.js","statementMap":{"0":{"start":{"line":4,"column":0},"end":{"line":4,"column":16}},"1":{"start":{"line":6,"column":51},"end":{"line":6,"column":62}},"2":{"start":{"line":9,"column":19},"end":{"line":11,"column":1}}},"fnMap":{},"branchMap":{},"s":{"0":3,"1":3,"2":3},"f":{},"b":{},"inputSourceMap":null,"_coverageSchema":"1a1c01bbd47fc00a2c39e90264f33305004495a9","hash":"6e36b0104eace20cb0bad730b3b501711a108f65"}
,"/Users/kaankaragoz/Documents/GitHub/CMPE_331_Project/Backend/Flight-Service/controllers/airportsController.js": {"path":"/Users/kaankaragoz/Documents/GitHub/CMPE_331_Project/Backend/Flight-Service/controllers/airportsController.js","statementMap":{"0":{"start":{"line":4,"column":30},"end":{"line":25,"column":1}},"1":{"start":{"line":5,"column":2},"end":{"line":24,"column":3}},"2":{"start":{"line":6,"column":21},"end":{"line":10,"column":5}},"3":{"start":{"line":12,"column":4},"end":{"line":16,"column":7}},"4":{"start":{"line":18,"column":4},"end":{"line":18,"column":53}},"5":{"start":{"line":19,"column":4},"end":{"line":23,"column":7}},"6":{"start":{"line":28,"column":32},"end":{"line":64,"column":1}},"7":{"start":{"line":29,"column":19},"end":{"line":29,"column":29}},"8":{"start":{"line":31,"column":2},"end":{"line":36,"column":3}},"9":{"start":{"line":32,"column":4},"end":{"line":35,"column":7}},"10":{"start":{"line":38,"column":2},"end":{"line":63,"column":3}},"11":{"start":{"line":39,"column":20},"end":{"line":43,"column":5}},"12":{"start":{"line":45,"column":4},"end":{"line":50,"column":5}},"13":{"start":{"line":46,"column":6},"end":{"line":49,"column":9}},"14":{"start":{"line":52,"column":4},"end":{"line":55,"column":7}},"15":{"start":{"line":57,"column":4},"end":{"line":57,"column":55}},"16":{"start":{"line":58,"column":4},"end":{"line":62,"column":7}},"17":{"start":{"line":67,"column":29},"end":{"line":113,"column":1}},"18":{"start":{"line":68,"column":40},"end":{"line":68,"column":48}},"19":{"start":{"line":71,"column":2},"end":{"line":76,"column":3}},"20":{"start":{"line":72,"column":4},"end":{"line":75,"column":7}},"21":{"start":{"line":78,"column":2},"end":{"line":83,"column":3}},"22":{"start":{"line":79,"column":4},"end":{"line":82,"column":7}},"23":{"start":{"line":85,"column":2},"end":{"line":112,"column":3}},"24":{"start":{"line":86,"column":23},"end":{"line":90,"column":5}},"25":{"start":{"line":92,"column":4},"end":{"line":96,"column":7}},"26":{"start":{"line":98,"column":4},"end":{"line":98,"column":52}},"27":{"start":{"line":100,"column":4},"end":{"line":105,"column":5}},"28":{"start":{"line":101,"column":6},"end":{"line":104,"column":9}},"29":{"start":{"line":107,"column":4},"end":{"line":111,"column":7}},"30":{"start":{"line":116,"column":29},"end":{"line":212,"column":1}},"31":{"start":{"line":117,"column":19},"end":{"line":117,"column":29}},"32":{"start":{"line":118,"column":21},"end":{"line":118,"column":29}},"33":{"start":{"line":120,"column":2},"end":{"line":125,"column":3}},"34":{"start":{"line":121,"column":4},"end":{"line":124,"column":7}},"35":{"start":{"line":127,"column":2},"end":{"line":211,"column":3}},"36":{"start":{"line":129,"column":28},"end":{"line":131,"column":5}},"37":{"start":{"line":133,"column":4},"end":{"line":138,"column":5}},"38":{"start":{"line":134,"column":6},"end":{"line":137,"column":9}},"39":{"start":{"line":143,"column":4},"end":{"line":197,"column":5}},"40":{"start":{"line":144,"column":6},"end":{"line":149,"column":8}},"41":{"start":{"line":150,"column":11},"end":{"line":197,"column":5}},"42":{"start":{"line":151,"column":6},"end":{"line":156,"column":8}},"43":{"start":{"line":157,"column":11},"end":{"line":197,"column":5}},"44":{"start":{"line":158,"column":6},"end":{"line":163,"column":8}},"45":{"start":{"line":164,"column":11},"end":{"line":197,"column":5}},"46":{"start":{"line":165,"column":6},"end":{"line":170,"column":8}},"47":{"start":{"line":171,"column":11},"end":{"line":197,"column":5}},"48":{"start":{"line":172,"column":6},"end":{"line":177,"column":8}},"49":{"start":{"line":178,"column":11},"end":{"line":197,"column":5}},"50":{"start":{"line":179,"column":6},"end":{"line":184,"column":8}},"51":{"start":{"line":185,"column":11},"end":{"line":197,"column":5}},"52":{"start":{"line":186,"column":6},"end":{"line":191,"column":8}},"53":{"start":{"line":193,"column":6},"end":{"line":196,"column":9}},"54":{"start":{"line":199,"column":4},"end":{"line":203,"column":7}},"55":{"start":{"line":205,"column":4},"end":{"line":205,"column":52}},"56":{"start":{"line":206,"column":4},"end":{"line":210,"column":7}},"57":{"start":{"line":215,"column":29},"end":{"line":252,"column":1}},"58":{"start":{"line":216,"column":19},"end":{"line":216,"column":29}},"59":{"start":{"line":218,"column":2},"end":{"line":223,"column":3}},"60":{"start":{"line":219,"column":4},"end":{"line":222,"column":7}},"61":{"start":{"line":225,"column":2},"end":{"line":251,"column":3}},"62":{"start":{"line":226,"column":27},"end":{"line":230,"column":5}},"63":{"start":{"line":232,"column":4},"end":{"line":237,"column":5}},"64":{"start":{"line":233,"column":6},"end":{"line":236,"column":9}},"65":{"start":{"line":239,"column":4},"end":{"line":243,"column":7}},"66":{"start":{"line":245,"column":4},"end":{"line":245,"column":52}},"67":{"start":{"line":246,"column":4},"end":{"line":250,"column":7}}},"fnMap":{"0":{"name":"(anonymous_0)","decl":{"start":{"line":4,"column":30},"end":{"line":4,"column":31}},"loc":{"start":{"line":4,"column":50},"end":{"line":25,"column":1}},"line":4},"1":{"name":"(anonymous_1)","decl":{"start":{"line":28,"column":32},"end":{"line":28,"column":33}},"loc":{"start":{"line":28,"column":52},"end":{"line":64,"column":1}},"line":28},"2":{"name":"(anonymous_2)","decl":{"start":{"line":67,"column":29},"end":{"line":67,"column":30}},"loc":{"start":{"line":67,"column":49},"end":{"line":113,"column":1}},"line":67},"3":{"name":"(anonymous_3)","decl":{"start":{"line":116,"column":29},"end":{"line":116,"column":30}},"loc":{"start":{"line":116,"column":49},"end":{"line":212,"column":1}},"line":116},"4":{"name":"(anonymous_4)","decl":{"start":{"line":215,"column":29},"end":{"line":215,"column":30}},"loc":{"start":{"line":215,"column":49},"end":{"line":252,"column":1}},"line":215}},"branchMap":{"0":{"loc":{"start":{"line":31,"column":2},"end":{"line":36,"column":3}},"type":"if","locations":[{"start":{"line":31,"column":2},"end":{"line":36,"column":3}},{"start":{},"end":{}}],"line":31},"1":{"loc":{"start":{"line":31,"column":6},"end":{"line":31,"column":32}},"type":"binary-expr","locations":[{"start":{"line":31,"column":6},"end":{"line":31,"column":11}},{"start":{"line":31,"column":15},"end":{"line":31,"column":32}}],"line":31},"2":{"loc":{"start":{"line":45,"column":4},"end":{"line":50,"column":5}},"type":"if","locations":[{"start":{"line":45,"column":4},"end":{"line":50,"column":5}},{"start":{},"end":{}}],"line":45},"3":{"loc":{"start":{"line":71,"column":2},"end":{"line":76,"column":3}},"type":"if","locations":[{"start":{"line":71,"column":2},"end":{"line":76,"column":3}},{"start":{},"end":{}}],"line":71},"4":{"loc":{"start":{"line":71,"column":6},"end":{"line":71,"column":41}},"type":"binary-expr","locations":[{"start":{"line":71,"column":6},"end":{"line":71,"column":11}},{"start":{"line":71,"column":15},"end":{"line":71,"column":20}},{"start":{"line":71,"column":24},"end":{"line":71,"column":29}},{"start":{"line":71,"column":33},"end":{"line":71,"column":41}}],"line":71},"5":{"loc":{"start":{"line":78,"column":2},"end":{"line":83,"column":3}},"type":"if","locations":[{"start":{"line":78,"column":2},"end":{"line":83,"column":3}},{"start":{},"end":{}}],"line":78},"6":{"loc":{"start":{"line":100,"column":4},"end":{"line":105,"column":5}},"type":"if","locations":[{"start":{"line":100,"column":4},"end":{"line":105,"column":5}},{"start":{},"end":{}}],"line":100},"7":{"loc":{"start":{"line":100,"column":8},"end":{"line":100,"column":57}},"type":"binary-expr","locations":[{"start":{"line":100,"column":8},"end":{"line":100,"column":21}},{"start":{"line":100,"column":25},"end":{"line":100,"column":57}}],"line":100},"8":{"loc":{"start":{"line":120,"column":2},"end":{"line":125,"column":3}},"type":"if","locations":[{"start":{"line":120,"column":2},"end":{"line":125,"column":3}},{"start":{},"end":{}}],"line":120},"9":{"loc":{"start":{"line":120,"column":6},"end":{"line":120,"column":32}},"type":"binary-expr","locations":[{"start":{"line":120,"column":6},"end":{"line":120,"column":11}},{"start":{"line":120,"column":15},"end":{"line":120,"column":32}}],"line":120},"10":{"loc":{"start":{"line":133,"column":4},"end":{"line":138,"column":5}},"type":"if","locations":[{"start":{"line":133,"column":4},"end":{"line":138,"column":5}},{"start":{},"end":{}}],"line":133},"11":{"loc":{"start":{"line":143,"column":4},"end":{"line":197,"column":5}},"type":"if","locations":[{"start":{"line":143,"column":4},"end":{"line":197,"column":5}},{"start":{"line":150,"column":11},"end":{"line":197,"column":5}}],"line":143},"12":{"loc":{"start":{"line":143,"column":8},"end":{"line":143,"column":106}},"type":"binary-expr","locations":[{"start":{"line":143,"column":8},"end":{"line":143,"column":37}},{"start":{"line":143,"column":41},"end":{"line":143,"column":70}},{"start":{"line":143,"column":74},"end":{"line":143,"column":106}}],"line":143},"13":{"loc":{"start":{"line":150,"column":11},"end":{"line":197,"column":5}},"type":"if","locations":[{"start":{"line":150,"column":11},"end":{"line":197,"column":5}},{"start":{"line":157,"column":11},"end":{"line":197,"column":5}}],"line":150},"14":{"loc":{"start":{"line":150,"column":15},"end":{"line":150,"column":77}},"type":"binary-expr","locations":[{"start":{"line":150,"column":15},"end":{"line":150,"column":44}},{"start":{"line":150,"column":48},"end":{"line":150,"column":77}}],"line":150},"15":{"loc":{"start":{"line":157,"column":11},"end":{"line":197,"column":5}},"type":"if","locations":[{"start":{"line":157,"column":11},"end":{"line":197,"column":5}},{"start":{"line":164,"column":11},"end":{"line":197,"column":5}}],"line":157},"16":{"loc":{"start":{"line":157,"column":15},"end":{"line":157,"column":80}},"type":"binary-expr","locations":[{"start":{"line":157,"column":15},"end":{"line":157,"column":44}},{"start":{"line":157,"column":48},"end":{"line":157,"column":80}}],"line":157},"17":{"loc":{"start":{"line":164,"column":11},"end":{"line":197,"column":5}},"type":"if","locations":[{"start":{"line":164,"column":11},"end":{"line":197,"column":5}},{"start":{"line":171,"column":11},"end":{"line":197,"column":5}}],"line":164},"18":{"loc":{"start":{"line":164,"column":15},"end":{"line":164,"column":80}},"type":"binary-expr","locations":[{"start":{"line":164,"column":15},"end":{"line":164,"column":44}},{"start":{"line":164,"column":48},"end":{"line":164,"column":80}}],"line":164},"19":{"loc":{"start":{"line":171,"column":11},"end":{"line":197,"column":5}},"type":"if","locations":[{"start":{"line":171,"column":11},"end":{"line":197,"column":5}},{"start":{"line":178,"column":11},"end":{"line":197,"column":5}}],"line":171},"20":{"loc":{"start":{"line":178,"column":11},"end":{"line":197,"column":5}},"type":"if","locations":[{"start":{"line":178,"column":11},"end":{"line":197,"column":5}},{"start":{"line":185,"column":11},"end":{"line":197,"column":5}}],"line":178},"21":{"loc":{"start":{"line":185,"column":11},"end":{"line":197,"column":5}},"type":"if","locations":[{"start":{"line":185,"column":11},"end":{"line":197,"column":5}},{"start":{"line":192,"column":11},"end":{"line":197,"column":5}}],"line":185},"22":{"loc":{"start":{"line":218,"column":2},"end":{"line":223,"column":3}},"type":"if","locations":[{"start":{"line":218,"column":2},"end":{"line":223,"column":3}},{"start":{},"end":{}}],"line":218},"23":{"loc":{"start":{"line":218,"column":6},"end":{"line":218,"column":32}},"type":"binary-expr","locations":[{"start":{"line":218,"column":6},"end":{"line":218,"column":11}},{"start":{"line":218,"column":15},"end":{"line":218,"column":32}}],"line":218},"24":{"loc":{"start":{"line":232,"column":4},"end":{"line":237,"column":5}},"type":"if","locations":[{"start":{"line":232,"column":4},"end":{"line":237,"column":5}},{"start":{},"end":{}}],"line":232}},"s":{"0":10,"1":28,"2":28,"3":27,"4":1,"5":1,"6":10,"7":9,"8":9,"9":1,"10":8,"11":8,"12":8,"13":3,"14":5,"15":0,"16":0,"17":10,"18":11,"19":11,"20":3,"21":8,"22":4,"23":4,"24":4,"25":3,"26":1,"27":1,"28":1,"29":0,"30":10,"31":9,"32":9,"33":9,"34":1,"35":8,"36":8,"37":8,"38":3,"39":5,"40":3,"41":2,"42":0,"43":2,"44":0,"45":2,"46":0,"47":2,"48":1,"49":1,"50":0,"51":1,"52":0,"53":1,"54":4,"55":0,"56":0,"57":10,"58":8,"59":8,"60":1,"61":7,"62":7,"63":6,"64":3,"65":3,"66":1,"67":1},"f":{"0":28,"1":9,"2":11,"3":9,"4":8},"b":{"0":[1,8],"1":[9,8],"2":[3,5],"3":[3,8],"4":[11,11,9,8],"5":[4,4],"6":[1,0],"7":[1,1],"8":[1,8],"9":[9,8],"10":[3,5],"11":[3,2],"12":[5,4,3],"13":[0,2],"14":[2,1],"15":[0,2],"16":[2,1],"17":[0,2],"18":[2,0],"19":[1,1],"20":[0,1],"21":[0,1],"22":[1,7],"23":[8,7],"24":[3,3]},"inputSourceMap":null,"_coverageSchema":"1a1c01bbd47fc00a2c39e90264f33305004495a9","hash":"fd967e010ee32d44363b01b4201979799621b8ec"}
,"/Users/kaankaragoz/Documents/GitHub/CMPE_331_Project/Backend/Flight-Service/controllers/crew_assignmentsController.js": {"path":"/Users/kaankaragoz/Documents/GitHub/CMPE_331_Project/Backend/Flight-Service/controllers/crew_assignmentsController.js","statementMap":{"0":{"start":{"line":4,"column":47},"end":{"line":56,"column":1}},"1":{"start":{"line":5,"column":28},"end":{"line":5,"column":38}},"2":{"start":{"line":7,"column":2},"end":{"line":55,"column":3}},"3":{"start":{"line":9,"column":23},"end":{"line":13,"column":5}},"4":{"start":{"line":15,"column":4},"end":{"line":20,"column":5}},"5":{"start":{"line":16,"column":6},"end":{"line":19,"column":9}},"6":{"start":{"line":22,"column":21},"end":{"line":22,"column":37}},"7":{"start":{"line":25,"column":27},"end":{"line":35,"column":5}},"8":{"start":{"line":37,"column":4},"end":{"line":42,"column":5}},"9":{"start":{"line":38,"column":6},"end":{"line":41,"column":9}},"10":{"start":{"line":44,"column":4},"end":{"line":47,"column":7}},"11":{"start":{"line":49,"column":4},"end":{"line":49,"column":70}},"12":{"start":{"line":50,"column":4},"end":{"line":54,"column":7}},"13":{"start":{"line":59,"column":45},"end":{"line":131,"column":1}},"14":{"start":{"line":60,"column":28},"end":{"line":60,"column":38}},"15":{"start":{"line":61,"column":40},"end":{"line":61,"column":48}},"16":{"start":{"line":64,"column":2},"end":{"line":69,"column":3}},"17":{"start":{"line":65,"column":4},"end":{"line":68,"column":7}},"18":{"start":{"line":71,"column":2},"end":{"line":76,"column":3}},"19":{"start":{"line":72,"column":4},"end":{"line":75,"column":7}},"20":{"start":{"line":78,"column":2},"end":{"line":130,"column":3}},"21":{"start":{"line":80,"column":23},"end":{"line":84,"column":5}},"22":{"start":{"line":86,"column":4},"end":{"line":91,"column":5}},"23":{"start":{"line":87,"column":6},"end":{"line":90,"column":9}},"24":{"start":{"line":93,"column":21},"end":{"line":93,"column":37}},"25":{"start":{"line":96,"column":26},"end":{"line":96,"column":52}},"26":{"start":{"line":97,"column":27},"end":{"line":97,"column":58}},"27":{"start":{"line":100,"column":19},"end":{"line":116,"column":5}},"28":{"start":{"line":118,"column":4},"end":{"line":122,"column":7}},"29":{"start":{"line":124,"column":4},"end":{"line":124,"column":68}},"30":{"start":{"line":125,"column":4},"end":{"line":129,"column":7}}},"fnMap":{"0":{"name":"(anonymous_0)","decl":{"start":{"line":4,"column":47},"end":{"line":4,"column":48}},"loc":{"start":{"line":4,"column":67},"end":{"line":56,"column":1}},"line":4},"1":{"name":"(anonymous_1)","decl":{"start":{"line":59,"column":45},"end":{"line":59,"column":46}},"loc":{"start":{"line":59,"column":65},"end":{"line":131,"column":1}},"line":59}},"branchMap":{"0":{"loc":{"start":{"line":15,"column":4},"end":{"line":20,"column":5}},"type":"if","locations":[{"start":{"line":15,"column":4},"end":{"line":20,"column":5}},{"start":{},"end":{}}],"line":15},"1":{"loc":{"start":{"line":37,"column":4},"end":{"line":42,"column":5}},"type":"if","locations":[{"start":{"line":37,"column":4},"end":{"line":42,"column":5}},{"start":{},"end":{}}],"line":37},"2":{"loc":{"start":{"line":64,"column":2},"end":{"line":69,"column":3}},"type":"if","locations":[{"start":{"line":64,"column":2},"end":{"line":69,"column":3}},{"start":{},"end":{}}],"line":64},"3":{"loc":{"start":{"line":64,"column":6},"end":{"line":64,"column":57}},"type":"binary-expr","locations":[{"start":{"line":64,"column":6},"end":{"line":64,"column":31}},{"start":{"line":64,"column":35},"end":{"line":64,"column":57}}],"line":64},"4":{"loc":{"start":{"line":71,"column":2},"end":{"line":76,"column":3}},"type":"if","locations":[{"start":{"line":71,"column":2},"end":{"line":76,"column":3}},{"start":{},"end":{}}],"line":71},"5":{"loc":{"start":{"line":71,"column":6},"end":{"line":71,"column":67}},"type":"binary-expr","locations":[{"start":{"line":71,"column":6},"end":{"line":71,"column":36}},{"start":{"line":71,"column":40},"end":{"line":71,"column":67}}],"line":71},"6":{"loc":{"start":{"line":86,"column":4},"end":{"line":91,"column":5}},"type":"if","locations":[{"start":{"line":86,"column":4},"end":{"line":91,"column":5}},{"start":{},"end":{}}],"line":86}},"s":{"0":9,"1":0,"2":0,"3":0,"4":0,"5":0,"6":0,"7":0,"8":0,"9":0,"10":0,"11":0,"12":0,"13":9,"14":0,"15":0,"16":0,"17":0,"18":0,"19":0,"20":0,"21":0,"22":0,"23":0,"24":0,"25":0,"26":0,"27":0,"28":0,"29":0,"30":0},"f":{"0":0,"1":0},"b":{"0":[0,0],"1":[0,0],"2":[0,0],"3":[0,0],"4":[0,0],"5":[0,0],"6":[0,0]},"inputSourceMap":null,"_coverageSchema":"1a1c01bbd47fc00a2c39e90264f33305004495a9","hash":"e17e4bfe8ef31b3e9e91416aebb9d7327434e961"}
,"/Users/kaankaragoz/Documents/GitHub/CMPE_331_Project/Backend/Flight-Service/controllers/flightsController.js": {"path":"/Users/kaankaragoz/Documents/GitHub/CMPE_331_Project/Backend/Flight-Service/controllers/flightsController.js","statementMap":{"0":{"start":{"line":4,"column":29},"end":{"line":63,"column":1}},"1":{"start":{"line":5,"column":2},"end":{"line":62,"column":3}},"2":{"start":{"line":6,"column":20},"end":{"line":48,"column":5}},"3":{"start":{"line":50,"column":4},"end":{"line":54,"column":7}},"4":{"start":{"line":56,"column":4},"end":{"line":56,"column":52}},"5":{"start":{"line":57,"column":4},"end":{"line":61,"column":7}},"6":{"start":{"line":66,"column":33},"end":{"line":142,"column":1}},"7":{"start":{"line":67,"column":28},"end":{"line":67,"column":38}},"8":{"start":{"line":70,"column":30},"end":{"line":70,"column":47}},"9":{"start":{"line":71,"column":2},"end":{"line":76,"column":3}},"10":{"start":{"line":72,"column":4},"end":{"line":75,"column":7}},"11":{"start":{"line":78,"column":2},"end":{"line":141,"column":3}},"12":{"start":{"line":79,"column":20},"end":{"line":121,"column":5}},"13":{"start":{"line":123,"column":4},"end":{"line":128,"column":5}},"14":{"start":{"line":124,"column":6},"end":{"line":127,"column":9}},"15":{"start":{"line":130,"column":4},"end":{"line":133,"column":7}},"16":{"start":{"line":135,"column":4},"end":{"line":135,"column":56}},"17":{"start":{"line":136,"column":4},"end":{"line":140,"column":7}},"18":{"start":{"line":145,"column":28},"end":{"line":276,"column":1}},"19":{"start":{"line":158,"column":6},"end":{"line":158,"column":14}},"20":{"start":{"line":161,"column":2},"end":{"line":167,"column":3}},"21":{"start":{"line":163,"column":4},"end":{"line":166,"column":7}},"22":{"start":{"line":170,"column":30},"end":{"line":170,"column":47}},"23":{"start":{"line":171,"column":2},"end":{"line":176,"column":3}},"24":{"start":{"line":172,"column":4},"end":{"line":175,"column":7}},"25":{"start":{"line":179,"column":2},"end":{"line":184,"column":3}},"26":{"start":{"line":180,"column":4},"end":{"line":183,"column":7}},"27":{"start":{"line":186,"column":2},"end":{"line":275,"column":3}},"28":{"start":{"line":188,"column":26},"end":{"line":190,"column":5}},"29":{"start":{"line":192,"column":24},"end":{"line":194,"column":5}},"30":{"start":{"line":196,"column":4},"end":{"line":201,"column":5}},"31":{"start":{"line":197,"column":6},"end":{"line":200,"column":9}},"32":{"start":{"line":203,"column":4},"end":{"line":208,"column":5}},"33":{"start":{"line":204,"column":6},"end":{"line":207,"column":9}},"34":{"start":{"line":211,"column":24},"end":{"line":213,"column":5}},"35":{"start":{"line":215,"column":4},"end":{"line":220,"column":5}},"36":{"start":{"line":216,"column":6},"end":{"line":219,"column":9}},"37":{"start":{"line":223,"column":22},"end":{"line":252,"column":5}},"38":{"start":{"line":254,"column":4},"end":{"line":258,"column":7}},"39":{"start":{"line":260,"column":4},"end":{"line":260,"column":51}},"40":{"start":{"line":263,"column":4},"end":{"line":268,"column":5}},"41":{"start":{"line":264,"column":6},"end":{"line":267,"column":9}},"42":{"start":{"line":270,"column":4},"end":{"line":274,"column":7}},"43":{"start":{"line":279,"column":28},"end":{"line":453,"column":1}},"44":{"start":{"line":280,"column":28},"end":{"line":280,"column":38}},"45":{"start":{"line":281,"column":21},"end":{"line":281,"column":29}},"46":{"start":{"line":284,"column":30},"end":{"line":284,"column":47}},"47":{"start":{"line":285,"column":2},"end":{"line":290,"column":3}},"48":{"start":{"line":286,"column":4},"end":{"line":289,"column":7}},"49":{"start":{"line":292,"column":2},"end":{"line":452,"column":3}},"50":{"start":{"line":294,"column":27},"end":{"line":296,"column":5}},"51":{"start":{"line":298,"column":4},"end":{"line":303,"column":5}},"52":{"start":{"line":299,"column":6},"end":{"line":302,"column":9}},"53":{"start":{"line":306,"column":21},"end":{"line":306,"column":26}},"54":{"start":{"line":309,"column":4},"end":{"line":317,"column":5}},"55":{"start":{"line":310,"column":6},"end":{"line":315,"column":8}},"56":{"start":{"line":316,"column":6},"end":{"line":316,"column":24}},"57":{"start":{"line":320,"column":4},"end":{"line":328,"column":5}},"58":{"start":{"line":321,"column":6},"end":{"line":326,"column":8}},"59":{"start":{"line":327,"column":6},"end":{"line":327,"column":24}},"60":{"start":{"line":331,"column":4},"end":{"line":339,"column":5}},"61":{"start":{"line":332,"column":6},"end":{"line":337,"column":8}},"62":{"start":{"line":338,"column":6},"end":{"line":338,"column":24}},"63":{"start":{"line":342,"column":4},"end":{"line":355,"column":5}},"64":{"start":{"line":343,"column":28},"end":{"line":345,"column":7}},"65":{"start":{"line":346,"column":6},"end":{"line":354,"column":7}},"66":{"start":{"line":347,"column":8},"end":{"line":352,"column":10}},"67":{"start":{"line":353,"column":8},"end":{"line":353,"column":26}},"68":{"start":{"line":358,"column":4},"end":{"line":371,"column":5}},"69":{"start":{"line":359,"column":26},"end":{"line":361,"column":7}},"70":{"start":{"line":362,"column":6},"end":{"line":370,"column":7}},"71":{"start":{"line":363,"column":8},"end":{"line":368,"column":10}},"72":{"start":{"line":369,"column":8},"end":{"line":369,"column":26}},"73":{"start":{"line":374,"column":4},"end":{"line":382,"column":5}},"74":{"start":{"line":375,"column":6},"end":{"line":380,"column":8}},"75":{"start":{"line":381,"column":6},"end":{"line":381,"column":24}},"76":{"start":{"line":385,"column":4},"end":{"line":393,"column":5}},"77":{"start":{"line":386,"column":6},"end":{"line":391,"column":8}},"78":{"start":{"line":392,"column":6},"end":{"line":392,"column":24}},"79":{"start":{"line":396,"column":4},"end":{"line":404,"column":5}},"80":{"start":{"line":397,"column":6},"end":{"line":402,"column":8}},"81":{"start":{"line":403,"column":6},"end":{"line":403,"column":24}},"82":{"start":{"line":407,"column":4},"end":{"line":415,"column":5}},"83":{"start":{"line":408,"column":6},"end":{"line":413,"column":8}},"84":{"start":{"line":414,"column":6},"end":{"line":414,"column":24}},"85":{"start":{"line":418,"column":4},"end":{"line":426,"column":5}},"86":{"start":{"line":419,"column":6},"end":{"line":424,"column":8}},"87":{"start":{"line":425,"column":6},"end":{"line":425,"column":24}},"88":{"start":{"line":428,"column":4},"end":{"line":433,"column":5}},"89":{"start":{"line":429,"column":6},"end":{"line":432,"column":9}},"90":{"start":{"line":436,"column":26},"end":{"line":438,"column":5}},"91":{"start":{"line":440,"column":4},"end":{"line":444,"column":7}},"92":{"start":{"line":446,"column":4},"end":{"line":446,"column":51}},"93":{"start":{"line":447,"column":4},"end":{"line":451,"column":7}},"94":{"start":{"line":456,"column":28},"end":{"line":488,"column":1}},"95":{"start":{"line":458,"column":17},"end":{"line":458,"column":27}},"96":{"start":{"line":460,"column":2},"end":{"line":487,"column":3}},"97":{"start":{"line":462,"column":26},"end":{"line":466,"column":5}},"98":{"start":{"line":468,"column":4},"end":{"line":473,"column":5}},"99":{"start":{"line":469,"column":6},"end":{"line":472,"column":9}},"100":{"start":{"line":475,"column":4},"end":{"line":479,"column":7}},"101":{"start":{"line":481,"column":4},"end":{"line":481,"column":51}},"102":{"start":{"line":482,"column":4},"end":{"line":486,"column":7}}},"fnMap":{"0":{"name":"(anonymous_0)","decl":{"start":{"line":4,"column":29},"end":{"line":4,"column":30}},"loc":{"start":{"line":4,"column":49},"end":{"line":63,"column":1}},"line":4},"1":{"name":"(anonymous_1)","decl":{"start":{"line":66,"column":33},"end":{"line":66,"column":34}},"loc":{"start":{"line":66,"column":53},"end":{"line":142,"column":1}},"line":66},"2":{"name":"(anonymous_2)","decl":{"start":{"line":145,"column":28},"end":{"line":145,"column":29}},"loc":{"start":{"line":145,"column":48},"end":{"line":276,"column":1}},"line":145},"3":{"name":"(anonymous_3)","decl":{"start":{"line":279,"column":28},"end":{"line":279,"column":29}},"loc":{"start":{"line":279,"column":48},"end":{"line":453,"column":1}},"line":279},"4":{"name":"(anonymous_4)","decl":{"start":{"line":456,"column":28},"end":{"line":456,"column":29}},"loc":{"start":{"line":456,"column":48},"end":{"line":488,"column":1}},"line":456}},"branchMap":{"0":{"loc":{"start":{"line":71,"column":2},"end":{"line":76,"column":3}},"type":"if","locations":[{"start":{"line":71,"column":2},"end":{"line":76,"column":3}},{"start":{},"end":{}}],"line":71},"1":{"loc":{"start":{"line":123,"column":4},"end":{"line":128,"column":5}},"type":"if","locations":[{"start":{"line":123,"column":4},"end":{"line":128,"column":5}},{"start":{},"end":{}}],"line":123},"2":{"loc":{"start":{"line":161,"column":2},"end":{"line":167,"column":3}},"type":"if","locations":[{"start":{"line":161,"column":2},"end":{"line":167,"column":3}},{"start":{},"end":{}}],"line":161},"3":{"loc":{"start":{"line":161,"column":6},"end":{"line":162,"column":73}},"type":"binary-expr","locations":[{"start":{"line":161,"column":6},"end":{"line":161,"column":20}},{"start":{"line":161,"column":24},"end":{"line":161,"column":36}},{"start":{"line":161,"column":40},"end":{"line":161,"column":57}},{"start":{"line":161,"column":61},"end":{"line":161,"column":73}},{"start":{"line":162,"column":4},"end":{"line":162,"column":24}},{"start":{"line":162,"column":28},"end":{"line":162,"column":53}},{"start":{"line":162,"column":57},"end":{"line":162,"column":73}}],"line":161},"4":{"loc":{"start":{"line":171,"column":2},"end":{"line":176,"column":3}},"type":"if","locations":[{"start":{"line":171,"column":2},"end":{"line":176,"column":3}},{"start":{},"end":{}}],"line":171},"5":{"loc":{"start":{"line":179,"column":2},"end":{"line":184,"column":3}},"type":"if","locations":[{"start":{"line":179,"column":2},"end":{"line":184,"column":3}},{"start":{},"end":{}}],"line":179},"6":{"loc":{"start":{"line":179,"column":6},"end":{"line":179,"column":66}},"type":"binary-expr","locations":[{"start":{"line":179,"column":6},"end":{"line":179,"column":15}},{"start":{"line":179,"column":20},"end":{"line":179,"column":41}},{"start":{"line":179,"column":45},"end":{"line":179,"column":65}}],"line":179},"7":{"loc":{"start":{"line":196,"column":4},"end":{"line":201,"column":5}},"type":"if","locations":[{"start":{"line":196,"column":4},"end":{"line":201,"column":5}},{"start":{},"end":{}}],"line":196},"8":{"loc":{"start":{"line":203,"column":4},"end":{"line":208,"column":5}},"type":"if","locations":[{"start":{"line":203,"column":4},"end":{"line":208,"column":5}},{"start":{},"end":{}}],"line":203},"9":{"loc":{"start":{"line":215,"column":4},"end":{"line":220,"column":5}},"type":"if","locations":[{"start":{"line":215,"column":4},"end":{"line":220,"column":5}},{"start":{},"end":{}}],"line":215},"10":{"loc":{"start":{"line":245,"column":10},"end":{"line":245,"column":28}},"type":"binary-expr","locations":[{"start":{"line":245,"column":10},"end":{"line":245,"column":19}},{"start":{"line":245,"column":23},"end":{"line":245,"column":28}}],"line":245},"11":{"loc":{"start":{"line":246,"column":10},"end":{"line":246,"column":74}},"type":"cond-expr","locations":[{"start":{"line":246,"column":33},"end":{"line":246,"column":67}},{"start":{"line":246,"column":70},"end":{"line":246,"column":74}}],"line":246},"12":{"loc":{"start":{"line":247,"column":10},"end":{"line":247,"column":37}},"type":"binary-expr","locations":[{"start":{"line":247,"column":10},"end":{"line":247,"column":29}},{"start":{"line":247,"column":33},"end":{"line":247,"column":37}}],"line":247},"13":{"loc":{"start":{"line":248,"column":10},"end":{"line":248,"column":80}},"type":"cond-expr","locations":[{"start":{"line":248,"column":35},"end":{"line":248,"column":73}},{"start":{"line":248,"column":76},"end":{"line":248,"column":80}}],"line":248},"14":{"loc":{"start":{"line":263,"column":4},"end":{"line":268,"column":5}},"type":"if","locations":[{"start":{"line":263,"column":4},"end":{"line":268,"column":5}},{"start":{},"end":{}}],"line":263},"15":{"loc":{"start":{"line":263,"column":8},"end":{"line":263,"column":57}},"type":"binary-expr","locations":[{"start":{"line":263,"column":8},"end":{"line":263,"column":21}},{"start":{"line":263,"column":25},"end":{"line":263,"column":57}}],"line":263},"16":{"loc":{"start":{"line":285,"column":2},"end":{"line":290,"column":3}},"type":"if","locations":[{"start":{"line":285,"column":2},"end":{"line":290,"column":3}},{"start":{},"end":{}}],"line":285},"17":{"loc":{"start":{"line":298,"column":4},"end":{"line":303,"column":5}},"type":"if","locations":[{"start":{"line":298,"column":4},"end":{"line":303,"column":5}},{"start":{},"end":{}}],"line":298},"18":{"loc":{"start":{"line":309,"column":4},"end":{"line":317,"column":5}},"type":"if","locations":[{"start":{"line":309,"column":4},"end":{"line":317,"column":5}},{"start":{},"end":{}}],"line":309},"19":{"loc":{"start":{"line":320,"column":4},"end":{"line":328,"column":5}},"type":"if","locations":[{"start":{"line":320,"column":4},"end":{"line":328,"column":5}},{"start":{},"end":{}}],"line":320},"20":{"loc":{"start":{"line":331,"column":4},"end":{"line":339,"column":5}},"type":"if","locations":[{"start":{"line":331,"column":4},"end":{"line":339,"column":5}},{"start":{},"end":{}}],"line":331},"21":{"loc":{"start":{"line":342,"column":4},"end":{"line":355,"column":5}},"type":"if","locations":[{"start":{"line":342,"column":4},"end":{"line":355,"column":5}},{"start":{},"end":{}}],"line":342},"22":{"loc":{"start":{"line":346,"column":6},"end":{"line":354,"column":7}},"type":"if","locations":[{"start":{"line":346,"column":6},"end":{"line":354,"column":7}},{"start":{},"end":{}}],"line":346},"23":{"loc":{"start":{"line":358,"column":4},"end":{"line":371,"column":5}},"type":"if","locations":[{"start":{"line":358,"column":4},"end":{"line":371,"column":5}},{"start":{},"end":{}}],"line":358},"24":{"loc":{"start":{"line":362,"column":6},"end":{"line":370,"column":7}},"type":"if","locations":[{"start":{"line":362,"column":6},"end":{"line":370,"column":7}},{"start":{},"end":{}}],"line":362},"25":{"loc":{"start":{"line":374,"column":4},"end":{"line":382,"column":5}},"type":"if","locations":[{"start":{"line":374,"column":4},"end":{"line":382,"column":5}},{"start":{},"end":{}}],"line":374},"26":{"loc":{"start":{"line":385,"column":4},"end":{"line":393,"column":5}},"type":"if","locations":[{"start":{"line":385,"column":4},"end":{"line":393,"column":5}},{"start":{},"end":{}}],"line":385},"27":{"loc":{"start":{"line":396,"column":4},"end":{"line":404,"column":5}},"type":"if","locations":[{"start":{"line":396,"column":4},"end":{"line":404,"column":5}},{"start":{},"end":{}}],"line":396},"28":{"loc":{"start":{"line":399,"column":37},"end":{"line":399,"column":123}},"type":"cond-expr","locations":[{"start":{"line":399,"column":71},"end":{"line":399,"column":116}},{"start":{"line":399,"column":119},"end":{"line":399,"column":123}}],"line":399},"29":{"loc":{"start":{"line":407,"column":4},"end":{"line":415,"column":5}},"type":"if","locations":[{"start":{"line":407,"column":4},"end":{"line":415,"column":5}},{"start":{},"end":{}}],"line":407},"30":{"loc":{"start":{"line":418,"column":4},"end":{"line":426,"column":5}},"type":"if","locations":[{"start":{"line":418,"column":4},"end":{"line":426,"column":5}},{"start":{},"end":{}}],"line":418},"31":{"loc":{"start":{"line":421,"column":39},"end":{"line":421,"column":131}},"type":"cond-expr","locations":[{"start":{"line":421,"column":75},"end":{"line":421,"column":124}},{"start":{"line":421,"column":127},"end":{"line":421,"column":131}}],"line":421},"32":{"loc":{"start":{"line":428,"column":4},"end":{"line":433,"column":5}},"type":"if","locations":[{"start":{"line":428,"column":4},"end":{"line":433,"column":5}},{"start":{},"end":{}}],"line":428},"33":{"loc":{"start":{"line":468,"column":4},"end":{"line":473,"column":5}},"type":"if","locations":[{"start":{"line":468,"column":4},"end":{"line":473,"column":5}},{"start":{},"end":{}}],"line":468}},"s":{"0":10,"1":28,"2":28,"3":27,"4":1,"5":1,"6":10,"7":11,"8":11,"9":11,"10":3,"11":8,"12":8,"13":8,"14":5,"15":3,"16":0,"17":0,"18":10,"19":16,"20":16,"21":4,"22":12,"23":12,"24":3,"25":9,"26":2,"27":7,"28":7,"29":7,"30":7,"31":2,"32":5,"33":0,"34":5,"35":5,"36":1,"37":4,"38":3,"39":1,"40":1,"41":1,"42":0,"43":10,"44":8,"45":8,"46":8,"47":8,"48":1,"49":7,"50":7,"51":7,"52":3,"53":4,"54":4,"55":2,"56":2,"57":4,"58":2,"59":2,"60":4,"61":0,"62":0,"63":4,"64":0,"65":0,"66":0,"67":0,"68":4,"69":0,"70":0,"71":0,"72":0,"73":4,"74":0,"75":0,"76":4,"77":0,"78":0,"79":4,"80":0,"81":0,"82":4,"83":0,"84":0,"85":4,"86":0,"87":0,"88":4,"89":1,"90":3,"91":3,"92":0,"93":0,"94":10,"95":7,"96":7,"97":7,"98":6,"99":3,"100":3,"101":1,"102":1},"f":{"0":28,"1":11,"2":16,"3":8,"4":7},"b":{"0":[3,8],"1":[5,3],"2":[4,12],"3":[16,16,13,12,12,12,12],"4":[3,9],"5":[2,7],"6":[9,2,0],"7":[2,5],"8":[0,5],"9":[1,4],"10":[4,4],"11":[0,4],"12":[4,4],"13":[0,4],"14":[1,0],"15":[1,1],"16":[1,7],"17":[3,4],"18":[2,2],"19":[2,2],"20":[0,4],"21":[0,4],"22":[0,0],"23":[0,4],"24":[0,0],"25":[0,4],"26":[0,4],"27":[0,4],"28":[0,0],"29":[0,4],"30":[0,4],"31":[0,0],"32":[1,3],"33":[3,3]},"inputSourceMap":null,"_coverageSchema":"1a1c01bbd47fc00a2c39e90264f33305004495a9","hash":"a1debbc2de7312e0bfce28fc2e7289fde641c93e"}
,"/Users/kaankaragoz/Documents/GitHub/CMPE_331_Project/Backend/Flight-Service/controllers/vehicle_typesController.js": {"path":"/Users/kaankaragoz/Documents/GitHub/CMPE_331_Project/Backend/Flight-Service/controllers/vehicle_typesController.js","statementMap":{"0":{"start":{"line":4,"column":34},"end":{"line":25,"column":1}},"1":{"start":{"line":5,"column":2},"end":{"line":24,"column":3}},"2":{"start":{"line":6,"column":25},"end":{"line":10,"column":5}},"3":{"start":{"line":12,"column":4},"end":{"line":16,"column":7}},"4":{"start":{"line":18,"column":4},"end":{"line":18,"column":57}},"5":{"start":{"line":19,"column":4},"end":{"line":23,"column":7}},"6":{"start":{"line":28,"column":34},"end":{"line":64,"column":1}},"7":{"start":{"line":29,"column":17},"end":{"line":29,"column":27}},"8":{"start":{"line":31,"column":2},"end":{"line":36,"column":3}},"9":{"start":{"line":32,"column":4},"end":{"line":35,"column":7}},"10":{"start":{"line":38,"column":2},"end":{"line":63,"column":3}},"11":{"start":{"line":39,"column":24},"end":{"line":43,"column":5}},"12":{"start":{"line":45,"column":4},"end":{"line":50,"column":5}},"13":{"start":{"line":46,"column":6},"end":{"line":49,"column":9}},"14":{"start":{"line":52,"column":4},"end":{"line":55,"column":7}},"15":{"start":{"line":57,"column":4},"end":{"line":57,"column":57}},"16":{"start":{"line":58,"column":4},"end":{"line":62,"column":7}},"17":{"start":{"line":67,"column":33},"end":{"line":113,"column":1}},"18":{"start":{"line":68,"column":95},"end":{"line":68,"column":103}},"19":{"start":{"line":71,"column":2},"end":{"line":76,"column":3}},"20":{"start":{"line":72,"column":4},"end":{"line":75,"column":7}},"21":{"start":{"line":78,"column":2},"end":{"line":83,"column":3}},"22":{"start":{"line":79,"column":4},"end":{"line":82,"column":7}},"23":{"start":{"line":85,"column":2},"end":{"line":112,"column":3}},"24":{"start":{"line":86,"column":27},"end":{"line":90,"column":5}},"25":{"start":{"line":92,"column":4},"end":{"line":96,"column":7}},"26":{"start":{"line":98,"column":4},"end":{"line":98,"column":56}},"27":{"start":{"line":100,"column":4},"end":{"line":105,"column":5}},"28":{"start":{"line":101,"column":6},"end":{"line":104,"column":9}},"29":{"start":{"line":107,"column":4},"end":{"line":111,"column":7}},"30":{"start":{"line":116,"column":33},"end":{"line":216,"column":1}},"31":{"start":{"line":117,"column":17},"end":{"line":117,"column":27}},"32":{"start":{"line":118,"column":21},"end":{"line":118,"column":29}},"33":{"start":{"line":120,"column":2},"end":{"line":125,"column":3}},"34":{"start":{"line":121,"column":4},"end":{"line":124,"column":7}},"35":{"start":{"line":127,"column":2},"end":{"line":215,"column":3}},"36":{"start":{"line":129,"column":32},"end":{"line":131,"column":5}},"37":{"start":{"line":133,"column":4},"end":{"line":138,"column":5}},"38":{"start":{"line":134,"column":6},"end":{"line":137,"column":9}},"39":{"start":{"line":141,"column":4},"end":{"line":148,"column":5}},"40":{"start":{"line":142,"column":6},"end":{"line":147,"column":7}},"41":{"start":{"line":143,"column":8},"end":{"line":146,"column":11}},"42":{"start":{"line":152,"column":18},"end":{"line":152,"column":30}},"43":{"start":{"line":154,"column":4},"end":{"line":201,"column":5}},"44":{"start":{"line":155,"column":6},"end":{"line":160,"column":8}},"45":{"start":{"line":161,"column":11},"end":{"line":201,"column":5}},"46":{"start":{"line":162,"column":6},"end":{"line":167,"column":8}},"47":{"start":{"line":168,"column":11},"end":{"line":201,"column":5}},"48":{"start":{"line":169,"column":6},"end":{"line":174,"column":8}},"49":{"start":{"line":175,"column":11},"end":{"line":201,"column":5}},"50":{"start":{"line":176,"column":6},"end":{"line":181,"column":8}},"51":{"start":{"line":182,"column":11},"end":{"line":201,"column":5}},"52":{"start":{"line":183,"column":6},"end":{"line":188,"column":8}},"53":{"start":{"line":189,"column":11},"end":{"line":201,"column":5}},"54":{"start":{"line":190,"column":6},"end":{"line":195,"column":8}},"55":{"start":{"line":197,"column":6},"end":{"line":200,"column":9}},"56":{"start":{"line":203,"column":4},"end":{"line":207,"column":7}},"57":{"start":{"line":209,"column":4},"end":{"line":209,"column":56}},"58":{"start":{"line":210,"column":4},"end":{"line":214,"column":7}},"59":{"start":{"line":219,"column":33},"end":{"line":256,"column":1}},"60":{"start":{"line":220,"column":17},"end":{"line":220,"column":27}},"61":{"start":{"line":222,"column":2},"end":{"line":227,"column":3}},"62":{"start":{"line":223,"column":4},"end":{"line":226,"column":7}},"63":{"start":{"line":229,"column":2},"end":{"line":255,"column":3}},"64":{"start":{"line":230,"column":31},"end":{"line":234,"column":5}},"65":{"start":{"line":236,"column":4},"end":{"line":241,"column":5}},"66":{"start":{"line":237,"column":6},"end":{"line":240,"column":9}},"67":{"start":{"line":243,"column":4},"end":{"line":247,"column":7}},"68":{"start":{"line":249,"column":4},"end":{"line":249,"column":56}},"69":{"start":{"line":250,"column":4},"end":{"line":254,"column":7}}},"fnMap":{"0":{"name":"(anonymous_0)","decl":{"start":{"line":4,"column":34},"end":{"line":4,"column":35}},"loc":{"start":{"line":4,"column":54},"end":{"line":25,"column":1}},"line":4},"1":{"name":"(anonymous_1)","decl":{"start":{"line":28,"column":34},"end":{"line":28,"column":35}},"loc":{"start":{"line":28,"column":54},"end":{"line":64,"column":1}},"line":28},"2":{"name":"(anonymous_2)","decl":{"start":{"line":67,"column":33},"end":{"line":67,"column":34}},"loc":{"start":{"line":67,"column":53},"end":{"line":113,"column":1}},"line":67},"3":{"name":"(anonymous_3)","decl":{"start":{"line":116,"column":33},"end":{"line":116,"column":34}},"loc":{"start":{"line":116,"column":53},"end":{"line":216,"column":1}},"line":116},"4":{"name":"(anonymous_4)","decl":{"start":{"line":219,"column":33},"end":{"line":219,"column":34}},"loc":{"start":{"line":219,"column":53},"end":{"line":256,"column":1}},"line":219}},"branchMap":{"0":{"loc":{"start":{"line":31,"column":2},"end":{"line":36,"column":3}},"type":"if","locations":[{"start":{"line":31,"column":2},"end":{"line":36,"column":3}},{"start":{},"end":{}}],"line":31},"1":{"loc":{"start":{"line":31,"column":6},"end":{"line":31,"column":22}},"type":"binary-expr","locations":[{"start":{"line":31,"column":6},"end":{"line":31,"column":9}},{"start":{"line":31,"column":13},"end":{"line":31,"column":22}}],"line":31},"2":{"loc":{"start":{"line":45,"column":4},"end":{"line":50,"column":5}},"type":"if","locations":[{"start":{"line":45,"column":4},"end":{"line":50,"column":5}},{"start":{},"end":{}}],"line":45},"3":{"loc":{"start":{"line":71,"column":2},"end":{"line":76,"column":3}},"type":"if","locations":[{"start":{"line":71,"column":2},"end":{"line":76,"column":3}},{"start":{},"end":{}}],"line":71},"4":{"loc":{"start":{"line":71,"column":6},"end":{"line":71,"column":120}},"type":"binary-expr","locations":[{"start":{"line":71,"column":6},"end":{"line":71,"column":16}},{"start":{"line":71,"column":20},"end":{"line":71,"column":45}},{"start":{"line":71,"column":49},"end":{"line":71,"column":62}},{"start":{"line":71,"column":66},"end":{"line":71,"column":88}},{"start":{"line":71,"column":92},"end":{"line":71,"column":120}}],"line":71},"5":{"loc":{"start":{"line":78,"column":2},"end":{"line":83,"column":3}},"type":"if","locations":[{"start":{"line":78,"column":2},"end":{"line":83,"column":3}},{"start":{},"end":{}}],"line":78},"6":{"loc":{"start":{"line":88,"column":118},"end":{"line":88,"column":142}},"type":"binary-expr","locations":[{"start":{"line":88,"column":118},"end":{"line":88,"column":134}},{"start":{"line":88,"column":138},"end":{"line":88,"column":142}}],"line":88},"7":{"loc":{"start":{"line":100,"column":4},"end":{"line":105,"column":5}},"type":"if","locations":[{"start":{"line":100,"column":4},"end":{"line":105,"column":5}},{"start":{},"end":{}}],"line":100},"8":{"loc":{"start":{"line":100,"column":8},"end":{"line":100,"column":57}},"type":"binary-expr","locations":[{"start":{"line":100,"column":8},"end":{"line":100,"column":21}},{"start":{"line":100,"column":25},"end":{"line":100,"column":57}}],"line":100},"9":{"loc":{"start":{"line":120,"column":2},"end":{"line":125,"column":3}},"type":"if","locations":[{"start":{"line":120,"column":2},"end":{"line":125,"column":3}},{"start":{},"end":{}}],"line":120},"10":{"loc":{"start":{"line":120,"column":6},"end":{"line":120,"column":22}},"type":"binary-expr","locations":[{"start":{"line":120,"column":6},"end":{"line":120,"column":9}},{"start":{"line":120,"column":13},"end":{"line":120,"column":22}}],"line":120},"11":{"loc":{"start":{"line":133,"column":4},"end":{"line":138,"column":5}},"type":"if","locations":[{"start":{"line":133,"column":4},"end":{"line":138,"column":5}},{"start":{},"end":{}}],"line":133},"12":{"loc":{"start":{"line":141,"column":4},"end":{"line":148,"column":5}},"type":"if","locations":[{"start":{"line":141,"column":4},"end":{"line":148,"column":5}},{"start":{},"end":{}}],"line":141},"13":{"loc":{"start":{"line":141,"column":8},"end":{"line":141,"column":87}},"type":"binary-expr","locations":[{"start":{"line":141,"column":8},"end":{"line":141,"column":47}},{"start":{"line":141,"column":51},"end":{"line":141,"column":87}}],"line":141},"14":{"loc":{"start":{"line":142,"column":6},"end":{"line":147,"column":7}},"type":"if","locations":[{"start":{"line":142,"column":6},"end":{"line":147,"column":7}},{"start":{},"end":{}}],"line":142},"15":{"loc":{"start":{"line":154,"column":4},"end":{"line":201,"column":5}},"type":"if","locations":[{"start":{"line":154,"column":4},"end":{"line":201,"column":5}},{"start":{"line":161,"column":11},"end":{"line":201,"column":5}}],"line":154},"16":{"loc":{"start":{"line":161,"column":11},"end":{"line":201,"column":5}},"type":"if","locations":[{"start":{"line":161,"column":11},"end":{"line":201,"column":5}},{"start":{"line":168,"column":11},"end":{"line":201,"column":5}}],"line":161},"17":{"loc":{"start":{"line":168,"column":11},"end":{"line":201,"column":5}},"type":"if","locations":[{"start":{"line":168,"column":11},"end":{"line":201,"column":5}},{"start":{"line":175,"column":11},"end":{"line":201,"column":5}}],"line":168},"18":{"loc":{"start":{"line":175,"column":11},"end":{"line":201,"column":5}},"type":"if","locations":[{"start":{"line":175,"column":11},"end":{"line":201,"column":5}},{"start":{"line":182,"column":11},"end":{"line":201,"column":5}}],"line":175},"19":{"loc":{"start":{"line":182,"column":11},"end":{"line":201,"column":5}},"type":"if","locations":[{"start":{"line":182,"column":11},"end":{"line":201,"column":5}},{"start":{"line":189,"column":11},"end":{"line":201,"column":5}}],"line":182},"20":{"loc":{"start":{"line":189,"column":11},"end":{"line":201,"column":5}},"type":"if","locations":[{"start":{"line":189,"column":11},"end":{"line":201,"column":5}},{"start":{"line":196,"column":11},"end":{"line":201,"column":5}}],"line":189},"21":{"loc":{"start":{"line":222,"column":2},"end":{"line":227,"column":3}},"type":"if","locations":[{"start":{"line":222,"column":2},"end":{"line":227,"column":3}},{"start":{},"end":{}}],"line":222},"22":{"loc":{"start":{"line":222,"column":6},"end":{"line":222,"column":22}},"type":"binary-expr","locations":[{"start":{"line":222,"column":6},"end":{"line":222,"column":9}},{"start":{"line":222,"column":13},"end":{"line":222,"column":22}}],"line":222},"23":{"loc":{"start":{"line":236,"column":4},"end":{"line":241,"column":5}},"type":"if","locations":[{"start":{"line":236,"column":4},"end":{"line":241,"column":5}},{"start":{},"end":{}}],"line":236}},"s":{"0":10,"1":28,"2":28,"3":27,"4":1,"5":1,"6":10,"7":10,"8":10,"9":2,"10":8,"11":8,"12":8,"13":3,"14":5,"15":0,"16":0,"17":10,"18":9,"19":9,"20":3,"21":6,"22":2,"23":4,"24":4,"25":3,"26":1,"27":1,"28":1,"29":0,"30":10,"31":13,"32":13,"33":13,"34":2,"35":11,"36":11,"37":11,"38":3,"39":8,"40":2,"41":2,"42":6,"43":6,"44":3,"45":3,"46":0,"47":3,"48":0,"49":3,"50":0,"51":3,"52":1,"53":2,"54":0,"55":2,"56":4,"57":0,"58":0,"59":10,"60":9,"61":9,"62":2,"63":7,"64":7,"65":6,"66":3,"67":3,"68":1,"69":1},"f":{"0":28,"1":10,"2":9,"3":13,"4":9},"b":{"0":[2,8],"1":[10,10],"2":[3,5],"3":[3,6],"4":[9,9,6,6,6],"5":[2,4],"6":[4,1],"7":[1,0],"8":[1,1],"9":[2,11],"10":[13,13],"11":[3,8],"12":[2,6],"13":[8,3],"14":[2,0],"15":[3,3],"16":[0,3],"17":[0,3],"18":[0,3],"19":[1,2],"20":[0,2],"21":[2,7],"22":[9,9],"23":[3,3]},"inputSourceMap":null,"_coverageSchema":"1a1c01bbd47fc00a2c39e90264f33305004495a9","hash":"f5d8d8470baa83798dbe24b4bc881397e14fd80d"}
,"/Users/kaankaragoz/Documents/GitHub/CMPE_331_Project/Backend/Flight-Service/db/initDB_airports.js": {"path":"/Users/kaankaragoz/Documents/GitHub/CMPE_331_Project/Backend/Flight-Service/db/initDB_airports.js","statementMap":{"0":{"start":{"line":4,"column":2},"end":{"line":23,"column":3}},"1":{"start":{"line":5,"column":4},"end":{"line":5,"column":51}},"2":{"start":{"line":7,"column":4},"end":{"line":16,"column":6}},"3":{"start":{"line":18,"column":4},"end":{"line":18,"column":48}},"4":{"start":{"line":19,"column":4},"end":{"line":19,"column":16}},"5":{"start":{"line":21,"column":4},"end":{"line":21,"column":61}},"6":{"start":{"line":22,"column":4},"end":{"line":22,"column":16}},"7":{"start":{"line":27,"column":2},"end":{"line":34,"column":3}},"8":{"start":{"line":28,"column":4},"end":{"line":28,"column":53}},"9":{"start":{"line":29,"column":4},"end":{"line":29,"column":49}},"10":{"start":{"line":30,"column":4},"end":{"line":30,"column":16}},"11":{"start":{"line":32,"column":4},"end":{"line":32,"column":61}},"12":{"start":{"line":33,"column":4},"end":{"line":33,"column":16}}},"fnMap":{"0":{"name":"initAirportsTable","decl":{"start":{"line":3,"column":22},"end":{"line":3,"column":39}},"loc":{"start":{"line":3,"column":42},"end":{"line":24,"column":1}},"line":3},"1":{"name":"dropAirportsTable","decl":{"start":{"line":26,"column":22},"end":{"line":26,"column":39}},"loc":{"start":{"line":26,"column":42},"end":{"line":35,"column":1}},"line":26}},"branchMap":{},"s":{"0":0,"1":0,"2":0,"3":0,"4":0,"5":0,"6":0,"7":0,"8":0,"9":0,"10":0,"11":0,"12":0},"f":{"0":0,"1":0},"b":{},"inputSourceMap":null,"_coverageSchema":"1a1c01bbd47fc00a2c39e90264f33305004495a9","hash":"8aaa9f7370dbe2e9f63ca09958ffa63e6fe15cc9"}
,"/Users/kaankaragoz/Documents/GitHub/CMPE_331_Project/Backend/Flight-Service/db/initDB_flights.js": {"path":"/Users/kaankaragoz/Documents/GitHub/CMPE_331_Project/Backend/Flight-Service/db/initDB_flights.js","statementMap":{"0":{"start":{"line":5,"column":2},"end":{"line":37,"column":3}},"1":{"start":{"line":6,"column":4},"end":{"line":6,"column":50}},"2":{"start":{"line":7,"column":4},"end":{"line":7,"column":34}},"3":{"start":{"line":9,"column":4},"end":{"line":26,"column":6}},"4":{"start":{"line":29,"column":4},"end":{"line":29,"column":94}},"5":{"start":{"line":30,"column":4},"end":{"line":30,"column":90}},"6":{"start":{"line":32,"column":4},"end":{"line":32,"column":59}},"7":{"start":{"line":33,"column":4},"end":{"line":33,"column":16}},"8":{"start":{"line":35,"column":4},"end":{"line":35,"column":60}},"9":{"start":{"line":36,"column":4},"end":{"line":36,"column":16}},"10":{"start":{"line":41,"column":2},"end":{"line":48,"column":3}},"11":{"start":{"line":42,"column":4},"end":{"line":42,"column":52}},"12":{"start":{"line":43,"column":4},"end":{"line":43,"column":48}},"13":{"start":{"line":44,"column":4},"end":{"line":44,"column":16}},"14":{"start":{"line":46,"column":4},"end":{"line":46,"column":60}},"15":{"start":{"line":47,"column":4},"end":{"line":47,"column":16}}},"fnMap":{"0":{"name":"initFlightsTable","decl":{"start":{"line":4,"column":22},"end":{"line":4,"column":38}},"loc":{"start":{"line":4,"column":41},"end":{"line":38,"column":1}},"line":4},"1":{"name":"dropFlightsTable","decl":{"start":{"line":40,"column":22},"end":{"line":40,"column":38}},"loc":{"start":{"line":40,"column":41},"end":{"line":49,"column":1}},"line":40}},"branchMap":{},"s":{"0":0,"1":0,"2":0,"3":0,"4":0,"5":0,"6":0,"7":0,"8":0,"9":0,"10":0,"11":0,"12":0,"13":0,"14":0,"15":0},"f":{"0":0,"1":0},"b":{},"inputSourceMap":null,"_coverageSchema":"1a1c01bbd47fc00a2c39e90264f33305004495a9","hash":"b78c8aa7566fd436059fd0e92164fa23d12a86bf"}
,"/Users/kaankaragoz/Documents/GitHub/CMPE_331_Project/Backend/Flight-Service/db/initDB_vehicle_types.js": {"path":"/Users/kaankaragoz/Documents/GitHub/CMPE_331_Project/Backend/Flight-Service/db/initDB_vehicle_types.js","statementMap":{"0":{"start":{"line":4,"column":2},"end":{"line":25,"column":3}},"1":{"start":{"line":5,"column":4},"end":{"line":5,"column":56}},"2":{"start":{"line":7,"column":4},"end":{"line":18,"column":6}},"3":{"start":{"line":20,"column":4},"end":{"line":20,"column":53}},"4":{"start":{"line":21,"column":4},"end":{"line":21,"column":16}},"5":{"start":{"line":23,"column":4},"end":{"line":23,"column":66}},"6":{"start":{"line":24,"column":4},"end":{"line":24,"column":16}},"7":{"start":{"line":29,"column":2},"end":{"line":36,"column":3}},"8":{"start":{"line":30,"column":4},"end":{"line":30,"column":58}},"9":{"start":{"line":31,"column":4},"end":{"line":31,"column":54}},"10":{"start":{"line":32,"column":4},"end":{"line":32,"column":16}},"11":{"start":{"line":34,"column":4},"end":{"line":34,"column":66}},"12":{"start":{"line":35,"column":4},"end":{"line":35,"column":16}}},"fnMap":{"0":{"name":"initVehicleTypesTable","decl":{"start":{"line":3,"column":22},"end":{"line":3,"column":43}},"loc":{"start":{"line":3,"column":46},"end":{"line":26,"column":1}},"line":3},"1":{"name":"dropVehicleTypesTable","decl":{"start":{"line":28,"column":22},"end":{"line":28,"column":43}},"loc":{"start":{"line":28,"column":46},"end":{"line":37,"column":1}},"line":28}},"branchMap":{},"s":{"0":0,"1":0,"2":0,"3":0,"4":0,"5":0,"6":0,"7":0,"8":0,"9":0,"10":0,"11":0,"12":0},"f":{"0":0,"1":0},"b":{},"inputSourceMap":null,"_coverageSchema":"1a1c01bbd47fc00a2c39e90264f33305004495a9","hash":"275f05009c11421a11a75dfbbe1e291d03ea9a8f"}
,"/Users/kaankaragoz/Documents/GitHub/CMPE_331_Project/Backend/Flight-Service/routes/airportsRoutes.js": {"path":"/Users/kaankaragoz/Documents/GitHub/CMPE_331_Project/Backend/Flight-Service/routes/airportsRoutes.js","statementMap":{"0":{"start":{"line":4,"column":15},"end":{"line":4,"column":31}},"1":{"start":{"line":6,"column":0},"end":{"line":6,"column":32}},"2":{"start":{"line":7,"column":0},"end":{"line":7,"column":39}},"3":{"start":{"line":8,"column":0},"end":{"line":8,"column":32}},"4":{"start":{"line":9,"column":0},"end":{"line":9,"column":36}},"5":{"start":{"line":10,"column":0},"end":{"line":10,"column":39}}},"fnMap":{},"branchMap":{},"s":{"0":9,"1":9,"2":9,"3":9,"4":9,"5":9},"f":{},"b":{},"inputSourceMap":null,"_coverageSchema":"1a1c01bbd47fc00a2c39e90264f33305004495a9","hash":"5c6a066b4cc61f84deecef3aa60b1c49ca0ad6e1"}
,"/Users/kaankaragoz/Documents/GitHub/CMPE_331_Project/Backend/Flight-Service/routes/crew_assignmentsRoutes.js": {"path":"/Users/kaankaragoz/Documents/GitHub/CMPE_331_Project/Backend/Flight-Service/routes/crew_assignmentsRoutes.js","statementMap":{"0":{"start":{"line":7,"column":15},"end":{"line":7,"column":31}},"1":{"start":{"line":10,"column":0},"end":{"line":10,"column":80}},"2":{"start":{"line":13,"column":0},"end":{"line":13,"column":79}}},"fnMap":{},"branchMap":{},"s":{"0":9,"1":9,"2":9},"f":{},"b":{},"inputSourceMap":null,"_coverageSchema":"1a1c01bbd47fc00a2c39e90264f33305004495a9","hash":"b6a81e389ed17c8d3dd9a04e9e5f601e729e7abd"}
,"/Users/kaankaragoz/Documents/GitHub/CMPE_331_Project/Backend/Flight-Service/routes/flightsRoutes.js": {"path":"/Users/kaankaragoz/Documents/GitHub/CMPE_331_Project/Backend/Flight-Service/routes/flightsRoutes.js","statementMap":{"0":{"start":{"line":4,"column":15},"end":{"line":4,"column":31}},"1":{"start":{"line":6,"column":0},"end":{"line":6,"column":31}},"2":{"start":{"line":7,"column":0},"end":{"line":7,"column":49}},"3":{"start":{"line":8,"column":0},"end":{"line":8,"column":31}},"4":{"start":{"line":9,"column":0},"end":{"line":9,"column":44}},"5":{"start":{"line":10,"column":0},"end":{"line":10,"column":36}}},"fnMap":{},"branchMap":{},"s":{"0":9,"1":9,"2":9,"3":9,"4":9,"5":9},"f":{},"b":{},"inputSourceMap":null,"_coverageSchema":"1a1c01bbd47fc00a2c39e90264f33305004495a9","hash":"2491560a8fb01c70dac1f6479a48f5639fed8a34"}
,"/Users/kaankaragoz/Documents/GitHub/CMPE_331_Project/Backend/Flight-Service/routes/vehicle_typesRoutes.js": {"path":"/Users/kaankaragoz/Documents/GitHub/CMPE_331_Project/Backend/Flight-Service/routes/vehicle_typesRoutes.js","statementMap":{"0":{"start":{"line":4,"column":15},"end":{"line":4,"column":31}},"1":{"start":{"line":6,"column":0},"end":{"line":6,"column":36}},"2":{"start":{"line":7,"column":0},"end":{"line":7,"column":39}},"3":{"start":{"line":8,"column":0},"end":{"line":8,"column":36}},"4":{"start":{"line":9,"column":0},"end":{"line":9,"column":38}},"5":{"start":{"line":10,"column":0},"end":{"line":10,"column":41}}},"fnMap":{},"branchMap":{},"s":{"0":9,"1":9,"2":9,"3":9,"4":9,"5":9},"f":{},"b":{},"inputSourceMap":null,"_coverageSchema":"1a1c01bbd47fc00a2c39e90264f33305004495a9","hash":"212231f71bb3a87516b67ee18789588afe131f9b"}
,"/Users/kaankaragoz/Documents/GitHub/CMPE_331_Project/Backend/Flight-Service/seeds/airports.js": {"path":"/Users/kaankaragoz/Documents/GitHub/CMPE_331_Project/Backend/Flight-Service/seeds/airports.js","statementMap":{"0":{"start":{"line":4,"column":2},"end":{"line":4,"column":40}},"1":{"start":{"line":6,"column":19},"end":{"line":14,"column":3}},"2":{"start":{"line":16,"column":2},"end":{"line":22,"column":3}},"3":{"start":{"line":17,"column":4},"end":{"line":21,"column":6}}},"fnMap":{"0":{"name":"seedAirports","decl":{"start":{"line":3,"column":22},"end":{"line":3,"column":34}},"loc":{"start":{"line":3,"column":37},"end":{"line":23,"column":1}},"line":3}},"branchMap":{},"s":{"0":0,"1":0,"2":0,"3":0},"f":{"0":0},"b":{},"inputSourceMap":null,"_coverageSchema":"1a1c01bbd47fc00a2c39e90264f33305004495a9","hash":"20065d3505800b02ce468f8ac023a75ac3f75a93"}
,"/Users/kaankaragoz/Documents/GitHub/CMPE_331_Project/Backend/Flight-Service/seeds/flights.js": {"path":"/Users/kaankaragoz/Documents/GitHub/CMPE_331_Project/Backend/Flight-Service/seeds/flights.js","statementMap":{"0":{"start":{"line":4,"column":2},"end":{"line":4,"column":39}},"1":{"start":{"line":7,"column":25},"end":{"line":9,"column":3}},"2":{"start":{"line":12,"column":22},"end":{"line":14,"column":3}},"3":{"start":{"line":15,"column":21},"end":{"line":15,"column":23}},"4":{"start":{"line":16,"column":2},"end":{"line":18,"column":5}},"5":{"start":{"line":17,"column":4},"end":{"line":17,"column":42}},"6":{"start":{"line":20,"column":18},"end":{"line":97,"column":3}},"7":{"start":{"line":99,"column":2},"end":{"line":129,"column":3}},"8":{"start":{"line":100,"column":4},"end":{"line":128,"column":6}}},"fnMap":{"0":{"name":"seedFlights","decl":{"start":{"line":3,"column":22},"end":{"line":3,"column":33}},"loc":{"start":{"line":3,"column":36},"end":{"line":130,"column":1}},"line":3},"1":{"name":"(anonymous_1)","decl":{"start":{"line":16,"column":22},"end":{"line":16,"column":23}},"loc":{"start":{"line":16,"column":33},"end":{"line":18,"column":3}},"line":16}},"branchMap":{"0":{"loc":{"start":{"line":122,"column":10},"end":{"line":122,"column":35}},"type":"binary-expr","locations":[{"start":{"line":122,"column":10},"end":{"line":122,"column":26}},{"start":{"line":122,"column":30},"end":{"line":122,"column":35}}],"line":122},"1":{"loc":{"start":{"line":123,"column":10},"end":{"line":123,"column":88}},"type":"cond-expr","locations":[{"start":{"line":123,"column":40},"end":{"line":123,"column":81}},{"start":{"line":123,"column":84},"end":{"line":123,"column":88}}],"line":123},"2":{"loc":{"start":{"line":124,"column":10},"end":{"line":124,"column":44}},"type":"binary-expr","locations":[{"start":{"line":124,"column":10},"end":{"line":124,"column":36}},{"start":{"line":124,"column":40},"end":{"line":124,"column":44}}],"line":124},"3":{"loc":{"start":{"line":125,"column":10},"end":{"line":125,"column":94}},"type":"cond-expr","locations":[{"start":{"line":125,"column":42},"end":{"line":125,"column":87}},{"start":{"line":125,"column":90},"end":{"line":125,"column":94}}],"line":125}},"s":{"0":0,"1":0,"2":0,"3":0,"4":0,"5":0,"6":0,"7":0,"8":0},"f":{"0":0,"1":0},"b":{"0":[0,0],"1":[0,0],"2":[0,0],"3":[0,0]},"inputSourceMap":null,"_coverageSchema":"1a1c01bbd47fc00a2c39e90264f33305004495a9","hash":"2645640ada1abe06add6b4f1ef634a7eed090e60"}
,"/Users/kaankaragoz/Documents/GitHub/CMPE_331_Project/Backend/Flight-Service/seeds/vehicle_types.js": {"path":"/Users/kaankaragoz/Documents/GitHub/CMPE_331_Project/Backend/Flight-Service/seeds/vehicle_types.js","statementMap":{"0":{"start":{"line":4,"column":2},"end":{"line":4,"column":45}},"1":{"start":{"line":6,"column":23},"end":{"line":40,"column":3}},"2":{"start":{"line":42,"column":2},"end":{"line":55,"column":3}},"3":{"start":{"line":43,"column":4},"end":{"line":54,"column":6}}},"fnMap":{"0":{"name":"seedVehicleTypes","decl":{"start":{"line":3,"column":22},"end":{"line":3,"column":38}},"loc":{"start":{"line":3,"column":41},"end":{"line":56,"column":1}},"line":3}},"branchMap":{},"s":{"0":0,"1":0,"2":0,"3":0},"f":{"0":0},"b":{},"inputSourceMap":null,"_coverageSchema":"1a1c01bbd47fc00a2c39e90264f33305004495a9","hash":"14f866927220581e2bd840e3d065262da836e4d3"}
}
