TN:
SF:server.js
FN:50,(anonymous_0)
FN:75,(anonymous_1)
FN:76,(anonymous_2)
FN:77,(anonymous_3)
FN:84,(anonymous_4)
FN:88,(anonymous_5)
FNF:6
FNH:1
FNDA:53,(anonymous_0)
FNDA:0,(anonymous_1)
FNDA:0,(anonymous_2)
FNDA:0,(anonymous_3)
FNDA:0,(anonymous_4)
FNDA:0,(anonymous_5)
DA:34,9
DA:36,9
DA:37,9
DA:42,9
DA:43,9
DA:44,9
DA:45,9
DA:50,9
DA:51,53
DA:61,9
DA:62,9
DA:63,9
DA:73,9
DA:74,0
DA:75,0
DA:76,0
DA:78,0
DA:79,0
DA:80,0
DA:81,0
DA:84,0
DA:85,0
DA:89,0
DA:90,0
LF:24
LH:13
BRDA:37,0,0,9
BRDA:37,0,1,0
BRDA:73,1,0,0
BRDA:73,1,1,9
BRDA:78,2,0,0
BRDA:78,2,1,0
BRF:6
BRH:2
end_of_record
TN:
SF:config/db.js
FNF:0
FNH:0
DA:4,3
DA:6,3
DA:9,3
LF:3
LH:3
BRF:0
BRH:0
end_of_record
TN:
SF:controllers/airportsController.js
FN:4,(anonymous_0)
FN:28,(anonymous_1)
FN:67,(anonymous_2)
FN:116,(anonymous_3)
FN:215,(anonymous_4)
FNF:5
FNH:5
FNDA:28,(anonymous_0)
FNDA:9,(anonymous_1)
FNDA:11,(anonymous_2)
FNDA:9,(anonymous_3)
FNDA:8,(anonymous_4)
DA:4,10
DA:5,28
DA:6,28
DA:12,27
DA:18,1
DA:19,1
DA:28,10
DA:29,9
DA:31,9
DA:32,1
DA:38,8
DA:39,8
DA:45,8
DA:46,3
DA:52,5
DA:57,0
DA:58,0
DA:67,10
DA:68,11
DA:71,11
DA:72,3
DA:78,8
DA:79,4
DA:85,4
DA:86,4
DA:92,3
DA:98,1
DA:100,1
DA:101,1
DA:107,0
DA:116,10
DA:117,9
DA:118,9
DA:120,9
DA:121,1
DA:127,8
DA:129,8
DA:133,8
DA:134,3
DA:143,5
DA:144,3
DA:150,2
DA:151,0
DA:157,2
DA:158,0
DA:164,2
DA:165,0
DA:171,2
DA:172,1
DA:178,1
DA:179,0
DA:185,1
DA:186,0
DA:193,1
DA:199,4
DA:205,0
DA:206,0
DA:215,10
DA:216,8
DA:218,8
DA:219,1
DA:225,7
DA:226,7
DA:232,6
DA:233,3
DA:239,3
DA:245,1
DA:246,1
LF:68
LH:58
BRDA:31,0,0,1
BRDA:31,0,1,8
BRDA:31,1,0,9
BRDA:31,1,1,8
BRDA:45,2,0,3
BRDA:45,2,1,5
BRDA:71,3,0,3
BRDA:71,3,1,8
BRDA:71,4,0,11
BRDA:71,4,1,11
BRDA:71,4,2,9
BRDA:71,4,3,8
BRDA:78,5,0,4
BRDA:78,5,1,4
BRDA:100,6,0,1
BRDA:100,6,1,0
BRDA:100,7,0,1
BRDA:100,7,1,1
BRDA:120,8,0,1
BRDA:120,8,1,8
BRDA:120,9,0,9
BRDA:120,9,1,8
BRDA:133,10,0,3
BRDA:133,10,1,5
BRDA:143,11,0,3
BRDA:143,11,1,2
BRDA:143,12,0,5
BRDA:143,12,1,4
BRDA:143,12,2,3
BRDA:150,13,0,0
BRDA:150,13,1,2
BRDA:150,14,0,2
BRDA:150,14,1,1
BRDA:157,15,0,0
BRDA:157,15,1,2
BRDA:157,16,0,2
BRDA:157,16,1,1
BRDA:164,17,0,0
BRDA:164,17,1,2
BRDA:164,18,0,2
BRDA:164,18,1,0
BRDA:171,19,0,1
BRDA:171,19,1,1
BRDA:178,20,0,0
BRDA:178,20,1,1
BRDA:185,21,0,0
BRDA:185,21,1,1
BRDA:218,22,0,1
BRDA:218,22,1,7
BRDA:218,23,0,8
BRDA:218,23,1,7
BRDA:232,24,0,3
BRDA:232,24,1,3
BRF:53
BRH:46
end_of_record
TN:
SF:controllers/flightsController.js
FN:4,(anonymous_0)
FN:66,(anonymous_1)
FN:145,(anonymous_2)
FN:279,(anonymous_3)
FN:456,(anonymous_4)
FNF:5
FNH:5
FNDA:28,(anonymous_0)
FNDA:11,(anonymous_1)
FNDA:16,(anonymous_2)
FNDA:8,(anonymous_3)
FNDA:7,(anonymous_4)
DA:4,10
DA:5,28
DA:6,28
DA:50,27
DA:56,1
DA:57,1
DA:66,10
DA:67,11
DA:70,11
DA:71,11
DA:72,3
DA:78,8
DA:79,8
DA:123,8
DA:124,5
DA:130,3
DA:135,0
DA:136,0
DA:145,10
DA:158,16
DA:161,16
DA:163,4
DA:170,12
DA:171,12
DA:172,3
DA:179,9
DA:180,2
DA:186,7
DA:188,7
DA:192,7
DA:196,7
DA:197,2
DA:203,5
DA:204,0
DA:211,5
DA:215,5
DA:216,1
DA:223,4
DA:254,3
DA:260,1
DA:263,1
DA:264,1
DA:270,0
DA:279,10
DA:280,8
DA:281,8
DA:284,8
DA:285,8
DA:286,1
DA:292,7
DA:294,7
DA:298,7
DA:299,3
DA:306,4
DA:309,4
DA:310,2
DA:316,2
DA:320,4
DA:321,2
DA:327,2
DA:331,4
DA:332,0
DA:338,0
DA:342,4
DA:343,0
DA:346,0
DA:347,0
DA:353,0
DA:358,4
DA:359,0
DA:362,0
DA:363,0
DA:369,0
DA:374,4
DA:375,0
DA:381,0
DA:385,4
DA:386,0
DA:392,0
DA:396,4
DA:397,0
DA:403,0
DA:407,4
DA:408,0
DA:414,0
DA:418,4
DA:419,0
DA:425,0
DA:428,4
DA:429,1
DA:436,3
DA:440,3
DA:446,0
DA:447,0
DA:456,10
DA:458,7
DA:460,7
DA:462,7
DA:468,6
DA:469,3
DA:475,3
DA:481,1
DA:482,1
LF:103
LH:77
BRDA:71,0,0,3
BRDA:71,0,1,8
BRDA:123,1,0,5
BRDA:123,1,1,3
BRDA:161,2,0,4
BRDA:161,2,1,12
BRDA:161,3,0,16
BRDA:161,3,1,16
BRDA:161,3,2,13
BRDA:161,3,3,12
BRDA:161,3,4,12
BRDA:161,3,5,12
BRDA:161,3,6,12
BRDA:171,4,0,3
BRDA:171,4,1,9
BRDA:179,5,0,2
BRDA:179,5,1,7
BRDA:179,6,0,9
BRDA:179,6,1,2
BRDA:179,6,2,0
BRDA:196,7,0,2
BRDA:196,7,1,5
BRDA:203,8,0,0
BRDA:203,8,1,5
BRDA:215,9,0,1
BRDA:215,9,1,4
BRDA:245,10,0,4
BRDA:245,10,1,4
BRDA:246,11,0,0
BRDA:246,11,1,4
BRDA:247,12,0,4
BRDA:247,12,1,4
BRDA:248,13,0,0
BRDA:248,13,1,4
BRDA:263,14,0,1
BRDA:263,14,1,0
BRDA:263,15,0,1
BRDA:263,15,1,1
BRDA:285,16,0,1
BRDA:285,16,1,7
BRDA:298,17,0,3
BRDA:298,17,1,4
BRDA:309,18,0,2
BRDA:309,18,1,2
BRDA:320,19,0,2
BRDA:320,19,1,2
BRDA:331,20,0,0
BRDA:331,20,1,4
BRDA:342,21,0,0
BRDA:342,21,1,4
BRDA:346,22,0,0
BRDA:346,22,1,0
BRDA:358,23,0,0
BRDA:358,23,1,4
BRDA:362,24,0,0
BRDA:362,24,1,0
BRDA:374,25,0,0
BRDA:374,25,1,4
BRDA:385,26,0,0
BRDA:385,26,1,4
BRDA:396,27,0,0
BRDA:396,27,1,4
BRDA:399,28,0,0
BRDA:399,28,1,0
BRDA:407,29,0,0
BRDA:407,29,1,4
BRDA:418,30,0,0
BRDA:418,30,1,4
BRDA:421,31,0,0
BRDA:421,31,1,0
BRDA:428,32,0,1
BRDA:428,32,1,3
BRDA:468,33,0,3
BRDA:468,33,1,3
BRF:74
BRH:53
end_of_record
TN:
SF:controllers/vehicle_typesController.js
FN:4,(anonymous_0)
FN:28,(anonymous_1)
FN:67,(anonymous_2)
FN:116,(anonymous_3)
FN:219,(anonymous_4)
FNF:5
FNH:5
FNDA:28,(anonymous_0)
FNDA:10,(anonymous_1)
FNDA:9,(anonymous_2)
FNDA:13,(anonymous_3)
FNDA:9,(anonymous_4)
DA:4,10
DA:5,28
DA:6,28
DA:12,27
DA:18,1
DA:19,1
DA:28,10
DA:29,10
DA:31,10
DA:32,2
DA:38,8
DA:39,8
DA:45,8
DA:46,3
DA:52,5
DA:57,0
DA:58,0
DA:67,10
DA:68,9
DA:71,9
DA:72,3
DA:78,6
DA:79,2
DA:85,4
DA:86,4
DA:92,3
DA:98,1
DA:100,1
DA:101,1
DA:107,0
DA:116,10
DA:117,13
DA:118,13
DA:120,13
DA:121,2
DA:127,11
DA:129,11
DA:133,11
DA:134,3
DA:141,8
DA:142,2
DA:143,2
DA:152,6
DA:154,6
DA:155,3
DA:161,3
DA:162,0
DA:168,3
DA:169,0
DA:175,3
DA:176,0
DA:182,3
DA:183,1
DA:189,2
DA:190,0
DA:197,2
DA:203,4
DA:209,0
DA:210,0
DA:219,10
DA:220,9
DA:222,9
DA:223,2
DA:229,7
DA:230,7
DA:236,6
DA:237,3
DA:243,3
DA:249,1
DA:250,1
LF:70
LH:61
BRDA:31,0,0,2
BRDA:31,0,1,8
BRDA:31,1,0,10
BRDA:31,1,1,10
BRDA:45,2,0,3
BRDA:45,2,1,5
BRDA:71,3,0,3
BRDA:71,3,1,6
BRDA:71,4,0,9
BRDA:71,4,1,9
BRDA:71,4,2,6
BRDA:71,4,3,6
BRDA:71,4,4,6
BRDA:78,5,0,2
BRDA:78,5,1,4
BRDA:88,6,0,4
BRDA:88,6,1,1
BRDA:100,7,0,1
BRDA:100,7,1,0
BRDA:100,8,0,1
BRDA:100,8,1,1
BRDA:120,9,0,2
BRDA:120,9,1,11
BRDA:120,10,0,13
BRDA:120,10,1,13
BRDA:133,11,0,3
BRDA:133,11,1,8
BRDA:141,12,0,2
BRDA:141,12,1,6
BRDA:141,13,0,8
BRDA:141,13,1,3
BRDA:142,14,0,2
BRDA:142,14,1,0
BRDA:154,15,0,3
BRDA:154,15,1,3
BRDA:161,16,0,0
BRDA:161,16,1,3
BRDA:168,17,0,0
BRDA:168,17,1,3
BRDA:175,18,0,0
BRDA:175,18,1,3
BRDA:182,19,0,1
BRDA:182,19,1,2
BRDA:189,20,0,0
BRDA:189,20,1,2
BRDA:222,21,0,2
BRDA:222,21,1,7
BRDA:222,22,0,9
BRDA:222,22,1,9
BRDA:236,23,0,3
BRDA:236,23,1,3
BRF:51
BRH:45
end_of_record
TN:
SF:db/initDB_airports.js
FN:3,initAirportsTable
FN:26,dropAirportsTable
FNF:2
FNH:0
FNDA:0,initAirportsTable
FNDA:0,dropAirportsTable
DA:4,0
DA:5,0
DA:7,0
DA:18,0
DA:19,0
DA:21,0
DA:22,0
DA:27,0
DA:28,0
DA:29,0
DA:30,0
DA:32,0
DA:33,0
LF:13
LH:0
BRF:0
BRH:0
end_of_record
TN:
SF:db/initDB_flights.js
FN:4,initFlightsTable
FN:40,dropFlightsTable
FNF:2
FNH:0
FNDA:0,initFlightsTable
FNDA:0,dropFlightsTable
DA:5,0
DA:6,0
DA:7,0
DA:9,0
DA:29,0
DA:30,0
DA:32,0
DA:33,0
DA:35,0
DA:36,0
DA:41,0
DA:42,0
DA:43,0
DA:44,0
DA:46,0
DA:47,0
LF:16
LH:0
BRF:0
BRH:0
end_of_record
TN:
SF:db/initDB_vehicle_types.js
FN:3,initVehicleTypesTable
FN:28,dropVehicleTypesTable
FNF:2
FNH:0
FNDA:0,initVehicleTypesTable
FNDA:0,dropVehicleTypesTable
DA:4,0
DA:5,0
DA:7,0
DA:20,0
DA:21,0
DA:23,0
DA:24,0
DA:29,0
DA:30,0
DA:31,0
DA:32,0
DA:34,0
DA:35,0
LF:13
LH:0
BRF:0
BRH:0
end_of_record
TN:
SF:routes/airportsRoutes.js
FNF:0
FNH:0
DA:4,9
DA:6,9
DA:7,9
DA:8,9
DA:9,9
DA:10,9
LF:6
LH:6
BRF:0
BRH:0
end_of_record
TN:
SF:routes/flightsRoutes.js
FNF:0
FNH:0
DA:4,9
DA:6,9
DA:7,9
DA:8,9
DA:9,9
DA:10,9
LF:6
LH:6
BRF:0
BRH:0
end_of_record
TN:
SF:routes/vehicle_typesRoutes.js
FNF:0
FNH:0
DA:4,9
DA:6,9
DA:7,9
DA:8,9
DA:9,9
DA:10,9
LF:6
LH:6
BRF:0
BRH:0
end_of_record
TN:
SF:seeds/airports.js
FN:3,seedAirports
FNF:1
FNH:0
FNDA:0,seedAirports
DA:4,0
DA:6,0
DA:16,0
DA:17,0
LF:4
LH:0
BRF:0
BRH:0
end_of_record
TN:
SF:seeds/flights.js
FN:3,seedFlights
FN:16,(anonymous_1)
FNF:2
FNH:0
FNDA:0,seedFlights
FNDA:0,(anonymous_1)
DA:4,0
DA:7,0
DA:12,0
DA:15,0
DA:16,0
DA:17,0
DA:20,0
DA:99,0
DA:100,0
LF:9
LH:0
BRDA:122,0,0,0
BRDA:122,0,1,0
BRDA:123,1,0,0
BRDA:123,1,1,0
BRDA:124,2,0,0
BRDA:124,2,1,0
BRDA:125,3,0,0
BRDA:125,3,1,0
BRF:8
BRH:0
end_of_record
TN:
SF:seeds/vehicle_types.js
FN:3,seedVehicleTypes
FNF:1
FNH:0
FNDA:0,seedVehicleTypes
DA:4,0
DA:6,0
DA:42,0
DA:43,0
LF:4
LH:0
BRF:0
BRH:0
end_of_record
